#
# There is insufficient memory for the Java Runtime Environment to continue.
# Native memory allocation (malloc) failed to allocate 1449360 bytes. Error detail: Chunk::new
# Possible reasons:
#   The system is out of physical RAM or swap space
#   This process is running with CompressedOops enabled, and the Java Heap may be blocking the growth of the native heap
# Possible solutions:
#   Reduce memory load on the system
#   Increase physical memory or swap space
#   Check if swap backing store is full
#   Decrease Java heap size (-Xmx/-Xms)
#   Decrease number of Java threads
#   Decrease Java thread stack sizes (-Xss)
#   Set larger code cache with -XX:ReservedCodeCacheSize=
#   JVM is running with Zero Based Compressed Oops mode in which the Java heap is
#     placed in the first 32GB address space. The Java Heap base address is the
#     maximum limit for the native heap growth. Please use -XX:HeapBaseMinAddress
#     to set the Java Heap base and to place the Java Heap above 32GB virtual address.
# This output file may be truncated or incomplete.
#
#  Out of Memory Error (arena.cpp:162), pid=16252, tid=11272
#
# JRE version: Java(TM) SE Runtime Environment (24.0.1+9) (build 24.0.1+9-30)
# Java VM: Java HotSpot(TM) 64-Bit Server VM (24.0.1+9-30, mixed mode, sharing, tiered, compressed oops, compressed class ptrs, g1 gc, windows-amd64)
# No core dump will be written. Minidumps are not enabled by default on client versions of Windows
#

---------------  S U M M A R Y ------------

Command Line: -javaagent:C:\Program Files\JetBrains\IntelliJ IDEA Community Edition 2025.1.3\lib\idea_rt.jar=63584 -Dfile.encoding=UTF-8 -Dsun.stdout.encoding=UTF-8 -Dsun.stderr.encoding=UTF-8 e_commerce.api.e_commerce.ECommerceApplication

Host: 11th Gen Intel(R) Core(TM) i7-11800H @ 2.30GHz, 16 cores, 15G,  Windows 11 , 64 bit Build 26100 (10.0.26100.7623)
Time: Wed Feb  4 14:45:47 2026 West Bank Gaza Standard Time elapsed time: 2.519030 seconds (0d 0h 0m 2s)

---------------  T H R E A D  ---------------

Current thread (0x000001e6450467b0):  JavaThread "C2 CompilerThread0" daemon [_thread_in_native, id=11272, stack(0x00000014ba300000,0x00000014ba400000) (1024K)]


Current CompileTask:
C2:2519  518       4       java.util.jar.Manifest$FastInputStream::readLine (296 bytes)

Stack: [0x00000014ba300000,0x00000014ba400000]
Native frames: (J=compiled Java code, j=interpreted, Vv=VM code, C=native code)
V  [jvm.dll+0x730739]  (no source info available)
V  [jvm.dll+0x8d9b23]  (no source info available)
V  [jvm.dll+0x8dc00d]  (no source info available)
V  [jvm.dll+0x8dc683]  (no source info available)
V  [jvm.dll+0x2aa086]  (no source info available)
V  [jvm.dll+0xcedef]  (no source info available)
V  [jvm.dll+0xcf04f]  (no source info available)
V  [jvm.dll+0x154d83]  (no source info available)
V  [jvm.dll+0x735f5f]  (no source info available)
V  [jvm.dll+0x26fa1c]  (no source info available)
V  [jvm.dll+0x26ea3f]  (no source info available)
V  [jvm.dll+0x1e9d60]  (no source info available)
V  [jvm.dll+0x27e1fb]  (no source info available)
V  [jvm.dll+0x27c49a]  (no source info available)
V  [jvm.dll+0x42f456]  (no source info available)
V  [jvm.dll+0x87d76b]  (no source info available)
V  [jvm.dll+0x72ee55]  (no source info available)
C  [ucrtbase.dll+0x37b0]  (no source info available)
C  [KERNEL32.DLL+0x2e8d7]  (no source info available)
C  [ntdll.dll+0x8c53c]  (no source info available)

Lock stack of current Java thread (top to bottom):


---------------  P R O C E S S  ---------------

Threads class SMR info:
_java_thread_list=0x000001e645666e20, length=16, elements={
0x000001e659127e40, 0x000001e6786e8100, 0x000001e6786e93b0, 0x000001e6786ecf40,
0x000001e6786ee1f0, 0x000001e645030080, 0x000001e645032cb0, 0x000001e6450467b0,
0x000001e64504f3f0, 0x000001e645050310, 0x000001e64504fb80, 0x000001e645289910,
0x000001e645050aa0, 0x000001e64542ce10, 0x000001e64542db00, 0x000001e64504dd40
}

Java Threads: ( => current thread )
  0x000001e659127e40 JavaThread "main"                              [_thread_in_Java, id=17312, stack(0x00000014b9500000,0x00000014b9600000) (1024K)]
  0x000001e6786e8100 JavaThread "Reference Handler"          daemon [_thread_blocked, id=22768, stack(0x00000014b9d00000,0x00000014b9e00000) (1024K)]
  0x000001e6786e93b0 JavaThread "Finalizer"                  daemon [_thread_blocked, id=8280, stack(0x00000014b9e00000,0x00000014b9f00000) (1024K)]
  0x000001e6786ecf40 JavaThread "Signal Dispatcher"          daemon [_thread_blocked, id=14028, stack(0x00000014b9f00000,0x00000014ba000000) (1024K)]
  0x000001e6786ee1f0 JavaThread "Attach Listener"            daemon [_thread_blocked, id=15204, stack(0x00000014ba000000,0x00000014ba100000) (1024K)]
  0x000001e645030080 JavaThread "Service Thread"             daemon [_thread_blocked, id=12796, stack(0x00000014ba100000,0x00000014ba200000) (1024K)]
  0x000001e645032cb0 JavaThread "Monitor Deflation Thread"   daemon [_thread_blocked, id=21472, stack(0x00000014ba200000,0x00000014ba300000) (1024K)]
=>0x000001e6450467b0 JavaThread "C2 CompilerThread0"         daemon [_thread_in_native, id=11272, stack(0x00000014ba300000,0x00000014ba400000) (1024K)]
  0x000001e64504f3f0 JavaThread "C1 CompilerThread0"         daemon [_thread_blocked, id=14056, stack(0x00000014ba400000,0x00000014ba500000) (1024K)]
  0x000001e645050310 JavaThread "C1 CompilerThread1"         daemon [_thread_blocked, id=21672, stack(0x00000014ba500000,0x00000014ba600000) (1024K)]
  0x000001e64504fb80 JavaThread "C1 CompilerThread2"         daemon [_thread_blocked, id=23176, stack(0x00000014ba600000,0x00000014ba700000) (1024K)]
  0x000001e645289910 JavaThread "Common-Cleaner"             daemon [_thread_blocked, id=11536, stack(0x00000014ba800000,0x00000014ba900000) (1024K)]
  0x000001e645050aa0 JavaThread "C1 CompilerThread3"         daemon [_thread_blocked, id=23012, stack(0x00000014ba900000,0x00000014baa00000) (1024K)]
  0x000001e64542ce10 JavaThread "Monitor Ctrl-Break"         daemon [_thread_in_native, id=15456, stack(0x00000014baa00000,0x00000014bab00000) (1024K)]
  0x000001e64542db00 JavaThread "Notification Thread"        daemon [_thread_blocked, id=20388, stack(0x00000014bab00000,0x00000014bac00000) (1024K)]
  0x000001e64504dd40 JavaThread "C2 CompilerThread1"         daemon [_thread_blocked, id=22440, stack(0x00000014ba700000,0x00000014ba800000) (1024K)]
Total: 16

Other Threads:
  0x000001e6786d6260 VMThread "VM Thread"                           [id=6052, stack(0x00000014b9c00000,0x00000014b9d00000) (1024K)]
  0x000001e678593930 WatcherThread "VM Periodic Task Thread"        [id=22712, stack(0x00000014b9b00000,0x00000014b9c00000) (1024K)]
  0x000001e659191b10 WorkerThread "GC Thread#0"                     [id=18240, stack(0x00000014b9600000,0x00000014b9700000) (1024K)]
  0x000001e6591a8c20 ConcurrentGCThread "G1 Main Marker"            [id=24896, stack(0x00000014b9700000,0x00000014b9800000) (1024K)]
  0x000001e6591a9730 WorkerThread "G1 Conc#0"                       [id=4112, stack(0x00000014b9800000,0x00000014b9900000) (1024K)]
  0x000001e678581060 ConcurrentGCThread "G1 Refine#0"               [id=21588, stack(0x00000014b9900000,0x00000014b9a00000) (1024K)]
  0x000001e678581890 ConcurrentGCThread "G1 Service"                [id=20208, stack(0x00000014b9a00000,0x00000014b9b00000) (1024K)]
Total: 7

Threads with active compile tasks:
C2 CompilerThread0  3543  518       4       java.util.jar.Manifest$FastInputStream::readLine (296 bytes)
Total: 1

VM state: not at safepoint (normal execution)

VM Mutex/Monitor currently owned by a thread: None

Heap address: 0x0000000704a00000, size: 4022 MB, Compressed Oops mode: Zero based, Oop shift amount: 3

CDS archive(s) mapped at: [0x000001e600000000-0x000001e600d40000-0x000001e600d40000), size 13893632, SharedBaseAddress: 0x000001e600000000, ArchiveRelocationMode: 1.
Compressed class space mapped at: 0x000001e601000000-0x000001e641000000, reserved size: 1073741824
UseCompressedClassPointers 1, UseCompactObjectHeaders 0
Narrow klass pointer bits 32, Max shift 3
Narrow klass base: 0x000001e600000000, Narrow klass shift: 0
Encoding Range: [0x000001e600000000 - 0x000001e700000000), (4294967296 bytes)
Klass Range:    [0x000001e600000000 - 0x000001e641000000), (1090519040 bytes)
Klass ID Range:  [8 - 1090519033) (1090519025)

GC Precious Log:
 CardTable entry size: 512
 Card Set container configuration: InlinePtr #cards 4 size 8 Array Of Cards #cards 16 size 48 Howl #buckets 8 coarsen threshold 3686 Howl Bitmap #cards 512 size 80 coarsen threshold 460 Card regions per heap region 1 cards per card region 4096
 CPUs: 16 total, 16 available
 Memory: 16085M
 Large Page Support: Disabled
 NUMA Support: Disabled
 Compressed Oops: Enabled (Zero based)
 Heap Region Size: 2M
 Heap Min Capacity: 8M
 Heap Initial Capacity: 252M
 Heap Max Capacity: 4022M
 Pre-touch: Disabled
 Parallel Workers: 13
 Concurrent Workers: 3
 Concurrent Refinement Workers: 13
 Periodic GC: Disabled

Heap:
 garbage-first heap   total reserved 4118528K, committed 260096K, used 13428K [0x0000000704a00000, 0x0000000800000000)
  region size 2048K, 7 young (14336K), 0 survivors (0K)
 Metaspace       used 1846K, committed 2048K, reserved 1114112K
  class space    used 113K, committed 256K, reserved 1048576K

Heap Regions: E=young(eden), S=young(survivor), O=old, HS=humongous(starts), HC=humongous(continues), CS=collection set, F=free, TAMS=top-at-mark-start, PB=parsable bottom
|   0|0x0000000704a00000, 0x0000000704a00000, 0x0000000704c00000|  0%| F|  |TAMS 0x0000000704a00000| PB 0x0000000704a00000| Untracked |  0
|   1|0x0000000704c00000, 0x0000000704c00000, 0x0000000704e00000|  0%| F|  |TAMS 0x0000000704c00000| PB 0x0000000704c00000| Untracked |  0
|   2|0x0000000704e00000, 0x0000000704e00000, 0x0000000705000000|  0%| F|  |TAMS 0x0000000704e00000| PB 0x0000000704e00000| Untracked |  0
|   3|0x0000000705000000, 0x0000000705000000, 0x0000000705200000|  0%| F|  |TAMS 0x0000000705000000| PB 0x0000000705000000| Untracked |  0
|   4|0x0000000705200000, 0x0000000705200000, 0x0000000705400000|  0%| F|  |TAMS 0x0000000705200000| PB 0x0000000705200000| Untracked |  0
|   5|0x0000000705400000, 0x0000000705400000, 0x0000000705600000|  0%| F|  |TAMS 0x0000000705400000| PB 0x0000000705400000| Untracked |  0
|   6|0x0000000705600000, 0x0000000705600000, 0x0000000705800000|  0%| F|  |TAMS 0x0000000705600000| PB 0x0000000705600000| Untracked |  0
|   7|0x0000000705800000, 0x0000000705800000, 0x0000000705a00000|  0%| F|  |TAMS 0x0000000705800000| PB 0x0000000705800000| Untracked |  0
|   8|0x0000000705a00000, 0x0000000705a00000, 0x0000000705c00000|  0%| F|  |TAMS 0x0000000705a00000| PB 0x0000000705a00000| Untracked |  0
|   9|0x0000000705c00000, 0x0000000705c00000, 0x0000000705e00000|  0%| F|  |TAMS 0x0000000705c00000| PB 0x0000000705c00000| Untracked |  0
|  10|0x0000000705e00000, 0x0000000705e00000, 0x0000000706000000|  0%| F|  |TAMS 0x0000000705e00000| PB 0x0000000705e00000| Untracked |  0
|  11|0x0000000706000000, 0x0000000706000000, 0x0000000706200000|  0%| F|  |TAMS 0x0000000706000000| PB 0x0000000706000000| Untracked |  0
|  12|0x0000000706200000, 0x0000000706200000, 0x0000000706400000|  0%| F|  |TAMS 0x0000000706200000| PB 0x0000000706200000| Untracked |  0
|  13|0x0000000706400000, 0x0000000706400000, 0x0000000706600000|  0%| F|  |TAMS 0x0000000706400000| PB 0x0000000706400000| Untracked |  0
|  14|0x0000000706600000, 0x0000000706600000, 0x0000000706800000|  0%| F|  |TAMS 0x0000000706600000| PB 0x0000000706600000| Untracked |  0
|  15|0x0000000706800000, 0x0000000706800000, 0x0000000706a00000|  0%| F|  |TAMS 0x0000000706800000| PB 0x0000000706800000| Untracked |  0
|  16|0x0000000706a00000, 0x0000000706a00000, 0x0000000706c00000|  0%| F|  |TAMS 0x0000000706a00000| PB 0x0000000706a00000| Untracked |  0
|  17|0x0000000706c00000, 0x0000000706c00000, 0x0000000706e00000|  0%| F|  |TAMS 0x0000000706c00000| PB 0x0000000706c00000| Untracked |  0
|  18|0x0000000706e00000, 0x0000000706e00000, 0x0000000707000000|  0%| F|  |TAMS 0x0000000706e00000| PB 0x0000000706e00000| Untracked |  0
|  19|0x0000000707000000, 0x0000000707000000, 0x0000000707200000|  0%| F|  |TAMS 0x0000000707000000| PB 0x0000000707000000| Untracked |  0
|  20|0x0000000707200000, 0x0000000707200000, 0x0000000707400000|  0%| F|  |TAMS 0x0000000707200000| PB 0x0000000707200000| Untracked |  0
|  21|0x0000000707400000, 0x0000000707400000, 0x0000000707600000|  0%| F|  |TAMS 0x0000000707400000| PB 0x0000000707400000| Untracked |  0
|  22|0x0000000707600000, 0x0000000707600000, 0x0000000707800000|  0%| F|  |TAMS 0x0000000707600000| PB 0x0000000707600000| Untracked |  0
|  23|0x0000000707800000, 0x0000000707800000, 0x0000000707a00000|  0%| F|  |TAMS 0x0000000707800000| PB 0x0000000707800000| Untracked |  0
|  24|0x0000000707a00000, 0x0000000707a00000, 0x0000000707c00000|  0%| F|  |TAMS 0x0000000707a00000| PB 0x0000000707a00000| Untracked |  0
|  25|0x0000000707c00000, 0x0000000707c00000, 0x0000000707e00000|  0%| F|  |TAMS 0x0000000707c00000| PB 0x0000000707c00000| Untracked |  0
|  26|0x0000000707e00000, 0x0000000707e00000, 0x0000000708000000|  0%| F|  |TAMS 0x0000000707e00000| PB 0x0000000707e00000| Untracked |  0
|  27|0x0000000708000000, 0x0000000708000000, 0x0000000708200000|  0%| F|  |TAMS 0x0000000708000000| PB 0x0000000708000000| Untracked |  0
|  28|0x0000000708200000, 0x0000000708200000, 0x0000000708400000|  0%| F|  |TAMS 0x0000000708200000| PB 0x0000000708200000| Untracked |  0
|  29|0x0000000708400000, 0x0000000708400000, 0x0000000708600000|  0%| F|  |TAMS 0x0000000708400000| PB 0x0000000708400000| Untracked |  0
|  30|0x0000000708600000, 0x0000000708600000, 0x0000000708800000|  0%| F|  |TAMS 0x0000000708600000| PB 0x0000000708600000| Untracked |  0
|  31|0x0000000708800000, 0x0000000708800000, 0x0000000708a00000|  0%| F|  |TAMS 0x0000000708800000| PB 0x0000000708800000| Untracked |  0
|  32|0x0000000708a00000, 0x0000000708a00000, 0x0000000708c00000|  0%| F|  |TAMS 0x0000000708a00000| PB 0x0000000708a00000| Untracked |  0
|  33|0x0000000708c00000, 0x0000000708c00000, 0x0000000708e00000|  0%| F|  |TAMS 0x0000000708c00000| PB 0x0000000708c00000| Untracked |  0
|  34|0x0000000708e00000, 0x0000000708e00000, 0x0000000709000000|  0%| F|  |TAMS 0x0000000708e00000| PB 0x0000000708e00000| Untracked |  0
|  35|0x0000000709000000, 0x0000000709000000, 0x0000000709200000|  0%| F|  |TAMS 0x0000000709000000| PB 0x0000000709000000| Untracked |  0
|  36|0x0000000709200000, 0x0000000709200000, 0x0000000709400000|  0%| F|  |TAMS 0x0000000709200000| PB 0x0000000709200000| Untracked |  0
|  37|0x0000000709400000, 0x0000000709400000, 0x0000000709600000|  0%| F|  |TAMS 0x0000000709400000| PB 0x0000000709400000| Untracked |  0
|  38|0x0000000709600000, 0x0000000709600000, 0x0000000709800000|  0%| F|  |TAMS 0x0000000709600000| PB 0x0000000709600000| Untracked |  0
|  39|0x0000000709800000, 0x0000000709800000, 0x0000000709a00000|  0%| F|  |TAMS 0x0000000709800000| PB 0x0000000709800000| Untracked |  0
|  40|0x0000000709a00000, 0x0000000709a00000, 0x0000000709c00000|  0%| F|  |TAMS 0x0000000709a00000| PB 0x0000000709a00000| Untracked |  0
|  41|0x0000000709c00000, 0x0000000709c00000, 0x0000000709e00000|  0%| F|  |TAMS 0x0000000709c00000| PB 0x0000000709c00000| Untracked |  0
|  42|0x0000000709e00000, 0x0000000709e00000, 0x000000070a000000|  0%| F|  |TAMS 0x0000000709e00000| PB 0x0000000709e00000| Untracked |  0
|  43|0x000000070a000000, 0x000000070a000000, 0x000000070a200000|  0%| F|  |TAMS 0x000000070a000000| PB 0x000000070a000000| Untracked |  0
|  44|0x000000070a200000, 0x000000070a200000, 0x000000070a400000|  0%| F|  |TAMS 0x000000070a200000| PB 0x000000070a200000| Untracked |  0
|  45|0x000000070a400000, 0x000000070a400000, 0x000000070a600000|  0%| F|  |TAMS 0x000000070a400000| PB 0x000000070a400000| Untracked |  0
|  46|0x000000070a600000, 0x000000070a600000, 0x000000070a800000|  0%| F|  |TAMS 0x000000070a600000| PB 0x000000070a600000| Untracked |  0
|  47|0x000000070a800000, 0x000000070a800000, 0x000000070aa00000|  0%| F|  |TAMS 0x000000070a800000| PB 0x000000070a800000| Untracked |  0
|  48|0x000000070aa00000, 0x000000070aa00000, 0x000000070ac00000|  0%| F|  |TAMS 0x000000070aa00000| PB 0x000000070aa00000| Untracked |  0
|  49|0x000000070ac00000, 0x000000070ac00000, 0x000000070ae00000|  0%| F|  |TAMS 0x000000070ac00000| PB 0x000000070ac00000| Untracked |  0
|  50|0x000000070ae00000, 0x000000070ae00000, 0x000000070b000000|  0%| F|  |TAMS 0x000000070ae00000| PB 0x000000070ae00000| Untracked |  0
|  51|0x000000070b000000, 0x000000070b000000, 0x000000070b200000|  0%| F|  |TAMS 0x000000070b000000| PB 0x000000070b000000| Untracked |  0
|  52|0x000000070b200000, 0x000000070b200000, 0x000000070b400000|  0%| F|  |TAMS 0x000000070b200000| PB 0x000000070b200000| Untracked |  0
|  53|0x000000070b400000, 0x000000070b400000, 0x000000070b600000|  0%| F|  |TAMS 0x000000070b400000| PB 0x000000070b400000| Untracked |  0
|  54|0x000000070b600000, 0x000000070b600000, 0x000000070b800000|  0%| F|  |TAMS 0x000000070b600000| PB 0x000000070b600000| Untracked |  0
|  55|0x000000070b800000, 0x000000070b800000, 0x000000070ba00000|  0%| F|  |TAMS 0x000000070b800000| PB 0x000000070b800000| Untracked |  0
|  56|0x000000070ba00000, 0x000000070ba00000, 0x000000070bc00000|  0%| F|  |TAMS 0x000000070ba00000| PB 0x000000070ba00000| Untracked |  0
|  57|0x000000070bc00000, 0x000000070bc00000, 0x000000070be00000|  0%| F|  |TAMS 0x000000070bc00000| PB 0x000000070bc00000| Untracked |  0
|  58|0x000000070be00000, 0x000000070be00000, 0x000000070c000000|  0%| F|  |TAMS 0x000000070be00000| PB 0x000000070be00000| Untracked |  0
|  59|0x000000070c000000, 0x000000070c000000, 0x000000070c200000|  0%| F|  |TAMS 0x000000070c000000| PB 0x000000070c000000| Untracked |  0
|  60|0x000000070c200000, 0x000000070c200000, 0x000000070c400000|  0%| F|  |TAMS 0x000000070c200000| PB 0x000000070c200000| Untracked |  0
|  61|0x000000070c400000, 0x000000070c400000, 0x000000070c600000|  0%| F|  |TAMS 0x000000070c400000| PB 0x000000070c400000| Untracked |  0
|  62|0x000000070c600000, 0x000000070c600000, 0x000000070c800000|  0%| F|  |TAMS 0x000000070c600000| PB 0x000000070c600000| Untracked |  0
|  63|0x000000070c800000, 0x000000070c800000, 0x000000070ca00000|  0%| F|  |TAMS 0x000000070c800000| PB 0x000000070c800000| Untracked |  0
|  64|0x000000070ca00000, 0x000000070ca00000, 0x000000070cc00000|  0%| F|  |TAMS 0x000000070ca00000| PB 0x000000070ca00000| Untracked |  0
|  65|0x000000070cc00000, 0x000000070cc00000, 0x000000070ce00000|  0%| F|  |TAMS 0x000000070cc00000| PB 0x000000070cc00000| Untracked |  0
|  66|0x000000070ce00000, 0x000000070ce00000, 0x000000070d000000|  0%| F|  |TAMS 0x000000070ce00000| PB 0x000000070ce00000| Untracked |  0
|  67|0x000000070d000000, 0x000000070d000000, 0x000000070d200000|  0%| F|  |TAMS 0x000000070d000000| PB 0x000000070d000000| Untracked |  0
|  68|0x000000070d200000, 0x000000070d200000, 0x000000070d400000|  0%| F|  |TAMS 0x000000070d200000| PB 0x000000070d200000| Untracked |  0
|  69|0x000000070d400000, 0x000000070d400000, 0x000000070d600000|  0%| F|  |TAMS 0x000000070d400000| PB 0x000000070d400000| Untracked |  0
|  70|0x000000070d600000, 0x000000070d600000, 0x000000070d800000|  0%| F|  |TAMS 0x000000070d600000| PB 0x000000070d600000| Untracked |  0
|  71|0x000000070d800000, 0x000000070d800000, 0x000000070da00000|  0%| F|  |TAMS 0x000000070d800000| PB 0x000000070d800000| Untracked |  0
|  72|0x000000070da00000, 0x000000070da00000, 0x000000070dc00000|  0%| F|  |TAMS 0x000000070da00000| PB 0x000000070da00000| Untracked |  0
|  73|0x000000070dc00000, 0x000000070dc00000, 0x000000070de00000|  0%| F|  |TAMS 0x000000070dc00000| PB 0x000000070dc00000| Untracked |  0
|  74|0x000000070de00000, 0x000000070de00000, 0x000000070e000000|  0%| F|  |TAMS 0x000000070de00000| PB 0x000000070de00000| Untracked |  0
|  75|0x000000070e000000, 0x000000070e000000, 0x000000070e200000|  0%| F|  |TAMS 0x000000070e000000| PB 0x000000070e000000| Untracked |  0
|  76|0x000000070e200000, 0x000000070e200000, 0x000000070e400000|  0%| F|  |TAMS 0x000000070e200000| PB 0x000000070e200000| Untracked |  0
|  77|0x000000070e400000, 0x000000070e400000, 0x000000070e600000|  0%| F|  |TAMS 0x000000070e400000| PB 0x000000070e400000| Untracked |  0
|  78|0x000000070e600000, 0x000000070e600000, 0x000000070e800000|  0%| F|  |TAMS 0x000000070e600000| PB 0x000000070e600000| Untracked |  0
|  79|0x000000070e800000, 0x000000070e800000, 0x000000070ea00000|  0%| F|  |TAMS 0x000000070e800000| PB 0x000000070e800000| Untracked |  0
|  80|0x000000070ea00000, 0x000000070ea00000, 0x000000070ec00000|  0%| F|  |TAMS 0x000000070ea00000| PB 0x000000070ea00000| Untracked |  0
|  81|0x000000070ec00000, 0x000000070ec00000, 0x000000070ee00000|  0%| F|  |TAMS 0x000000070ec00000| PB 0x000000070ec00000| Untracked |  0
|  82|0x000000070ee00000, 0x000000070ee00000, 0x000000070f000000|  0%| F|  |TAMS 0x000000070ee00000| PB 0x000000070ee00000| Untracked |  0
|  83|0x000000070f000000, 0x000000070f000000, 0x000000070f200000|  0%| F|  |TAMS 0x000000070f000000| PB 0x000000070f000000| Untracked |  0
|  84|0x000000070f200000, 0x000000070f200000, 0x000000070f400000|  0%| F|  |TAMS 0x000000070f200000| PB 0x000000070f200000| Untracked |  0
|  85|0x000000070f400000, 0x000000070f400000, 0x000000070f600000|  0%| F|  |TAMS 0x000000070f400000| PB 0x000000070f400000| Untracked |  0
|  86|0x000000070f600000, 0x000000070f600000, 0x000000070f800000|  0%| F|  |TAMS 0x000000070f600000| PB 0x000000070f600000| Untracked |  0
|  87|0x000000070f800000, 0x000000070f800000, 0x000000070fa00000|  0%| F|  |TAMS 0x000000070f800000| PB 0x000000070f800000| Untracked |  0
|  88|0x000000070fa00000, 0x000000070fa00000, 0x000000070fc00000|  0%| F|  |TAMS 0x000000070fa00000| PB 0x000000070fa00000| Untracked |  0
|  89|0x000000070fc00000, 0x000000070fc00000, 0x000000070fe00000|  0%| F|  |TAMS 0x000000070fc00000| PB 0x000000070fc00000| Untracked |  0
|  90|0x000000070fe00000, 0x000000070fe00000, 0x0000000710000000|  0%| F|  |TAMS 0x000000070fe00000| PB 0x000000070fe00000| Untracked |  0
|  91|0x0000000710000000, 0x0000000710000000, 0x0000000710200000|  0%| F|  |TAMS 0x0000000710000000| PB 0x0000000710000000| Untracked |  0
|  92|0x0000000710200000, 0x0000000710200000, 0x0000000710400000|  0%| F|  |TAMS 0x0000000710200000| PB 0x0000000710200000| Untracked |  0
|  93|0x0000000710400000, 0x0000000710400000, 0x0000000710600000|  0%| F|  |TAMS 0x0000000710400000| PB 0x0000000710400000| Untracked |  0
|  94|0x0000000710600000, 0x0000000710600000, 0x0000000710800000|  0%| F|  |TAMS 0x0000000710600000| PB 0x0000000710600000| Untracked |  0
|  95|0x0000000710800000, 0x0000000710800000, 0x0000000710a00000|  0%| F|  |TAMS 0x0000000710800000| PB 0x0000000710800000| Untracked |  0
|  96|0x0000000710a00000, 0x0000000710a00000, 0x0000000710c00000|  0%| F|  |TAMS 0x0000000710a00000| PB 0x0000000710a00000| Untracked |  0
|  97|0x0000000710c00000, 0x0000000710c00000, 0x0000000710e00000|  0%| F|  |TAMS 0x0000000710c00000| PB 0x0000000710c00000| Untracked |  0
|  98|0x0000000710e00000, 0x0000000710e00000, 0x0000000711000000|  0%| F|  |TAMS 0x0000000710e00000| PB 0x0000000710e00000| Untracked |  0
|  99|0x0000000711000000, 0x0000000711000000, 0x0000000711200000|  0%| F|  |TAMS 0x0000000711000000| PB 0x0000000711000000| Untracked |  0
| 100|0x0000000711200000, 0x0000000711200000, 0x0000000711400000|  0%| F|  |TAMS 0x0000000711200000| PB 0x0000000711200000| Untracked |  0
| 101|0x0000000711400000, 0x0000000711400000, 0x0000000711600000|  0%| F|  |TAMS 0x0000000711400000| PB 0x0000000711400000| Untracked |  0
| 102|0x0000000711600000, 0x0000000711600000, 0x0000000711800000|  0%| F|  |TAMS 0x0000000711600000| PB 0x0000000711600000| Untracked |  0
| 103|0x0000000711800000, 0x0000000711800000, 0x0000000711a00000|  0%| F|  |TAMS 0x0000000711800000| PB 0x0000000711800000| Untracked |  0
| 104|0x0000000711a00000, 0x0000000711a00000, 0x0000000711c00000|  0%| F|  |TAMS 0x0000000711a00000| PB 0x0000000711a00000| Untracked |  0
| 105|0x0000000711c00000, 0x0000000711c00000, 0x0000000711e00000|  0%| F|  |TAMS 0x0000000711c00000| PB 0x0000000711c00000| Untracked |  0
| 106|0x0000000711e00000, 0x0000000711e00000, 0x0000000712000000|  0%| F|  |TAMS 0x0000000711e00000| PB 0x0000000711e00000| Untracked |  0
| 107|0x0000000712000000, 0x0000000712000000, 0x0000000712200000|  0%| F|  |TAMS 0x0000000712000000| PB 0x0000000712000000| Untracked |  0
| 108|0x0000000712200000, 0x0000000712200000, 0x0000000712400000|  0%| F|  |TAMS 0x0000000712200000| PB 0x0000000712200000| Untracked |  0
| 109|0x0000000712400000, 0x0000000712400000, 0x0000000712600000|  0%| F|  |TAMS 0x0000000712400000| PB 0x0000000712400000| Untracked |  0
| 110|0x0000000712600000, 0x0000000712600000, 0x0000000712800000|  0%| F|  |TAMS 0x0000000712600000| PB 0x0000000712600000| Untracked |  0
| 111|0x0000000712800000, 0x0000000712800000, 0x0000000712a00000|  0%| F|  |TAMS 0x0000000712800000| PB 0x0000000712800000| Untracked |  0
| 112|0x0000000712a00000, 0x0000000712a00000, 0x0000000712c00000|  0%| F|  |TAMS 0x0000000712a00000| PB 0x0000000712a00000| Untracked |  0
| 113|0x0000000712c00000, 0x0000000712c00000, 0x0000000712e00000|  0%| F|  |TAMS 0x0000000712c00000| PB 0x0000000712c00000| Untracked |  0
| 114|0x0000000712e00000, 0x0000000712e00000, 0x0000000713000000|  0%| F|  |TAMS 0x0000000712e00000| PB 0x0000000712e00000| Untracked |  0
| 115|0x0000000713000000, 0x0000000713000000, 0x0000000713200000|  0%| F|  |TAMS 0x0000000713000000| PB 0x0000000713000000| Untracked |  0
| 116|0x0000000713200000, 0x0000000713200000, 0x0000000713400000|  0%| F|  |TAMS 0x0000000713200000| PB 0x0000000713200000| Untracked |  0
| 117|0x0000000713400000, 0x0000000713400000, 0x0000000713600000|  0%| F|  |TAMS 0x0000000713400000| PB 0x0000000713400000| Untracked |  0
| 118|0x0000000713600000, 0x0000000713600000, 0x0000000713800000|  0%| F|  |TAMS 0x0000000713600000| PB 0x0000000713600000| Untracked |  0
| 119|0x0000000713800000, 0x00000007138f9c38, 0x0000000713a00000| 48%| E|  |TAMS 0x0000000713800000| PB 0x0000000713800000| Complete |  0
| 120|0x0000000713a00000, 0x0000000713c00000, 0x0000000713c00000|100%| E|CS|TAMS 0x0000000713a00000| PB 0x0000000713a00000| Complete |  0
| 121|0x0000000713c00000, 0x0000000713e00000, 0x0000000713e00000|100%| E|CS|TAMS 0x0000000713c00000| PB 0x0000000713c00000| Complete |  0
| 122|0x0000000713e00000, 0x0000000714000000, 0x0000000714000000|100%| E|CS|TAMS 0x0000000713e00000| PB 0x0000000713e00000| Complete |  0
| 123|0x0000000714000000, 0x0000000714200000, 0x0000000714200000|100%| E|CS|TAMS 0x0000000714000000| PB 0x0000000714000000| Complete |  0
| 124|0x0000000714200000, 0x0000000714400000, 0x0000000714400000|100%| E|CS|TAMS 0x0000000714200000| PB 0x0000000714200000| Complete |  0
| 125|0x0000000714400000, 0x0000000714600000, 0x0000000714600000|100%| E|CS|TAMS 0x0000000714400000| PB 0x0000000714400000| Complete |  0
|2010|0x00000007ffe00000, 0x00000007fff1d1c0, 0x0000000800000000| 55%| O|  |TAMS 0x00000007ffe00000| PB 0x00000007ffe00000| Untracked |  0

Card table byte_map: [0x000001e671b30000,0x000001e672310000] _byte_map_base: 0x000001e66e30b000

Marking Bits: (CMBitMap*) 0x000001e659192220
 Bits: [0x000001e672310000, 0x000001e6761e8000)

Polling page: 0x000001e657200000

Metaspace:

Usage:
  Non-class:      1.78 MB used.
      Class:    120.62 KB used.
       Both:      1.90 MB used.

Virtual space:
  Non-class space:       64.00 MB reserved,       1.88 MB (  3%) committed,  1 nodes.
      Class space:        1.00 GB reserved,     256.00 KB ( <1%) committed,  1 nodes.
             Both:        1.06 GB reserved,       2.12 MB ( <1%) committed. 

Chunk freelists:
   Non-Class:  11.30 MB
       Class:  15.69 MB
        Both:  26.98 MB

MaxMetaspaceSize: unlimited
CompressedClassSpaceSize: 1.00 GB
Initial GC threshold: 21.00 MB
Current GC threshold: 21.00 MB
CDS: on
 - commit_granule_bytes: 65536.
 - commit_granule_words: 8192.
 - virtual_space_node_default_size: 8388608.
 - enlarge_chunks_in_place: 1.
UseCompressedClassPointers 1, UseCompactObjectHeaders 0
Narrow klass pointer bits 32, Max shift 3
Narrow klass base: 0x000001e600000000, Narrow klass shift: 0
Encoding Range: [0x000001e600000000 - 0x000001e700000000), (4294967296 bytes)
Klass Range:    [0x000001e600000000 - 0x000001e641000000), (1090519040 bytes)
Klass ID Range:  [8 - 1090519033) (1090519025)


Internal statistics:

num_allocs_failed_limit: 0.
num_arena_births: 30.
num_arena_deaths: 0.
num_vsnodes_births: 2.
num_vsnodes_deaths: 0.
num_space_committed: 34.
num_space_uncommitted: 0.
num_chunks_returned_to_freelist: 0.
num_chunks_taken_from_freelist: 69.
num_chunk_merges: 0.
num_chunk_splits: 46.
num_chunks_enlarged: 33.
num_inconsistent_stats: 0.

CodeHeap 'non-profiled nmethods': size=119232Kb used=183Kb max_used=183Kb free=119048Kb
 bounds [0x000001e669550000, 0x000001e6697c0000, 0x000001e6709c0000]
CodeHeap 'profiled nmethods': size=119104Kb used=825Kb max_used=825Kb free=118278Kb
 bounds [0x000001e6619c0000, 0x000001e661c30000, 0x000001e668e10000]
CodeHeap 'non-nmethods': size=7424Kb used=3040Kb max_used=3070Kb free=4383Kb
 bounds [0x000001e668e10000, 0x000001e669120000, 0x000001e669550000]
CodeCache: size=245760Kb, used=4048Kb, max_used=4078Kb, free=241709Kb
 total_blobs=1062, nmethods=643, adapters=321, full_count=0
Compilation: enabled, stopped_count=0, restarted_count=0

Compilation events (20 events):
Event: 1.494 Thread 0x000001e64504fb80 nmethod 536 0x000001e661a52008 code [0x000001e661a521e0, 0x000001e661a530f8]
Event: 1.494 Thread 0x000001e64504f3f0 nmethod 535 0x000001e661a53188 code [0x000001e661a53380, 0x000001e661a54498]
Event: 1.494 Thread 0x000001e64504fb80  540       3       java.net.URL::isBuiltinStreamHandler (8 bytes)
Event: 1.494 Thread 0x000001e64504f3f0  541       3       sun.net.util.IPAddressUtil::checkHostString (65 bytes)
Event: 1.494 Thread 0x000001e645050310 nmethod 539 0x000001e661a54508 code [0x000001e661a54680, 0x000001e661a54ed0]
Event: 1.494 Thread 0x000001e645050310  542       3       sun.net.util.IPAddressUtil::checkHost (157 bytes)
Event: 1.494 Thread 0x000001e64504fb80 nmethod 540 0x000001e661a54f88 code [0x000001e661a550c0, 0x000001e661a55380]
Event: 1.494 Thread 0x000001e64504f3f0 nmethod 541 0x000001e661a55408 code [0x000001e661a55540, 0x000001e661a55740]
Event: 1.494 Thread 0x000001e64504fb80  543       3       sun.net.util.IPAddressUtil::scan (92 bytes)
Event: 1.494 Thread 0x000001e64504f3f0  544       1       java.util.zip.Inflater::hasPendingOutput (5 bytes)
Event: 1.494 Thread 0x000001e64504f3f0 nmethod 544 0x000001e669577688 code [0x000001e669577780, 0x000001e669577848]
Event: 1.494 Thread 0x000001e64504f3f0  546       1       java.util.zip.ZipEntry::getSize (5 bytes)
Event: 1.494 Thread 0x000001e64504f3f0 nmethod 546 0x000001e669577988 code [0x000001e669577a80, 0x000001e669577b48]
Event: 1.495 Thread 0x000001e64504f3f0  548       3       jdk.internal.classfile.impl.AbstractPoolEntry::hash1 (10 bytes)
Event: 1.495 Thread 0x000001e64504f3f0 nmethod 548 0x000001e661a55788 code [0x000001e661a558a0, 0x000001e661a559a0]
Event: 1.495 Thread 0x000001e64504fb80 nmethod 543 0x000001e661a55a88 code [0x000001e661a55c60, 0x000001e661a56938]
Event: 1.496 Thread 0x000001e645050310 nmethod 542 0x000001e661a56a08 code [0x000001e661a56e20, 0x000001e661a598c8]
Event: 1.498 Thread 0x000001e645050310  550   !   3       java.nio.DirectByteBuffer::get (34 bytes)
Event: 1.498 Thread 0x000001e64504f3f0  551       3       java.nio.DirectByteBuffer::ix (10 bytes)
Event: 1.498 Thread 0x000001e64504fb80  552   !   3       jdk.internal.misc.ScopedMemoryAccess::getByte (16 bytes)

GC Heap History (0 events):
No events

Dll operation events (9 events):
Event: 0.027 Loaded shared library C:\Program Files\Java\jdk-24\bin\java.dll
Event: 0.066 Loaded shared library C:\Program Files\Java\jdk-24\bin\jsvml.dll
Event: 0.196 Loaded shared library C:\Program Files\Java\jdk-24\bin\zip.dll
Event: 1.202 Loaded shared library C:\Program Files\Java\jdk-24\bin\instrument.dll
Event: 1.210 Loaded shared library C:\Program Files\Java\jdk-24\bin\net.dll
Event: 1.212 Loaded shared library C:\Program Files\Java\jdk-24\bin\nio.dll
Event: 1.215 Loaded shared library C:\Program Files\Java\jdk-24\bin\zip.dll
Event: 1.461 Loaded shared library C:\Program Files\Java\jdk-24\bin\extnet.dll
Event: 1.496 Loaded shared library C:\Program Files\Java\jdk-24\bin\jimage.dll

Deoptimization events (10 events):
Event: 0.197 Thread 0x000001e659127e40 Uncommon trap: trap_request=0xffffff4d fr.pc=0x000001e669550fd4 relative=0x00000000000000b4
Event: 0.197 Thread 0x000001e659127e40 Uncommon trap: reason=unstable_if action=reinterpret pc=0x000001e669550fd4 method=java.lang.String.isLatin1()Z @ 10 c2
Event: 0.197 Thread 0x000001e659127e40 DEOPT PACKING pc=0x000001e669550fd4 sp=0x00000014b95fe340
Event: 0.197 Thread 0x000001e659127e40 DEOPT UNPACKING pc=0x000001e668f37202 sp=0x00000014b95fe280 mode 2
Event: 1.397 Thread 0x000001e659127e40 DEOPT PACKING pc=0x000001e6619fb998 sp=0x00000014b95fde90
Event: 1.397 Thread 0x000001e659127e40 DEOPT UNPACKING pc=0x000001e668e66642 sp=0x00000014b95fd340 mode 0
Event: 1.402 Thread 0x000001e659127e40 Uncommon trap: trap_request=0xffffff4d fr.pc=0x000001e669567798 relative=0x0000000000000178
Event: 1.402 Thread 0x000001e659127e40 Uncommon trap: reason=unstable_if action=reinterpret pc=0x000001e669567798 method=java.util.zip.ZipFile$Source.isMetaName([BII)Z @ 57 c2
Event: 1.402 Thread 0x000001e659127e40 DEOPT PACKING pc=0x000001e669567798 sp=0x00000014b95fddf0
Event: 1.402 Thread 0x000001e659127e40 DEOPT UNPACKING pc=0x000001e668f37202 sp=0x00000014b95fdd98 mode 2

Classes loaded (20 events):
Event: 1.473 Loading class jdk/internal/event/SocketReadEvent
Event: 1.473 Loading class jdk/internal/event/Event
Event: 1.474 Loading class jdk/internal/event/Event done
Event: 1.474 Loading class jdk/internal/event/SocketReadEvent done
Event: 1.474 Loading class sun/nio/ch/Util
Event: 1.474 Loading class sun/nio/ch/Util done
Event: 1.475 Loading class sun/nio/ch/Util$1
Event: 1.475 Loading class sun/nio/ch/Util$1 done
Event: 1.475 Loading class sun/nio/ch/Util$BufferCache
Event: 1.475 Loading class sun/nio/ch/Util$BufferCache done
Event: 1.477 Loading class java/util/EventListener
Event: 1.477 Loading class java/util/EventListener done
Event: 1.483 Loading class java/lang/SecurityException
Event: 1.483 Loading class java/lang/SecurityException done
Event: 1.483 Loading class java/util/ServiceConfigurationError
Event: 1.483 Loading class java/util/ServiceConfigurationError done
Event: 1.484 Loading class java/lang/ThreadDeath
Event: 1.484 Loading class java/lang/ThreadDeath done
Event: 1.497 Loading class jdk/internal/jimage/ImageLocation
Event: 1.497 Loading class jdk/internal/jimage/ImageLocation done

Classes unloaded (0 events):
No events

Classes redefined (0 events):
No events

Internal exceptions (5 events):
Event: 1.403 Thread 0x000001e659127e40 Exception <a 'java/lang/NoSuchMethodError'{0x0000000713d2aee0}: 'void java.lang.invoke.DirectMethodHandle$Holder.invokeStatic(java.lang.Object, java.lang.Object, java.lang.Object)'> (0x0000000713d2aee0) 
thrown [s\open\src\hotspot\share\interpreter\linkResolver.cpp, line 805]
Event: 1.411 Thread 0x000001e659127e40 Exception <a 'java/lang/NoSuchMethodError'{0x0000000713d5faa0}: 'java.lang.Object java.lang.invoke.Invokers$Holder.invokeExact_MT(java.lang.Object, java.lang.Object, java.lang.Object, java.lang.Object, java.lang.Object)'> (0x0000000713d5faa0) 
thrown [s\open\src\hotspot\share\interpreter\linkResolver.cpp, line 805]
Event: 1.427 Thread 0x000001e64542ce10 Exception <a 'java/lang/NoSuchMethodError'{0x0000000713a053b8}: 'java.lang.Object java.lang.invoke.DirectMethodHandle$Holder.invokeStaticInit(java.lang.Object)'> (0x0000000713a053b8) 
thrown [s\open\src\hotspot\share\interpreter\linkResolver.cpp, line 805]
Event: 1.463 Thread 0x000001e64542ce10 Exception <a 'java/lang/NoSuchMethodError'{0x0000000713a10100}: 'void java.lang.invoke.DirectMethodHandle$Holder.invokeStatic(java.lang.Object, java.lang.Object)'> (0x0000000713a10100) 
thrown [s\open\src\hotspot\share\interpreter\linkResolver.cpp, line 805]
Event: 1.486 Thread 0x000001e659127e40 Exception <a 'java/lang/NoSuchMethodError'{0x0000000713b01e90}: 'java.lang.Object java.lang.invoke.DirectMethodHandle$Holder.invokeStaticInit(java.lang.Object, java.lang.Object, java.lang.Object)'> (0x0000000713b01e90) 
thrown [s\open\src\hotspot\share\interpreter\linkResolver.cpp, line 805]

VM Operations (2 events):
Event: 0.184 Executing VM operation: HandshakeAllThreads (Deoptimize)
Event: 0.184 Executing VM operation: HandshakeAllThreads (Deoptimize) done

Memory protections (0 events):
No events

Nmethod flushes (0 events):
No events

Events (17 events):
Event: 0.045 Thread 0x000001e659127e40 Thread added: 0x000001e659127e40
Event: 0.062 Thread 0x000001e659127e40 Thread added: 0x000001e6786e8100
Event: 0.062 Thread 0x000001e659127e40 Thread added: 0x000001e6786e93b0
Event: 0.062 Thread 0x000001e659127e40 Thread added: 0x000001e6786ecf40
Event: 0.062 Thread 0x000001e659127e40 Thread added: 0x000001e6786ee1f0
Event: 0.062 Thread 0x000001e659127e40 Thread added: 0x000001e645030080
Event: 0.062 Thread 0x000001e659127e40 Thread added: 0x000001e645032cb0
Event: 0.062 Thread 0x000001e659127e40 Thread added: 0x000001e6450467b0
Event: 0.063 Thread 0x000001e659127e40 Thread added: 0x000001e64504f3f0
Event: 0.165 Thread 0x000001e6450467b0 Thread added: 0x000001e645050310
Event: 0.185 Thread 0x000001e64504f3f0 Thread added: 0x000001e64504fb80
Event: 0.190 Thread 0x000001e645050310 Thread added: 0x000001e64504d5b0
Event: 1.208 Thread 0x000001e659127e40 Thread added: 0x000001e645289910
Event: 1.323 Thread 0x000001e64504fb80 Thread added: 0x000001e645050aa0
Event: 1.415 Thread 0x000001e659127e40 Thread added: 0x000001e64542ce10
Event: 1.415 Thread 0x000001e659127e40 Thread added: 0x000001e64542db00
Event: 1.467 Thread 0x000001e64504d5b0 Thread exited: 0x000001e64504d5b0


Dynamic libraries:
0x00007ff703000000 - 0x00007ff703010000 	C:\Program Files\Java\jdk-24\bin\java.exe
0x00007ffcd6ae0000 - 0x00007ffcd6d47000 	C:\WINDOWS\SYSTEM32\ntdll.dll
0x00007ffcd4f50000 - 0x00007ffcd5019000 	C:\WINDOWS\System32\KERNEL32.DLL
0x00007ffcd3f10000 - 0x00007ffcd42ff000 	C:\WINDOWS\System32\KERNELBASE.dll
0x00007ffcd45c0000 - 0x00007ffcd470b000 	C:\WINDOWS\System32\ucrtbase.dll
0x00007ffcc5e10000 - 0x00007ffcc5e2b000 	C:\Program Files\Java\jdk-24\bin\VCRUNTIME140.dll
0x00007ffcc5e30000 - 0x00007ffcc5e46000 	C:\Program Files\Java\jdk-24\bin\jli.dll
0x00007ffcd68d0000 - 0x00007ffcd6a95000 	C:\WINDOWS\System32\USER32.dll
0x00007ffcd3ce0000 - 0x00007ffcd3d07000 	C:\WINDOWS\System32\win32u.dll
0x00007ffcbbb80000 - 0x00007ffcbbe13000 	C:\WINDOWS\WinSxS\amd64_microsoft.windows.common-controls_6595b64144ccf1df_6.0.26100.7309_none_3e05feeae336a044\COMCTL32.dll
0x00007ffcd4e20000 - 0x00007ffcd4ec9000 	C:\WINDOWS\System32\msvcrt.dll
0x00007ffcd4980000 - 0x00007ffcd49ab000 	C:\WINDOWS\System32\GDI32.dll
0x00007ffcd4490000 - 0x00007ffcd45bc000 	C:\WINDOWS\System32\gdi32full.dll
0x00007ffcd3d10000 - 0x00007ffcd3db3000 	C:\WINDOWS\System32\msvcp_win.dll
0x00007ffcd6780000 - 0x00007ffcd67b1000 	C:\WINDOWS\System32\IMM32.DLL
0x00007ffcc5cd0000 - 0x00007ffcc5cdc000 	C:\Program Files\Java\jdk-24\bin\vcruntime140_1.dll
0x00007ffca7370000 - 0x00007ffca73fe000 	C:\Program Files\Java\jdk-24\bin\msvcp140.dll
0x00007ffc54a50000 - 0x00007ffc557f2000 	C:\Program Files\Java\jdk-24\bin\server\jvm.dll
0x00007ffcd4c70000 - 0x00007ffcd4d24000 	C:\WINDOWS\System32\ADVAPI32.dll
0x00007ffcd5840000 - 0x00007ffcd58e6000 	C:\WINDOWS\System32\sechost.dll
0x00007ffcd4b50000 - 0x00007ffcd4c68000 	C:\WINDOWS\System32\RPCRT4.dll
0x00007ffcd4880000 - 0x00007ffcd48f4000 	C:\WINDOWS\System32\WS2_32.dll
0x00007ffcd3a90000 - 0x00007ffcd3aee000 	C:\WINDOWS\SYSTEM32\POWRPROF.dll
0x00007ffccea60000 - 0x00007ffccea6b000 	C:\WINDOWS\SYSTEM32\VERSION.dll
0x00007ffcbbe20000 - 0x00007ffcbbe55000 	C:\WINDOWS\SYSTEM32\WINMM.dll
0x00007ffcd3a70000 - 0x00007ffcd3a84000 	C:\WINDOWS\SYSTEM32\UMPDC.dll
0x00007ffcd29e0000 - 0x00007ffcd29fb000 	C:\WINDOWS\SYSTEM32\kernel.appcore.dll
0x00007ffcc5cc0000 - 0x00007ffcc5cca000 	C:\Program Files\Java\jdk-24\bin\jimage.dll
0x00007ffcd1340000 - 0x00007ffcd1582000 	C:\WINDOWS\SYSTEM32\DBGHELP.DLL
0x00007ffcd6250000 - 0x00007ffcd65d6000 	C:\WINDOWS\System32\combase.dll
0x00007ffcd49b0000 - 0x00007ffcd4a86000 	C:\WINDOWS\System32\OLEAUT32.dll
0x00007ffcb88f0000 - 0x00007ffcb892c000 	C:\WINDOWS\SYSTEM32\dbgcore.DLL
0x00007ffcd3c30000 - 0x00007ffcd3cd5000 	C:\WINDOWS\System32\bcryptPrimitives.dll
0x00007ffcc5c80000 - 0x00007ffcc5c8f000 	C:\Program Files\Java\jdk-24\bin\instrument.dll
0x00007ffcc5c90000 - 0x00007ffcc5cae000 	C:\Program Files\Java\jdk-24\bin\java.dll
0x00007ffcd65e0000 - 0x00007ffcd6777000 	C:\WINDOWS\System32\ole32.dll
0x00007ffcd5af0000 - 0x00007ffcd6243000 	C:\WINDOWS\System32\SHELL32.dll
0x00007ffcd4710000 - 0x00007ffcd487a000 	C:\WINDOWS\System32\wintypes.dll
0x00007ffcd1710000 - 0x00007ffcd1f6e000 	C:\WINDOWS\SYSTEM32\windows.storage.dll
0x00007ffcd5740000 - 0x00007ffcd5835000 	C:\WINDOWS\System32\SHCORE.dll
0x00007ffcd5a60000 - 0x00007ffcd5ac6000 	C:\WINDOWS\System32\shlwapi.dll
0x00007ffcd3b50000 - 0x00007ffcd3b79000 	C:\WINDOWS\SYSTEM32\profapi.dll
0x00007ffca7290000 - 0x00007ffca7367000 	C:\Program Files\Java\jdk-24\bin\jsvml.dll
0x00007ffca6d50000 - 0x00007ffca6d67000 	C:\Program Files\Java\jdk-24\bin\zip.dll
0x00007ffcc5c70000 - 0x00007ffcc5c80000 	C:\Program Files\Java\jdk-24\bin\net.dll
0x00007ffcd2f50000 - 0x00007ffcd2fbb000 	C:\WINDOWS\system32\mswsock.dll
0x00007ffcc5440000 - 0x00007ffcc5456000 	C:\Program Files\Java\jdk-24\bin\nio.dll
0x00007ffcc5c60000 - 0x00007ffcc5c69000 	C:\Program Files\Java\jdk-24\bin\extnet.dll

JVMTI agents:
C:\Program Files\JetBrains\IntelliJ IDEA Community Edition 2025.1.3\lib\idea_rt.jar path:C:\Program Files\Java\jdk-24\bin\instrument.dll, loaded, initialized, instrumentlib options:63584

dbghelp: loaded successfully - version: 4.0.5 - missing functions: none
symbol engine: initialized successfully - sym options: 0x614 - pdb path: .;C:\Program Files\Java\jdk-24\bin;C:\WINDOWS\SYSTEM32;C:\WINDOWS\WinSxS\amd64_microsoft.windows.common-controls_6595b64144ccf1df_6.0.26100.7309_none_3e05feeae336a044;C:\Program Files\Java\jdk-24\bin\server

VM Arguments:
jvm_args: -javaagent:C:\Program Files\JetBrains\IntelliJ IDEA Community Edition 2025.1.3\lib\idea_rt.jar=63584 -Dfile.encoding=UTF-8 -Dsun.stdout.encoding=UTF-8 -Dsun.stderr.encoding=UTF-8 
java_command: e_commerce.api.e_commerce.ECommerceApplication
java_class_path (initial): C:\Users\M.S.I\Documents\E-commerce-API\e-commerce\target\classes;C:\Users\M.S.I\.m2\repository\org\springframework\boot\spring-boot-starter-webmvc\4.0.0\spring-boot-starter-webmvc-4.0.0.jar;C:\Users\M.S.I\.m2\repository\org\springframework\boot\spring-boot-starter\4.0.0\spring-boot-starter-4.0.0.jar;C:\Users\M.S.I\.m2\repository\org\springframework\boot\spring-boot-starter-logging\4.0.0\spring-boot-starter-logging-4.0.0.jar;C:\Users\M.S.I\.m2\repository\ch\qos\logback\logback-classic\1.5.21\logback-classic-1.5.21.jar;C:\Users\M.S.I\.m2\repository\ch\qos\logback\logback-core\1.5.21\logback-core-1.5.21.jar;C:\Users\M.S.I\.m2\repository\org\apache\logging\log4j\log4j-to-slf4j\2.25.2\log4j-to-slf4j-2.25.2.jar;C:\Users\M.S.I\.m2\repository\org\apache\logging\log4j\log4j-api\2.25.2\log4j-api-2.25.2.jar;C:\Users\M.S.I\.m2\repository\org\slf4j\jul-to-slf4j\2.0.17\jul-to-slf4j-2.0.17.jar;C:\Users\M.S.I\.m2\repository\org\springframework\boot\spring-boot-autoconfigure\4.0.0\spring-boot-autoconfigure-4.0.0.jar;C:\Users\M.S.I\.m2\repository\jakarta\annotation\jakarta.annotation-api\3.0.0\jakarta.annotation-api-3.0.0.jar;C:\Users\M.S.I\.m2\repository\org\yaml\snakeyaml\2.5\snakeyaml-2.5.jar;C:\Users\M.S.I\.m2\repository\org\springframework\boot\spring-boot-starter-jackson\4.0.0\spring-boot-starter-jackson-4.0.0.jar;C:\Users\M.S.I\.m2\repository\org\springframework\boot\spring-boot-jackson\4.0.0\spring-boot-jackson-4.0.0.jar;C:\Users\M.S.I\.m2\repository\tools\jackson\core\jackson-databind\3.0.2\jackson-databind-3.0.2.jar;C:\Users\M.S.I\.m2\repository\tools\jackson\core\jackson-core\3.0.2\jackson-core-3.0.2.jar;C:\Users\M.S.I\.m2\repository\org\springframework\boot\spring-boot-starter-tomcat\4.0.0\spring-boot-starter-tomcat-4.0.0.jar;C:\Users\M.S.I\.m2\repository\org\springframework\boot\spring-boot-starter-tomcat-runtime\4.0.0\spring-boot-starter-tomcat-runtime-4.0.0.jar;C:\Users\M.S.I\.m2\repository\org\apache\tomcat\embed\tomcat-embed-core\11.0.14\tomcat-embed-core-11.0.14.jar;C:\Users\M.S.I\.m2\repository\org\apache\tomcat\embed\tomcat-embed-el\11.0.14\tomcat-embed-el-11.0.14.jar;C:\Users\M.S.I\.m2\repository\org\apache\tomcat\embed\tomcat-embed-websocket\11.0.14\tomcat-embed-websocket-11.0.14.jar;C:\Users\M.S.I\.m2\repository\org\springframework\boot\spring-boot-tomcat\4.0.0\spring-boot-tomcat-4.0.0.jar;C:\Users\M.S.I\.m2\repository\org\springframework\boot\spring-boot-http-converter\4.0.0\spring-boot-http-converter-4.0.0.jar;C:\Users\M.S.I\.m2\repository\org\springframework\boot\spring-boot\4.0.0\spring-boot-4.0.0.jar;C:\Users\M.S.I\.m2\repository\org\springframework\spring-context\7.0.1\spring-context-7.0.1.jar;C:\Users\M.S.I\.m2\repository\org\springframework\spring-web\7.0.1\spring-web-7.0.1.jar;C:\Users\M.S.I\.m2\repository\org\springframework\spring-beans\7.0.1\spring-beans-7.0.1.jar;C:\Users\M.S.I\.m2\repository\io\micrometer\micrometer-observation\1.16.0\micrometer-observation-1.16.0.jar;C:\Users\M.S.I\.m2\repository\io\micrometer\micrometer-commons\1.16.0\micrometer-commons-1.16.0.jar;C:\Users\M.S.I\.m2\repository\org\springframework\boot\spring-boot-webmvc\4.0.0\spring-boot-webmvc-4.0.0.jar;C:\Users\M.S.I\.m2\repository\org\springframework\boot\spring-boot-servlet\4.0.0\spring-boot-servlet-4.0.0.jar;C:\Users\M.S.I\.m2\repository\org\springframework\spring-webmvc\7.0.1\spring-webmvc-7.0.1.jar;C:\Users\M.S.I\.m2\repository\org\springframework\spring-aop\7.0.1\spring-aop-7.0.1.jar;C:\Users\M.S.I\.m2\repository\org\springframework\spring-expression\7.0.1\spring-expression-7.0.1.jar;C:\Users\M.S.I\.m2\repository\org\slf4j\slf4j-api\2.0.17\slf4j-api-2.0.17.jar;C:\Users\M.S.I\.m2\repository\jakarta\xml\bind\jakarta.xml.bind-api\4.0.4\jakarta.xml.bind-api-4.0.4.jar;C:\Users\M.S.I\.m2\repository\jakarta\activation\jakarta.activation-api\2.1.4\jakarta.activation-api-2.1.4.jar;C:\Users\M.S.I\.m2\repository\net\bytebuddy\byte-buddy\1.17.8\byte-buddy-1.17.8.jar;C:\Users\M.S.I\.m2\repository\org\springframework\spring-core\7.0.1\spring-core-7.0.1.jar;C:\Users\M.S.I\.m2\repository\commons-logging\commons-logging\1.3.5\commons-logging-1.3.5.jar;C:\Users\M.S.I\.m2\repository\org\jspecify\jspecify\1.0.0\jspecify-1.0.0.jar;C:\Users\M.S.I\.m2\repository\org\springframework\boot\spring-boot-web-server\4.0.0\spring-boot-web-server-4.0.0.jar;C:\Users\M.S.I\.m2\repository\org\springframework\boot\spring-boot-starter-web\4.0.0\spring-boot-starter-web-4.0.0.jar;C:\Users\M.S.I\.m2\repository\org\springframework\boot\spring-boot-starter-data-jpa\4.0.0\spring-boot-starter-data-jpa-4.0.0.jar;C:\Users\M.S.I\.m2\repository\org\springframework\boot\spring-boot-starter-jdbc\4.0.0\spring-boot-starter-jdbc-4.0.0.jar;C:\Users\M.S.I\.m2\repository\com\zaxxer\HikariCP\7.0.2\HikariCP-7.0.2.jar;C:\Users\M.S.I\.m2\repository\org\springframework\boot\spring-boot-data-jpa\4.0.0\spring-boot-data-jpa-4.0.0.jar;C:\Users\M.S.I\.m2\repository\org\springframework\boot\spring-boot-data-commons\4.0.0\spring-boot-data-commons-4.0.0.jar;C:\Users\M.S.I\.m2\repository\org\springframework\boot\spring-boot-persistence\4.0.0\spring-boot-persistence-4.0.0.jar;C:\Users\M.S.I\.m2\repository\org\springframework\data\spring-data-commons\4.0.0\spring-data-commons-4.0.0.jar;C:\Users\M.S.I\.m2\repository\org\springframework\boot\spring-boot-hibernate\4.0.0\spring-boot-hibernate-4.0.0.jar;C:\Users\M.S.I\.m2\repository\org\springframework\boot\spring-boot-jpa\4.0.0\spring-boot-jpa-4.0.0.jar;C:\Users\M.S.I\.m2\repository\jakarta\persistence\jakarta.persistence-api\3.2.0\jakarta.persistence-api-3.2.0.jar;C:\Users\M.S.I\.m2\repository\org\hibernate\orm\hibernate-core\7.1.8.Final\hibernate-core-7.1.8.Final.jar;C:\Users\M.S.I\.m2\repository\jakarta\transaction\jakarta.transaction-api\2.0.1\jakarta.transaction-api-2.0.1.jar;C:\Users\M.S.I\.m2\repository\org\jboss\logging\jboss-logging\3.6.1.Final\jboss-logging-3.6.1.Final.jar;C:\Users\M.S.I\.m2\repository\org\hibernate\models\hibernate-models\1.0.1\hibernate-models-1.0.1.jar;C:\Users\M.S.I\.m2\repository\com\fasterxml\classmate\1.7.1\classmate-1.7.1.jar;C:\Users\M.S.I\.m2\repository\org\glassfish\jaxb\jaxb-runtime\4.0.6\jaxb-runtime-4.0.6.jar;C:\Users\M.S.I\.m2\repository\org\glassfish\jaxb\jaxb-core\4.0.6\jaxb-core-4.0.6.jar;C:\Users\M.S.I\.m2\repository\org\eclipse\angus\angus-activation\2.0.3\angus-activation-2.0.3.jar;C:\Users\M.S.I\.m2\repository\org\glassfish\jaxb\txw2\4.0.6\txw2-4.0.6.jar;C:\Users\M.S.I\.m2\repository\com\sun\istack\istack-commons-runtime\4.1.2\istack-commons-runtime-4.1.2.jar;C:\Users\M.S.I\.m2\repository\jakarta\inject\jakarta.inject-api\2.0.1\jakarta.inject-api-2.0.1.jar;C:\Users\M.S.I\.m2\repository\org\springframework\spring-orm\7.0.1\spring-orm-7.0.1.jar;C:\Users\M.S.I\.m2\repository\org\springframework\data\spring-data-jpa\4.0.0\spring-data-jpa-4.0.0.jar;C:\Users\M.S.I\.m2\repository\org\springframework\spring-tx\7.0.1\spring-tx-7.0.1.jar;C:\Users\M.S.I\.m2\repository\org\antlr\antlr4-runtime\4.13.2\antlr4-runtime-4.13.2.jar;C:\Users\M.S.I\.m2\repository\org\springframework\spring-aspects\7.0.1\spring-aspects-7.0.1.jar;C:\Users\M.S.I\.m2\repository\org\aspectj\aspectjweaver\1.9.25\aspectjweaver-1.9.25.jar;C:\Users\M.S.I\.m2\repository\org\springframework\boot\spring-boot-jdbc\4.0.0\spring-boot-jdbc-4.0.0.jar;C:\Users\M.S.I\.m2\repository\org\springframework\boot\spring-boot-sql\4.0.0\spring-boot-sql-4.0.0.jar;C:\Users\M.S.I\.m2\repository\org\springframework\boot\spring-boot-transaction\4.0.0\spring-boot-transaction-4.0.0.jar;C:\Users\M.S.I\.m2\repository\org\springframework\spring-jdbc\7.0.1\spring-jdbc-7.0.1.jar;C:\Users\M.S.I\.m2\repository\com\mysql\mysql-connector-j\9.5.0\mysql-connector-j-9.5.0.jar;C:\Users\M.S.I\.m2\repository\org\flywaydb\flyway-core\11.14.1\flyway-core-11.14.1.jar;C:\Users\M.S.I\.m2\repository\com\fasterxml\jackson\core\jackson-databind\2.20.1\jackson-databind-2.20.1.jar;C:\Users\M.S.I\.m2\repository\com\fasterxml\jackson\core\jackson-annotations\2.20\jackson-annotations-2.20.jar;C:\Users\M.S.I\.m2\repository\com\fasterxml\jackson\core\jackson-core\2.20.1\jackson-core-2.20.1.jar
Launcher Type: SUN_STANDARD

[Global flags]
     intx CICompilerCount                          = 12                                        {product} {ergonomic}
     uint ConcGCThreads                            = 3                                         {product} {ergonomic}
     uint G1ConcRefinementThreads                  = 13                                        {product} {ergonomic}
   size_t G1HeapRegionSize                         = 2097152                                   {product} {ergonomic}
   size_t InitialHeapSize                          = 264241152                                 {product} {ergonomic}
   size_t MarkStackSize                            = 4194304                                   {product} {ergonomic}
   size_t MarkStackSizeMax                         = 536870912                                 {product} {ergonomic}
   size_t MaxHeapSize                              = 4217372672                                {product} {ergonomic}
   size_t MaxNewSize                               = 2529165312                                {product} {ergonomic}
   size_t MinHeapDeltaBytes                        = 2097152                                   {product} {ergonomic}
   size_t MinHeapSize                              = 8388608                                   {product} {ergonomic}
    uintx NonNMethodCodeHeapSize                   = 7602176                                {pd product} {ergonomic}
    uintx NonProfiledCodeHeapSize                  = 122093568                              {pd product} {ergonomic}
    uintx ProfiledCodeHeapSize                     = 121962496                              {pd product} {ergonomic}
    uintx ReservedCodeCacheSize                    = 251658240                              {pd product} {ergonomic}
     bool SegmentedCodeCache                       = true                                      {product} {ergonomic}
   size_t SoftMaxHeapSize                          = 4217372672                             {manageable} {ergonomic}
     bool UseCompressedOops                        = true                           {product lp64_product} {ergonomic}
     bool UseG1GC                                  = true                                      {product} {ergonomic}
     bool UseLargePagesIndividualAllocation        = false                                  {pd product} {ergonomic}

Logging:
Log output configuration:
 #0: stdout all=warning uptime,level,tags foldmultilines=false
 #1: stderr all=off uptime,level,tags foldmultilines=false

Environment Variables:
JAVA_HOME=C:\Program Files\Java\jdk-17
PATH=C:\Program Files\Git\usr\local\bin;C:\Program Files\Git\bin;C:\Program Files\Eclipse Adoptium\jdk-11.0.24.8-hotspot\bin;C:\Program Files\Eclipse Adoptium\jdk-17.0.15.6-hotspot\bin;C:\Program Files\Java\jdk-24\bin;C:\Program Files\apache-maven-3.9.9\bin;C:\Windows\System32;C:\Program Files\Java\jdk-24\bin;C:\Program Files\nodejs\;C:\Program Files\Git\cmd;C:\Users\M.S.I\AppData\Local\Programs\Python\Python311\Scripts\;C:\Users\M.S.I\AppData\Local\Programs\Python\Python311\;C:\Users\M.S.I\AppData\Local\Microsoft\WindowsApps;C:\Users\M.S.I\AppData\Local\JetBrains\Toolbox\scripts;C:\Program Files\JetBrains\IntelliJ IDEA Community Edition 2025.1.3\bin;;C:\Program Files\JetBrains\PyCharm Community Edition 2023.1.1\bin;;C:\Program Files\JetBrains\IntelliJ IDEA 2025.1.3\bin;;C:\Program Files\Azure Data Studio\bin;C:\Users\M.S.I\AppData\Local\Microsoft\WindowsApps;C:\Users\M.S.I\AppData\Local\Programs\Microsoft VS Code\bin;C:\Users\M.S.I\AppData\Roaming\npm
USERNAME=M.S.I
OS=Windows_NT
PROCESSOR_IDENTIFIER=Intel64 Family 6 Model 141 Stepping 1, GenuineIntel
TMP=C:\Users\MS1E84~1.I\AppData\Local\Temp
TEMP=C:\Users\MS1E84~1.I\AppData\Local\Temp




Periodic native trim disabled

---------------  S Y S T E M  ---------------

OS:
 Windows 11 , 64 bit Build 26100 (10.0.26100.7623)
OS uptime: 0 days 1:40 hours
Hyper-V role detected

CPU: total 16 (initial active 16) (8 cores per cpu, 2 threads per core) family 6 model 141 stepping 1 microcode 0x34, cx8, cmov, fxsr, ht, mmx, 3dnowpref, sse, sse2, sse3, ssse3, sse4.1, sse4.2, popcnt, lzcnt, tsc, tscinvbit, avx, avx2, aes, erms, clmul, bmi1, bmi2, adx, avx512f, avx512dq, avx512cd, avx512bw, avx512vl, sha, fma, vzeroupper, avx512_vpopcntdq, avx512_vpclmulqdq, avx512_vaes, avx512_vnni, clflush, clflushopt, clwb, avx512_vbmi2, avx512_vbmi, hv, rdtscp, rdpid, fsrm, gfni, avx512_bitalg, f16c, cet_ibt, cet_ss, avx512_ifma
Processor Information for the first 16 processors :
  Max Mhz: 2304, Current Mhz: 2304, Mhz Limit: 2304

Memory: 4k page, system-wide physical 16085M (3132M free)
TotalPageFile size 18133M (AvailPageFile size 353M)
current process WorkingSet (physical memory assigned to process): 65M, peak: 65M
current process commit charge ("private bytes"): 363M, peak: 364M

vm_info: Java HotSpot(TM) 64-Bit Server VM (24.0.1+9-30) for windows-amd64 JRE (24.0.1+9-30), built on 2025-03-05T07:23:45Z with MS VC++ 17.6 (VS2022)

END.
