#
# There is insufficient memory for the Java Runtime Environment to continue.
# Native memory allocation (malloc) failed to allocate 1719760 bytes. Error detail: Chunk::new
# Possible reasons:
#   The system is out of physical RAM or swap space
#   This process is running with CompressedOops enabled, and the Java Heap may be blocking the growth of the native heap
# Possible solutions:
#   Reduce memory load on the system
#   Increase physical memory or swap space
#   Check if swap backing store is full
#   Decrease Java heap size (-Xmx/-Xms)
#   Decrease number of Java threads
#   Decrease Java thread stack sizes (-Xss)
#   Set larger code cache with -XX:ReservedCodeCacheSize=
#   JVM is running with Zero Based Compressed Oops mode in which the Java heap is
#     placed in the first 32GB address space. The Java Heap base address is the
#     maximum limit for the native heap growth. Please use -XX:HeapBaseMinAddress
#     to set the Java Heap base and to place the Java Heap above 32GB virtual address.
# This output file may be truncated or incomplete.
#
#  Out of Memory Error (arena.cpp:162), pid=8744, tid=23884
#
# JRE version: Java(TM) SE Runtime Environment (24.0.1+9) (build 24.0.1+9-30)
# Java VM: Java HotSpot(TM) 64-Bit Server VM (24.0.1+9-30, mixed mode, sharing, tiered, compressed oops, compressed class ptrs, g1 gc, windows-amd64)
# No core dump will be written. Minidumps are not enabled by default on client versions of Windows
#

---------------  S U M M A R Y ------------

Command Line: -javaagent:C:\Program Files\JetBrains\IntelliJ IDEA Community Edition 2025.1.3\lib\idea_rt.jar=59669 -Dfile.encoding=UTF-8 -Dsun.stdout.encoding=UTF-8 -Dsun.stderr.encoding=UTF-8 e_commerce.api.e_commerce.ECommerceApplication

Host: 11th Gen Intel(R) Core(TM) i7-11800H @ 2.30GHz, 16 cores, 15G,  Windows 11 , 64 bit Build 26100 (10.0.26100.7623)
Time: Tue Feb  3 13:00:41 2026 West Bank Gaza Standard Time elapsed time: 615.484422 seconds (0d 0h 10m 15s)

---------------  T H R E A D  ---------------

Current thread (0x00000237a4555f30):  JavaThread "C2 CompilerThread0" daemon [_thread_in_native, id=23884, stack(0x00000085ed300000,0x00000085ed400000) (1024K)]


Current CompileTask:
C2:615484 11753       4       org.springframework.web.servlet.mvc.condition.RequestMethodsRequestCondition::matchRequestMethod (80 bytes)

Stack: [0x00000085ed300000,0x00000085ed400000]
Native frames: (J=compiled Java code, j=interpreted, Vv=VM code, C=native code)
V  [jvm.dll+0x730739]  (no source info available)
V  [jvm.dll+0x8d9b23]  (no source info available)
V  [jvm.dll+0x8dc00d]  (no source info available)
V  [jvm.dll+0x8dc683]  (no source info available)
V  [jvm.dll+0x2aa086]  (no source info available)
V  [jvm.dll+0xcedef]  (no source info available)
V  [jvm.dll+0xcf04f]  (no source info available)
V  [jvm.dll+0x154d83]  (no source info available)
V  [jvm.dll+0x735f5f]  (no source info available)
V  [jvm.dll+0x26fa1c]  (no source info available)
V  [jvm.dll+0x26ea3f]  (no source info available)
V  [jvm.dll+0x1e9d60]  (no source info available)
V  [jvm.dll+0x27e1fb]  (no source info available)
V  [jvm.dll+0x27c49a]  (no source info available)
V  [jvm.dll+0x42f456]  (no source info available)
V  [jvm.dll+0x87d76b]  (no source info available)
V  [jvm.dll+0x72ee55]  (no source info available)
C  [ucrtbase.dll+0x37b0]  (no source info available)
C  [KERNEL32.DLL+0x2e8d7]  (no source info available)
C  [ntdll.dll+0x8c53c]  (no source info available)

Lock stack of current Java thread (top to bottom):


---------------  P R O C E S S  ---------------

Threads class SMR info:
_java_thread_list=0x00000237ece5bd20, length=35, elements={
0x00000237a45354d0, 0x00000237a4535c10, 0x00000237a453a790, 0x00000237a453b730,
0x00000237a453f100, 0x00000237a454bf30, 0x00000237a4555f30, 0x00000237a4558190,
0x00000237a454c680, 0x00000237a454a1f0, 0x00000237a454a940, 0x00000237eb0740a0,
0x00000237eb071c10, 0x00000237eb075690, 0x00000237eb075de0, 0x00000237eb079110,
0x00000237eb0773d0, 0x00000237eb0789c0, 0x00000237eb077b20, 0x00000237eb078270,
0x00000237a454b7e0, 0x00000237a454cdd0, 0x00000237a454d520, 0x00000237ed1eab60,
0x00000237ed1e86d0, 0x00000237ed1e8e20, 0x00000237ed1e9570, 0x00000237ed1e9cc0,
0x00000237ed1e7f80, 0x00000237ec027aa0, 0x00000237ec0263f0, 0x00000237ec028230,
0x00000237ec029150, 0x00000237ec027310, 0x00000237ec0298e0
}

Java Threads: ( => current thread )
  0x00000237a45354d0 JavaThread "Reference Handler"          daemon [_thread_blocked, id=1956, stack(0x00000085ecd00000,0x00000085ece00000) (1024K)]
  0x00000237a4535c10 JavaThread "Finalizer"                  daemon [_thread_blocked, id=14948, stack(0x00000085ece00000,0x00000085ecf00000) (1024K)]
  0x00000237a453a790 JavaThread "Signal Dispatcher"          daemon [_thread_blocked, id=22072, stack(0x00000085ecf00000,0x00000085ed000000) (1024K)]
  0x00000237a453b730 JavaThread "Attach Listener"            daemon [_thread_blocked, id=15624, stack(0x00000085ed000000,0x00000085ed100000) (1024K)]
  0x00000237a453f100 JavaThread "Service Thread"             daemon [_thread_blocked, id=1488, stack(0x00000085ed100000,0x00000085ed200000) (1024K)]
  0x00000237a454bf30 JavaThread "Monitor Deflation Thread"   daemon [_thread_blocked, id=7996, stack(0x00000085ed200000,0x00000085ed300000) (1024K)]
=>0x00000237a4555f30 JavaThread "C2 CompilerThread0"         daemon [_thread_in_native, id=23884, stack(0x00000085ed300000,0x00000085ed400000) (1024K)]
  0x00000237a4558190 JavaThread "C1 CompilerThread0"         daemon [_thread_blocked, id=19492, stack(0x00000085ed400000,0x00000085ed500000) (1024K)]
  0x00000237a454c680 JavaThread "Common-Cleaner"             daemon [_thread_blocked, id=22592, stack(0x00000085ed800000,0x00000085ed900000) (1024K)]
  0x00000237a454a1f0 JavaThread "Monitor Ctrl-Break"         daemon [_thread_in_native, id=17784, stack(0x00000085ed900000,0x00000085eda00000) (1024K)]
  0x00000237a454a940 JavaThread "Notification Thread"        daemon [_thread_blocked, id=17080, stack(0x00000085eda00000,0x00000085edb00000) (1024K)]
  0x00000237eb0740a0 JavaThread "Catalina-utility-1"                [_thread_blocked, id=1372, stack(0x00000085ee200000,0x00000085ee300000) (1024K)]
  0x00000237eb071c10 JavaThread "Catalina-utility-2"                [_thread_blocked, id=11428, stack(0x00000085ee300000,0x00000085ee400000) (1024K)]
  0x00000237eb075690 JavaThread "container-0"                       [_thread_blocked, id=23052, stack(0x00000085eec00000,0x00000085eed00000) (1024K)]
  0x00000237eb075de0 JavaThread "mysql-cj-abandoned-connection-cleanup" daemon [_thread_blocked, id=23932, stack(0x00000085eed00000,0x00000085eee00000) (1024K)]
  0x00000237eb079110 JavaThread "HikariPool-1:housekeeper"   daemon [_thread_blocked, id=18444, stack(0x00000085ef100000,0x00000085ef200000) (1024K)]
  0x00000237eb0773d0 JavaThread "http-nio-8080-exec-1"       daemon [_thread_blocked, id=8372, stack(0x00000085ef200000,0x00000085ef300000) (1024K)]
  0x00000237eb0789c0 JavaThread "http-nio-8080-exec-2"       daemon [_thread_blocked, id=15364, stack(0x00000085ef300000,0x00000085ef400000) (1024K)]
  0x00000237eb077b20 JavaThread "http-nio-8080-exec-3"       daemon [_thread_blocked, id=23612, stack(0x00000085ef400000,0x00000085ef500000) (1024K)]
  0x00000237eb078270 JavaThread "http-nio-8080-exec-4"       daemon [_thread_blocked, id=22560, stack(0x00000085ef500000,0x00000085ef600000) (1024K)]
  0x00000237a454b7e0 JavaThread "http-nio-8080-exec-5"       daemon [_thread_blocked, id=5008, stack(0x00000085ef600000,0x00000085ef700000) (1024K)]
  0x00000237a454cdd0 JavaThread "http-nio-8080-exec-6"       daemon [_thread_blocked, id=21712, stack(0x00000085ef700000,0x00000085ef800000) (1024K)]
  0x00000237a454d520 JavaThread "http-nio-8080-exec-7"       daemon [_thread_blocked, id=18100, stack(0x00000085ef800000,0x00000085ef900000) (1024K)]
  0x00000237ed1eab60 JavaThread "http-nio-8080-exec-8"       daemon [_thread_blocked, id=7040, stack(0x00000085ef900000,0x00000085efa00000) (1024K)]
  0x00000237ed1e86d0 JavaThread "http-nio-8080-exec-9"       daemon [_thread_blocked, id=7208, stack(0x00000085efa00000,0x00000085efb00000) (1024K)]
  0x00000237ed1e8e20 JavaThread "http-nio-8080-exec-10"      daemon [_thread_blocked, id=23800, stack(0x00000085efb00000,0x00000085efc00000) (1024K)]
  0x00000237ed1e9570 JavaThread "http-nio-8080-Poller"       daemon [_thread_in_native, id=8064, stack(0x00000085efc00000,0x00000085efd00000) (1024K)]
  0x00000237ed1e9cc0 JavaThread "http-nio-8080-Acceptor"     daemon [_thread_in_native, id=12088, stack(0x00000085efd00000,0x00000085efe00000) (1024K)]
  0x00000237ed1e7f80 JavaThread "DestroyJavaVM"                     [_thread_blocked, id=23064, stack(0x00000085ec500000,0x00000085ec600000) (1024K)]
  0x00000237ec027aa0 JavaThread "C1 CompilerThread1"         daemon [_thread_blocked, id=5900, stack(0x00000085ed500000,0x00000085ed600000) (1024K)]
  0x00000237ec0263f0 JavaThread "C2 CompilerThread1"         daemon [_thread_blocked, id=8364, stack(0x00000085ec400000,0x00000085ec500000) (1024K)]
  0x00000237ec028230 JavaThread "C2 CompilerThread2"         daemon [_thread_blocked, id=16836, stack(0x00000085ed600000,0x00000085ed700000) (1024K)]
  0x00000237ec029150 JavaThread "C2 CompilerThread3"         daemon [_thread_blocked, id=14700, stack(0x00000085edb00000,0x00000085edc00000) (1024K)]
  0x00000237ec027310 JavaThread "C1 CompilerThread2"         daemon [_thread_blocked, id=13060, stack(0x00000085ee100000,0x00000085ee200000) (1024K)]
  0x00000237ec0298e0 JavaThread "C1 CompilerThread3"         daemon [_thread_blocked, id=12320, stack(0x00000085eee00000,0x00000085eef00000) (1024K)]
Total: 35

Other Threads:
  0x00000237a3db3570 VMThread "VM Thread"                           [id=1672, stack(0x00000085ecc00000,0x00000085ecd00000) (1024K)]
  0x00000237a3c72e50 WatcherThread "VM Periodic Task Thread"        [id=9732, stack(0x00000085ecb00000,0x00000085ecc00000) (1024K)]
  0x0000023784422290 WorkerThread "GC Thread#0"                     [id=17024, stack(0x00000085ec600000,0x00000085ec700000) (1024K)]
  0x00000237eaacbff0 WorkerThread "GC Thread#1"                     [id=17312, stack(0x00000085edc00000,0x00000085edd00000) (1024K)]
  0x00000237eaacc750 WorkerThread "GC Thread#2"                     [id=19256, stack(0x00000085edd00000,0x00000085ede00000) (1024K)]
  0x00000237eaacc3a0 WorkerThread "GC Thread#3"                     [id=17972, stack(0x00000085ede00000,0x00000085edf00000) (1024K)]
  0x00000237eaaccb00 WorkerThread "GC Thread#4"                     [id=3444, stack(0x00000085edf00000,0x00000085ee000000) (1024K)]
  0x00000237eaacceb0 WorkerThread "GC Thread#5"                     [id=15180, stack(0x00000085ee000000,0x00000085ee100000) (1024K)]
  0x00000237eab63e90 WorkerThread "GC Thread#6"                     [id=7100, stack(0x00000085ed700000,0x00000085ed800000) (1024K)]
  0x00000237eab64240 WorkerThread "GC Thread#7"                     [id=3932, stack(0x00000085ee400000,0x00000085ee500000) (1024K)]
  0x00000237eab66720 WorkerThread "GC Thread#8"                     [id=11340, stack(0x00000085ee500000,0x00000085ee600000) (1024K)]
  0x00000237eab63730 WorkerThread "GC Thread#9"                     [id=23028, stack(0x00000085ee600000,0x00000085ee700000) (1024K)]
  0x00000237eab65860 WorkerThread "GC Thread#10"                    [id=24316, stack(0x00000085ee700000,0x00000085ee800000) (1024K)]
  0x00000237eab645f0 WorkerThread "GC Thread#11"                    [id=18988, stack(0x00000085ee800000,0x00000085ee900000) (1024K)]
  0x00000237eab65100 WorkerThread "GC Thread#12"                    [id=10668, stack(0x00000085ee900000,0x00000085eea00000) (1024K)]
  0x0000023784438200 ConcurrentGCThread "G1 Main Marker"            [id=23768, stack(0x00000085ec700000,0x00000085ec800000) (1024K)]
  0x00000237844394b0 WorkerThread "G1 Conc#0"                       [id=5912, stack(0x00000085ec800000,0x00000085ec900000) (1024K)]
  0x00000237eab654b0 WorkerThread "G1 Conc#1"                       [id=19896, stack(0x00000085eea00000,0x00000085eeb00000) (1024K)]
  0x00000237eab65c10 WorkerThread "G1 Conc#2"                       [id=13548, stack(0x00000085eeb00000,0x00000085eec00000) (1024K)]
  0x00000237a3c634e0 ConcurrentGCThread "G1 Refine#0"               [id=13928, stack(0x00000085ec900000,0x00000085eca00000) (1024K)]
  0x00000237a3c63e70 ConcurrentGCThread "G1 Service"                [id=24184, stack(0x00000085eca00000,0x00000085ecb00000) (1024K)]
Total: 21

Threads with active compile tasks:
C2 CompilerThread0  615783 11753       4       org.springframework.web.servlet.mvc.condition.RequestMethodsRequestCondition::matchRequestMethod (80 bytes)
Total: 1

VM state: not at safepoint (normal execution)

VM Mutex/Monitor currently owned by a thread: None

Heap address: 0x0000000704a00000, size: 4022 MB, Compressed Oops mode: Zero based, Oop shift amount: 3

CDS archive(s) mapped at: [0x00000237a5000000-0x00000237a5d40000-0x00000237a5d40000), size 13893632, SharedBaseAddress: 0x00000237a5000000, ArchiveRelocationMode: 1.
Compressed class space mapped at: 0x00000237a6000000-0x00000237e6000000, reserved size: 1073741824
UseCompressedClassPointers 1, UseCompactObjectHeaders 0
Narrow klass pointer bits 32, Max shift 3
Narrow klass base: 0x00000237a5000000, Narrow klass shift: 0
Encoding Range: [0x00000237a5000000 - 0x00000238a5000000), (4294967296 bytes)
Klass Range:    [0x00000237a5000000 - 0x00000237e6000000), (1090519040 bytes)
Klass ID Range:  [8 - 1090519033) (1090519025)

GC Precious Log:
 CardTable entry size: 512
 Card Set container configuration: InlinePtr #cards 4 size 8 Array Of Cards #cards 16 size 48 Howl #buckets 8 coarsen threshold 3686 Howl Bitmap #cards 512 size 80 coarsen threshold 460 Card regions per heap region 1 cards per card region 4096
 CPUs: 16 total, 16 available
 Memory: 16085M
 Large Page Support: Disabled
 NUMA Support: Disabled
 Compressed Oops: Enabled (Zero based)
 Heap Region Size: 2M
 Heap Min Capacity: 8M
 Heap Initial Capacity: 252M
 Heap Max Capacity: 4022M
 Pre-touch: Disabled
 Parallel Workers: 13
 Concurrent Workers: 3
 Concurrent Refinement Workers: 13
 Periodic GC: Disabled

Heap:
 garbage-first heap   total reserved 4118528K, committed 77824K, used 61808K [0x0000000704a00000, 0x0000000800000000)
  region size 2048K, 14 young (28672K), 1 survivors (2048K)
 Metaspace       used 87208K, committed 87872K, reserved 1179648K
  class space    used 9581K, committed 9856K, reserved 1048576K

Heap Regions: E=young(eden), S=young(survivor), O=old, HS=humongous(starts), HC=humongous(continues), CS=collection set, F=free, TAMS=top-at-mark-start, PB=parsable bottom
|   0|0x0000000704a00000, 0x0000000704c00000, 0x0000000704c00000|100%| O|  |TAMS 0x0000000704a00000| PB 0x0000000704a00000| Untracked |  0
|   1|0x0000000704c00000, 0x0000000704e00000, 0x0000000704e00000|100%| O|  |TAMS 0x0000000704c00000| PB 0x0000000704c00000| Untracked |  0
|   2|0x0000000704e00000, 0x0000000705000000, 0x0000000705000000|100%| O|  |TAMS 0x0000000704e00000| PB 0x0000000704e00000| Untracked |  0
|   3|0x0000000705000000, 0x0000000705200000, 0x0000000705200000|100%| O|Cm|TAMS 0x0000000705000000| PB 0x0000000705000000| Complete |  0
|   4|0x0000000705200000, 0x0000000705400000, 0x0000000705400000|100%| O|  |TAMS 0x0000000705200000| PB 0x0000000705200000| Untracked |  0
|   5|0x0000000705400000, 0x0000000705600000, 0x0000000705600000|100%| O|  |TAMS 0x0000000705400000| PB 0x0000000705400000| Untracked |  0
|   6|0x0000000705600000, 0x0000000705800000, 0x0000000705800000|100%| O|  |TAMS 0x0000000705600000| PB 0x0000000705600000| Untracked |  0
|   7|0x0000000705800000, 0x0000000705a00000, 0x0000000705a00000|100%| O|  |TAMS 0x0000000705800000| PB 0x0000000705800000| Untracked |  0
|   8|0x0000000705a00000, 0x0000000705c00000, 0x0000000705c00000|100%| O|  |TAMS 0x0000000705a00000| PB 0x0000000705a00000| Untracked |  0
|   9|0x0000000705c00000, 0x0000000705e00000, 0x0000000705e00000|100%| O|  |TAMS 0x0000000705c00000| PB 0x0000000705c00000| Untracked |  0
|  10|0x0000000705e00000, 0x0000000706000000, 0x0000000706000000|100%| O|  |TAMS 0x0000000705e00000| PB 0x0000000705e00000| Untracked |  0
|  11|0x0000000706000000, 0x0000000706200000, 0x0000000706200000|100%| O|  |TAMS 0x0000000706000000| PB 0x0000000706000000| Untracked |  0
|  12|0x0000000706200000, 0x0000000706400000, 0x0000000706400000|100%| O|  |TAMS 0x0000000706200000| PB 0x0000000706200000| Untracked |  0
|  13|0x0000000706400000, 0x000000070658da90, 0x0000000706600000| 77%| O|  |TAMS 0x0000000706400000| PB 0x0000000706400000| Untracked |  0
|  14|0x0000000706600000, 0x0000000706800000, 0x0000000706800000|100%| O|  |TAMS 0x0000000706600000| PB 0x0000000706600000| Untracked |  0
|  15|0x0000000706800000, 0x0000000706800000, 0x0000000706a00000|  0%| F|  |TAMS 0x0000000706800000| PB 0x0000000706800000| Untracked |  0
|  16|0x0000000706a00000, 0x0000000706a00000, 0x0000000706c00000|  0%| F|  |TAMS 0x0000000706a00000| PB 0x0000000706a00000| Untracked |  0
|  17|0x0000000706c00000, 0x0000000706c00000, 0x0000000706e00000|  0%| F|  |TAMS 0x0000000706c00000| PB 0x0000000706c00000| Untracked |  0
|  18|0x0000000706e00000, 0x0000000706e00000, 0x0000000707000000|  0%| F|  |TAMS 0x0000000706e00000| PB 0x0000000706e00000| Untracked |  0
|  19|0x0000000707000000, 0x0000000707000000, 0x0000000707200000|  0%| F|  |TAMS 0x0000000707000000| PB 0x0000000707000000| Untracked |  0
|  20|0x0000000707200000, 0x0000000707200000, 0x0000000707400000|  0%| F|  |TAMS 0x0000000707200000| PB 0x0000000707200000| Untracked |  0
|  21|0x0000000707400000, 0x00000007074ce780, 0x0000000707600000| 40%| S|CS|TAMS 0x0000000707400000| PB 0x0000000707400000| Complete |  0
|  22|0x0000000707600000, 0x0000000707799e50, 0x0000000707800000| 80%| E|  |TAMS 0x0000000707600000| PB 0x0000000707600000| Complete |  0
|  23|0x0000000707800000, 0x0000000707a00000, 0x0000000707a00000|100%| E|CS|TAMS 0x0000000707800000| PB 0x0000000707800000| Complete |  0
|  24|0x0000000707a00000, 0x0000000707c00000, 0x0000000707c00000|100%| E|CS|TAMS 0x0000000707a00000| PB 0x0000000707a00000| Complete |  0
|  25|0x0000000707c00000, 0x0000000707e00000, 0x0000000707e00000|100%| E|CS|TAMS 0x0000000707c00000| PB 0x0000000707c00000| Complete |  0
|  26|0x0000000707e00000, 0x0000000708000000, 0x0000000708000000|100%| E|CS|TAMS 0x0000000707e00000| PB 0x0000000707e00000| Complete |  0
|  97|0x0000000710c00000, 0x0000000710e00000, 0x0000000710e00000|100%| E|CS|TAMS 0x0000000710c00000| PB 0x0000000710c00000| Complete |  0
|  98|0x0000000710e00000, 0x0000000711000000, 0x0000000711000000|100%| E|CS|TAMS 0x0000000710e00000| PB 0x0000000710e00000| Complete |  0
| 102|0x0000000711600000, 0x0000000711800000, 0x0000000711800000|100%| E|CS|TAMS 0x0000000711600000| PB 0x0000000711600000| Complete |  0
| 103|0x0000000711800000, 0x0000000711a00000, 0x0000000711a00000|100%| E|CS|TAMS 0x0000000711800000| PB 0x0000000711800000| Complete |  0
| 104|0x0000000711a00000, 0x0000000711c00000, 0x0000000711c00000|100%| E|CS|TAMS 0x0000000711a00000| PB 0x0000000711a00000| Complete |  0
| 105|0x0000000711c00000, 0x0000000711e00000, 0x0000000711e00000|100%| E|CS|TAMS 0x0000000711c00000| PB 0x0000000711c00000| Complete |  0
| 125|0x0000000714400000, 0x0000000714600000, 0x0000000714600000|100%| E|CS|TAMS 0x0000000714400000| PB 0x0000000714400000| Complete |  0
|2007|0x00000007ff800000, 0x00000007ffa00000, 0x00000007ffa00000|100%| O|  |TAMS 0x00000007ff800000| PB 0x00000007ff800000| Untracked |  0
|2008|0x00000007ffa00000, 0x00000007ffc00000, 0x00000007ffc00000|100%| O|  |TAMS 0x00000007ffa00000| PB 0x00000007ffa00000| Untracked |  0
|2009|0x00000007ffc00000, 0x00000007ffe00000, 0x00000007ffe00000|100%| O|  |TAMS 0x00000007ffc00000| PB 0x00000007ffc00000| Untracked |  0
|2010|0x00000007ffe00000, 0x0000000800000000, 0x0000000800000000|100%| E|CS|TAMS 0x00000007ffe00000| PB 0x00000007ffe00000| Complete |  0

Card table byte_map: [0x000002379cdc0000,0x000002379d5a0000] _byte_map_base: 0x000002379959b000

Marking Bits: (CMBitMap*) 0x00000237844229a0
 Bits: [0x000002379d5a0000, 0x00000237a1478000)

Polling page: 0x00000237823f0000

Metaspace:

Usage:
  Non-class:     75.81 MB used.
      Class:      9.36 MB used.
       Both:     85.16 MB used.

Virtual space:
  Non-class space:      128.00 MB reserved,      76.19 MB ( 60%) committed,  2 nodes.
      Class space:        1.00 GB reserved,       9.62 MB ( <1%) committed,  1 nodes.
             Both:        1.12 GB reserved,      85.81 MB (  7%) committed. 

Chunk freelists:
   Non-Class:  3.13 MB
       Class:  6.19 MB
        Both:  9.32 MB

MaxMetaspaceSize: unlimited
CompressedClassSpaceSize: 1.00 GB
Initial GC threshold: 21.00 MB
Current GC threshold: 139.00 MB
CDS: on
 - commit_granule_bytes: 65536.
 - commit_granule_words: 8192.
 - virtual_space_node_default_size: 8388608.
 - enlarge_chunks_in_place: 1.
UseCompressedClassPointers 1, UseCompactObjectHeaders 0
Narrow klass pointer bits 32, Max shift 3
Narrow klass base: 0x00000237a5000000, Narrow klass shift: 0
Encoding Range: [0x00000237a5000000 - 0x00000238a5000000), (4294967296 bytes)
Klass Range:    [0x00000237a5000000 - 0x00000237e6000000), (1090519040 bytes)
Klass ID Range:  [8 - 1090519033) (1090519025)


Internal statistics:

num_allocs_failed_limit: 12.
num_arena_births: 1034.
num_arena_deaths: 0.
num_vsnodes_births: 3.
num_vsnodes_deaths: 0.
num_space_committed: 1373.
num_space_uncommitted: 0.
num_chunks_returned_to_freelist: 12.
num_chunks_taken_from_freelist: 4051.
num_chunk_merges: 6.
num_chunk_splits: 2954.
num_chunks_enlarged: 2398.
num_inconsistent_stats: 0.

CodeHeap 'non-profiled nmethods': size=119232Kb used=5075Kb max_used=5075Kb free=114156Kb
 bounds [0x00000237947e0000, 0x0000023794ce0000, 0x000002379bc50000]
CodeHeap 'profiled nmethods': size=119104Kb used=18174Kb max_used=18174Kb free=100929Kb
 bounds [0x000002378cc50000, 0x000002378de10000, 0x00000237940a0000]
CodeHeap 'non-nmethods': size=7424Kb used=3512Kb max_used=3646Kb free=3911Kb
 bounds [0x00000237940a0000, 0x0000023794450000, 0x00000237947e0000]
CodeCache: size=245760Kb, used=26761Kb, max_used=26895Kb, free=218996Kb
 total_blobs=11552, nmethods=10770, adapters=682, full_count=0
Compilation: enabled, stopped_count=0, restarted_count=0

Compilation events (20 events):
Event: 615.329 Thread 0x00000237a4558190 nmethod 11791 0x000002378ddf2288 code [0x000002378ddf23a0, 0x000002378ddf2500]
Event: 615.329 Thread 0x00000237a4558190 11792       3       org.hibernate.resource.jdbc.internal.AbstractLogicalConnectionImplementor::<init> (12 bytes)
Event: 615.329 Thread 0x00000237a4558190 nmethod 11792 0x000002378ddf2588 code [0x000002378ddf26a0, 0x000002378ddf2878]
Event: 615.329 Thread 0x00000237a4558190 11793       3       org.hibernate.resource.transaction.backend.jdbc.internal.JdbcResourceLocalTransactionCoordinatorImpl::<init> (61 bytes)
Event: 615.330 Thread 0x00000237a4558190 nmethod 11793 0x000002378ddf2908 code [0x000002378ddf2a80, 0x000002378ddf3138]
Event: 615.330 Thread 0x00000237a4558190 11794       3       org.hibernate.internal.SessionFactoryImpl::getDefinedFilterNames (13 bytes)
Event: 615.331 Thread 0x00000237a4558190 nmethod 11794 0x000002378ddf3188 code [0x000002378ddf3300, 0x000002378ddf3938]
Event: 615.331 Thread 0x00000237a4558190 11796       3       com.mysql.cj.conf.AbstractRuntimeProperty::invokeListeners (73 bytes)
Event: 615.332 Thread 0x00000237a4558190 nmethod 11796 0x000002378ddf3988 code [0x000002378ddf3b20, 0x000002378ddf4388]
Event: 615.332 Thread 0x00000237a4558190 11797       3       com.mysql.cj.conf.AbstractRuntimeProperty::setValue (7 bytes)
Event: 615.333 Thread 0x00000237a4558190 nmethod 11797 0x000002378ddf4408 code [0x000002378ddf4520, 0x000002378ddf46f0]
Event: 615.333 Thread 0x00000237a4558190 11798       3       com.mysql.cj.conf.AbstractRuntimeProperty::setValue (80 bytes)
Event: 615.335 Thread 0x00000237a4558190 nmethod 11798 0x000002378ddf4788 code [0x000002378ddf49a0, 0x000002378ddf5a70]
Event: 615.335 Thread 0x00000237a4558190 11799       3       com.mysql.cj.conf.AbstractRuntimeProperty::setValueInternal (30 bytes)
Event: 615.336 Thread 0x00000237a4558190 nmethod 11799 0x000002378ddf5b88 code [0x000002378ddf5cc0, 0x000002378ddf60a8]
Event: 615.336 Thread 0x00000237a4558190 11800       3       com.sun.crypto.provider.GaloisCounterMode::implGCMCrypt0 (136 bytes)
Event: 615.338 Thread 0x00000237a4558190 nmethod 11800 0x000002378ddf6108 code [0x000002378ddf6260, 0x000002378ddf6908]
Event: 615.338 Thread 0x00000237a4558190 11806       3       org.springframework.core.convert.support.GenericConversionService::convert (116 bytes)
Event: 615.341 Thread 0x00000237a4558190 nmethod 11806 0x000002378ddf6988 code [0x000002378ddf6c20, 0x000002378ddf7ef8]
Event: 615.477 Thread 0x00000237a4558190 11808       3       org.springframework.web.cors.CorsConfiguration::checkHeaders (226 bytes)

GC Heap History (20 events):
Event: 8.558 GC heap before
{Heap before GC invocations=4 (full 0):
 garbage-first heap   total reserved 4118528K, committed 77824K, used 51580K [0x0000000704a00000, 0x0000000800000000)
  region size 2048K, 21 young (43008K), 5 survivors (10240K)
 Metaspace       used 32512K, committed 32896K, reserved 1114112K
  class space    used 3317K, committed 3456K, reserved 1048576K
}
Event: 8.584 GC heap after
{Heap after GC invocations=5 (full 0):
 garbage-first heap   total reserved 4118528K, committed 77824K, used 22200K [0x0000000704a00000, 0x0000000800000000)
  region size 2048K, 2 young (4096K), 2 survivors (4096K)
 Metaspace       used 32512K, committed 32896K, reserved 1114112K
  class space    used 3317K, committed 3456K, reserved 1048576K
}
Event: 9.475 GC heap before
{Heap before GC invocations=5 (full 0):
 garbage-first heap   total reserved 4118528K, committed 77824K, used 28344K [0x0000000704a00000, 0x0000000800000000)
  region size 2048K, 6 young (12288K), 2 survivors (4096K)
 Metaspace       used 35729K, committed 36096K, reserved 1114112K
  class space    used 3604K, committed 3776K, reserved 1048576K
}
Event: 9.486 GC heap after
{Heap after GC invocations=6 (full 0):
 garbage-first heap   total reserved 4118528K, committed 77824K, used 22873K [0x0000000704a00000, 0x0000000800000000)
  region size 2048K, 2 young (4096K), 2 survivors (4096K)
 Metaspace       used 35729K, committed 36096K, reserved 1114112K
  class space    used 3604K, committed 3776K, reserved 1048576K
}
Event: 11.084 GC heap before
{Heap before GC invocations=7 (full 0):
 garbage-first heap   total reserved 4118528K, committed 77824K, used 57689K [0x0000000704a00000, 0x0000000800000000)
  region size 2048K, 19 young (38912K), 2 survivors (4096K)
 Metaspace       used 46460K, committed 46912K, reserved 1114112K
  class space    used 4823K, committed 4992K, reserved 1048576K
}
Event: 11.089 GC heap after
{Heap after GC invocations=8 (full 0):
 garbage-first heap   total reserved 4118528K, committed 77824K, used 26061K [0x0000000704a00000, 0x0000000800000000)
  region size 2048K, 3 young (6144K), 3 survivors (6144K)
 Metaspace       used 46460K, committed 46912K, reserved 1114112K
  class space    used 4823K, committed 4992K, reserved 1048576K
}
Event: 12.245 GC heap before
{Heap before GC invocations=8 (full 0):
 garbage-first heap   total reserved 4118528K, committed 77824K, used 58829K [0x0000000704a00000, 0x0000000800000000)
  region size 2048K, 19 young (38912K), 3 survivors (6144K)
 Metaspace       used 55966K, committed 56448K, reserved 1114112K
  class space    used 5751K, committed 5952K, reserved 1048576K
}
Event: 12.260 GC heap after
{Heap after GC invocations=9 (full 0):
 garbage-first heap   total reserved 4118528K, committed 77824K, used 27971K [0x0000000704a00000, 0x0000000800000000)
  region size 2048K, 3 young (6144K), 3 survivors (6144K)
 Metaspace       used 55966K, committed 56448K, reserved 1114112K
  class space    used 5751K, committed 5952K, reserved 1048576K
}
Event: 13.255 GC heap before
{Heap before GC invocations=9 (full 0):
 garbage-first heap   total reserved 4118528K, committed 77824K, used 38211K [0x0000000704a00000, 0x0000000800000000)
  region size 2048K, 9 young (18432K), 3 survivors (6144K)
 Metaspace       used 60352K, committed 60800K, reserved 1114112K
  class space    used 6130K, committed 6336K, reserved 1048576K
}
Event: 13.265 GC heap after
{Heap after GC invocations=10 (full 0):
 garbage-first heap   total reserved 4118528K, committed 77824K, used 28639K [0x0000000704a00000, 0x0000000800000000)
  region size 2048K, 2 young (4096K), 2 survivors (4096K)
 Metaspace       used 60352K, committed 60800K, reserved 1114112K
  class space    used 6130K, committed 6336K, reserved 1048576K
}
Event: 15.681 GC heap before
{Heap before GC invocations=11 (full 0):
 garbage-first heap   total reserved 4118528K, committed 77824K, used 63455K [0x0000000704a00000, 0x0000000800000000)
  region size 2048K, 19 young (38912K), 2 survivors (4096K)
 Metaspace       used 67992K, committed 68480K, reserved 1114112K
  class space    used 7169K, committed 7360K, reserved 1048576K
}
Event: 15.689 GC heap after
{Heap after GC invocations=12 (full 0):
 garbage-first heap   total reserved 4118528K, committed 77824K, used 30153K [0x0000000704a00000, 0x0000000800000000)
  region size 2048K, 2 young (4096K), 2 survivors (4096K)
 Metaspace       used 67992K, committed 68480K, reserved 1114112K
  class space    used 7169K, committed 7360K, reserved 1048576K
}
Event: 17.889 GC heap before
{Heap before GC invocations=12 (full 0):
 garbage-first heap   total reserved 4118528K, committed 77824K, used 64969K [0x0000000704a00000, 0x0000000800000000)
  region size 2048K, 20 young (40960K), 2 survivors (4096K)
 Metaspace       used 72785K, committed 73344K, reserved 1179648K
  class space    used 7689K, committed 7936K, reserved 1048576K
}
Event: 17.902 GC heap after
{Heap after GC invocations=13 (full 0):
 garbage-first heap   total reserved 4118528K, committed 77824K, used 32463K [0x0000000704a00000, 0x0000000800000000)
  region size 2048K, 3 young (6144K), 3 survivors (6144K)
 Metaspace       used 72785K, committed 73344K, reserved 1179648K
  class space    used 7689K, committed 7936K, reserved 1048576K
}
Event: 490.286 GC heap before
{Heap before GC invocations=13 (full 0):
 garbage-first heap   total reserved 4118528K, committed 77824K, used 61135K [0x0000000704a00000, 0x0000000800000000)
  region size 2048K, 18 young (36864K), 3 survivors (6144K)
 Metaspace       used 78781K, committed 79424K, reserved 1179648K
  class space    used 8517K, committed 8768K, reserved 1048576K
}
Event: 490.302 GC heap after
{Heap after GC invocations=14 (full 0):
 garbage-first heap   total reserved 4118528K, committed 77824K, used 34908K [0x0000000704a00000, 0x0000000800000000)
  region size 2048K, 2 young (4096K), 2 survivors (4096K)
 Metaspace       used 78781K, committed 79424K, reserved 1179648K
  class space    used 8517K, committed 8768K, reserved 1048576K
}
Event: 491.731 GC heap before
{Heap before GC invocations=14 (full 0):
 garbage-first heap   total reserved 4118528K, committed 77824K, used 63580K [0x0000000704a00000, 0x0000000800000000)
  region size 2048K, 17 young (34816K), 2 survivors (4096K)
 Metaspace       used 84669K, committed 85312K, reserved 1179648K
  class space    used 9414K, committed 9664K, reserved 1048576K
}
Event: 491.745 GC heap after
{Heap after GC invocations=15 (full 0):
 garbage-first heap   total reserved 4118528K, committed 77824K, used 36931K [0x0000000704a00000, 0x0000000800000000)
  region size 2048K, 3 young (6144K), 3 survivors (6144K)
 Metaspace       used 84669K, committed 85312K, reserved 1179648K
  class space    used 9414K, committed 9664K, reserved 1048576K
}
Event: 513.354 GC heap before
{Heap before GC invocations=16 (full 0):
 garbage-first heap   total reserved 4118528K, committed 77824K, used 63555K [0x0000000704a00000, 0x0000000800000000)
  region size 2048K, 16 young (32768K), 3 survivors (6144K)
 Metaspace       used 86456K, committed 87104K, reserved 1179648K
  class space    used 9553K, committed 9856K, reserved 1048576K
}
Event: 513.365 GC heap after
{Heap after GC invocations=17 (full 0):
 garbage-first heap   total reserved 4118528K, committed 77824K, used 37232K [0x0000000704a00000, 0x0000000800000000)
  region size 2048K, 1 young (2048K), 1 survivors (2048K)
 Metaspace       used 86456K, committed 87104K, reserved 1179648K
  class space    used 9553K, committed 9856K, reserved 1048576K
}

Dll operation events (12 events):
Event: 0.030 Loaded shared library C:\Program Files\Java\jdk-24\bin\java.dll
Event: 0.066 Loaded shared library C:\Program Files\Java\jdk-24\bin\jsvml.dll
Event: 0.193 Loaded shared library C:\Program Files\Java\jdk-24\bin\zip.dll
Event: 0.199 Loaded shared library C:\Program Files\Java\jdk-24\bin\instrument.dll
Event: 0.206 Loaded shared library C:\Program Files\Java\jdk-24\bin\net.dll
Event: 0.208 Loaded shared library C:\Program Files\Java\jdk-24\bin\nio.dll
Event: 0.212 Loaded shared library C:\Program Files\Java\jdk-24\bin\zip.dll
Event: 0.422 Loaded shared library C:\Program Files\Java\jdk-24\bin\extnet.dll
Event: 0.459 Loaded shared library C:\Program Files\Java\jdk-24\bin\jimage.dll
Event: 2.236 Loaded shared library C:\Program Files\Java\jdk-24\bin\sunmscapi.dll
Event: 7.356 Loaded shared library C:\Program Files\Java\jdk-24\bin\management.dll
Event: 7.363 Loaded shared library C:\Program Files\Java\jdk-24\bin\management_ext.dll

Deoptimization events (20 events):
Event: 513.095 Thread 0x00000237a454d520 DEOPT PACKING pc=0x000002379489c208 sp=0x00000085ef8fd740
Event: 513.095 Thread 0x00000237a454d520 DEOPT UNPACKING pc=0x00000237941c6802 sp=0x00000085ef8fd600 mode 2
Event: 513.097 Thread 0x00000237a454d520 Uncommon trap: trap_request=0xffffff4d fr.pc=0x000002379489beb4 relative=0x0000000000000094
Event: 513.097 Thread 0x00000237a454d520 Uncommon trap: reason=unstable_if action=reinterpret pc=0x000002379489beb4 method=java.lang.CharacterDataLatin1.digit(II)I @ 7 c2
Event: 513.097 Thread 0x00000237a454d520 DEOPT PACKING pc=0x000002379489beb4 sp=0x00000085ef8fd690
Event: 513.097 Thread 0x00000237a454d520 DEOPT UNPACKING pc=0x00000237941c6802 sp=0x00000085ef8fd610 mode 2
Event: 513.171 Thread 0x00000237ed1e86d0 DEOPT PACKING pc=0x000002378d93de44 sp=0x00000085efafb970
Event: 513.171 Thread 0x00000237ed1e86d0 DEOPT UNPACKING pc=0x00000237940f6642 sp=0x00000085efafae98 mode 0
Event: 513.234 Thread 0x00000237ed1eab60 DEOPT PACKING pc=0x000002378d93de44 sp=0x00000085ef9fb0e0
Event: 513.234 Thread 0x00000237ed1eab60 DEOPT UNPACKING pc=0x00000237940f6642 sp=0x00000085ef9fa608 mode 0
Event: 513.289 Thread 0x00000237eb0789c0 DEOPT PACKING pc=0x000002378d93de44 sp=0x00000085ef3fb730
Event: 513.289 Thread 0x00000237eb0789c0 DEOPT UNPACKING pc=0x00000237940f6642 sp=0x00000085ef3fac58 mode 0
Event: 513.772 Thread 0x00000237eb0789c0 DEOPT PACKING pc=0x000002378d9854aa sp=0x00000085ef3fb140
Event: 513.772 Thread 0x00000237eb0789c0 DEOPT UNPACKING pc=0x00000237940f6642 sp=0x00000085ef3fa8d0 mode 0
Event: 513.849 Thread 0x00000237a454cdd0 DEOPT PACKING pc=0x000002378d9854aa sp=0x00000085ef7fbc90
Event: 513.849 Thread 0x00000237a454cdd0 DEOPT UNPACKING pc=0x00000237940f6642 sp=0x00000085ef7fb420 mode 0
Event: 514.098 Thread 0x00000237eb0789c0 DEOPT PACKING pc=0x000002378d9854aa sp=0x00000085ef3fb170
Event: 514.098 Thread 0x00000237eb0789c0 DEOPT UNPACKING pc=0x00000237940f6642 sp=0x00000085ef3fa900 mode 0
Event: 514.161 Thread 0x00000237a454cdd0 DEOPT PACKING pc=0x000002378d9854aa sp=0x00000085ef7fbd00
Event: 514.161 Thread 0x00000237a454cdd0 DEOPT UNPACKING pc=0x00000237940f6642 sp=0x00000085ef7fb470 mode 0

Classes loaded (20 events):
Event: 490.913 Loading class java/util/stream/DoubleStream
Event: 490.914 Loading class java/util/stream/DoubleStream done
Event: 490.915 Loading class java/util/stream/LongStream
Event: 490.916 Loading class java/util/stream/LongStream done
Event: 491.007 Loading class org/w3c/dom/Node
Event: 491.008 Loading class org/w3c/dom/Node done
Event: 491.008 Loading class org/w3c/dom/Document
Event: 491.008 Loading class org/w3c/dom/Document done
Event: 491.446 Loading class sun/nio/cs/ISO_8859_1$Encoder
Event: 491.447 Loading class sun/nio/cs/ISO_8859_1$Encoder done
Event: 492.001 Loading class java/util/regex/Pattern$Behind
Event: 492.001 Loading class java/util/regex/Pattern$Behind done
Event: 513.076 Loading class java/util/ArrayList$SubList$2
Event: 513.077 Loading class java/util/ArrayList$SubList$2 done
Event: 513.089 Loading class java/text/ParsePosition
Event: 513.091 Loading class java/text/ParsePosition done
Event: 513.092 Loading class java/text/CalendarBuilder
Event: 513.093 Loading class java/text/CalendarBuilder done
Event: 513.095 Loading class java/text/DecimalFormat$NumericPosition
Event: 513.096 Loading class java/text/DecimalFormat$NumericPosition done

Classes unloaded (0 events):
No events

Classes redefined (0 events):
No events

Internal exceptions (20 events):
Event: 490.375 Thread 0x00000237eb0773d0 Exception <a 'java/lang/NoSuchMethodError'{0x00000007fffe4c48}: 'java.lang.Object java.lang.invoke.DirectMethodHandle$Holder.invokeStatic(java.lang.Object, java.lang.Object, java.lang.Object, java.lang.Object, java.lang.Object, java.lang.Object, java.lang.Object, java.lang.Object, java.lang.Object, java.lang.Object, java.lang.Object)'> (0x00000007fffe4c48) 
thrown [s\open\src\hotspot\share\interpreter\linkResolver.cpp, line 805]
Event: 490.375 Thread 0x00000237a454d520 Exception <a 'java/lang/NoSuchMethodError'{0x00000007fff69e70}: 'java.lang.Object java.lang.invoke.DirectMethodHandle$Holder.invokeStatic(java.lang.Object, java.lang.Object, java.lang.Object, java.lang.Object, java.lang.Object, java.lang.Object, java.lang.Object, java.lang.Object, java.lang.Object, java.lang.Object, java.lang.Object)'> (0x00000007fff69e70) 
thrown [s\open\src\hotspot\share\interpreter\linkResolver.cpp, line 805]
Event: 490.381 Thread 0x00000237eb0773d0 Exception <a 'java/lang/IncompatibleClassChangeError'{0x00000007144ebde0}: Found class java.lang.Object, but interface was expected> (0x00000007144ebde0) 
thrown [s\open\src\hotspot\share\interpreter\linkResolver.cpp, line 872]
Event: 490.500 Thread 0x00000237eb0773d0 Exception <a 'java/lang/NoSuchMethodError'{0x0000000711a359f8}: 'java.lang.Object java.lang.invoke.DirectMethodHandle$Holder.newInvokeSpecial(java.lang.Object, java.lang.Object, int, int)'> (0x0000000711a359f8) 
thrown [s\open\src\hotspot\share\interpreter\linkResolver.cpp, line 805]
Event: 490.500 Thread 0x00000237a454d520 Exception <a 'java/lang/NoSuchMethodError'{0x0000000711dbbcf8}: 'java.lang.Object java.lang.invoke.DirectMethodHandle$Holder.newInvokeSpecial(java.lang.Object, java.lang.Object, int, int)'> (0x0000000711dbbcf8) 
thrown [s\open\src\hotspot\share\interpreter\linkResolver.cpp, line 805]
Event: 490.500 Thread 0x00000237eb0789c0 Exception <a 'java/lang/NoSuchMethodError'{0x0000000711a205a8}: 'java.lang.Object java.lang.invoke.DirectMethodHandle$Holder.newInvokeSpecial(java.lang.Object, java.lang.Object, int, int)'> (0x0000000711a205a8) 
thrown [s\open\src\hotspot\share\interpreter\linkResolver.cpp, line 805]
Event: 490.500 Thread 0x00000237eb0789c0 Exception <a 'java/lang/NoSuchMethodError'{0x0000000711a28ca0}: 'java.lang.Object java.lang.invoke.Invokers$Holder.linkToTargetMethod(java.lang.Object, int, int, java.lang.Object)'> (0x0000000711a28ca0) 
thrown [s\open\src\hotspot\share\interpreter\linkResolver.cpp, line 805]
Event: 490.500 Thread 0x00000237eb0773d0 Exception <a 'java/lang/NoSuchMethodError'{0x0000000711a3e0f0}: 'java.lang.Object java.lang.invoke.Invokers$Holder.linkToTargetMethod(java.lang.Object, int, int, java.lang.Object)'> (0x0000000711a3e0f0) 
thrown [s\open\src\hotspot\share\interpreter\linkResolver.cpp, line 805]
Event: 490.774 Thread 0x00000237eb0789c0 Exception <a 'java/lang/IncompatibleClassChangeError'{0x0000000710e8e968}: Found class java.lang.Object, but interface was expected> (0x0000000710e8e968) 
thrown [s\open\src\hotspot\share\interpreter\linkResolver.cpp, line 872]
Event: 490.786 Thread 0x00000237eb0789c0 Exception <a 'java/lang/NoSuchMethodError'{0x0000000710f10c40}: 'void java.lang.invoke.DirectMethodHandle$Holder.invokeSpecialIFC(java.lang.Object, java.lang.Object, int, java.lang.Object, java.lang.Object, java.lang.Object, java.lang.Object)'> (0x0000000710f10c40) 
thrown [s\open\src\hotspot\share\interpreter\linkResolver.cpp, line 805]
Event: 490.820 Thread 0x00000237eb0773d0 Exception <a 'java/lang/IncompatibleClassChangeError'{0x0000000710fbcf28}: Found class java.lang.Object, but interface was expected> (0x0000000710fbcf28) 
thrown [s\open\src\hotspot\share\interpreter\linkResolver.cpp, line 872]
Event: 490.840 Thread 0x00000237eb0789c0 Exception <a 'java/lang/NoSuchMethodError'{0x0000000710c26f50}: 'void java.lang.invoke.Invokers$Holder.invokeExact_MT(java.lang.Object, java.lang.Object, int, java.lang.Object)'> (0x0000000710c26f50) 
thrown [s\open\src\hotspot\share\interpreter\linkResolver.cpp, line 805]
Event: 490.843 Thread 0x00000237eb0789c0 Exception <a 'java/lang/NoSuchMethodError'{0x0000000710c352f8}: 'double java.lang.invoke.DelegatingMethodHandle$Holder.reinvoke_L(java.lang.Object, java.lang.Object)'> (0x0000000710c352f8) 
thrown [s\open\src\hotspot\share\interpreter\linkResolver.cpp, line 805]
Event: 490.847 Thread 0x00000237eb0789c0 Exception <a 'java/lang/NoSuchMethodError'{0x0000000710ccbf80}: 'void java.lang.invoke.DelegatingMethodHandle$Holder.reinvoke_L(java.lang.Object, java.lang.Object, double)'> (0x0000000710ccbf80) 
thrown [s\open\src\hotspot\share\interpreter\linkResolver.cpp, line 805]
Event: 491.425 Thread 0x00000237eb0789c0 Exception <a 'java/lang/NoSuchMethodError'{0x00000007074d0da0}: 'double java.lang.invoke.DirectMethodHandle$Holder.invokeVirtual(java.lang.Object, java.lang.Object)'> (0x00000007074d0da0) 
thrown [s\open\src\hotspot\share\interpreter\linkResolver.cpp, line 805]
Event: 491.429 Thread 0x00000237a454d520 Exception <a 'java/lang/NoSuchMethodError'{0x00000007074ae5b0}: 'long java.lang.invoke.DelegatingMethodHandle$Holder.reinvoke_L(java.lang.Object, java.lang.Object)'> (0x00000007074ae5b0) 
thrown [s\open\src\hotspot\share\interpreter\linkResolver.cpp, line 805]
Event: 492.090 Thread 0x00000237eb0773d0 Exception <a 'java/lang/NoSuchMethodError'{0x00000007145e0090}: 'void java.lang.invoke.DirectMethodHandle$Holder.invokeStatic(java.lang.Object, java.lang.Object, int, int, java.lang.Object)'> (0x00000007145e0090) 
thrown [s\open\src\hotspot\share\interpreter\linkResolver.cpp, line 805]
Event: 492.090 Thread 0x00000237ed1e86d0 Exception <a 'java/lang/NoSuchMethodError'{0x0000000711c02ff8}: 'void java.lang.invoke.DirectMethodHandle$Holder.invokeStatic(java.lang.Object, java.lang.Object, int, int, java.lang.Object)'> (0x0000000711c02ff8) 
thrown [s\open\src\hotspot\share\interpreter\linkResolver.cpp, line 805]
Event: 492.090 Thread 0x00000237eb078270 Exception <a 'java/lang/NoSuchMethodError'{0x0000000711c0c7b0}: 'void java.lang.invoke.DirectMethodHandle$Holder.invokeStatic(java.lang.Object, java.lang.Object, int, int, java.lang.Object)'> (0x0000000711c0c7b0) 
thrown [s\open\src\hotspot\share\interpreter\linkResolver.cpp, line 805]
Event: 513.073 Thread 0x00000237a454d520 Exception <a 'java/lang/NoSuchMethodError'{0x0000000707ac2e40}: 'java.lang.Object java.lang.invoke.DirectMethodHandle$Holder.invokeStatic(java.lang.Object, int, int)'> (0x0000000707ac2e40) 
thrown [s\open\src\hotspot\share\interpreter\linkResolver.cpp, line 805]

VM Operations (20 events):
Event: 491.166 Executing VM operation: HandshakeAllThreads (Deoptimize)
Event: 491.187 Executing VM operation: HandshakeAllThreads (Deoptimize) done
Event: 491.451 Executing VM operation: HandshakeAllThreads (Deoptimize)
Event: 491.507 Executing VM operation: HandshakeAllThreads (Deoptimize) done
Event: 491.731 Executing VM operation: G1CollectForAllocation (G1 Evacuation Pause)
Event: 491.746 Executing VM operation: G1CollectForAllocation (G1 Evacuation Pause) done
Event: 491.820 Executing VM operation: G1PauseRemark
Event: 491.831 Executing VM operation: G1PauseRemark done
Event: 491.866 Executing VM operation: G1PauseCleanup
Event: 491.871 Executing VM operation: G1PauseCleanup done
Event: 513.354 Executing VM operation: G1CollectForAllocation (G1 Evacuation Pause)
Event: 513.365 Executing VM operation: G1CollectForAllocation (G1 Evacuation Pause) done
Event: 540.935 Executing VM operation: HandshakeAllThreads (HandshakeForDeflation)
Event: 540.935 Executing VM operation: HandshakeAllThreads (HandshakeForDeflation) done
Event: 540.935 Executing VM operation: RendezvousGCThreads
Event: 540.935 Executing VM operation: RendezvousGCThreads done
Event: 601.138 Executing VM operation: HandshakeAllThreads (HandshakeForDeflation)
Event: 601.138 Executing VM operation: HandshakeAllThreads (HandshakeForDeflation) done
Event: 601.139 Executing VM operation: RendezvousGCThreads
Event: 601.139 Executing VM operation: RendezvousGCThreads done

Memory protections (0 events):
No events

Nmethod flushes (20 events):
Event: 491.828 Thread 0x00000237a3db3570 flushing  nmethod 0x000002378cc89c88
Event: 491.828 Thread 0x00000237a3db3570 flushing  nmethod 0x000002378cc8e708
Event: 491.828 Thread 0x00000237a3db3570 flushing  nmethod 0x000002378ccd3b08
Event: 491.828 Thread 0x00000237a3db3570 flushing  nmethod 0x000002378ccd6a88
Event: 491.828 Thread 0x00000237a3db3570 flushing  nmethod 0x000002378cd83888
Event: 491.828 Thread 0x00000237a3db3570 flushing  nmethod 0x000002378cdeb708
Event: 491.828 Thread 0x00000237a3db3570 flushing  nmethod 0x000002378ce1c908
Event: 491.828 Thread 0x00000237a3db3570 flushing  nmethod 0x000002378ce21308
Event: 491.828 Thread 0x00000237a3db3570 flushing  nmethod 0x000002378d06a688
Event: 491.828 Thread 0x00000237a3db3570 flushing  nmethod 0x000002378d06dc88
Event: 491.828 Thread 0x00000237a3db3570 flushing  nmethod 0x000002378d0afb88
Event: 491.828 Thread 0x00000237a3db3570 flushing  nmethod 0x000002378d0b8188
Event: 491.828 Thread 0x00000237a3db3570 flushing  nmethod 0x000002378d187b88
Event: 491.828 Thread 0x00000237a3db3570 flushing  nmethod 0x000002378d18db88
Event: 491.828 Thread 0x00000237a3db3570 flushing  nmethod 0x000002378d18e188
Event: 491.828 Thread 0x00000237a3db3570 flushing  nmethod 0x000002378d463908
Event: 491.828 Thread 0x00000237a3db3570 flushing  nmethod 0x000002378d463c08
Event: 491.828 Thread 0x00000237a3db3570 flushing  nmethod 0x000002378d49d108
Event: 491.828 Thread 0x00000237a3db3570 flushing  nmethod 0x000002378d4f7888
Event: 491.828 Thread 0x00000237a3db3570 flushing  nmethod 0x000002378d544a88

Events (20 events):
Event: 610.155 Thread 0x00000237ec0289c0 Thread exited: 0x00000237ec0289c0
Event: 610.155 Thread 0x00000237ec027aa0 Thread exited: 0x00000237ec027aa0
Event: 610.155 Thread 0x00000237ec0298e0 Thread exited: 0x00000237ec0298e0
Event: 610.173 Thread 0x00000237ec028230 Thread added: 0x00000237ec027aa0
Event: 611.471 Thread 0x00000237ec027aa0 Thread exited: 0x00000237ec027aa0
Event: 611.489 Thread 0x00000237ec027310 Thread added: 0x00000237ec0263f0
Event: 611.513 Thread 0x00000237a4558190 Thread added: 0x00000237ec029150
Event: 611.581 Thread 0x00000237ec029150 Thread added: 0x00000237ec027aa0
Event: 612.577 Thread 0x00000237ec029150 Thread exited: 0x00000237ec029150
Event: 612.577 Thread 0x00000237ec027aa0 Thread exited: 0x00000237ec027aa0
Event: 612.578 Thread 0x00000237ec0263f0 Thread exited: 0x00000237ec0263f0
Event: 612.622 Thread 0x00000237ec028230 Thread added: 0x00000237ec0298e0
Event: 612.668 Thread 0x00000237a4558190 Thread added: 0x00000237ec027aa0
Event: 612.668 Thread 0x00000237a4558190 Thread added: 0x00000237ec029150
Event: 613.713 Thread 0x00000237ec029150 Thread exited: 0x00000237ec029150
Event: 613.713 Thread 0x00000237ec0298e0 Thread exited: 0x00000237ec0298e0
Event: 613.713 Thread 0x00000237ec027310 Thread exited: 0x00000237ec027310
Event: 614.377 Thread 0x00000237ec027aa0 Thread exited: 0x00000237ec027aa0
Event: 615.327 Thread 0x00000237ec028230 Thread exited: 0x00000237ec028230
Event: 615.477 Thread 0x00000237a4558190 Thread added: 0x00000237ec027aa0


Dynamic libraries:
0x00007ff7189f0000 - 0x00007ff718a00000 	C:\Program Files\Java\jdk-24\bin\java.exe
0x00007ffb16be0000 - 0x00007ffb16e47000 	C:\WINDOWS\SYSTEM32\ntdll.dll
0x00007ffb14d50000 - 0x00007ffb14e19000 	C:\WINDOWS\System32\KERNEL32.DLL
0x00007ffb144c0000 - 0x00007ffb148af000 	C:\WINDOWS\System32\KERNELBASE.dll
0x00007ffb14370000 - 0x00007ffb144bb000 	C:\WINDOWS\System32\ucrtbase.dll
0x00007ffadefe0000 - 0x00007ffadeff6000 	C:\Program Files\Java\jdk-24\bin\jli.dll
0x00007ffb0e6a0000 - 0x00007ffb0e6bb000 	C:\Program Files\Java\jdk-24\bin\VCRUNTIME140.dll
0x00007ffb15960000 - 0x00007ffb15b25000 	C:\WINDOWS\System32\USER32.dll
0x00007ffaf65f0000 - 0x00007ffaf6883000 	C:\WINDOWS\WinSxS\amd64_microsoft.windows.common-controls_6595b64144ccf1df_6.0.26100.7309_none_3e05feeae336a044\COMCTL32.dll
0x00007ffb13f20000 - 0x00007ffb13f47000 	C:\WINDOWS\System32\win32u.dll
0x00007ffb156e0000 - 0x00007ffb15789000 	C:\WINDOWS\System32\msvcrt.dll
0x00007ffb14bf0000 - 0x00007ffb14c1b000 	C:\WINDOWS\System32\GDI32.dll
0x00007ffb140d0000 - 0x00007ffb141fc000 	C:\WINDOWS\System32\gdi32full.dll
0x00007ffb13d30000 - 0x00007ffb13dd3000 	C:\WINDOWS\System32\msvcp_win.dll
0x00007ffb15880000 - 0x00007ffb158b1000 	C:\WINDOWS\System32\IMM32.DLL
0x00007ffb0e5f0000 - 0x00007ffb0e5fc000 	C:\Program Files\Java\jdk-24\bin\vcruntime140_1.dll
0x00007ffaa8770000 - 0x00007ffaa87fe000 	C:\Program Files\Java\jdk-24\bin\msvcp140.dll
0x00007ffa49ed0000 - 0x00007ffa4ac72000 	C:\Program Files\Java\jdk-24\bin\server\jvm.dll
0x00007ffb14e70000 - 0x00007ffb14f24000 	C:\WINDOWS\System32\ADVAPI32.dll
0x00007ffb14c20000 - 0x00007ffb14cc6000 	C:\WINDOWS\System32\sechost.dll
0x00007ffb15230000 - 0x00007ffb15348000 	C:\WINDOWS\System32\RPCRT4.dll
0x00007ffb157f0000 - 0x00007ffb15864000 	C:\WINDOWS\System32\WS2_32.dll
0x00007ffb13b90000 - 0x00007ffb13bee000 	C:\WINDOWS\SYSTEM32\POWRPROF.dll
0x00007ffafd350000 - 0x00007ffafd385000 	C:\WINDOWS\SYSTEM32\WINMM.dll
0x00007ffb0c860000 - 0x00007ffb0c86b000 	C:\WINDOWS\SYSTEM32\VERSION.dll
0x00007ffb13b70000 - 0x00007ffb13b84000 	C:\WINDOWS\SYSTEM32\UMPDC.dll
0x00007ffb12ae0000 - 0x00007ffb12afb000 	C:\WINDOWS\SYSTEM32\kernel.appcore.dll
0x00007ffb0e580000 - 0x00007ffb0e58a000 	C:\Program Files\Java\jdk-24\bin\jimage.dll
0x00007ffb11480000 - 0x00007ffb116c2000 	C:\WINDOWS\SYSTEM32\DBGHELP.DLL
0x00007ffb16810000 - 0x00007ffb16b96000 	C:\WINDOWS\System32\combase.dll
0x00007ffb15450000 - 0x00007ffb15526000 	C:\WINDOWS\System32\OLEAUT32.dll
0x00007ffaf40f0000 - 0x00007ffaf412c000 	C:\WINDOWS\SYSTEM32\dbgcore.DLL
0x00007ffb13e70000 - 0x00007ffb13f15000 	C:\WINDOWS\System32\bcryptPrimitives.dll
0x00007ffadee00000 - 0x00007ffadee0f000 	C:\Program Files\Java\jdk-24\bin\instrument.dll
0x00007ffadece0000 - 0x00007ffadecfe000 	C:\Program Files\Java\jdk-24\bin\java.dll
0x00007ffb15530000 - 0x00007ffb156c7000 	C:\WINDOWS\System32\ole32.dll
0x00007ffb15b30000 - 0x00007ffb16283000 	C:\WINDOWS\System32\SHELL32.dll
0x00007ffb14200000 - 0x00007ffb1436a000 	C:\WINDOWS\System32\wintypes.dll
0x00007ffb11950000 - 0x00007ffb121ae000 	C:\WINDOWS\SYSTEM32\windows.storage.dll
0x00007ffb14f30000 - 0x00007ffb15025000 	C:\WINDOWS\System32\SHCORE.dll
0x00007ffb15050000 - 0x00007ffb150b6000 	C:\WINDOWS\System32\shlwapi.dll
0x00007ffb13c50000 - 0x00007ffb13c79000 	C:\WINDOWS\SYSTEM32\profapi.dll
0x00007ffaa8690000 - 0x00007ffaa8767000 	C:\Program Files\Java\jdk-24\bin\jsvml.dll
0x00007ffad8b90000 - 0x00007ffad8ba7000 	C:\Program Files\Java\jdk-24\bin\zip.dll
0x00007ffb0d040000 - 0x00007ffb0d050000 	C:\Program Files\Java\jdk-24\bin\net.dll
0x00007ffb13050000 - 0x00007ffb130bb000 	C:\WINDOWS\system32\mswsock.dll
0x00007ffad9d80000 - 0x00007ffad9d96000 	C:\Program Files\Java\jdk-24\bin\nio.dll
0x00007ffad1e30000 - 0x00007ffad1e39000 	C:\Program Files\Java\jdk-24\bin\extnet.dll
0x00007ffae08a0000 - 0x00007ffae08ae000 	C:\Program Files\Java\jdk-24\bin\sunmscapi.dll
0x00007ffb13f50000 - 0x00007ffb140c7000 	C:\WINDOWS\System32\CRYPT32.dll
0x00007ffb13530000 - 0x00007ffb13560000 	C:\WINDOWS\SYSTEM32\ncrypt.dll
0x00007ffb134e0000 - 0x00007ffb1351f000 	C:\WINDOWS\SYSTEM32\NTASN1.dll
0x00007ffb13310000 - 0x00007ffb1332b000 	C:\WINDOWS\SYSTEM32\CRYPTSP.dll
0x00007ffb12a40000 - 0x00007ffb12a7a000 	C:\WINDOWS\system32\rsaenh.dll
0x00007ffb13100000 - 0x00007ffb1312b000 	C:\WINDOWS\SYSTEM32\USERENV.dll
0x00007ffb13c20000 - 0x00007ffb13c4a000 	C:\WINDOWS\SYSTEM32\bcrypt.dll
0x00007ffb13330000 - 0x00007ffb1333c000 	C:\WINDOWS\SYSTEM32\CRYPTBASE.dll
0x00007ffb124d0000 - 0x00007ffb12504000 	C:\WINDOWS\SYSTEM32\IPHLPAPI.DLL
0x00007ffb14980000 - 0x00007ffb1498a000 	C:\WINDOWS\System32\NSI.dll
0x00007ffad1e20000 - 0x00007ffad1e2a000 	C:\Program Files\Java\jdk-24\bin\management.dll
0x00007ffad1e10000 - 0x00007ffad1e1b000 	C:\Program Files\Java\jdk-24\bin\management_ext.dll
0x00007ffb15870000 - 0x00007ffb15878000 	C:\WINDOWS\System32\PSAPI.DLL
0x00007ffb12560000 - 0x00007ffb1268c000 	C:\WINDOWS\SYSTEM32\DNSAPI.dll
0x00007ffaff3d0000 - 0x00007ffaff3db000 	C:\Windows\System32\rasadhlp.dll
0x00007ffb0a390000 - 0x00007ffb0a416000 	C:\WINDOWS\System32\fwpuclnt.dll
0x00007ffa7a1e0000 - 0x00007ffa7a1e8000 	C:\WINDOWS\system32\wshunix.dll

JVMTI agents:
C:\Program Files\JetBrains\IntelliJ IDEA Community Edition 2025.1.3\lib\idea_rt.jar path:C:\Program Files\Java\jdk-24\bin\instrument.dll, loaded, initialized, instrumentlib options:59669

dbghelp: loaded successfully - version: 4.0.5 - missing functions: none
symbol engine: initialized successfully - sym options: 0x614 - pdb path: .;C:\Program Files\Java\jdk-24\bin;C:\WINDOWS\SYSTEM32;C:\WINDOWS\WinSxS\amd64_microsoft.windows.common-controls_6595b64144ccf1df_6.0.26100.7309_none_3e05feeae336a044;C:\Program Files\Java\jdk-24\bin\server

VM Arguments:
jvm_args: -javaagent:C:\Program Files\JetBrains\IntelliJ IDEA Community Edition 2025.1.3\lib\idea_rt.jar=59669 -Dfile.encoding=UTF-8 -Dsun.stdout.encoding=UTF-8 -Dsun.stderr.encoding=UTF-8 
java_command: e_commerce.api.e_commerce.ECommerceApplication
java_class_path (initial): C:\Users\M.S.I\Documents\E-commerce-API\e-commerce\target\classes;C:\Users\M.S.I\.m2\repository\org\springframework\boot\spring-boot-starter-webmvc\4.0.0\spring-boot-starter-webmvc-4.0.0.jar;C:\Users\M.S.I\.m2\repository\org\springframework\boot\spring-boot-starter\4.0.0\spring-boot-starter-4.0.0.jar;C:\Users\M.S.I\.m2\repository\org\springframework\boot\spring-boot-starter-logging\4.0.0\spring-boot-starter-logging-4.0.0.jar;C:\Users\M.S.I\.m2\repository\ch\qos\logback\logback-classic\1.5.21\logback-classic-1.5.21.jar;C:\Users\M.S.I\.m2\repository\ch\qos\logback\logback-core\1.5.21\logback-core-1.5.21.jar;C:\Users\M.S.I\.m2\repository\org\apache\logging\log4j\log4j-to-slf4j\2.25.2\log4j-to-slf4j-2.25.2.jar;C:\Users\M.S.I\.m2\repository\org\apache\logging\log4j\log4j-api\2.25.2\log4j-api-2.25.2.jar;C:\Users\M.S.I\.m2\repository\org\slf4j\jul-to-slf4j\2.0.17\jul-to-slf4j-2.0.17.jar;C:\Users\M.S.I\.m2\repository\org\springframework\boot\spring-boot-autoconfigure\4.0.0\spring-boot-autoconfigure-4.0.0.jar;C:\Users\M.S.I\.m2\repository\jakarta\annotation\jakarta.annotation-api\3.0.0\jakarta.annotation-api-3.0.0.jar;C:\Users\M.S.I\.m2\repository\org\yaml\snakeyaml\2.5\snakeyaml-2.5.jar;C:\Users\M.S.I\.m2\repository\org\springframework\boot\spring-boot-starter-jackson\4.0.0\spring-boot-starter-jackson-4.0.0.jar;C:\Users\M.S.I\.m2\repository\org\springframework\boot\spring-boot-jackson\4.0.0\spring-boot-jackson-4.0.0.jar;C:\Users\M.S.I\.m2\repository\tools\jackson\core\jackson-databind\3.0.2\jackson-databind-3.0.2.jar;C:\Users\M.S.I\.m2\repository\tools\jackson\core\jackson-core\3.0.2\jackson-core-3.0.2.jar;C:\Users\M.S.I\.m2\repository\org\springframework\boot\spring-boot-starter-tomcat\4.0.0\spring-boot-starter-tomcat-4.0.0.jar;C:\Users\M.S.I\.m2\repository\org\springframework\boot\spring-boot-starter-tomcat-runtime\4.0.0\spring-boot-starter-tomcat-runtime-4.0.0.jar;C:\Users\M.S.I\.m2\repository\org\apache\tomcat\embed\tomcat-embed-core\11.0.14\tomcat-embed-core-11.0.14.jar;C:\Users\M.S.I\.m2\repository\org\apache\tomcat\embed\tomcat-embed-el\11.0.14\tomcat-embed-el-11.0.14.jar;C:\Users\M.S.I\.m2\repository\org\apache\tomcat\embed\tomcat-embed-websocket\11.0.14\tomcat-embed-websocket-11.0.14.jar;C:\Users\M.S.I\.m2\repository\org\springframework\boot\spring-boot-tomcat\4.0.0\spring-boot-tomcat-4.0.0.jar;C:\Users\M.S.I\.m2\repository\org\springframework\boot\spring-boot-http-converter\4.0.0\spring-boot-http-converter-4.0.0.jar;C:\Users\M.S.I\.m2\repository\org\springframework\boot\spring-boot\4.0.0\spring-boot-4.0.0.jar;C:\Users\M.S.I\.m2\repository\org\springframework\spring-context\7.0.1\spring-context-7.0.1.jar;C:\Users\M.S.I\.m2\repository\org\springframework\spring-web\7.0.1\spring-web-7.0.1.jar;C:\Users\M.S.I\.m2\repository\org\springframework\spring-beans\7.0.1\spring-beans-7.0.1.jar;C:\Users\M.S.I\.m2\repository\io\micrometer\micrometer-observation\1.16.0\micrometer-observation-1.16.0.jar;C:\Users\M.S.I\.m2\repository\io\micrometer\micrometer-commons\1.16.0\micrometer-commons-1.16.0.jar;C:\Users\M.S.I\.m2\repository\org\springframework\boot\spring-boot-webmvc\4.0.0\spring-boot-webmvc-4.0.0.jar;C:\Users\M.S.I\.m2\repository\org\springframework\boot\spring-boot-servlet\4.0.0\spring-boot-servlet-4.0.0.jar;C:\Users\M.S.I\.m2\repository\org\springframework\spring-webmvc\7.0.1\spring-webmvc-7.0.1.jar;C:\Users\M.S.I\.m2\repository\org\springframework\spring-aop\7.0.1\spring-aop-7.0.1.jar;C:\Users\M.S.I\.m2\repository\org\springframework\spring-expression\7.0.1\spring-expression-7.0.1.jar;C:\Users\M.S.I\.m2\repository\org\slf4j\slf4j-api\2.0.17\slf4j-api-2.0.17.jar;C:\Users\M.S.I\.m2\repository\jakarta\xml\bind\jakarta.xml.bind-api\4.0.4\jakarta.xml.bind-api-4.0.4.jar;C:\Users\M.S.I\.m2\repository\jakarta\activation\jakarta.activation-api\2.1.4\jakarta.activation-api-2.1.4.jar;C:\Users\M.S.I\.m2\repository\net\bytebuddy\byte-buddy\1.17.8\byte-buddy-1.17.8.jar;C:\Users\M.S.I\.m2\repository\org\springframework\spring-core\7.0.1\spring-core-7.0.1.jar;C:\Users\M.S.I\.m2\repository\commons-logging\commons-logging\1.3.5\commons-logging-1.3.5.jar;C:\Users\M.S.I\.m2\repository\org\jspecify\jspecify\1.0.0\jspecify-1.0.0.jar;C:\Users\M.S.I\.m2\repository\org\springframework\boot\spring-boot-web-server\4.0.0\spring-boot-web-server-4.0.0.jar;C:\Users\M.S.I\.m2\repository\org\springframework\boot\spring-boot-starter-web\4.0.0\spring-boot-starter-web-4.0.0.jar;C:\Users\M.S.I\.m2\repository\org\springframework\boot\spring-boot-starter-data-jpa\4.0.0\spring-boot-starter-data-jpa-4.0.0.jar;C:\Users\M.S.I\.m2\repository\org\springframework\boot\spring-boot-starter-jdbc\4.0.0\spring-boot-starter-jdbc-4.0.0.jar;C:\Users\M.S.I\.m2\repository\com\zaxxer\HikariCP\7.0.2\HikariCP-7.0.2.jar;C:\Users\M.S.I\.m2\repository\org\springframework\boot\spring-boot-data-jpa\4.0.0\spring-boot-data-jpa-4.0.0.jar;C:\Users\M.S.I\.m2\repository\org\springframework\boot\spring-boot-data-commons\4.0.0\spring-boot-data-commons-4.0.0.jar;C:\Users\M.S.I\.m2\repository\org\springframework\boot\spring-boot-persistence\4.0.0\spring-boot-persistence-4.0.0.jar;C:\Users\M.S.I\.m2\repository\org\springframework\data\spring-data-commons\4.0.0\spring-data-commons-4.0.0.jar;C:\Users\M.S.I\.m2\repository\org\springframework\boot\spring-boot-hibernate\4.0.0\spring-boot-hibernate-4.0.0.jar;C:\Users\M.S.I\.m2\repository\org\springframework\boot\spring-boot-jpa\4.0.0\spring-boot-jpa-4.0.0.jar;C:\Users\M.S.I\.m2\repository\jakarta\persistence\jakarta.persistence-api\3.2.0\jakarta.persistence-api-3.2.0.jar;C:\Users\M.S.I\.m2\repository\org\hibernate\orm\hibernate-core\7.1.8.Final\hibernate-core-7.1.8.Final.jar;C:\Users\M.S.I\.m2\repository\jakarta\transaction\jakarta.transaction-api\2.0.1\jakarta.transaction-api-2.0.1.jar;C:\Users\M.S.I\.m2\repository\org\jboss\logging\jboss-logging\3.6.1.Final\jboss-logging-3.6.1.Final.jar;C:\Users\M.S.I\.m2\repository\org\hibernate\models\hibernate-models\1.0.1\hibernate-models-1.0.1.jar;C:\Users\M.S.I\.m2\repository\com\fasterxml\classmate\1.7.1\classmate-1.7.1.jar;C:\Users\M.S.I\.m2\repository\org\glassfish\jaxb\jaxb-runtime\4.0.6\jaxb-runtime-4.0.6.jar;C:\Users\M.S.I\.m2\repository\org\glassfish\jaxb\jaxb-core\4.0.6\jaxb-core-4.0.6.jar;C:\Users\M.S.I\.m2\repository\org\eclipse\angus\angus-activation\2.0.3\angus-activation-2.0.3.jar;C:\Users\M.S.I\.m2\repository\org\glassfish\jaxb\txw2\4.0.6\txw2-4.0.6.jar;C:\Users\M.S.I\.m2\repository\com\sun\istack\istack-commons-runtime\4.1.2\istack-commons-runtime-4.1.2.jar;C:\Users\M.S.I\.m2\repository\jakarta\inject\jakarta.inject-api\2.0.1\jakarta.inject-api-2.0.1.jar;C:\Users\M.S.I\.m2\repository\org\springframework\spring-orm\7.0.1\spring-orm-7.0.1.jar;C:\Users\M.S.I\.m2\repository\org\springframework\data\spring-data-jpa\4.0.0\spring-data-jpa-4.0.0.jar;C:\Users\M.S.I\.m2\repository\org\springframework\spring-tx\7.0.1\spring-tx-7.0.1.jar;C:\Users\M.S.I\.m2\repository\org\antlr\antlr4-runtime\4.13.2\antlr4-runtime-4.13.2.jar;C:\Users\M.S.I\.m2\repository\org\springframework\spring-aspects\7.0.1\spring-aspects-7.0.1.jar;C:\Users\M.S.I\.m2\repository\org\aspectj\aspectjweaver\1.9.25\aspectjweaver-1.9.25.jar;C:\Users\M.S.I\.m2\repository\org\springframework\boot\spring-boot-jdbc\4.0.0\spring-boot-jdbc-4.0.0.jar;C:\Users\M.S.I\.m2\repository\org\springframework\boot\spring-boot-sql\4.0.0\spring-boot-sql-4.0.0.jar;C:\Users\M.S.I\.m2\repository\org\springframework\boot\spring-boot-transaction\4.0.0\spring-boot-transaction-4.0.0.jar;C:\Users\M.S.I\.m2\repository\org\springframework\spring-jdbc\7.0.1\spring-jdbc-7.0.1.jar;C:\Users\M.S.I\.m2\repository\com\mysql\mysql-connector-j\9.5.0\mysql-connector-j-9.5.0.jar;C:\Users\M.S.I\.m2\repository\org\flywaydb\flyway-core\11.14.1\flyway-core-11.14.1.jar;C:\Users\M.S.I\.m2\repository\com\fasterxml\jackson\core\jackson-databind\2.20.1\jackson-databind-2.20.1.jar;C:\Users\M.S.I\.m2\repository\com\fasterxml\jackson\core\jackson-annotations\2.20\jackson-annotations-2.20.jar;C:\Users\M.S.I\.m2\repository\com\fasterxml\jackson\core\jackson-core\2.20.1\jackson-core-2.20.1.jar
Launcher Type: SUN_STANDARD

[Global flags]
     intx CICompilerCount                          = 12                                        {product} {ergonomic}
     uint ConcGCThreads                            = 3                                         {product} {ergonomic}
     uint G1ConcRefinementThreads                  = 13                                        {product} {ergonomic}
   size_t G1HeapRegionSize                         = 2097152                                   {product} {ergonomic}
   size_t InitialHeapSize                          = 264241152                                 {product} {ergonomic}
   size_t MarkStackSize                            = 4194304                                   {product} {ergonomic}
   size_t MarkStackSizeMax                         = 536870912                                 {product} {ergonomic}
   size_t MaxHeapSize                              = 4217372672                                {product} {ergonomic}
   size_t MaxNewSize                               = 2529165312                                {product} {ergonomic}
   size_t MinHeapDeltaBytes                        = 2097152                                   {product} {ergonomic}
   size_t MinHeapSize                              = 8388608                                   {product} {ergonomic}
    uintx NonNMethodCodeHeapSize                   = 7602176                                {pd product} {ergonomic}
    uintx NonProfiledCodeHeapSize                  = 122093568                              {pd product} {ergonomic}
    uintx ProfiledCodeHeapSize                     = 121962496                              {pd product} {ergonomic}
    uintx ReservedCodeCacheSize                    = 251658240                              {pd product} {ergonomic}
     bool SegmentedCodeCache                       = true                                      {product} {ergonomic}
   size_t SoftMaxHeapSize                          = 4217372672                             {manageable} {ergonomic}
     bool UseCompressedOops                        = true                           {product lp64_product} {ergonomic}
     bool UseG1GC                                  = true                                      {product} {ergonomic}
     bool UseLargePagesIndividualAllocation        = false                                  {pd product} {ergonomic}

Logging:
Log output configuration:
 #0: stdout all=warning uptime,level,tags foldmultilines=false
 #1: stderr all=off uptime,level,tags foldmultilines=false

Environment Variables:
JAVA_HOME=C:\Program Files\Java\jdk-17
PATH=C:\Program Files\Git\usr\local\bin;C:\Program Files\Git\bin;C:\Program Files\Eclipse Adoptium\jdk-11.0.24.8-hotspot\bin;C:\Program Files\Eclipse Adoptium\jdk-17.0.15.6-hotspot\bin;C:\Program Files\Java\jdk-24\bin;C:\Program Files\apache-maven-3.9.9\bin;C:\Windows\System32;C:\Program Files\Java\jdk-24\bin;C:\Program Files\nodejs\;C:\Program Files\Git\cmd;C:\Users\M.S.I\AppData\Local\Programs\Python\Python311\Scripts\;C:\Users\M.S.I\AppData\Local\Programs\Python\Python311\;C:\Users\M.S.I\AppData\Local\Microsoft\WindowsApps;C:\Users\M.S.I\AppData\Local\JetBrains\Toolbox\scripts;C:\Program Files\JetBrains\IntelliJ IDEA Community Edition 2025.1.3\bin;;C:\Program Files\JetBrains\PyCharm Community Edition 2023.1.1\bin;;C:\Program Files\JetBrains\IntelliJ IDEA 2025.1.3\bin;;C:\Program Files\Azure Data Studio\bin;C:\Users\M.S.I\AppData\Local\Microsoft\WindowsApps;C:\Users\M.S.I\AppData\Local\Programs\Microsoft VS Code\bin;C:\Users\M.S.I\AppData\Roaming\npm
USERNAME=M.S.I
OS=Windows_NT
PROCESSOR_IDENTIFIER=Intel64 Family 6 Model 141 Stepping 1, GenuineIntel
TMP=C:\Users\MS1E84~1.I\AppData\Local\Temp
TEMP=C:\Users\MS1E84~1.I\AppData\Local\Temp




Periodic native trim disabled

---------------  S Y S T E M  ---------------

OS:
 Windows 11 , 64 bit Build 26100 (10.0.26100.7623)
OS uptime: 0 days 0:31 hours
Hyper-V role detected

CPU: total 16 (initial active 16) (8 cores per cpu, 2 threads per core) family 6 model 141 stepping 1 microcode 0x34, cx8, cmov, fxsr, ht, mmx, 3dnowpref, sse, sse2, sse3, ssse3, sse4.1, sse4.2, popcnt, lzcnt, tsc, tscinvbit, avx, avx2, aes, erms, clmul, bmi1, bmi2, adx, avx512f, avx512dq, avx512cd, avx512bw, avx512vl, sha, fma, vzeroupper, avx512_vpopcntdq, avx512_vpclmulqdq, avx512_vaes, avx512_vnni, clflush, clflushopt, clwb, avx512_vbmi2, avx512_vbmi, hv, rdtscp, rdpid, fsrm, gfni, avx512_bitalg, f16c, cet_ibt, cet_ss, avx512_ifma
Processor Information for processor 0
  Max Mhz: 2304, Current Mhz: 1001, Mhz Limit: 2304
Processor Information for processor 1
  Max Mhz: 2304, Current Mhz: 2304, Mhz Limit: 2304
Processor Information for processor 2
  Max Mhz: 2304, Current Mhz: 1001, Mhz Limit: 2304
Processor Information for processor 3
  Max Mhz: 2304, Current Mhz: 1001, Mhz Limit: 2304
Processor Information for processor 4
  Max Mhz: 2304, Current Mhz: 1001, Mhz Limit: 2304
Processor Information for processor 5
  Max Mhz: 2304, Current Mhz: 1001, Mhz Limit: 2304
Processor Information for processor 6
  Max Mhz: 2304, Current Mhz: 1001, Mhz Limit: 2304
Processor Information for processor 7
  Max Mhz: 2304, Current Mhz: 1001, Mhz Limit: 2304
Processor Information for processor 8
  Max Mhz: 2304, Current Mhz: 1001, Mhz Limit: 2304
Processor Information for processor 9
  Max Mhz: 2304, Current Mhz: 1001, Mhz Limit: 2304
Processor Information for processor 10
  Max Mhz: 2304, Current Mhz: 2304, Mhz Limit: 2304
Processor Information for processor 11
  Max Mhz: 2304, Current Mhz: 1001, Mhz Limit: 2304
Processor Information for processor 12
  Max Mhz: 2304, Current Mhz: 2304, Mhz Limit: 2304
Processor Information for processor 13
  Max Mhz: 2304, Current Mhz: 2304, Mhz Limit: 2304
Processor Information for processor 14
  Max Mhz: 2304, Current Mhz: 1001, Mhz Limit: 2304
Processor Information for processor 15
  Max Mhz: 2304, Current Mhz: 2304, Mhz Limit: 2304

Memory: 4k page, system-wide physical 16085M (2542M free)
TotalPageFile size 18133M (AvailPageFile size 216M)
current process WorkingSet (physical memory assigned to process): 298M, peak: 306M
current process commit charge ("private bytes"): 345M, peak: 463M

vm_info: Java HotSpot(TM) 64-Bit Server VM (24.0.1+9-30) for windows-amd64 JRE (24.0.1+9-30), built on 2025-03-05T07:23:45Z with MS VC++ 17.6 (VS2022)

END.
