#
# There is insufficient memory for the Java Runtime Environment to continue.
# Native memory allocation (malloc) failed to allocate 3450320 bytes. Error detail: Chunk::new
# Possible reasons:
#   The system is out of physical RAM or swap space
#   This process is running with CompressedOops enabled, and the Java Heap may be blocking the growth of the native heap
# Possible solutions:
#   Reduce memory load on the system
#   Increase physical memory or swap space
#   Check if swap backing store is full
#   Decrease Java heap size (-Xmx/-Xms)
#   Decrease number of Java threads
#   Decrease Java thread stack sizes (-Xss)
#   Set larger code cache with -XX:ReservedCodeCacheSize=
#   JVM is running with Zero Based Compressed Oops mode in which the Java heap is
#     placed in the first 32GB address space. The Java Heap base address is the
#     maximum limit for the native heap growth. Please use -XX:HeapBaseMinAddress
#     to set the Java Heap base and to place the Java Heap above 32GB virtual address.
# This output file may be truncated or incomplete.
#
#  Out of Memory Error (arena.cpp:162), pid=13464, tid=16064
#
# JRE version: Java(TM) SE Runtime Environment (24.0.1+9) (build 24.0.1+9-30)
# Java VM: Java HotSpot(TM) 64-Bit Server VM (24.0.1+9-30, mixed mode, sharing, tiered, compressed oops, compressed class ptrs, g1 gc, windows-amd64)
# No core dump will be written. Minidumps are not enabled by default on client versions of Windows
#

---------------  S U M M A R Y ------------

Command Line: -javaagent:C:\Program Files\JetBrains\IntelliJ IDEA Community Edition 2025.1.3\lib\idea_rt.jar=53150 -Dfile.encoding=UTF-8 -Dsun.stdout.encoding=UTF-8 -Dsun.stderr.encoding=UTF-8 e_commerce.api.e_commerce.ECommerceApplication

Host: 11th Gen Intel(R) Core(TM) i7-11800H @ 2.30GHz, 16 cores, 15G,  Windows 11 , 64 bit Build 26100 (10.0.26100.7623)
Time: Sun Jan 18 11:24:04 2026 West Bank Gaza Standard Time elapsed time: 7.543336 seconds (0d 0h 0m 7s)

---------------  T H R E A D  ---------------

Current thread (0x00000203d4022670):  JavaThread "C2 CompilerThread0" daemon [_thread_in_native, id=16064, stack(0x0000003f3c100000,0x0000003f3c200000) (1024K)]


Current CompileTask:
C2:7543 7073       4       org.springframework.core.ResolvableType::forType (112 bytes)

Stack: [0x0000003f3c100000,0x0000003f3c200000]
Native frames: (J=compiled Java code, j=interpreted, Vv=VM code, C=native code)
V  [jvm.dll+0x730739]  (no source info available)
V  [jvm.dll+0x8d9b23]  (no source info available)
V  [jvm.dll+0x8dc00d]  (no source info available)
V  [jvm.dll+0x8dc683]  (no source info available)
V  [jvm.dll+0x2aa086]  (no source info available)
V  [jvm.dll+0xcedef]  (no source info available)
V  [jvm.dll+0xcf04f]  (no source info available)
V  [jvm.dll+0x154d83]  (no source info available)
V  [jvm.dll+0x735f5f]  (no source info available)
V  [jvm.dll+0x26fa1c]  (no source info available)
V  [jvm.dll+0x26ea3f]  (no source info available)
V  [jvm.dll+0x1e9d60]  (no source info available)
V  [jvm.dll+0x27e1fb]  (no source info available)
V  [jvm.dll+0x27c49a]  (no source info available)
V  [jvm.dll+0x42f456]  (no source info available)
V  [jvm.dll+0x87d76b]  (no source info available)
V  [jvm.dll+0x72ee55]  (no source info available)
C  [ucrtbase.dll+0x37b0]  (no source info available)
C  [KERNEL32.DLL+0x2e8d7]  (no source info available)
C  [ntdll.dll+0x8c53c]  (no source info available)

Lock stack of current Java thread (top to bottom):


---------------  P R O C E S S  ---------------

Threads class SMR info:
_java_thread_list=0x00000203d424e7e0, length=20, elements={
0x00000203e9c99a60, 0x00000203d40135b0, 0x00000203f802df40, 0x00000203f802e7b0,
0x00000203d40166e0, 0x00000203d4014970, 0x00000203d40156c0, 0x00000203d4022670,
0x00000203d40468e0, 0x00000203d42e02f0, 0x00000203d468e810, 0x00000203d468f1d0,
0x00000203d709af90, 0x00000203d709b6e0, 0x00000203d709a840, 0x00000203d709be30,
0x00000203d709ccd0, 0x00000203d709d420, 0x00000203d4ed14d0, 0x00000203d40c3480
}

Java Threads: ( => current thread )
  0x00000203e9c99a60 JavaThread "main"                              [_thread_in_native, id=18876, stack(0x0000003f3b300000,0x0000003f3b400000) (1024K)]
  0x00000203d40135b0 JavaThread "Reference Handler"          daemon [_thread_blocked, id=2056, stack(0x0000003f3bb00000,0x0000003f3bc00000) (1024K)]
  0x00000203f802df40 JavaThread "Finalizer"                  daemon [_thread_blocked, id=20116, stack(0x0000003f3bc00000,0x0000003f3bd00000) (1024K)]
  0x00000203f802e7b0 JavaThread "Signal Dispatcher"          daemon [_thread_blocked, id=12008, stack(0x0000003f3bd00000,0x0000003f3be00000) (1024K)]
  0x00000203d40166e0 JavaThread "Attach Listener"            daemon [_thread_blocked, id=24308, stack(0x0000003f3be00000,0x0000003f3bf00000) (1024K)]
  0x00000203d4014970 JavaThread "Service Thread"             daemon [_thread_blocked, id=4544, stack(0x0000003f3bf00000,0x0000003f3c000000) (1024K)]
  0x00000203d40156c0 JavaThread "Monitor Deflation Thread"   daemon [_thread_blocked, id=17180, stack(0x0000003f3c000000,0x0000003f3c100000) (1024K)]
=>0x00000203d4022670 JavaThread "C2 CompilerThread0"         daemon [_thread_in_native, id=16064, stack(0x0000003f3c100000,0x0000003f3c200000) (1024K)]
  0x00000203d40468e0 JavaThread "C1 CompilerThread0"         daemon [_thread_blocked, id=25120, stack(0x0000003f3c200000,0x0000003f3c300000) (1024K)]
  0x00000203d42e02f0 JavaThread "Common-Cleaner"             daemon [_thread_blocked, id=21420, stack(0x0000003f3c800000,0x0000003f3c900000) (1024K)]
  0x00000203d468e810 JavaThread "Monitor Ctrl-Break"         daemon [_thread_in_native, id=5928, stack(0x0000003f3c900000,0x0000003f3ca00000) (1024K)]
  0x00000203d468f1d0 JavaThread "Notification Thread"        daemon [_thread_blocked, id=21036, stack(0x0000003f3ca00000,0x0000003f3cb00000) (1024K)]
  0x00000203d709af90 JavaThread "Catalina-utility-1"                [_thread_blocked, id=17940, stack(0x0000003f3da00000,0x0000003f3db00000) (1024K)]
  0x00000203d709b6e0 JavaThread "Catalina-utility-2"                [_thread_blocked, id=7220, stack(0x0000003f3db00000,0x0000003f3dc00000) (1024K)]
  0x00000203d709a840 JavaThread "container-0"                       [_thread_blocked, id=25428, stack(0x0000003f3dc00000,0x0000003f3dd00000) (1024K)]
  0x00000203d709be30 JavaThread "mysql-cj-abandoned-connection-cleanup" daemon [_thread_blocked, id=14524, stack(0x0000003f3dd00000,0x0000003f3de00000) (1024K)]
  0x00000203d709ccd0 JavaThread "HikariPool-1:housekeeper"   daemon [_thread_blocked, id=21440, stack(0x0000003f3df00000,0x0000003f3e000000) (1024K)]
  0x00000203d709d420 JavaThread "HikariPool-1:connection-adder" daemon [_thread_blocked, id=16352, stack(0x0000003f3e000000,0x0000003f3e100000) (1024K)]
  0x00000203d4ed14d0 JavaThread "C2 CompilerThread1"         daemon [_thread_in_native, id=10944, stack(0x0000003f3c600000,0x0000003f3c700000) (1024K)]
  0x00000203d40c3480 JavaThread "C2 CompilerThread2"         daemon [_thread_in_native, id=9984, stack(0x0000003f3c300000,0x0000003f3c400000) (1024K)]
Total: 20

Other Threads:
  0x00000203f8020d70 VMThread "VM Thread"                           [id=1320, stack(0x0000003f3ba00000,0x0000003f3bb00000) (1024K)]
  0x00000203e9c91a50 WatcherThread "VM Periodic Task Thread"        [id=23716, stack(0x0000003f3b900000,0x0000003f3ba00000) (1024K)]
  0x00000203e9d033f0 WorkerThread "GC Thread#0"                     [id=18272, stack(0x0000003f3b400000,0x0000003f3b500000) (1024K)]
  0x00000203d5141270 WorkerThread "GC Thread#1"                     [id=10508, stack(0x0000003f3cc00000,0x0000003f3cd00000) (1024K)]
  0x00000203d53e95e0 WorkerThread "GC Thread#2"                     [id=23688, stack(0x0000003f3cd00000,0x0000003f3ce00000) (1024K)]
  0x00000203d51337b0 WorkerThread "GC Thread#3"                     [id=24928, stack(0x0000003f3ce00000,0x0000003f3cf00000) (1024K)]
  0x00000203d51327a0 WorkerThread "GC Thread#4"                     [id=5104, stack(0x0000003f3cf00000,0x0000003f3d000000) (1024K)]
  0x00000203d54249e0 WorkerThread "GC Thread#5"                     [id=15504, stack(0x0000003f3d000000,0x0000003f3d100000) (1024K)]
  0x00000203d63b6340 WorkerThread "GC Thread#6"                     [id=3924, stack(0x0000003f3cb00000,0x0000003f3cc00000) (1024K)]
  0x00000203d63b7200 WorkerThread "GC Thread#7"                     [id=11152, stack(0x0000003f3d200000,0x0000003f3d300000) (1024K)]
  0x00000203d63b6aa0 WorkerThread "GC Thread#8"                     [id=20440, stack(0x0000003f3d300000,0x0000003f3d400000) (1024K)]
  0x00000203d63b5f90 WorkerThread "GC Thread#9"                     [id=25520, stack(0x0000003f3d400000,0x0000003f3d500000) (1024K)]
  0x00000203d63b5830 WorkerThread "GC Thread#10"                    [id=24068, stack(0x0000003f3d500000,0x0000003f3d600000) (1024K)]
  0x00000203d63b6e50 WorkerThread "GC Thread#11"                    [id=23732, stack(0x0000003f3d600000,0x0000003f3d700000) (1024K)]
  0x00000203d68212a0 WorkerThread "GC Thread#12"                    [id=14052, stack(0x0000003f3d700000,0x0000003f3d800000) (1024K)]
  0x00000203f7e72010 ConcurrentGCThread "G1 Main Marker"            [id=1016, stack(0x0000003f3b500000,0x0000003f3b600000) (1024K)]
  0x00000203e9d11fa0 WorkerThread "G1 Conc#0"                       [id=18856, stack(0x0000003f3b600000,0x0000003f3b700000) (1024K)]
  0x00000203d681f8d0 WorkerThread "G1 Conc#1"                       [id=21552, stack(0x0000003f3d800000,0x0000003f3d900000) (1024K)]
  0x00000203d68203e0 WorkerThread "G1 Conc#2"                       [id=12928, stack(0x0000003f3d900000,0x0000003f3da00000) (1024K)]
  0x00000203e9d4e9e0 ConcurrentGCThread "G1 Refine#0"               [id=10408, stack(0x0000003f3b700000,0x0000003f3b800000) (1024K)]
  0x00000203f7ecc5f0 ConcurrentGCThread "G1 Service"                [id=6992, stack(0x0000003f3b800000,0x0000003f3b900000) (1024K)]
Total: 21

Threads with active compile tasks:
C2 CompilerThread0  7616 7073       4       org.springframework.core.ResolvableType::forType (112 bytes)
C2 CompilerThread1  7616 7119       4       jdk.internal.loader.ClassLoaders$AppClassLoader::defineOrCheckPackage (8 bytes)
C2 CompilerThread2  7616 7120   !   4       jdk.internal.loader.BuiltinClassLoader::defineOrCheckPackage (94 bytes)
Total: 3

VM state: not at safepoint (normal execution)

VM Mutex/Monitor currently owned by a thread: None

Heap address: 0x0000000704a00000, size: 4022 MB, Compressed Oops mode: Zero based, Oop shift amount: 3

CDS archive(s) mapped at: [0x000002038f000000-0x000002038fd40000-0x000002038fd40000), size 13893632, SharedBaseAddress: 0x000002038f000000, ArchiveRelocationMode: 1.
Compressed class space mapped at: 0x0000020390000000-0x00000203d0000000, reserved size: 1073741824
UseCompressedClassPointers 1, UseCompactObjectHeaders 0
Narrow klass pointer bits 32, Max shift 3
Narrow klass base: 0x000002038f000000, Narrow klass shift: 0
Encoding Range: [0x000002038f000000 - 0x000002048f000000), (4294967296 bytes)
Klass Range:    [0x000002038f000000 - 0x00000203d0000000), (1090519040 bytes)
Klass ID Range:  [8 - 1090519033) (1090519025)

GC Precious Log:
 CardTable entry size: 512
 Card Set container configuration: InlinePtr #cards 4 size 8 Array Of Cards #cards 16 size 48 Howl #buckets 8 coarsen threshold 3686 Howl Bitmap #cards 512 size 80 coarsen threshold 460 Card regions per heap region 1 cards per card region 4096
 CPUs: 16 total, 16 available
 Memory: 16085M
 Large Page Support: Disabled
 NUMA Support: Disabled
 Compressed Oops: Enabled (Zero based)
 Heap Region Size: 2M
 Heap Min Capacity: 8M
 Heap Initial Capacity: 252M
 Heap Max Capacity: 4022M
 Pre-touch: Disabled
 Parallel Workers: 13
 Concurrent Workers: 3
 Concurrent Refinement Workers: 13
 Periodic GC: Disabled

Heap:
 garbage-first heap   total reserved 4118528K, committed 77824K, used 41708K [0x0000000704a00000, 0x0000000800000000)
  region size 2048K, 10 young (20480K), 2 survivors (4096K)
 Metaspace       used 69553K, committed 70080K, reserved 1114112K
  class space    used 7368K, committed 7552K, reserved 1048576K

Heap Regions: E=young(eden), S=young(survivor), O=old, HS=humongous(starts), HC=humongous(continues), CS=collection set, F=free, TAMS=top-at-mark-start, PB=parsable bottom
|   0|0x0000000704a00000, 0x0000000704c00000, 0x0000000704c00000|100%| O|  |TAMS 0x0000000704a00000| PB 0x0000000704a00000| Untracked |  0
|   1|0x0000000704c00000, 0x0000000704e00000, 0x0000000704e00000|100%| O|  |TAMS 0x0000000704c00000| PB 0x0000000704c00000| Untracked |  0
|   2|0x0000000704e00000, 0x0000000705000000, 0x0000000705000000|100%| O|  |TAMS 0x0000000704e00000| PB 0x0000000704e00000| Untracked |  0
|   3|0x0000000705000000, 0x0000000705200000, 0x0000000705200000|100%| O|  |TAMS 0x0000000705000000| PB 0x0000000705000000| Untracked |  0
|   4|0x0000000705200000, 0x0000000705400000, 0x0000000705400000|100%| O|  |TAMS 0x0000000705200000| PB 0x0000000705200000| Untracked |  0
|   5|0x0000000705400000, 0x0000000705600000, 0x0000000705600000|100%| O|  |TAMS 0x0000000705400000| PB 0x0000000705400000| Untracked |  0
|   6|0x0000000705600000, 0x0000000705800000, 0x0000000705800000|100%| O|Cm|TAMS 0x0000000705600000| PB 0x0000000705600000| Complete |  0
|   7|0x0000000705800000, 0x0000000705a00000, 0x0000000705a00000|100%| O|  |TAMS 0x0000000705800000| PB 0x0000000705800000| Untracked |  0
|   8|0x0000000705a00000, 0x0000000705c00000, 0x0000000705c00000|100%| O|  |TAMS 0x0000000705a00000| PB 0x0000000705a00000| Untracked |  0
|   9|0x0000000705c00000, 0x0000000705d15d50, 0x0000000705e00000| 54%| O|  |TAMS 0x0000000705c00000| PB 0x0000000705c00000| Untracked |  0
|  10|0x0000000705e00000, 0x0000000705e00000, 0x0000000706000000|  0%| F|  |TAMS 0x0000000705e00000| PB 0x0000000705e00000| Untracked |  0
|  11|0x0000000706000000, 0x0000000706000000, 0x0000000706200000|  0%| F|  |TAMS 0x0000000706000000| PB 0x0000000706000000| Untracked |  0
|  12|0x0000000706200000, 0x0000000706200000, 0x0000000706400000|  0%| F|  |TAMS 0x0000000706200000| PB 0x0000000706200000| Untracked |  0
|  13|0x0000000706400000, 0x0000000706400000, 0x0000000706600000|  0%| F|  |TAMS 0x0000000706400000| PB 0x0000000706400000| Untracked |  0
|  14|0x0000000706600000, 0x00000007067a5470, 0x0000000706800000| 82%| S|CS|TAMS 0x0000000706600000| PB 0x0000000706600000| Complete |  0
|  15|0x0000000706800000, 0x0000000706a00000, 0x0000000706a00000|100%| S|CS|TAMS 0x0000000706800000| PB 0x0000000706800000| Complete |  0
|  16|0x0000000706a00000, 0x0000000706a00000, 0x0000000706c00000|  0%| F|  |TAMS 0x0000000706a00000| PB 0x0000000706a00000| Untracked |  0
|  17|0x0000000706c00000, 0x0000000706c00000, 0x0000000706e00000|  0%| F|  |TAMS 0x0000000706c00000| PB 0x0000000706c00000| Untracked |  0
|  18|0x0000000706e00000, 0x0000000706e00000, 0x0000000707000000|  0%| F|  |TAMS 0x0000000706e00000| PB 0x0000000706e00000| Untracked |  0
|  19|0x0000000707000000, 0x0000000707000000, 0x0000000707200000|  0%| F|  |TAMS 0x0000000707000000| PB 0x0000000707000000| Untracked |  0
|  20|0x0000000707200000, 0x0000000707200000, 0x0000000707400000|  0%| F|  |TAMS 0x0000000707200000| PB 0x0000000707200000| Untracked |  0
|  21|0x0000000707400000, 0x0000000707400000, 0x0000000707600000|  0%| F|  |TAMS 0x0000000707400000| PB 0x0000000707400000| Untracked |  0
|  22|0x0000000707600000, 0x0000000707600000, 0x0000000707800000|  0%| F|  |TAMS 0x0000000707600000| PB 0x0000000707600000| Untracked |  0
|  23|0x0000000707800000, 0x0000000707800000, 0x0000000707a00000|  0%| F|  |TAMS 0x0000000707800000| PB 0x0000000707800000| Untracked |  0
|  24|0x0000000707a00000, 0x0000000707a00000, 0x0000000707c00000|  0%| F|  |TAMS 0x0000000707a00000| PB 0x0000000707a00000| Untracked |  0
|  25|0x0000000707c00000, 0x0000000707c00000, 0x0000000707e00000|  0%| F|  |TAMS 0x0000000707c00000| PB 0x0000000707c00000| Untracked |  0
|  26|0x0000000707e00000, 0x0000000707e00000, 0x0000000708000000|  0%| F|  |TAMS 0x0000000707e00000| PB 0x0000000707e00000| Untracked |  0
|  97|0x0000000710c00000, 0x0000000710ca5cb0, 0x0000000710e00000| 32%| E|  |TAMS 0x0000000710c00000| PB 0x0000000710c00000| Complete |  0
|  98|0x0000000710e00000, 0x0000000711000000, 0x0000000711000000|100%| E|CS|TAMS 0x0000000710e00000| PB 0x0000000710e00000| Complete |  0
| 102|0x0000000711600000, 0x0000000711800000, 0x0000000711800000|100%| E|  |TAMS 0x0000000711600000| PB 0x0000000711600000| Complete |  0
| 103|0x0000000711800000, 0x0000000711a00000, 0x0000000711a00000|100%| E|CS|TAMS 0x0000000711800000| PB 0x0000000711800000| Complete |  0
| 104|0x0000000711a00000, 0x0000000711c00000, 0x0000000711c00000|100%| E|CS|TAMS 0x0000000711a00000| PB 0x0000000711a00000| Complete |  0
| 105|0x0000000711c00000, 0x0000000711e00000, 0x0000000711e00000|100%| E|CS|TAMS 0x0000000711c00000| PB 0x0000000711c00000| Complete |  0
| 125|0x0000000714400000, 0x0000000714600000, 0x0000000714600000|100%| E|CS|TAMS 0x0000000714400000| PB 0x0000000714400000| Complete |  0
|2007|0x00000007ff800000, 0x00000007ffa00000, 0x00000007ffa00000|100%| O|  |TAMS 0x00000007ff800000| PB 0x00000007ff800000| Untracked |  0
|2008|0x00000007ffa00000, 0x00000007ffc00000, 0x00000007ffc00000|100%| O|  |TAMS 0x00000007ffa00000| PB 0x00000007ffa00000| Untracked |  0
|2009|0x00000007ffc00000, 0x00000007ffe00000, 0x00000007ffe00000|100%| O|  |TAMS 0x00000007ffc00000| PB 0x00000007ffc00000| Untracked |  0
|2010|0x00000007ffe00000, 0x0000000800000000, 0x0000000800000000|100%| E|CS|TAMS 0x00000007ffe00000| PB 0x00000007ffe00000| Complete |  0

Card table byte_map: [0x00000203f36a0000,0x00000203f3e80000] _byte_map_base: 0x00000203efe7b000

Marking Bits: (CMBitMap*) 0x00000203e9d03b00
 Bits: [0x00000203f3e80000, 0x00000203f7d58000)

Polling page: 0x00000203e7f00000

Metaspace:

Usage:
  Non-class:     60.73 MB used.
      Class:      7.20 MB used.
       Both:     67.93 MB used.

Virtual space:
  Non-class space:       64.00 MB reserved,      61.06 MB ( 95%) committed,  1 nodes.
      Class space:        1.00 GB reserved,       7.38 MB ( <1%) committed,  1 nodes.
             Both:        1.06 GB reserved,      68.44 MB (  6%) committed. 

Chunk freelists:
   Non-Class:  2.41 MB
       Class:  8.64 MB
        Both:  11.05 MB

MaxMetaspaceSize: unlimited
CompressedClassSpaceSize: 1.00 GB
Initial GC threshold: 21.00 MB
Current GC threshold: 99.50 MB
CDS: on
 - commit_granule_bytes: 65536.
 - commit_granule_words: 8192.
 - virtual_space_node_default_size: 8388608.
 - enlarge_chunks_in_place: 1.
UseCompressedClassPointers 1, UseCompactObjectHeaders 0
Narrow klass pointer bits 32, Max shift 3
Narrow klass base: 0x000002038f000000, Narrow klass shift: 0
Encoding Range: [0x000002038f000000 - 0x000002048f000000), (4294967296 bytes)
Klass Range:    [0x000002038f000000 - 0x00000203d0000000), (1090519040 bytes)
Klass ID Range:  [8 - 1090519033) (1090519025)


Internal statistics:

num_allocs_failed_limit: 12.
num_arena_births: 648.
num_arena_deaths: 0.
num_vsnodes_births: 2.
num_vsnodes_deaths: 0.
num_space_committed: 1095.
num_space_uncommitted: 0.
num_chunks_returned_to_freelist: 12.
num_chunks_taken_from_freelist: 2981.
num_chunk_merges: 6.
num_chunk_splits: 2181.
num_chunks_enlarged: 1804.
num_inconsistent_stats: 0.

CodeHeap 'non-profiled nmethods': size=119232Kb used=2846Kb max_used=2846Kb free=116385Kb
 bounds [0x0000020387b90000, 0x0000020387e60000, 0x000002038f000000]
CodeHeap 'profiled nmethods': size=119104Kb used=10483Kb max_used=10483Kb free=108620Kb
 bounds [0x0000020380000000, 0x0000020380a40000, 0x0000020387450000]
CodeHeap 'non-nmethods': size=7424Kb used=1780Kb max_used=3526Kb free=5643Kb
 bounds [0x0000020387450000, 0x00000203877d0000, 0x0000020387b90000]
CodeCache: size=245760Kb, used=15109Kb, max_used=16855Kb, free=230648Kb
 total_blobs=7071, nmethods=6320, adapters=652, full_count=0
Compilation: enabled, stopped_count=0, restarted_count=0

Compilation events (20 events):
Event: 6.494 Thread 0x00000203d4138190 nmethod 7107 0x0000020380a32888 code [0x0000020380a329a0, 0x0000020380a32b40]
Event: 6.494 Thread 0x00000203d4138190 7110       3       java.util.stream.ForEachOps$ForEachOp$OfRef::<init> (11 bytes)
Event: 6.494 Thread 0x00000203d4138190 nmethod 7110 0x0000020380a32b88 code [0x0000020380a32ca0, 0x0000020380a32ed0]
Event: 6.494 Thread 0x00000203d40468e0 nmethod 7109 0x0000020380a32f08 code [0x0000020380a33060, 0x0000020380a33490]
Event: 6.494 Thread 0x00000203d4113050 nmethod 7106 0x0000020380a33508 code [0x0000020380a336e0, 0x0000020380a34290]
Event: 6.494 Thread 0x00000203d40468e0 7111       3       org.springframework.util.StringUtils::uncapitalizeAsProperty (45 bytes)
Event: 6.494 Thread 0x00000203d4138920 nmethod 7108 0x0000020380a34308 code [0x0000020380a34460, 0x0000020380a349c0]
Event: 6.495 Thread 0x00000203d4138920 7112   !   3       jdk.proxy2.$Proxy105::annotationType (28 bytes)
Event: 6.495 Thread 0x00000203d4113050 7113   !   3       jdk.proxy2.$Proxy106::annotationType (28 bytes)
Event: 6.495 Thread 0x00000203d4138920 nmethod 7112 0x0000020380a34a08 code [0x0000020380a34b40, 0x0000020380a34f28]
Event: 6.495 Thread 0x00000203d4113050 nmethod 7113 0x0000020380a34f88 code [0x0000020380a350c0, 0x0000020380a354a8]
Event: 6.495 Thread 0x00000203d40468e0 nmethod 7111 0x0000020380a35508 code [0x0000020380a35780, 0x0000020380a36be0]
Event: 6.496 Thread 0x00000203d4113050 7114       3       org.springframework.core.ResolvableType::<init> (39 bytes)
Event: 6.497 Thread 0x00000203d40468e0 7115   !   3       org.springframework.util.ReflectionUtils::invokeMethod (22 bytes)
Event: 6.497 Thread 0x00000203d4113050 nmethod 7114 0x0000020380a36c88 code [0x0000020380a36dc0, 0x0000020380a37188]
Event: 6.497 Thread 0x00000203d40468e0 nmethod 7115 0x0000020380a37208 code [0x0000020380a373e0, 0x0000020380a37d30]
Event: 6.498 Thread 0x00000203d4113050 7116       3       java.util.concurrent.ConcurrentLinkedQueue::updateHead (26 bytes)
Event: 6.498 Thread 0x00000203d40468e0 7117       3       sun.reflect.generics.reflectiveObjects.WildcardTypeImpl::hashCode (20 bytes)
Event: 6.499 Thread 0x00000203d40468e0 nmethod 7117 0x0000020380a37d88 code [0x0000020380a37ee0, 0x0000020380a38260]
Event: 6.499 Thread 0x00000203d4113050 nmethod 7116 0x0000020380a38288 code [0x0000020380a38560, 0x0000020380a39fc0]

GC Heap History (18 events):
Event: 0.966 GC heap before
{Heap before GC invocations=0 (full 0):
 garbage-first heap   total reserved 4118528K, committed 260096K, used 50292K [0x0000000704a00000, 0x0000000800000000)
  region size 2048K, 24 young (49152K), 0 survivors (0K)
 Metaspace       used 11513K, committed 11776K, reserved 1114112K
  class space    used 1158K, committed 1280K, reserved 1048576K
}
Event: 0.970 GC heap after
{Heap after GC invocations=1 (full 0):
 garbage-first heap   total reserved 4118528K, committed 260096K, used 10258K [0x0000000704a00000, 0x0000000800000000)
  region size 2048K, 3 young (6144K), 3 survivors (6144K)
 Metaspace       used 11513K, committed 11776K, reserved 1114112K
  class space    used 1158K, committed 1280K, reserved 1048576K
}
Event: 1.581 GC heap before
{Heap before GC invocations=1 (full 0):
 garbage-first heap   total reserved 4118528K, committed 260096K, used 49170K [0x0000000704a00000, 0x0000000800000000)
  region size 2048K, 23 young (47104K), 3 survivors (6144K)
 Metaspace       used 21213K, committed 21504K, reserved 1114112K
  class space    used 2047K, committed 2176K, reserved 1048576K
}
Event: 1.587 GC heap after
{Heap after GC invocations=2 (full 0):
 garbage-first heap   total reserved 4118528K, committed 260096K, used 15075K [0x0000000704a00000, 0x0000000800000000)
  region size 2048K, 6 young (12288K), 6 survivors (12288K)
 Metaspace       used 21213K, committed 21504K, reserved 1114112K
  class space    used 2047K, committed 2176K, reserved 1048576K
}
Event: 2.256 GC heap before
{Heap before GC invocations=3 (full 0):
 garbage-first heap   total reserved 4118528K, committed 61440K, used 58083K [0x0000000704a00000, 0x0000000800000000)
  region size 2048K, 27 young (55296K), 6 survivors (12288K)
 Metaspace       used 26946K, committed 27328K, reserved 1114112K
  class space    used 2688K, committed 2880K, reserved 1048576K
}
Event: 2.263 GC heap after
{Heap after GC invocations=4 (full 0):
 garbage-first heap   total reserved 4118528K, committed 77824K, used 18939K [0x0000000704a00000, 0x0000000800000000)
  region size 2048K, 5 young (10240K), 5 survivors (10240K)
 Metaspace       used 26946K, committed 27328K, reserved 1114112K
  class space    used 2688K, committed 2880K, reserved 1048576K
}
Event: 2.763 GC heap before
{Heap before GC invocations=4 (full 0):
 garbage-first heap   total reserved 4118528K, committed 77824K, used 51707K [0x0000000704a00000, 0x0000000800000000)
  region size 2048K, 21 young (43008K), 5 survivors (10240K)
 Metaspace       used 32447K, committed 32832K, reserved 1114112K
  class space    used 3325K, committed 3456K, reserved 1048576K
}
Event: 2.769 GC heap after
{Heap after GC invocations=5 (full 0):
 garbage-first heap   total reserved 4118528K, committed 77824K, used 21807K [0x0000000704a00000, 0x0000000800000000)
  region size 2048K, 2 young (4096K), 2 survivors (4096K)
 Metaspace       used 32447K, committed 32832K, reserved 1114112K
  class space    used 3325K, committed 3456K, reserved 1048576K
}
Event: 2.900 GC heap before
{Heap before GC invocations=5 (full 0):
 garbage-first heap   total reserved 4118528K, committed 77824K, used 29999K [0x0000000704a00000, 0x0000000800000000)
  region size 2048K, 7 young (14336K), 2 survivors (4096K)
 Metaspace       used 35596K, committed 35968K, reserved 1114112K
  class space    used 3609K, committed 3776K, reserved 1048576K
}
Event: 2.902 GC heap after
{Heap after GC invocations=6 (full 0):
 garbage-first heap   total reserved 4118528K, committed 77824K, used 22295K [0x0000000704a00000, 0x0000000800000000)
  region size 2048K, 2 young (4096K), 2 survivors (4096K)
 Metaspace       used 35596K, committed 35968K, reserved 1114112K
  class space    used 3609K, committed 3776K, reserved 1048576K
}
Event: 4.016 GC heap before
{Heap before GC invocations=7 (full 0):
 garbage-first heap   total reserved 4118528K, committed 77824K, used 59159K [0x0000000704a00000, 0x0000000800000000)
  region size 2048K, 20 young (40960K), 2 survivors (4096K)
 Metaspace       used 46852K, committed 47296K, reserved 1114112K
  class space    used 4881K, committed 5056K, reserved 1048576K
}
Event: 4.021 GC heap after
{Heap after GC invocations=8 (full 0):
 garbage-first heap   total reserved 4118528K, committed 77824K, used 25904K [0x0000000704a00000, 0x0000000800000000)
  region size 2048K, 3 young (6144K), 3 survivors (6144K)
 Metaspace       used 46852K, committed 47296K, reserved 1114112K
  class space    used 4881K, committed 5056K, reserved 1048576K
}
Event: 4.825 GC heap before
{Heap before GC invocations=8 (full 0):
 garbage-first heap   total reserved 4118528K, committed 77824K, used 60720K [0x0000000704a00000, 0x0000000800000000)
  region size 2048K, 20 young (40960K), 3 survivors (6144K)
 Metaspace       used 56862K, committed 57280K, reserved 1114112K
  class space    used 5797K, committed 5952K, reserved 1048576K
}
Event: 4.830 GC heap after
{Heap after GC invocations=9 (full 0):
 garbage-first heap   total reserved 4118528K, committed 77824K, used 27584K [0x0000000704a00000, 0x0000000800000000)
  region size 2048K, 3 young (6144K), 3 survivors (6144K)
 Metaspace       used 56862K, committed 57280K, reserved 1114112K
  class space    used 5797K, committed 5952K, reserved 1048576K
}
Event: 5.064 GC heap before
{Heap before GC invocations=9 (full 0):
 garbage-first heap   total reserved 4118528K, committed 77824K, used 31680K [0x0000000704a00000, 0x0000000800000000)
  region size 2048K, 7 young (14336K), 3 survivors (6144K)
 Metaspace       used 60489K, committed 60928K, reserved 1114112K
  class space    used 6239K, committed 6400K, reserved 1048576K
}
Event: 5.068 GC heap after
{Heap after GC invocations=10 (full 0):
 garbage-first heap   total reserved 4118528K, committed 77824K, used 28067K [0x0000000704a00000, 0x0000000800000000)
  region size 2048K, 2 young (4096K), 2 survivors (4096K)
 Metaspace       used 60489K, committed 60928K, reserved 1114112K
  class space    used 6239K, committed 6400K, reserved 1048576K
}
Event: 6.157 GC heap before
{Heap before GC invocations=11 (full 0):
 garbage-first heap   total reserved 4118528K, committed 77824K, used 62883K [0x0000000704a00000, 0x0000000800000000)
  region size 2048K, 19 young (38912K), 2 survivors (4096K)
 Metaspace       used 67994K, committed 68480K, reserved 1114112K
  class space    used 7166K, committed 7360K, reserved 1048576K
}
Event: 6.161 GC heap after
{Heap after GC invocations=12 (full 0):
 garbage-first heap   total reserved 4118528K, committed 77824K, used 29420K [0x0000000704a00000, 0x0000000800000000)
  region size 2048K, 2 young (4096K), 2 survivors (4096K)
 Metaspace       used 67994K, committed 68480K, reserved 1114112K
  class space    used 7166K, committed 7360K, reserved 1048576K
}

Dll operation events (12 events):
Event: 0.010 Loaded shared library C:\Program Files\Java\jdk-24\bin\java.dll
Event: 0.036 Loaded shared library C:\Program Files\Java\jdk-24\bin\jsvml.dll
Event: 0.136 Loaded shared library C:\Program Files\Java\jdk-24\bin\zip.dll
Event: 0.139 Loaded shared library C:\Program Files\Java\jdk-24\bin\instrument.dll
Event: 0.142 Loaded shared library C:\Program Files\Java\jdk-24\bin\net.dll
Event: 0.144 Loaded shared library C:\Program Files\Java\jdk-24\bin\nio.dll
Event: 0.147 Loaded shared library C:\Program Files\Java\jdk-24\bin\zip.dll
Event: 0.277 Loaded shared library C:\Program Files\Java\jdk-24\bin\extnet.dll
Event: 0.296 Loaded shared library C:\Program Files\Java\jdk-24\bin\jimage.dll
Event: 1.217 Loaded shared library C:\Program Files\Java\jdk-24\bin\sunmscapi.dll
Event: 2.538 Loaded shared library C:\Program Files\Java\jdk-24\bin\management.dll
Event: 2.539 Loaded shared library C:\Program Files\Java\jdk-24\bin\management_ext.dll

Deoptimization events (20 events):
Event: 6.400 Thread 0x00000203e9c99a60 Uncommon trap: trap_request=0xffffffde fr.pc=0x0000020387d90a10 relative=0x0000000000001290
Event: 6.400 Thread 0x00000203e9c99a60 Uncommon trap: reason=class_check action=maybe_recompile pc=0x0000020387d90a10 method=org.springframework.core.ResolvableType.equals(Ljava/lang/Object;)Z @ 77 c2
Event: 6.400 Thread 0x00000203e9c99a60 DEOPT PACKING pc=0x0000020387d90a10 sp=0x0000003f3b3fc260
Event: 6.400 Thread 0x00000203e9c99a60 DEOPT UNPACKING pc=0x0000020387577202 sp=0x0000003f3b3fc240 mode 2
Event: 6.408 Thread 0x00000203e9c99a60 Uncommon trap: trap_request=0xffffffde fr.pc=0x0000020387cf9074 relative=0x0000000000000dd4
Event: 6.408 Thread 0x00000203e9c99a60 Uncommon trap: reason=class_check action=maybe_recompile pc=0x0000020387cf9074 method=org.springframework.core.ResolvableType.calculateHashCode()I @ 43 c2
Event: 6.408 Thread 0x00000203e9c99a60 DEOPT PACKING pc=0x0000020387cf9074 sp=0x0000003f3b3fbf30
Event: 6.408 Thread 0x00000203e9c99a60 DEOPT UNPACKING pc=0x0000020387577202 sp=0x0000003f3b3fbe08 mode 2
Event: 6.452 Thread 0x00000203e9c99a60 Uncommon trap: trap_request=0xffffffde fr.pc=0x0000020387cf9074 relative=0x0000000000000dd4
Event: 6.452 Thread 0x00000203e9c99a60 Uncommon trap: reason=class_check action=maybe_recompile pc=0x0000020387cf9074 method=org.springframework.core.ResolvableType.calculateHashCode()I @ 43 c2
Event: 6.452 Thread 0x00000203e9c99a60 DEOPT PACKING pc=0x0000020387cf9074 sp=0x0000003f3b3fbc70
Event: 6.452 Thread 0x00000203e9c99a60 DEOPT UNPACKING pc=0x0000020387577202 sp=0x0000003f3b3fbb48 mode 2
Event: 6.469 Thread 0x00000203e9c99a60 Uncommon trap: trap_request=0xffffffde fr.pc=0x0000020387cf9074 relative=0x0000000000000dd4
Event: 6.469 Thread 0x00000203e9c99a60 Uncommon trap: reason=class_check action=maybe_recompile pc=0x0000020387cf9074 method=org.springframework.core.ResolvableType.calculateHashCode()I @ 43 c2
Event: 6.469 Thread 0x00000203e9c99a60 DEOPT PACKING pc=0x0000020387cf9074 sp=0x0000003f3b3fbca0
Event: 6.469 Thread 0x00000203e9c99a60 DEOPT UNPACKING pc=0x0000020387577202 sp=0x0000003f3b3fbb78 mode 2
Event: 6.474 Thread 0x00000203e9c99a60 Uncommon trap: trap_request=0xffffffde fr.pc=0x0000020387cf9074 relative=0x0000000000000dd4
Event: 6.474 Thread 0x00000203e9c99a60 Uncommon trap: reason=class_check action=maybe_recompile pc=0x0000020387cf9074 method=org.springframework.core.ResolvableType.calculateHashCode()I @ 43 c2
Event: 6.474 Thread 0x00000203e9c99a60 DEOPT PACKING pc=0x0000020387cf9074 sp=0x0000003f3b3fb880
Event: 6.474 Thread 0x00000203e9c99a60 DEOPT UNPACKING pc=0x0000020387577202 sp=0x0000003f3b3fb758 mode 2

Classes loaded (20 events):
Event: 5.383 Loading class java/lang/reflect/ReflectPermission
Event: 5.383 Loading class java/lang/reflect/ReflectPermission done
Event: 5.518 Loading class sun/reflect/generics/tree/DoubleSignature
Event: 5.518 Loading class sun/reflect/generics/tree/DoubleSignature done
Event: 5.518 Loading class sun/reflect/generics/tree/IntSignature
Event: 5.518 Loading class sun/reflect/generics/tree/IntSignature done
Event: 6.081 Loading class javax/naming/Reference
Event: 6.081 Loading class javax/naming/Reference done
Event: 6.204 Loading class java/lang/SafeVarargs
Event: 6.204 Loading class java/lang/SafeVarargs done
Event: 6.210 Loading class sun/reflect/generics/reflectiveObjects/GenericArrayTypeImpl
Event: 6.211 Loading class sun/reflect/generics/reflectiveObjects/GenericArrayTypeImpl done
Event: 6.416 Loading class java/util/WeakHashMap$KeyIterator
Event: 6.416 Loading class java/util/WeakHashMap$HashIterator
Event: 6.416 Loading class java/util/WeakHashMap$HashIterator done
Event: 6.417 Loading class java/util/WeakHashMap$KeyIterator done
Event: 6.417 Loading class java/util/WeakHashMap$EntrySet
Event: 6.418 Loading class java/util/WeakHashMap$EntrySet done
Event: 6.418 Loading class java/util/WeakHashMap$EntryIterator
Event: 6.418 Loading class java/util/WeakHashMap$EntryIterator done

Classes unloaded (0 events):
No events

Classes redefined (0 events):
No events

Internal exceptions (20 events):
Event: 4.896 Thread 0x00000203e9c99a60 Exception <a 'java/lang/NoSuchMethodError'{0x0000000714406a10}: 'java.lang.Object java.lang.invoke.DirectMethodHandle$Holder.invokeStaticInit(java.lang.Object, java.lang.Object, int, java.lang.Object)'> (0x0000000714406a10) 
thrown [s\open\src\hotspot\share\interpreter\linkResolver.cpp, line 805]
Event: 5.623 Thread 0x00000203e9c99a60 Exception <a 'java/lang/NoSuchMethodError'{0x00000007079b0300}: 'void java.lang.invoke.DirectMethodHandle$Holder.invokeSpecial(java.lang.Object, java.lang.Object, java.lang.Object, java.lang.Object, java.lang.Object, int, java.lang.Object, java.lang.Object)'> (0x00000007079b0300) 
thrown [s\open\src\hotspot\share\interpreter\linkResolver.cpp, line 805]
Event: 5.625 Thread 0x00000203e9c99a60 Exception <a 'java/lang/NoSuchMethodError'{0x00000007079e0a58}: 'void java.lang.invoke.DirectMethodHandle$Holder.invokeStaticInit(java.lang.Object, int, java.lang.Object, java.lang.Object, java.lang.Object, java.lang.Object)'> (0x00000007079e0a58) 
thrown [s\open\src\hotspot\share\interpreter\linkResolver.cpp, line 805]
Event: 5.664 Thread 0x00000203e9c99a60 Exception <a 'java/lang/NoSuchMethodError'{0x00000007076f26f0}: 'int java.lang.invoke.DirectMethodHandle$Holder.invokeStatic(java.lang.Object, java.lang.Object, java.lang.Object, java.lang.Object, java.lang.Object, java.lang.Object)'> (0x00000007076f26f0) 
thrown [s\open\src\hotspot\share\interpreter\linkResolver.cpp, line 805]
Event: 5.668 Thread 0x00000203e9c99a60 Exception <a 'java/lang/NoSuchMethodError'{0x00000007077139c0}: 'int java.lang.invoke.DirectMethodHandle$Holder.invokeStatic(java.lang.Object, java.lang.Object, java.lang.Object, java.lang.Object, java.lang.Object)'> (0x00000007077139c0) 
thrown [s\open\src\hotspot\share\interpreter\linkResolver.cpp, line 805]
Event: 5.708 Thread 0x00000203e9c99a60 Exception <a 'java/lang/NoSuchMethodError'{0x0000000707424518}: 'void java.lang.invoke.DirectMethodHandle$Holder.invokeInterface(java.lang.Object, java.lang.Object, int, java.lang.Object)'> (0x0000000707424518) 
thrown [s\open\src\hotspot\share\interpreter\linkResolver.cpp, line 805]
Event: 5.713 Thread 0x00000203e9c99a60 Exception <a 'java/lang/NoSuchMethodError'{0x000000070745b5a0}: 'java.lang.Object java.lang.invoke.DirectMethodHandle$Holder.newInvokeSpecial(java.lang.Object, java.lang.Object, int, java.lang.Object)'> (0x000000070745b5a0) 
thrown [s\open\src\hotspot\share\interpreter\linkResolver.cpp, line 805]
Event: 5.740 Thread 0x00000203e9c99a60 Exception <a 'java/lang/NoSuchMethodError'{0x00000007074fee70}: 'void java.lang.invoke.DirectMethodHandle$Holder.invokeSpecial(java.lang.Object, java.lang.Object, java.lang.Object, java.lang.Object, java.lang.Object, java.lang.Object, java.lang.Object, java.lang.Object)'> (0x00000007074fee70) 
thrown [s\open\src\hotspot\share\interpreter\linkResolver.cpp, line 805]
Event: 5.788 Thread 0x00000203e9c99a60 Exception <a 'java/lang/NoSuchMethodError'{0x000000070729bfa0}: 'int java.lang.invoke.DirectMethodHandle$Holder.invokeStatic(java.lang.Object, int, java.lang.Object)'> (0x000000070729bfa0) 
thrown [s\open\src\hotspot\share\interpreter\linkResolver.cpp, line 805]
Event: 5.800 Thread 0x00000203e9c99a60 Exception <a 'java/lang/NoSuchMethodError'{0x00000007072f8038}: 'java.lang.Object java.lang.invoke.Invokers$Holder.linkToTargetMethod(java.lang.Object, java.lang.Object, java.lang.Object, java.lang.Object, java.lang.Object, java.lang.Object, java.lang.Object, java.lang.Object, java.lang.Object, java.lang.Object, java.lang.Object, java.lang.Object)'> (0x00000007072f8038) 
thrown [s\open\src\hotspot\share\interpreter\linkResolver.cpp, line 805]
Event: 5.854 Thread 0x00000203e9c99a60 Exception <a 'java/lang/IncompatibleClassChangeError'{0x0000000707092dc0}: Found class java.lang.Object, but interface was expected> (0x0000000707092dc0) 
thrown [s\open\src\hotspot\share\interpreter\linkResolver.cpp, line 872]
Event: 5.877 Thread 0x00000203e9c99a60 Exception <a 'java/lang/NoSuchMethodError'{0x0000000707121368}: 'java.lang.Object java.lang.invoke.DirectMethodHandle$Holder.newInvokeSpecial(java.lang.Object, java.lang.Object, java.lang.Object, java.lang.Object, java.lang.Object, java.lang.Object, java.lang.Object, int)'> (0x0000000707121368) 
thrown [s\open\src\hotspot\share\interpreter\linkResolver.cpp, line 805]
Event: 5.878 Thread 0x00000203e9c99a60 Exception <a 'java/lang/NoSuchMethodError'{0x000000070712a990}: 'java.lang.Object java.lang.invoke.DirectMethodHandle$Holder.invokeSpecial(java.lang.Object, java.lang.Object, java.lang.Object, java.lang.Object, java.lang.Object, java.lang.Object, java.lang.Object, java.lang.Object, int)'> (0x000000070712a990) 
thrown [s\open\src\hotspot\share\interpreter\linkResolver.cpp, line 805]
Event: 5.878 Thread 0x00000203e9c99a60 Exception <a 'java/lang/NoSuchMethodError'{0x00000007071334f0}: 'java.lang.Object java.lang.invoke.Invokers$Holder.linkToTargetMethod(java.lang.Object, java.lang.Object, java.lang.Object, java.lang.Object, java.lang.Object, java.lang.Object, int, java.lang.Object)'> (0x00000007071334f0) 
thrown [s\open\src\hotspot\share\interpreter\linkResolver.cpp, line 805]
Event: 5.926 Thread 0x00000203e9c99a60 Exception <a 'java/lang/NoSuchMethodError'{0x0000000706e1e3f0}: 'java.lang.Object java.lang.invoke.DirectMethodHandle$Holder.newInvokeSpecial(java.lang.Object, java.lang.Object, int, java.lang.Object, int, java.lang.Object, java.lang.Object)'> (0x0000000706e1e3f0) 
thrown [s\open\src\hotspot\share\interpreter\linkResolver.cpp, line 805]
Event: 6.168 Thread 0x00000203e9c99a60 Exception <a 'java/lang/NoSuchMethodError'{0x00000007ffe09fa8}: 'void java.lang.invoke.Invokers$Holder.invokeExact_MT(java.lang.Object, java.lang.Object, java.lang.Object, java.lang.Object)'> (0x00000007ffe09fa8) 
thrown [s\open\src\hotspot\share\interpreter\linkResolver.cpp, line 805]
Event: 6.200 Thread 0x00000203e9c99a60 Implicit null exception at 0x0000020387e254f7 to 0x0000020387e257ec
Event: 6.224 Thread 0x00000203e9c99a60 Implicit null exception at 0x0000020387d89ec6 to 0x0000020387d8b5fc
Event: 6.236 Thread 0x00000203e9c99a60 Exception <a 'java/lang/IncompatibleClassChangeError'{0x00000007144cd930}: Found class java.lang.Object, but interface was expected> (0x00000007144cd930) 
thrown [s\open\src\hotspot\share\interpreter\linkResolver.cpp, line 872]
Event: 6.301 Thread 0x00000203e9c99a60 Exception <a 'java/lang/IncompatibleClassChangeError'{0x0000000711c5b7b0}: Found class java.lang.Object, but interface was expected> (0x0000000711c5b7b0) 
thrown [s\open\src\hotspot\share\interpreter\linkResolver.cpp, line 872]

VM Operations (20 events):
Event: 4.016 Executing VM operation: G1CollectForAllocation (G1 Evacuation Pause)
Event: 4.021 Executing VM operation: G1CollectForAllocation (G1 Evacuation Pause) done
Event: 4.825 Executing VM operation: G1CollectForAllocation (G1 Evacuation Pause)
Event: 4.830 Executing VM operation: G1CollectForAllocation (G1 Evacuation Pause) done
Event: 5.063 Executing VM operation: CollectForMetadataAllocation (Metadata GC Threshold)
Event: 5.068 Executing VM operation: CollectForMetadataAllocation (Metadata GC Threshold) done
Event: 5.085 Executing VM operation: G1PauseRemark
Event: 5.089 Executing VM operation: G1PauseRemark done
Event: 5.096 Executing VM operation: G1PauseCleanup
Event: 5.097 Executing VM operation: G1PauseCleanup done
Event: 5.208 Executing VM operation: HandshakeAllThreads (Deoptimize)
Event: 5.208 Executing VM operation: HandshakeAllThreads (Deoptimize) done
Event: 5.213 Executing VM operation: HandshakeAllThreads (Deoptimize)
Event: 5.213 Executing VM operation: HandshakeAllThreads (Deoptimize) done
Event: 5.240 Executing VM operation: HandshakeAllThreads (Deoptimize)
Event: 5.240 Executing VM operation: HandshakeAllThreads (Deoptimize) done
Event: 6.039 Executing VM operation: HandshakeAllThreads (Deoptimize)
Event: 6.039 Executing VM operation: HandshakeAllThreads (Deoptimize) done
Event: 6.157 Executing VM operation: G1CollectForAllocation (G1 Evacuation Pause)
Event: 6.161 Executing VM operation: G1CollectForAllocation (G1 Evacuation Pause) done

Memory protections (0 events):
No events

Nmethod flushes (20 events):
Event: 5.088 Thread 0x00000203f8020d70 flushing  nmethod 0x0000020380521108
Event: 5.088 Thread 0x00000203f8020d70 flushing  nmethod 0x0000020380521c88
Event: 5.088 Thread 0x00000203f8020d70 flushing  nmethod 0x0000020380566408
Event: 5.088 Thread 0x00000203f8020d70 flushing  nmethod 0x00000203805a6b88
Event: 5.088 Thread 0x00000203f8020d70 flushing  nmethod 0x00000203805a9a08
Event: 5.088 Thread 0x00000203f8020d70 flushing  nmethod 0x0000020380662408
Event: 5.088 Thread 0x00000203f8020d70 flushing  nmethod 0x0000020380663688
Event: 5.088 Thread 0x00000203f8020d70 flushing  nmethod 0x0000020380666088
Event: 5.088 Thread 0x00000203f8020d70 flushing  nmethod 0x0000020380666c08
Event: 5.088 Thread 0x00000203f8020d70 flushing  nmethod 0x000002038068d408
Event: 5.088 Thread 0x00000203f8020d70 flushing  nmethod 0x00000203806b4108
Event: 5.088 Thread 0x00000203f8020d70 flushing  nmethod 0x00000203806b6a88
Event: 5.088 Thread 0x00000203f8020d70 flushing  nmethod 0x00000203806e8c08
Event: 5.088 Thread 0x00000203f8020d70 flushing  nmethod 0x00000203806eb188
Event: 5.088 Thread 0x00000203f8020d70 flushing  nmethod 0x00000203806eb608
Event: 5.088 Thread 0x00000203f8020d70 flushing  nmethod 0x00000203806ed888
Event: 5.088 Thread 0x00000203f8020d70 flushing  nmethod 0x000002038074c788
Event: 5.088 Thread 0x00000203f8020d70 flushing  nmethod 0x000002038074db08
Event: 5.088 Thread 0x00000203f8020d70 flushing  nmethod 0x000002038075b308
Event: 5.088 Thread 0x00000203f8020d70 flushing  nmethod 0x000002038075d288

Events (20 events):
Event: 0.130 Thread 0x00000203d4113050 Thread added: 0x00000203d418eb20
Event: 0.130 Thread 0x00000203d40468e0 Thread added: 0x00000203d4190580
Event: 0.141 Thread 0x00000203e9c99a60 Thread added: 0x00000203d42e02f0
Event: 0.271 Thread 0x00000203e9c99a60 Thread added: 0x00000203d468e810
Event: 0.271 Thread 0x00000203e9c99a60 Thread added: 0x00000203d468f1d0
Event: 0.907 Thread 0x00000203e9c99a60 Thread added: 0x00000203d50b7230
Event: 1.310 Thread 0x00000203d4138920 Thread added: 0x00000203d58f2a20
Event: 1.329 Thread 0x00000203d50b7230 Thread exited: 0x00000203d50b7230
Event: 1.361 Thread 0x00000203e9c99a60 Thread added: 0x00000203d5c3da40
Event: 1.414 Thread 0x00000203d5c3da40 Thread exited: 0x00000203d5c3da40
Event: 2.630 Thread 0x00000203e9c99a60 Thread added: 0x00000203d709af90
Event: 2.631 Thread 0x00000203d709af90 Thread added: 0x00000203d709b6e0
Event: 2.634 Thread 0x00000203e9c99a60 Thread added: 0x00000203d709a840
Event: 2.669 Thread 0x00000203e9c99a60 Thread added: 0x00000203d709be30
Event: 3.061 Thread 0x00000203e9c99a60 Thread added: 0x00000203d709ccd0
Event: 3.176 Thread 0x00000203d709ccd0 Thread added: 0x00000203d709d420
Event: 4.298 Thread 0x00000203d58f2a20 Thread exited: 0x00000203d58f2a20
Event: 4.495 Thread 0x00000203d4190580 Thread exited: 0x00000203d4190580
Event: 4.660 Thread 0x00000203d418eb20 Thread exited: 0x00000203d418eb20
Event: 5.944 Thread 0x00000203d4022670 Thread added: 0x00000203d4ed14d0


Dynamic libraries:
0x00007ff6d1a30000 - 0x00007ff6d1a40000 	C:\Program Files\Java\jdk-24\bin\java.exe
0x00007ffc52860000 - 0x00007ffc52ac7000 	C:\WINDOWS\SYSTEM32\ntdll.dll
0x00007ffc51a40000 - 0x00007ffc51b09000 	C:\WINDOWS\System32\KERNEL32.DLL
0x00007ffc4fbe0000 - 0x00007ffc4ffcf000 	C:\WINDOWS\System32\KERNELBASE.dll
0x00007ffc4ffe0000 - 0x00007ffc5012b000 	C:\WINDOWS\System32\ucrtbase.dll
0x00007ffc49360000 - 0x00007ffc49376000 	C:\Program Files\Java\jdk-24\bin\jli.dll
0x00007ffc347a0000 - 0x00007ffc347bb000 	C:\Program Files\Java\jdk-24\bin\VCRUNTIME140.dll
0x00007ffc508e0000 - 0x00007ffc50aa5000 	C:\WINDOWS\System32\USER32.dll
0x00007ffc37d40000 - 0x00007ffc37fd3000 	C:\WINDOWS\WinSxS\amd64_microsoft.windows.common-controls_6595b64144ccf1df_6.0.26100.7309_none_3e05feeae336a044\COMCTL32.dll
0x00007ffc505d0000 - 0x00007ffc505f7000 	C:\WINDOWS\System32\win32u.dll
0x00007ffc50ab0000 - 0x00007ffc50adb000 	C:\WINDOWS\System32\GDI32.dll
0x00007ffc51de0000 - 0x00007ffc51e89000 	C:\WINDOWS\System32\msvcrt.dll
0x00007ffc502a0000 - 0x00007ffc503cc000 	C:\WINDOWS\System32\gdi32full.dll
0x00007ffc4fb30000 - 0x00007ffc4fbd3000 	C:\WINDOWS\System32\msvcp_win.dll
0x00007ffc51c50000 - 0x00007ffc51c81000 	C:\WINDOWS\System32\IMM32.DLL
0x00007ffc4c3e0000 - 0x00007ffc4c3ec000 	C:\Program Files\Java\jdk-24\bin\vcruntime140_1.dll
0x00007ffc07ca0000 - 0x00007ffc07d2e000 	C:\Program Files\Java\jdk-24\bin\msvcp140.dll
0x00007ffb89690000 - 0x00007ffb8a432000 	C:\Program Files\Java\jdk-24\bin\server\jvm.dll
0x00007ffc51980000 - 0x00007ffc51a34000 	C:\WINDOWS\System32\ADVAPI32.dll
0x00007ffc51c90000 - 0x00007ffc51d36000 	C:\WINDOWS\System32\sechost.dll
0x00007ffc51860000 - 0x00007ffc51978000 	C:\WINDOWS\System32\RPCRT4.dll
0x00007ffc52690000 - 0x00007ffc52704000 	C:\WINDOWS\System32\WS2_32.dll
0x00007ffc4f810000 - 0x00007ffc4f86e000 	C:\WINDOWS\SYSTEM32\POWRPROF.dll
0x00007ffc49720000 - 0x00007ffc4972b000 	C:\WINDOWS\SYSTEM32\VERSION.dll
0x00007ffc389b0000 - 0x00007ffc389e5000 	C:\WINDOWS\SYSTEM32\WINMM.dll
0x00007ffc4f7f0000 - 0x00007ffc4f804000 	C:\WINDOWS\SYSTEM32\UMPDC.dll
0x00007ffc4e740000 - 0x00007ffc4e75b000 	C:\WINDOWS\SYSTEM32\kernel.appcore.dll
0x00007ffc49350000 - 0x00007ffc4935a000 	C:\Program Files\Java\jdk-24\bin\jimage.dll
0x00007ffc4d0c0000 - 0x00007ffc4d302000 	C:\WINDOWS\SYSTEM32\DBGHELP.DLL
0x00007ffc51e90000 - 0x00007ffc52216000 	C:\WINDOWS\System32\combase.dll
0x00007ffc523c0000 - 0x00007ffc52496000 	C:\WINDOWS\System32\OLEAUT32.dll
0x00007ffc35ba0000 - 0x00007ffc35bdc000 	C:\WINDOWS\SYSTEM32\dbgcore.DLL
0x00007ffc503d0000 - 0x00007ffc50475000 	C:\WINDOWS\System32\bcryptPrimitives.dll
0x00007ffc34790000 - 0x00007ffc3479f000 	C:\Program Files\Java\jdk-24\bin\instrument.dll
0x00007ffc1e0e0000 - 0x00007ffc1e0fe000 	C:\Program Files\Java\jdk-24\bin\java.dll
0x00007ffc52220000 - 0x00007ffc523b7000 	C:\WINDOWS\System32\ole32.dll
0x00007ffc50af0000 - 0x00007ffc51243000 	C:\WINDOWS\System32\SHELL32.dll
0x00007ffc50130000 - 0x00007ffc5029a000 	C:\WINDOWS\System32\wintypes.dll
0x00007ffc4d590000 - 0x00007ffc4ddee000 	C:\WINDOWS\SYSTEM32\windows.storage.dll
0x00007ffc524c0000 - 0x00007ffc525b5000 	C:\WINDOWS\System32\SHCORE.dll
0x00007ffc525c0000 - 0x00007ffc52626000 	C:\WINDOWS\System32\shlwapi.dll
0x00007ffc4f8d0000 - 0x00007ffc4f8f9000 	C:\WINDOWS\SYSTEM32\profapi.dll
0x00007ffc075b0000 - 0x00007ffc07687000 	C:\Program Files\Java\jdk-24\bin\jsvml.dll
0x00007ffc1a2e0000 - 0x00007ffc1a2f7000 	C:\Program Files\Java\jdk-24\bin\zip.dll
0x00007ffc34780000 - 0x00007ffc34790000 	C:\Program Files\Java\jdk-24\bin\net.dll
0x00007ffc4ecd0000 - 0x00007ffc4ed3b000 	C:\WINDOWS\system32\mswsock.dll
0x00007ffc1a760000 - 0x00007ffc1a776000 	C:\Program Files\Java\jdk-24\bin\nio.dll
0x00007ffc1a7a0000 - 0x00007ffc1a7a9000 	C:\Program Files\Java\jdk-24\bin\extnet.dll
0x00007ffc1e2c0000 - 0x00007ffc1e2ce000 	C:\Program Files\Java\jdk-24\bin\sunmscapi.dll
0x00007ffc4f9b0000 - 0x00007ffc4fb27000 	C:\WINDOWS\System32\CRYPT32.dll
0x00007ffc4f1b0000 - 0x00007ffc4f1e0000 	C:\WINDOWS\SYSTEM32\ncrypt.dll
0x00007ffc4f160000 - 0x00007ffc4f19f000 	C:\WINDOWS\SYSTEM32\NTASN1.dll
0x00007ffc4ef90000 - 0x00007ffc4efab000 	C:\WINDOWS\SYSTEM32\CRYPTSP.dll
0x00007ffc4e6a0000 - 0x00007ffc4e6da000 	C:\WINDOWS\system32\rsaenh.dll
0x00007ffc4ed80000 - 0x00007ffc4edab000 	C:\WINDOWS\SYSTEM32\USERENV.dll
0x00007ffc4f8a0000 - 0x00007ffc4f8ca000 	C:\WINDOWS\SYSTEM32\bcrypt.dll
0x00007ffc4efb0000 - 0x00007ffc4efbc000 	C:\WINDOWS\SYSTEM32\CRYPTBASE.dll
0x00007ffc4e120000 - 0x00007ffc4e154000 	C:\WINDOWS\SYSTEM32\IPHLPAPI.DLL
0x00007ffc51d70000 - 0x00007ffc51d7a000 	C:\WINDOWS\System32\NSI.dll
0x00007ffc1a820000 - 0x00007ffc1a82a000 	C:\Program Files\Java\jdk-24\bin\management.dll
0x00007ffc1a560000 - 0x00007ffc1a56b000 	C:\Program Files\Java\jdk-24\bin\management_ext.dll
0x00007ffc51dd0000 - 0x00007ffc51dd8000 	C:\WINDOWS\System32\PSAPI.DLL
0x00007ffc4e1b0000 - 0x00007ffc4e2dc000 	C:\WINDOWS\SYSTEM32\DNSAPI.dll
0x00007ffc40e70000 - 0x00007ffc40e7b000 	C:\Windows\System32\rasadhlp.dll
0x00007ffc467f0000 - 0x00007ffc46876000 	C:\WINDOWS\System32\fwpuclnt.dll

JVMTI agents:
C:\Program Files\JetBrains\IntelliJ IDEA Community Edition 2025.1.3\lib\idea_rt.jar path:C:\Program Files\Java\jdk-24\bin\instrument.dll, loaded, initialized, instrumentlib options:53150

dbghelp: loaded successfully - version: 4.0.5 - missing functions: none
symbol engine: initialized successfully - sym options: 0x614 - pdb path: .;C:\Program Files\Java\jdk-24\bin;C:\WINDOWS\SYSTEM32;C:\WINDOWS\WinSxS\amd64_microsoft.windows.common-controls_6595b64144ccf1df_6.0.26100.7309_none_3e05feeae336a044;C:\Program Files\Java\jdk-24\bin\server

VM Arguments:
jvm_args: -javaagent:C:\Program Files\JetBrains\IntelliJ IDEA Community Edition 2025.1.3\lib\idea_rt.jar=53150 -Dfile.encoding=UTF-8 -Dsun.stdout.encoding=UTF-8 -Dsun.stderr.encoding=UTF-8 
java_command: e_commerce.api.e_commerce.ECommerceApplication
java_class_path (initial): C:\Users\M.S.I\Documents\E-commerce-API\e-commerce\target\classes;C:\Users\M.S.I\.m2\repository\org\springframework\boot\spring-boot-starter-webmvc\4.0.0\spring-boot-starter-webmvc-4.0.0.jar;C:\Users\M.S.I\.m2\repository\org\springframework\boot\spring-boot-starter\4.0.0\spring-boot-starter-4.0.0.jar;C:\Users\M.S.I\.m2\repository\org\springframework\boot\spring-boot-starter-logging\4.0.0\spring-boot-starter-logging-4.0.0.jar;C:\Users\M.S.I\.m2\repository\ch\qos\logback\logback-classic\1.5.21\logback-classic-1.5.21.jar;C:\Users\M.S.I\.m2\repository\ch\qos\logback\logback-core\1.5.21\logback-core-1.5.21.jar;C:\Users\M.S.I\.m2\repository\org\apache\logging\log4j\log4j-to-slf4j\2.25.2\log4j-to-slf4j-2.25.2.jar;C:\Users\M.S.I\.m2\repository\org\apache\logging\log4j\log4j-api\2.25.2\log4j-api-2.25.2.jar;C:\Users\M.S.I\.m2\repository\org\slf4j\jul-to-slf4j\2.0.17\jul-to-slf4j-2.0.17.jar;C:\Users\M.S.I\.m2\repository\org\springframework\boot\spring-boot-autoconfigure\4.0.0\spring-boot-autoconfigure-4.0.0.jar;C:\Users\M.S.I\.m2\repository\jakarta\annotation\jakarta.annotation-api\3.0.0\jakarta.annotation-api-3.0.0.jar;C:\Users\M.S.I\.m2\repository\org\yaml\snakeyaml\2.5\snakeyaml-2.5.jar;C:\Users\M.S.I\.m2\repository\org\springframework\boot\spring-boot-starter-jackson\4.0.0\spring-boot-starter-jackson-4.0.0.jar;C:\Users\M.S.I\.m2\repository\org\springframework\boot\spring-boot-jackson\4.0.0\spring-boot-jackson-4.0.0.jar;C:\Users\M.S.I\.m2\repository\tools\jackson\core\jackson-databind\3.0.2\jackson-databind-3.0.2.jar;C:\Users\M.S.I\.m2\repository\tools\jackson\core\jackson-core\3.0.2\jackson-core-3.0.2.jar;C:\Users\M.S.I\.m2\repository\org\springframework\boot\spring-boot-starter-tomcat\4.0.0\spring-boot-starter-tomcat-4.0.0.jar;C:\Users\M.S.I\.m2\repository\org\springframework\boot\spring-boot-starter-tomcat-runtime\4.0.0\spring-boot-starter-tomcat-runtime-4.0.0.jar;C:\Users\M.S.I\.m2\repository\org\apache\tomcat\embed\tomcat-embed-core\11.0.14\tomcat-embed-core-11.0.14.jar;C:\Users\M.S.I\.m2\repository\org\apache\tomcat\embed\tomcat-embed-el\11.0.14\tomcat-embed-el-11.0.14.jar;C:\Users\M.S.I\.m2\repository\org\apache\tomcat\embed\tomcat-embed-websocket\11.0.14\tomcat-embed-websocket-11.0.14.jar;C:\Users\M.S.I\.m2\repository\org\springframework\boot\spring-boot-tomcat\4.0.0\spring-boot-tomcat-4.0.0.jar;C:\Users\M.S.I\.m2\repository\org\springframework\boot\spring-boot-http-converter\4.0.0\spring-boot-http-converter-4.0.0.jar;C:\Users\M.S.I\.m2\repository\org\springframework\boot\spring-boot\4.0.0\spring-boot-4.0.0.jar;C:\Users\M.S.I\.m2\repository\org\springframework\spring-context\7.0.1\spring-context-7.0.1.jar;C:\Users\M.S.I\.m2\repository\org\springframework\spring-web\7.0.1\spring-web-7.0.1.jar;C:\Users\M.S.I\.m2\repository\org\springframework\spring-beans\7.0.1\spring-beans-7.0.1.jar;C:\Users\M.S.I\.m2\repository\io\micrometer\micrometer-observation\1.16.0\micrometer-observation-1.16.0.jar;C:\Users\M.S.I\.m2\repository\io\micrometer\micrometer-commons\1.16.0\micrometer-commons-1.16.0.jar;C:\Users\M.S.I\.m2\repository\org\springframework\boot\spring-boot-webmvc\4.0.0\spring-boot-webmvc-4.0.0.jar;C:\Users\M.S.I\.m2\repository\org\springframework\boot\spring-boot-servlet\4.0.0\spring-boot-servlet-4.0.0.jar;C:\Users\M.S.I\.m2\repository\org\springframework\spring-webmvc\7.0.1\spring-webmvc-7.0.1.jar;C:\Users\M.S.I\.m2\repository\org\springframework\spring-aop\7.0.1\spring-aop-7.0.1.jar;C:\Users\M.S.I\.m2\repository\org\springframework\spring-expression\7.0.1\spring-expression-7.0.1.jar;C:\Users\M.S.I\.m2\repository\org\slf4j\slf4j-api\2.0.17\slf4j-api-2.0.17.jar;C:\Users\M.S.I\.m2\repository\jakarta\xml\bind\jakarta.xml.bind-api\4.0.4\jakarta.xml.bind-api-4.0.4.jar;C:\Users\M.S.I\.m2\repository\jakarta\activation\jakarta.activation-api\2.1.4\jakarta.activation-api-2.1.4.jar;C:\Users\M.S.I\.m2\repository\net\bytebuddy\byte-buddy\1.17.8\byte-buddy-1.17.8.jar;C:\Users\M.S.I\.m2\repository\org\springframework\spring-core\7.0.1\spring-core-7.0.1.jar;C:\Users\M.S.I\.m2\repository\commons-logging\commons-logging\1.3.5\commons-logging-1.3.5.jar;C:\Users\M.S.I\.m2\repository\org\jspecify\jspecify\1.0.0\jspecify-1.0.0.jar;C:\Users\M.S.I\.m2\repository\org\springframework\boot\spring-boot-web-server\4.0.0\spring-boot-web-server-4.0.0.jar;C:\Users\M.S.I\.m2\repository\org\springframework\boot\spring-boot-starter-web\4.0.0\spring-boot-starter-web-4.0.0.jar;C:\Users\M.S.I\.m2\repository\org\springframework\boot\spring-boot-starter-data-jpa\4.0.0\spring-boot-starter-data-jpa-4.0.0.jar;C:\Users\M.S.I\.m2\repository\org\springframework\boot\spring-boot-starter-jdbc\4.0.0\spring-boot-starter-jdbc-4.0.0.jar;C:\Users\M.S.I\.m2\repository\com\zaxxer\HikariCP\7.0.2\HikariCP-7.0.2.jar;C:\Users\M.S.I\.m2\repository\org\springframework\boot\spring-boot-data-jpa\4.0.0\spring-boot-data-jpa-4.0.0.jar;C:\Users\M.S.I\.m2\repository\org\springframework\boot\spring-boot-data-commons\4.0.0\spring-boot-data-commons-4.0.0.jar;C:\Users\M.S.I\.m2\repository\org\springframework\boot\spring-boot-persistence\4.0.0\spring-boot-persistence-4.0.0.jar;C:\Users\M.S.I\.m2\repository\org\springframework\data\spring-data-commons\4.0.0\spring-data-commons-4.0.0.jar;C:\Users\M.S.I\.m2\repository\org\springframework\boot\spring-boot-hibernate\4.0.0\spring-boot-hibernate-4.0.0.jar;C:\Users\M.S.I\.m2\repository\org\springframework\boot\spring-boot-jpa\4.0.0\spring-boot-jpa-4.0.0.jar;C:\Users\M.S.I\.m2\repository\jakarta\persistence\jakarta.persistence-api\3.2.0\jakarta.persistence-api-3.2.0.jar;C:\Users\M.S.I\.m2\repository\org\hibernate\orm\hibernate-core\7.1.8.Final\hibernate-core-7.1.8.Final.jar;C:\Users\M.S.I\.m2\repository\jakarta\transaction\jakarta.transaction-api\2.0.1\jakarta.transaction-api-2.0.1.jar;C:\Users\M.S.I\.m2\repository\org\jboss\logging\jboss-logging\3.6.1.Final\jboss-logging-3.6.1.Final.jar;C:\Users\M.S.I\.m2\repository\org\hibernate\models\hibernate-models\1.0.1\hibernate-models-1.0.1.jar;C:\Users\M.S.I\.m2\repository\com\fasterxml\classmate\1.7.1\classmate-1.7.1.jar;C:\Users\M.S.I\.m2\repository\org\glassfish\jaxb\jaxb-runtime\4.0.6\jaxb-runtime-4.0.6.jar;C:\Users\M.S.I\.m2\repository\org\glassfish\jaxb\jaxb-core\4.0.6\jaxb-core-4.0.6.jar;C:\Users\M.S.I\.m2\repository\org\eclipse\angus\angus-activation\2.0.3\angus-activation-2.0.3.jar;C:\Users\M.S.I\.m2\repository\org\glassfish\jaxb\txw2\4.0.6\txw2-4.0.6.jar;C:\Users\M.S.I\.m2\repository\com\sun\istack\istack-commons-runtime\4.1.2\istack-commons-runtime-4.1.2.jar;C:\Users\M.S.I\.m2\repository\jakarta\inject\jakarta.inject-api\2.0.1\jakarta.inject-api-2.0.1.jar;C:\Users\M.S.I\.m2\repository\org\springframework\spring-orm\7.0.1\spring-orm-7.0.1.jar;C:\Users\M.S.I\.m2\repository\org\springframework\data\spring-data-jpa\4.0.0\spring-data-jpa-4.0.0.jar;C:\Users\M.S.I\.m2\repository\org\springframework\spring-tx\7.0.1\spring-tx-7.0.1.jar;C:\Users\M.S.I\.m2\repository\org\antlr\antlr4-runtime\4.13.2\antlr4-runtime-4.13.2.jar;C:\Users\M.S.I\.m2\repository\org\springframework\spring-aspects\7.0.1\spring-aspects-7.0.1.jar;C:\Users\M.S.I\.m2\repository\org\aspectj\aspectjweaver\1.9.25\aspectjweaver-1.9.25.jar;C:\Users\M.S.I\.m2\repository\org\springframework\boot\spring-boot-jdbc\4.0.0\spring-boot-jdbc-4.0.0.jar;C:\Users\M.S.I\.m2\repository\org\springframework\boot\spring-boot-sql\4.0.0\spring-boot-sql-4.0.0.jar;C:\Users\M.S.I\.m2\repository\org\springframework\boot\spring-boot-transaction\4.0.0\spring-boot-transaction-4.0.0.jar;C:\Users\M.S.I\.m2\repository\org\springframework\spring-jdbc\7.0.1\spring-jdbc-7.0.1.jar;C:\Users\M.S.I\.m2\repository\com\mysql\mysql-connector-j\9.5.0\mysql-connector-j-9.5.0.jar;C:\Users\M.S.I\.m2\repository\org\flywaydb\flyway-core\11.14.1\flyway-core-11.14.1.jar;C:\Users\M.S.I\.m2\repository\com\fasterxml\jackson\core\jackson-databind\2.20.1\jackson-databind-2.20.1.jar;C:\Users\M.S.I\.m2\repository\com\fasterxml\jackson\core\jackson-annotations\2.20\jackson-annotations-2.20.jar;C:\Users\M.S.I\.m2\repository\com\fasterxml\jackson\core\jackson-core\2.20.1\jackson-core-2.20.1.jar
Launcher Type: SUN_STANDARD

[Global flags]
     intx CICompilerCount                          = 12                                        {product} {ergonomic}
     uint ConcGCThreads                            = 3                                         {product} {ergonomic}
     uint G1ConcRefinementThreads                  = 13                                        {product} {ergonomic}
   size_t G1HeapRegionSize                         = 2097152                                   {product} {ergonomic}
   size_t InitialHeapSize                          = 264241152                                 {product} {ergonomic}
   size_t MarkStackSize                            = 4194304                                   {product} {ergonomic}
   size_t MarkStackSizeMax                         = 536870912                                 {product} {ergonomic}
   size_t MaxHeapSize                              = 4217372672                                {product} {ergonomic}
   size_t MaxNewSize                               = 2529165312                                {product} {ergonomic}
   size_t MinHeapDeltaBytes                        = 2097152                                   {product} {ergonomic}
   size_t MinHeapSize                              = 8388608                                   {product} {ergonomic}
    uintx NonNMethodCodeHeapSize                   = 7602176                                {pd product} {ergonomic}
    uintx NonProfiledCodeHeapSize                  = 122093568                              {pd product} {ergonomic}
    uintx ProfiledCodeHeapSize                     = 121962496                              {pd product} {ergonomic}
    uintx ReservedCodeCacheSize                    = 251658240                              {pd product} {ergonomic}
     bool SegmentedCodeCache                       = true                                      {product} {ergonomic}
   size_t SoftMaxHeapSize                          = 4217372672                             {manageable} {ergonomic}
     bool UseCompressedOops                        = true                           {product lp64_product} {ergonomic}
     bool UseG1GC                                  = true                                      {product} {ergonomic}
     bool UseLargePagesIndividualAllocation        = false                                  {pd product} {ergonomic}

Logging:
Log output configuration:
 #0: stdout all=warning uptime,level,tags foldmultilines=false
 #1: stderr all=off uptime,level,tags foldmultilines=false

Environment Variables:
JAVA_HOME=C:\Program Files\Java\jdk-17
PATH=C:\Program Files\Git\usr\local\bin;C:\Program Files\Git\bin;C:\Program Files\Eclipse Adoptium\jdk-11.0.24.8-hotspot\bin;C:\Program Files\Eclipse Adoptium\jdk-17.0.15.6-hotspot\bin;C:\Program Files\Java\jdk-24\bin;C:\Program Files\apache-maven-3.9.9\bin;C:\Windows\System32;C:\Program Files\Java\jdk-24\bin;C:\Program Files\nodejs\;C:\Program Files\Git\cmd;C:\Users\M.S.I\AppData\Local\Programs\Python\Python311\Scripts\;C:\Users\M.S.I\AppData\Local\Programs\Python\Python311\;C:\Users\M.S.I\AppData\Local\Microsoft\WindowsApps;C:\Users\M.S.I\AppData\Local\JetBrains\Toolbox\scripts;C:\Program Files\JetBrains\IntelliJ IDEA Community Edition 2025.1.3\bin;;C:\Program Files\JetBrains\PyCharm Community Edition 2023.1.1\bin;;C:\Program Files\JetBrains\IntelliJ IDEA 2025.1.3\bin;;C:\Program Files\Azure Data Studio\bin;C:\Users\M.S.I\AppData\Local\Microsoft\WindowsApps;C:\Users\M.S.I\AppData\Local\Programs\Microsoft VS Code\bin;C:\Users\M.S.I\AppData\Roaming\npm
USERNAME=M.S.I
OS=Windows_NT
PROCESSOR_IDENTIFIER=Intel64 Family 6 Model 141 Stepping 1, GenuineIntel
TMP=C:\Users\MS1E84~1.I\AppData\Local\Temp
TEMP=C:\Users\MS1E84~1.I\AppData\Local\Temp




Periodic native trim disabled

---------------  S Y S T E M  ---------------

OS:
 Windows 11 , 64 bit Build 26100 (10.0.26100.7623)
OS uptime: 1 days 20:07 hours
Hyper-V role detected

CPU: total 16 (initial active 16) (8 cores per cpu, 2 threads per core) family 6 model 141 stepping 1 microcode 0x34, cx8, cmov, fxsr, ht, mmx, 3dnowpref, sse, sse2, sse3, ssse3, sse4.1, sse4.2, popcnt, lzcnt, tsc, tscinvbit, avx, avx2, aes, erms, clmul, bmi1, bmi2, adx, avx512f, avx512dq, avx512cd, avx512bw, avx512vl, sha, fma, vzeroupper, avx512_vpopcntdq, avx512_vpclmulqdq, avx512_vaes, avx512_vnni, clflush, clflushopt, clwb, avx512_vbmi2, avx512_vbmi, hv, rdtscp, rdpid, fsrm, gfni, avx512_bitalg, f16c, cet_ibt, cet_ss, avx512_ifma
Processor Information for the first 16 processors :
  Max Mhz: 2304, Current Mhz: 2304, Mhz Limit: 2304

Memory: 4k page, system-wide physical 16085M (2702M free)
TotalPageFile size 18133M (AvailPageFile size 5M)
current process WorkingSet (physical memory assigned to process): 256M, peak: 264M
current process commit charge ("private bytes"): 299M, peak: 425M

vm_info: Java HotSpot(TM) 64-Bit Server VM (24.0.1+9-30) for windows-amd64 JRE (24.0.1+9-30), built on 2025-03-05T07:23:45Z with MS VC++ 17.6 (VS2022)

END.
