#
# There is insufficient memory for the Java Runtime Environment to continue.
# Native memory allocation (malloc) failed to allocate 8642000 bytes. Error detail: Chunk::new
# Possible reasons:
#   The system is out of physical RAM or swap space
#   This process is running with CompressedOops enabled, and the Java Heap may be blocking the growth of the native heap
# Possible solutions:
#   Reduce memory load on the system
#   Increase physical memory or swap space
#   Check if swap backing store is full
#   Decrease Java heap size (-Xmx/-Xms)
#   Decrease number of Java threads
#   Decrease Java thread stack sizes (-Xss)
#   Set larger code cache with -XX:ReservedCodeCacheSize=
#   JVM is running with Zero Based Compressed Oops mode in which the Java heap is
#     placed in the first 32GB address space. The Java Heap base address is the
#     maximum limit for the native heap growth. Please use -XX:HeapBaseMinAddress
#     to set the Java Heap base and to place the Java Heap above 32GB virtual address.
# This output file may be truncated or incomplete.
#
#  Out of Memory Error (arena.cpp:162), pid=13624, tid=25192
#
# JRE version: Java(TM) SE Runtime Environment (24.0.1+9) (build 24.0.1+9-30)
# Java VM: Java HotSpot(TM) 64-Bit Server VM (24.0.1+9-30, mixed mode, sharing, tiered, compressed oops, compressed class ptrs, g1 gc, windows-amd64)
# No core dump will be written. Minidumps are not enabled by default on client versions of Windows
#

---------------  S U M M A R Y ------------

Command Line: -javaagent:C:\Program Files\JetBrains\IntelliJ IDEA Community Edition 2025.1.3\lib\idea_rt.jar=57626 -Dfile.encoding=UTF-8 -Dsun.stdout.encoding=UTF-8 -Dsun.stderr.encoding=UTF-8 e_commerce.api.e_commerce.ECommerceApplication

Host: 11th Gen Intel(R) Core(TM) i7-11800H @ 2.30GHz, 16 cores, 15G,  Windows 11 , 64 bit Build 26100 (10.0.26100.7623)
Time: Wed Jan 21 14:21:58 2026 West Bank Gaza Standard Time elapsed time: 1.853623 seconds (0d 0h 0m 1s)

---------------  T H R E A D  ---------------

Current thread (0x000001ce1d86aa30):  JavaThread "C2 CompilerThread1" daemon [_thread_in_native, id=25192, stack(0x000000220b600000,0x000000220b700000) (1024K)]


Current CompileTask:
C2:1853 2096       4       jdk.internal.classfile.impl.StackMapGenerator::processBlock (2767 bytes)

Stack: [0x000000220b600000,0x000000220b700000]
Native frames: (J=compiled Java code, j=interpreted, Vv=VM code, C=native code)
V  [jvm.dll+0x730739]  (no source info available)
V  [jvm.dll+0x8d9b23]  (no source info available)
V  [jvm.dll+0x8dc00d]  (no source info available)
V  [jvm.dll+0x8dc683]  (no source info available)
V  [jvm.dll+0x2aa086]  (no source info available)
V  [jvm.dll+0xcedef]  (no source info available)
V  [jvm.dll+0xcf04f]  (no source info available)
V  [jvm.dll+0x154d83]  (no source info available)
V  [jvm.dll+0x735f5f]  (no source info available)
V  [jvm.dll+0x26fa1c]  (no source info available)
V  [jvm.dll+0x26ea3f]  (no source info available)
V  [jvm.dll+0x1e9d60]  (no source info available)
V  [jvm.dll+0x27e1fb]  (no source info available)
V  [jvm.dll+0x27c49a]  (no source info available)
V  [jvm.dll+0x42f456]  (no source info available)
V  [jvm.dll+0x87d76b]  (no source info available)
V  [jvm.dll+0x72ee55]  (no source info available)
C  [ucrtbase.dll+0x37b0]  (no source info available)
C  [KERNEL32.DLL+0x2e8d7]  (no source info available)
C  [ntdll.dll+0x8c53c]  (no source info available)

Lock stack of current Java thread (top to bottom):


---------------  P R O C E S S  ---------------

Threads class SMR info:
_java_thread_list=0x000001ce6406a0d0, length=18, elements={
0x000001ce7c3cd550, 0x000001ce7e099ea0, 0x000001ce7e09a5e0, 0x000001ce7e09ae50,
0x000001ce7e09be00, 0x000001ce7e09cdd0, 0x000001ce7e09e210, 0x000001ce1d6f99f0,
0x000001ce1d6fe4c0, 0x000001ce1d86aa30, 0x000001ce1d93e3f0, 0x000001ce1d9bd330,
0x000001ce1d9bdc60, 0x000001ce63bd4310, 0x000001ce63bd0400, 0x000001ce63bd0b90,
0x000001ce642a4b20, 0x000001ce640a0fa0
}

Java Threads: ( => current thread )
  0x000001ce7c3cd550 JavaThread "main"                              [_thread_in_vm, id=29232, stack(0x000000220a300000,0x000000220a400000) (1024K)]
  0x000001ce7e099ea0 JavaThread "Reference Handler"          daemon [_thread_blocked, id=11844, stack(0x000000220ab00000,0x000000220ac00000) (1024K)]
  0x000001ce7e09a5e0 JavaThread "Finalizer"                  daemon [_thread_blocked, id=11776, stack(0x000000220ac00000,0x000000220ad00000) (1024K)]
  0x000001ce7e09ae50 JavaThread "Signal Dispatcher"          daemon [_thread_blocked, id=9580, stack(0x000000220ad00000,0x000000220ae00000) (1024K)]
  0x000001ce7e09be00 JavaThread "Attach Listener"            daemon [_thread_blocked, id=4348, stack(0x000000220ae00000,0x000000220af00000) (1024K)]
  0x000001ce7e09cdd0 JavaThread "Service Thread"             daemon [_thread_blocked, id=19728, stack(0x000000220af00000,0x000000220b000000) (1024K)]
  0x000001ce7e09e210 JavaThread "Monitor Deflation Thread"   daemon [_thread_blocked, id=11492, stack(0x000000220b000000,0x000000220b100000) (1024K)]
  0x000001ce1d6f99f0 JavaThread "C2 CompilerThread0"         daemon [_thread_in_native, id=26092, stack(0x000000220b100000,0x000000220b200000) (1024K)]
  0x000001ce1d6fe4c0 JavaThread "C1 CompilerThread0"         daemon [_thread_blocked, id=14192, stack(0x000000220b200000,0x000000220b300000) (1024K)]
=>0x000001ce1d86aa30 JavaThread "C2 CompilerThread1"         daemon [_thread_in_native, id=25192, stack(0x000000220b600000,0x000000220b700000) (1024K)]
  0x000001ce1d93e3f0 JavaThread "Common-Cleaner"             daemon [_thread_blocked, id=5804, stack(0x000000220b700000,0x000000220b800000) (1024K)]
  0x000001ce1d9bd330 JavaThread "Monitor Ctrl-Break"         daemon [_thread_in_native, id=30356, stack(0x000000220b800000,0x000000220b900000) (1024K)]
  0x000001ce1d9bdc60 JavaThread "Notification Thread"        daemon [_thread_blocked, id=13132, stack(0x000000220b900000,0x000000220ba00000) (1024K)]
  0x000001ce63bd4310 JavaThread "background-preinit"                [_thread_in_native, id=26324, stack(0x000000220ba00000,0x000000220bb00000) (1024K)]
  0x000001ce63bd0400 JavaThread "C1 CompilerThread1"         daemon [_thread_blocked, id=24884, stack(0x000000220bd00000,0x000000220be00000) (1024K)]
  0x000001ce63bd0b90 JavaThread "C1 CompilerThread2"         daemon [_thread_blocked, id=30536, stack(0x000000220be00000,0x000000220bf00000) (1024K)]
  0x000001ce642a4b20 JavaThread "C1 CompilerThread3"         daemon [_thread_blocked, id=19596, stack(0x000000220bf00000,0x000000220c000000) (1024K)]
  0x000001ce640a0fa0 JavaThread "C2 CompilerThread2"         daemon [_thread_in_native, id=29532, stack(0x000000220c000000,0x000000220c100000) (1024K)]
Total: 18

Other Threads:
  0x000001ce7e088e30 VMThread "VM Thread"                           [id=24864, stack(0x000000220aa00000,0x000000220ab00000) (1024K)]
  0x000001ce7e07acd0 WatcherThread "VM Periodic Task Thread"        [id=30532, stack(0x000000220a900000,0x000000220aa00000) (1024K)]
  0x000001ce7a01df00 WorkerThread "GC Thread#0"                     [id=9056, stack(0x000000220a400000,0x000000220a500000) (1024K)]
  0x000001ce63ff1a90 WorkerThread "GC Thread#1"                     [id=21348, stack(0x000000220b300000,0x000000220b400000) (1024K)]
  0x000001ce63f5e600 WorkerThread "GC Thread#2"                     [id=30520, stack(0x000000220b400000,0x000000220b500000) (1024K)]
  0x000001ce1d8032b0 WorkerThread "GC Thread#3"                     [id=13308, stack(0x000000220b500000,0x000000220b600000) (1024K)]
  0x000001ce63f81000 WorkerThread "GC Thread#4"                     [id=2936, stack(0x000000220bb00000,0x000000220bc00000) (1024K)]
  0x000001ce63f81b10 WorkerThread "GC Thread#5"                     [id=25140, stack(0x000000220bc00000,0x000000220bd00000) (1024K)]
  0x000001ce7c443410 ConcurrentGCThread "G1 Main Marker"            [id=28252, stack(0x000000220a500000,0x000000220a600000) (1024K)]
  0x000001ce7dee3020 WorkerThread "G1 Conc#0"                       [id=17432, stack(0x000000220a600000,0x000000220a700000) (1024K)]
  0x000001ce7c47e8c0 ConcurrentGCThread "G1 Refine#0"               [id=26120, stack(0x000000220a700000,0x000000220a800000) (1024K)]
  0x000001ce7df34430 ConcurrentGCThread "G1 Service"                [id=29092, stack(0x000000220a800000,0x000000220a900000) (1024K)]
Total: 12

Threads with active compile tasks:
C2 CompilerThread0  1890 2264       4       jdk.internal.classfile.impl.BufWriterImpl::writeU1U2 (50 bytes)
C2 CompilerThread1  1890 2096       4       jdk.internal.classfile.impl.StackMapGenerator::processBlock (2767 bytes)
C2 CompilerThread2  1890 2274       4       jdk.internal.classfile.impl.SplitConstantPool::internalAdd (78 bytes)
Total: 3

VM state: not at safepoint (normal execution)

VM Mutex/Monitor currently owned by a thread: None

Heap address: 0x0000000704a00000, size: 4022 MB, Compressed Oops mode: Zero based, Oop shift amount: 3

CDS archive(s) mapped at: [0x000001ce1e000000-0x000001ce1ed40000-0x000001ce1ed40000), size 13893632, SharedBaseAddress: 0x000001ce1e000000, ArchiveRelocationMode: 1.
Compressed class space mapped at: 0x000001ce1f000000-0x000001ce5f000000, reserved size: 1073741824
UseCompressedClassPointers 1, UseCompactObjectHeaders 0
Narrow klass pointer bits 32, Max shift 3
Narrow klass base: 0x000001ce1e000000, Narrow klass shift: 0
Encoding Range: [0x000001ce1e000000 - 0x000001cf1e000000), (4294967296 bytes)
Klass Range:    [0x000001ce1e000000 - 0x000001ce5f000000), (1090519040 bytes)
Klass ID Range:  [8 - 1090519033) (1090519025)

GC Precious Log:
 CardTable entry size: 512
 Card Set container configuration: InlinePtr #cards 4 size 8 Array Of Cards #cards 16 size 48 Howl #buckets 8 coarsen threshold 3686 Howl Bitmap #cards 512 size 80 coarsen threshold 460 Card regions per heap region 1 cards per card region 4096
 CPUs: 16 total, 16 available
 Memory: 16085M
 Large Page Support: Disabled
 NUMA Support: Disabled
 Compressed Oops: Enabled (Zero based)
 Heap Region Size: 2M
 Heap Min Capacity: 8M
 Heap Initial Capacity: 252M
 Heap Max Capacity: 4022M
 Pre-touch: Disabled
 Parallel Workers: 13
 Concurrent Workers: 3
 Concurrent Refinement Workers: 13
 Periodic GC: Disabled

Heap:
 garbage-first heap   total reserved 4118528K, committed 260096K, used 11605K [0x0000000704a00000, 0x0000000800000000)
  region size 2048K, 5 young (10240K), 3 survivors (6144K)
 Metaspace       used 12551K, committed 12800K, reserved 1114112K
  class space    used 1250K, committed 1344K, reserved 1048576K

Heap Regions: E=young(eden), S=young(survivor), O=old, HS=humongous(starts), HC=humongous(continues), CS=collection set, F=free, TAMS=top-at-mark-start, PB=parsable bottom
|   0|0x0000000704a00000, 0x0000000704c00000, 0x0000000704c00000|100%| O|  |TAMS 0x0000000704a00000| PB 0x0000000704a00000| Untracked |  0
|   1|0x0000000704c00000, 0x0000000704c38510, 0x0000000704e00000| 10%| O|  |TAMS 0x0000000704c00000| PB 0x0000000704c00000| Untracked |  0
|   2|0x0000000704e00000, 0x0000000704e00000, 0x0000000705000000|  0%| F|  |TAMS 0x0000000704e00000| PB 0x0000000704e00000| Untracked |  0
|   3|0x0000000705000000, 0x0000000705000000, 0x0000000705200000|  0%| F|  |TAMS 0x0000000705000000| PB 0x0000000705000000| Untracked |  0
|   4|0x0000000705200000, 0x0000000705200000, 0x0000000705400000|  0%| F|  |TAMS 0x0000000705200000| PB 0x0000000705200000| Untracked |  0
|   5|0x0000000705400000, 0x0000000705400000, 0x0000000705600000|  0%| F|  |TAMS 0x0000000705400000| PB 0x0000000705400000| Untracked |  0
|   6|0x0000000705600000, 0x0000000705600000, 0x0000000705800000|  0%| F|  |TAMS 0x0000000705600000| PB 0x0000000705600000| Untracked |  0
|   7|0x0000000705800000, 0x0000000705800000, 0x0000000705a00000|  0%| F|  |TAMS 0x0000000705800000| PB 0x0000000705800000| Untracked |  0
|   8|0x0000000705a00000, 0x0000000705a00000, 0x0000000705c00000|  0%| F|  |TAMS 0x0000000705a00000| PB 0x0000000705a00000| Untracked |  0
|   9|0x0000000705c00000, 0x0000000705c00000, 0x0000000705e00000|  0%| F|  |TAMS 0x0000000705c00000| PB 0x0000000705c00000| Untracked |  0
|  10|0x0000000705e00000, 0x0000000705e00000, 0x0000000706000000|  0%| F|  |TAMS 0x0000000705e00000| PB 0x0000000705e00000| Untracked |  0
|  11|0x0000000706000000, 0x0000000706000000, 0x0000000706200000|  0%| F|  |TAMS 0x0000000706000000| PB 0x0000000706000000| Untracked |  0
|  12|0x0000000706200000, 0x0000000706200000, 0x0000000706400000|  0%| F|  |TAMS 0x0000000706200000| PB 0x0000000706200000| Untracked |  0
|  13|0x0000000706400000, 0x0000000706400000, 0x0000000706600000|  0%| F|  |TAMS 0x0000000706400000| PB 0x0000000706400000| Untracked |  0
|  14|0x0000000706600000, 0x0000000706600000, 0x0000000706800000|  0%| F|  |TAMS 0x0000000706600000| PB 0x0000000706600000| Untracked |  0
|  15|0x0000000706800000, 0x0000000706800000, 0x0000000706a00000|  0%| F|  |TAMS 0x0000000706800000| PB 0x0000000706800000| Untracked |  0
|  16|0x0000000706a00000, 0x0000000706a00000, 0x0000000706c00000|  0%| F|  |TAMS 0x0000000706a00000| PB 0x0000000706a00000| Untracked |  0
|  17|0x0000000706c00000, 0x0000000706c00000, 0x0000000706e00000|  0%| F|  |TAMS 0x0000000706c00000| PB 0x0000000706c00000| Untracked |  0
|  18|0x0000000706e00000, 0x0000000706e00000, 0x0000000707000000|  0%| F|  |TAMS 0x0000000706e00000| PB 0x0000000706e00000| Untracked |  0
|  19|0x0000000707000000, 0x0000000707000000, 0x0000000707200000|  0%| F|  |TAMS 0x0000000707000000| PB 0x0000000707000000| Untracked |  0
|  20|0x0000000707200000, 0x0000000707200000, 0x0000000707400000|  0%| F|  |TAMS 0x0000000707200000| PB 0x0000000707200000| Untracked |  0
|  21|0x0000000707400000, 0x0000000707400000, 0x0000000707600000|  0%| F|  |TAMS 0x0000000707400000| PB 0x0000000707400000| Untracked |  0
|  22|0x0000000707600000, 0x0000000707600000, 0x0000000707800000|  0%| F|  |TAMS 0x0000000707600000| PB 0x0000000707600000| Untracked |  0
|  23|0x0000000707800000, 0x0000000707800000, 0x0000000707a00000|  0%| F|  |TAMS 0x0000000707800000| PB 0x0000000707800000| Untracked |  0
|  24|0x0000000707a00000, 0x0000000707a00000, 0x0000000707c00000|  0%| F|  |TAMS 0x0000000707a00000| PB 0x0000000707a00000| Untracked |  0
|  25|0x0000000707c00000, 0x0000000707c00000, 0x0000000707e00000|  0%| F|  |TAMS 0x0000000707c00000| PB 0x0000000707c00000| Untracked |  0
|  26|0x0000000707e00000, 0x0000000707e00000, 0x0000000708000000|  0%| F|  |TAMS 0x0000000707e00000| PB 0x0000000707e00000| Untracked |  0
|  27|0x0000000708000000, 0x0000000708000000, 0x0000000708200000|  0%| F|  |TAMS 0x0000000708000000| PB 0x0000000708000000| Untracked |  0
|  28|0x0000000708200000, 0x0000000708200000, 0x0000000708400000|  0%| F|  |TAMS 0x0000000708200000| PB 0x0000000708200000| Untracked |  0
|  29|0x0000000708400000, 0x0000000708400000, 0x0000000708600000|  0%| F|  |TAMS 0x0000000708400000| PB 0x0000000708400000| Untracked |  0
|  30|0x0000000708600000, 0x0000000708600000, 0x0000000708800000|  0%| F|  |TAMS 0x0000000708600000| PB 0x0000000708600000| Untracked |  0
|  31|0x0000000708800000, 0x0000000708800000, 0x0000000708a00000|  0%| F|  |TAMS 0x0000000708800000| PB 0x0000000708800000| Untracked |  0
|  32|0x0000000708a00000, 0x0000000708a00000, 0x0000000708c00000|  0%| F|  |TAMS 0x0000000708a00000| PB 0x0000000708a00000| Untracked |  0
|  33|0x0000000708c00000, 0x0000000708c00000, 0x0000000708e00000|  0%| F|  |TAMS 0x0000000708c00000| PB 0x0000000708c00000| Untracked |  0
|  34|0x0000000708e00000, 0x0000000708e00000, 0x0000000709000000|  0%| F|  |TAMS 0x0000000708e00000| PB 0x0000000708e00000| Untracked |  0
|  35|0x0000000709000000, 0x0000000709000000, 0x0000000709200000|  0%| F|  |TAMS 0x0000000709000000| PB 0x0000000709000000| Untracked |  0
|  36|0x0000000709200000, 0x0000000709200000, 0x0000000709400000|  0%| F|  |TAMS 0x0000000709200000| PB 0x0000000709200000| Untracked |  0
|  37|0x0000000709400000, 0x0000000709400000, 0x0000000709600000|  0%| F|  |TAMS 0x0000000709400000| PB 0x0000000709400000| Untracked |  0
|  38|0x0000000709600000, 0x0000000709600000, 0x0000000709800000|  0%| F|  |TAMS 0x0000000709600000| PB 0x0000000709600000| Untracked |  0
|  39|0x0000000709800000, 0x0000000709800000, 0x0000000709a00000|  0%| F|  |TAMS 0x0000000709800000| PB 0x0000000709800000| Untracked |  0
|  40|0x0000000709a00000, 0x0000000709a00000, 0x0000000709c00000|  0%| F|  |TAMS 0x0000000709a00000| PB 0x0000000709a00000| Untracked |  0
|  41|0x0000000709c00000, 0x0000000709c00000, 0x0000000709e00000|  0%| F|  |TAMS 0x0000000709c00000| PB 0x0000000709c00000| Untracked |  0
|  42|0x0000000709e00000, 0x0000000709e00000, 0x000000070a000000|  0%| F|  |TAMS 0x0000000709e00000| PB 0x0000000709e00000| Untracked |  0
|  43|0x000000070a000000, 0x000000070a000000, 0x000000070a200000|  0%| F|  |TAMS 0x000000070a000000| PB 0x000000070a000000| Untracked |  0
|  44|0x000000070a200000, 0x000000070a200000, 0x000000070a400000|  0%| F|  |TAMS 0x000000070a200000| PB 0x000000070a200000| Untracked |  0
|  45|0x000000070a400000, 0x000000070a400000, 0x000000070a600000|  0%| F|  |TAMS 0x000000070a400000| PB 0x000000070a400000| Untracked |  0
|  46|0x000000070a600000, 0x000000070a600000, 0x000000070a800000|  0%| F|  |TAMS 0x000000070a600000| PB 0x000000070a600000| Untracked |  0
|  47|0x000000070a800000, 0x000000070a800000, 0x000000070aa00000|  0%| F|  |TAMS 0x000000070a800000| PB 0x000000070a800000| Untracked |  0
|  48|0x000000070aa00000, 0x000000070aa00000, 0x000000070ac00000|  0%| F|  |TAMS 0x000000070aa00000| PB 0x000000070aa00000| Untracked |  0
|  49|0x000000070ac00000, 0x000000070ac00000, 0x000000070ae00000|  0%| F|  |TAMS 0x000000070ac00000| PB 0x000000070ac00000| Untracked |  0
|  50|0x000000070ae00000, 0x000000070ae00000, 0x000000070b000000|  0%| F|  |TAMS 0x000000070ae00000| PB 0x000000070ae00000| Untracked |  0
|  51|0x000000070b000000, 0x000000070b000000, 0x000000070b200000|  0%| F|  |TAMS 0x000000070b000000| PB 0x000000070b000000| Untracked |  0
|  52|0x000000070b200000, 0x000000070b200000, 0x000000070b400000|  0%| F|  |TAMS 0x000000070b200000| PB 0x000000070b200000| Untracked |  0
|  53|0x000000070b400000, 0x000000070b400000, 0x000000070b600000|  0%| F|  |TAMS 0x000000070b400000| PB 0x000000070b400000| Untracked |  0
|  54|0x000000070b600000, 0x000000070b600000, 0x000000070b800000|  0%| F|  |TAMS 0x000000070b600000| PB 0x000000070b600000| Untracked |  0
|  55|0x000000070b800000, 0x000000070b800000, 0x000000070ba00000|  0%| F|  |TAMS 0x000000070b800000| PB 0x000000070b800000| Untracked |  0
|  56|0x000000070ba00000, 0x000000070ba00000, 0x000000070bc00000|  0%| F|  |TAMS 0x000000070ba00000| PB 0x000000070ba00000| Untracked |  0
|  57|0x000000070bc00000, 0x000000070bc00000, 0x000000070be00000|  0%| F|  |TAMS 0x000000070bc00000| PB 0x000000070bc00000| Untracked |  0
|  58|0x000000070be00000, 0x000000070be00000, 0x000000070c000000|  0%| F|  |TAMS 0x000000070be00000| PB 0x000000070be00000| Untracked |  0
|  59|0x000000070c000000, 0x000000070c000000, 0x000000070c200000|  0%| F|  |TAMS 0x000000070c000000| PB 0x000000070c000000| Untracked |  0
|  60|0x000000070c200000, 0x000000070c200000, 0x000000070c400000|  0%| F|  |TAMS 0x000000070c200000| PB 0x000000070c200000| Untracked |  0
|  61|0x000000070c400000, 0x000000070c400000, 0x000000070c600000|  0%| F|  |TAMS 0x000000070c400000| PB 0x000000070c400000| Untracked |  0
|  62|0x000000070c600000, 0x000000070c600000, 0x000000070c800000|  0%| F|  |TAMS 0x000000070c600000| PB 0x000000070c600000| Untracked |  0
|  63|0x000000070c800000, 0x000000070c800000, 0x000000070ca00000|  0%| F|  |TAMS 0x000000070c800000| PB 0x000000070c800000| Untracked |  0
|  64|0x000000070ca00000, 0x000000070ca00000, 0x000000070cc00000|  0%| F|  |TAMS 0x000000070ca00000| PB 0x000000070ca00000| Untracked |  0
|  65|0x000000070cc00000, 0x000000070cc00000, 0x000000070ce00000|  0%| F|  |TAMS 0x000000070cc00000| PB 0x000000070cc00000| Untracked |  0
|  66|0x000000070ce00000, 0x000000070ce00000, 0x000000070d000000|  0%| F|  |TAMS 0x000000070ce00000| PB 0x000000070ce00000| Untracked |  0
|  67|0x000000070d000000, 0x000000070d000000, 0x000000070d200000|  0%| F|  |TAMS 0x000000070d000000| PB 0x000000070d000000| Untracked |  0
|  68|0x000000070d200000, 0x000000070d200000, 0x000000070d400000|  0%| F|  |TAMS 0x000000070d200000| PB 0x000000070d200000| Untracked |  0
|  69|0x000000070d400000, 0x000000070d400000, 0x000000070d600000|  0%| F|  |TAMS 0x000000070d400000| PB 0x000000070d400000| Untracked |  0
|  70|0x000000070d600000, 0x000000070d600000, 0x000000070d800000|  0%| F|  |TAMS 0x000000070d600000| PB 0x000000070d600000| Untracked |  0
|  71|0x000000070d800000, 0x000000070d800000, 0x000000070da00000|  0%| F|  |TAMS 0x000000070d800000| PB 0x000000070d800000| Untracked |  0
|  72|0x000000070da00000, 0x000000070da00000, 0x000000070dc00000|  0%| F|  |TAMS 0x000000070da00000| PB 0x000000070da00000| Untracked |  0
|  73|0x000000070dc00000, 0x000000070dc00000, 0x000000070de00000|  0%| F|  |TAMS 0x000000070dc00000| PB 0x000000070dc00000| Untracked |  0
|  74|0x000000070de00000, 0x000000070de00000, 0x000000070e000000|  0%| F|  |TAMS 0x000000070de00000| PB 0x000000070de00000| Untracked |  0
|  75|0x000000070e000000, 0x000000070e000000, 0x000000070e200000|  0%| F|  |TAMS 0x000000070e000000| PB 0x000000070e000000| Untracked |  0
|  76|0x000000070e200000, 0x000000070e200000, 0x000000070e400000|  0%| F|  |TAMS 0x000000070e200000| PB 0x000000070e200000| Untracked |  0
|  77|0x000000070e400000, 0x000000070e400000, 0x000000070e600000|  0%| F|  |TAMS 0x000000070e400000| PB 0x000000070e400000| Untracked |  0
|  78|0x000000070e600000, 0x000000070e600000, 0x000000070e800000|  0%| F|  |TAMS 0x000000070e600000| PB 0x000000070e600000| Untracked |  0
|  79|0x000000070e800000, 0x000000070e800000, 0x000000070ea00000|  0%| F|  |TAMS 0x000000070e800000| PB 0x000000070e800000| Untracked |  0
|  80|0x000000070ea00000, 0x000000070ea00000, 0x000000070ec00000|  0%| F|  |TAMS 0x000000070ea00000| PB 0x000000070ea00000| Untracked |  0
|  81|0x000000070ec00000, 0x000000070ec00000, 0x000000070ee00000|  0%| F|  |TAMS 0x000000070ec00000| PB 0x000000070ec00000| Untracked |  0
|  82|0x000000070ee00000, 0x000000070ee00000, 0x000000070f000000|  0%| F|  |TAMS 0x000000070ee00000| PB 0x000000070ee00000| Untracked |  0
|  83|0x000000070f000000, 0x000000070f000000, 0x000000070f200000|  0%| F|  |TAMS 0x000000070f000000| PB 0x000000070f000000| Untracked |  0
|  84|0x000000070f200000, 0x000000070f200000, 0x000000070f400000|  0%| F|  |TAMS 0x000000070f200000| PB 0x000000070f200000| Untracked |  0
|  85|0x000000070f400000, 0x000000070f400000, 0x000000070f600000|  0%| F|  |TAMS 0x000000070f400000| PB 0x000000070f400000| Untracked |  0
|  86|0x000000070f600000, 0x000000070f600000, 0x000000070f800000|  0%| F|  |TAMS 0x000000070f600000| PB 0x000000070f600000| Untracked |  0
|  87|0x000000070f800000, 0x000000070f800000, 0x000000070fa00000|  0%| F|  |TAMS 0x000000070f800000| PB 0x000000070f800000| Untracked |  0
|  88|0x000000070fa00000, 0x000000070fa00000, 0x000000070fc00000|  0%| F|  |TAMS 0x000000070fa00000| PB 0x000000070fa00000| Untracked |  0
|  89|0x000000070fc00000, 0x000000070fc00000, 0x000000070fe00000|  0%| F|  |TAMS 0x000000070fc00000| PB 0x000000070fc00000| Untracked |  0
|  90|0x000000070fe00000, 0x000000070fe00000, 0x0000000710000000|  0%| F|  |TAMS 0x000000070fe00000| PB 0x000000070fe00000| Untracked |  0
|  91|0x0000000710000000, 0x0000000710000000, 0x0000000710200000|  0%| F|  |TAMS 0x0000000710000000| PB 0x0000000710000000| Untracked |  0
|  92|0x0000000710200000, 0x0000000710200000, 0x0000000710400000|  0%| F|  |TAMS 0x0000000710200000| PB 0x0000000710200000| Untracked |  0
|  93|0x0000000710400000, 0x0000000710400000, 0x0000000710600000|  0%| F|  |TAMS 0x0000000710400000| PB 0x0000000710400000| Untracked |  0
|  94|0x0000000710600000, 0x0000000710600000, 0x0000000710800000|  0%| F|  |TAMS 0x0000000710600000| PB 0x0000000710600000| Untracked |  0
|  95|0x0000000710800000, 0x0000000710800000, 0x0000000710a00000|  0%| F|  |TAMS 0x0000000710800000| PB 0x0000000710800000| Untracked |  0
|  96|0x0000000710a00000, 0x0000000710a00000, 0x0000000710c00000|  0%| F|  |TAMS 0x0000000710a00000| PB 0x0000000710a00000| Untracked |  0
|  97|0x0000000710c00000, 0x0000000710c00000, 0x0000000710e00000|  0%| F|  |TAMS 0x0000000710c00000| PB 0x0000000710c00000| Untracked |  0
|  98|0x0000000710e00000, 0x0000000710e00000, 0x0000000711000000|  0%| F|  |TAMS 0x0000000710e00000| PB 0x0000000710e00000| Untracked |  0
|  99|0x0000000711000000, 0x0000000711200000, 0x0000000711200000|100%| S|CS|TAMS 0x0000000711000000| PB 0x0000000711000000| Complete |  0
| 100|0x0000000711200000, 0x0000000711400000, 0x0000000711400000|100%| S|CS|TAMS 0x0000000711200000| PB 0x0000000711200000| Complete |  0
| 101|0x0000000711400000, 0x0000000711600000, 0x0000000711600000|100%| S|CS|TAMS 0x0000000711400000| PB 0x0000000711400000| Complete |  0
| 102|0x0000000711600000, 0x0000000711600000, 0x0000000711800000|  0%| F|  |TAMS 0x0000000711600000| PB 0x0000000711600000| Untracked |  0
| 103|0x0000000711800000, 0x0000000711800000, 0x0000000711a00000|  0%| F|  |TAMS 0x0000000711800000| PB 0x0000000711800000| Untracked |  0
| 104|0x0000000711a00000, 0x0000000711a00000, 0x0000000711c00000|  0%| F|  |TAMS 0x0000000711a00000| PB 0x0000000711a00000| Untracked |  0
| 105|0x0000000711c00000, 0x0000000711c00000, 0x0000000711e00000|  0%| F|  |TAMS 0x0000000711c00000| PB 0x0000000711c00000| Untracked |  0
| 106|0x0000000711e00000, 0x0000000711e00000, 0x0000000712000000|  0%| F|  |TAMS 0x0000000711e00000| PB 0x0000000711e00000| Untracked |  0
| 107|0x0000000712000000, 0x0000000712000000, 0x0000000712200000|  0%| F|  |TAMS 0x0000000712000000| PB 0x0000000712000000| Untracked |  0
| 108|0x0000000712200000, 0x0000000712200000, 0x0000000712400000|  0%| F|  |TAMS 0x0000000712200000| PB 0x0000000712200000| Untracked |  0
| 109|0x0000000712400000, 0x0000000712400000, 0x0000000712600000|  0%| F|  |TAMS 0x0000000712400000| PB 0x0000000712400000| Untracked |  0
| 110|0x0000000712600000, 0x0000000712600000, 0x0000000712800000|  0%| F|  |TAMS 0x0000000712600000| PB 0x0000000712600000| Untracked |  0
| 111|0x0000000712800000, 0x0000000712800000, 0x0000000712a00000|  0%| F|  |TAMS 0x0000000712800000| PB 0x0000000712800000| Untracked |  0
| 112|0x0000000712a00000, 0x0000000712a00000, 0x0000000712c00000|  0%| F|  |TAMS 0x0000000712a00000| PB 0x0000000712a00000| Untracked |  0
| 113|0x0000000712c00000, 0x0000000712c00000, 0x0000000712e00000|  0%| F|  |TAMS 0x0000000712c00000| PB 0x0000000712c00000| Untracked |  0
| 114|0x0000000712e00000, 0x0000000712e00000, 0x0000000713000000|  0%| F|  |TAMS 0x0000000712e00000| PB 0x0000000712e00000| Untracked |  0
| 115|0x0000000713000000, 0x0000000713000000, 0x0000000713200000|  0%| F|  |TAMS 0x0000000713000000| PB 0x0000000713000000| Untracked |  0
| 116|0x0000000713200000, 0x0000000713200000, 0x0000000713400000|  0%| F|  |TAMS 0x0000000713200000| PB 0x0000000713200000| Untracked |  0
| 117|0x0000000713400000, 0x0000000713400000, 0x0000000713600000|  0%| F|  |TAMS 0x0000000713400000| PB 0x0000000713400000| Untracked |  0
| 118|0x0000000713600000, 0x0000000713600000, 0x0000000713800000|  0%| F|  |TAMS 0x0000000713600000| PB 0x0000000713600000| Untracked |  0
| 119|0x0000000713800000, 0x0000000713800000, 0x0000000713a00000|  0%| F|  |TAMS 0x0000000713800000| PB 0x0000000713800000| Untracked |  0
| 120|0x0000000713a00000, 0x0000000713a00000, 0x0000000713c00000|  0%| F|  |TAMS 0x0000000713a00000| PB 0x0000000713a00000| Untracked |  0
| 121|0x0000000713c00000, 0x0000000713c00000, 0x0000000713e00000|  0%| F|  |TAMS 0x0000000713c00000| PB 0x0000000713c00000| Untracked |  0
| 122|0x0000000713e00000, 0x0000000713e00000, 0x0000000714000000|  0%| F|  |TAMS 0x0000000713e00000| PB 0x0000000713e00000| Untracked |  0
| 123|0x0000000714000000, 0x0000000714000000, 0x0000000714200000|  0%| F|  |TAMS 0x0000000714000000| PB 0x0000000714000000| Untracked |  0
| 124|0x0000000714200000, 0x0000000714400000, 0x0000000714400000|100%| E|  |TAMS 0x0000000714200000| PB 0x0000000714200000| Complete |  0
| 125|0x0000000714400000, 0x0000000714600000, 0x0000000714600000|100%| E|CS|TAMS 0x0000000714400000| PB 0x0000000714400000| Complete |  0
|2010|0x00000007ffe00000, 0x00000007fff1d1c0, 0x0000000800000000| 55%| O|  |TAMS 0x00000007ffe00000| PB 0x00000007ffe00000| Untracked |  0

Card table byte_map: [0x000001ce7d5f0000,0x000001ce7ddd0000] _byte_map_base: 0x000001ce79dcb000

Marking Bits: (CMBitMap*) 0x000001ce7a01e610
 Bits: [0x000001ce177e0000, 0x000001ce1b6b8000)

Polling page: 0x000001ce7a180000

Metaspace:

Usage:
  Non-class:     11.11 MB used.
      Class:      1.23 MB used.
       Both:     12.34 MB used.

Virtual space:
  Non-class space:       64.00 MB reserved,      11.25 MB ( 18%) committed,  1 nodes.
      Class space:        1.00 GB reserved,       1.31 MB ( <1%) committed,  1 nodes.
             Both:        1.06 GB reserved,      12.56 MB (  1%) committed. 

Chunk freelists:
   Non-Class:  4.56 MB
       Class:  14.62 MB
        Both:  19.19 MB

MaxMetaspaceSize: unlimited
CompressedClassSpaceSize: 1.00 GB
Initial GC threshold: 21.00 MB
Current GC threshold: 21.00 MB
CDS: on
 - commit_granule_bytes: 65536.
 - commit_granule_words: 8192.
 - virtual_space_node_default_size: 8388608.
 - enlarge_chunks_in_place: 1.
UseCompressedClassPointers 1, UseCompactObjectHeaders 0
Narrow klass pointer bits 32, Max shift 3
Narrow klass base: 0x000001ce1e000000, Narrow klass shift: 0
Encoding Range: [0x000001ce1e000000 - 0x000001cf1e000000), (4294967296 bytes)
Klass Range:    [0x000001ce1e000000 - 0x000001ce5f000000), (1090519040 bytes)
Klass ID Range:  [8 - 1090519033) (1090519025)


Internal statistics:

num_allocs_failed_limit: 0.
num_arena_births: 216.
num_arena_deaths: 0.
num_vsnodes_births: 2.
num_vsnodes_deaths: 0.
num_space_committed: 202.
num_space_uncommitted: 0.
num_chunks_returned_to_freelist: 0.
num_chunks_taken_from_freelist: 634.
num_chunk_merges: 0.
num_chunk_splits: 414.
num_chunks_enlarged: 298.
num_inconsistent_stats: 0.

CodeHeap 'non-profiled nmethods': size=119232Kb used=627Kb max_used=627Kb free=118604Kb
 bounds [0x000001ce10370000, 0x000001ce105e0000, 0x000001ce177e0000]
CodeHeap 'profiled nmethods': size=119104Kb used=3721Kb max_used=3721Kb free=115383Kb
 bounds [0x000001ce087e0000, 0x000001ce08b90000, 0x000001ce0fc30000]
CodeHeap 'non-nmethods': size=7424Kb used=3134Kb max_used=3168Kb free=4289Kb
 bounds [0x000001ce0fc30000, 0x000001ce0ff50000, 0x000001ce10370000]
CodeCache: size=245760Kb, used=7482Kb, max_used=7516Kb, free=238276Kb
 total_blobs=2775, nmethods=2276, adapters=400, full_count=0
Compilation: enabled, stopped_count=0, restarted_count=0

Compilation events (20 events):
Event: 0.799 Thread 0x000001ce1d8032b0 2118       3       jdk.internal.classfile.impl.SplitConstantPool::cloneClassEntry (63 bytes)
Event: 0.799 Thread 0x000001ce1d6fe4c0 nmethod 2117 0x000001ce08b3b208 code [0x000001ce08b3b320, 0x000001ce08b3b5b8]
Event: 0.799 Thread 0x000001ce1d81a240 nmethod 2116 0x000001ce08b3b608 code [0x000001ce08b3b740, 0x000001ce08b3bab8]
Event: 0.799 Thread 0x000001ce1d81a240 2119       1       org.springframework.core.annotation.MergedAnnotations$Search::lambda$static$1 (2 bytes)
Event: 0.799 Thread 0x000001ce1d81a240 nmethod 2119 0x000001ce103ff608 code [0x000001ce103ff700, 0x000001ce103ff7a8]
Event: 0.799 Thread 0x000001ce1d8032b0 nmethod 2118 0x000001ce08b3bb08 code [0x000001ce08b3bca0, 0x000001ce08b3c4d0]
Event: 0.805 Thread 0x000001ce1d8032b0 2120       1       java.lang.ClassLoader::getUnnamedModule (5 bytes)
Event: 0.805 Thread 0x000001ce1d8032b0 nmethod 2120 0x000001ce103ff908 code [0x000001ce103ffa00, 0x000001ce103ffac8]
Event: 0.823 Thread 0x000001ce1d6f99f0 2121       4       java.lang.String::startsWith (123 bytes)
Event: 0.826 Thread 0x000001ce1d6f99f0 nmethod 2121 0x000001ce103ffc08 code [0x000001ce103ffd20, 0x000001ce104000c8]
Event: 0.830 Thread 0x000001ce1d6f99f0 2122       4       java.lang.ClassLoader::checkName (37 bytes)
Event: 0.831 Thread 0x000001ce1d6fe4c0 2123       3       java.lang.Character::isJavaIdentifierPart (5 bytes)
Event: 0.831 Thread 0x000001ce1d6f99f0 nmethod 2122 0x000001ce10400108 code [0x000001ce10400220, 0x000001ce10400428]
Event: 0.831 Thread 0x000001ce1d6fe4c0 nmethod 2123 0x000001ce08b3c508 code [0x000001ce08b3c640, 0x000001ce08b3c890]
Event: 0.840 Thread 0x000001ce1d6f99f0 2125       4       java.lang.CharacterDataLatin1::equalsIgnoreCase (63 bytes)
Event: 0.841 Thread 0x000001ce1d6f99f0 nmethod 2125 0x000001ce10400788 code [0x000001ce10400880, 0x000001ce10400940]
Event: 0.845 Thread 0x000001ce1d6fe4c0 2126   !   3       java.util.concurrent.ConcurrentHashMap::putVal (432 bytes)
Event: 0.845 Thread 0x000001ce1d6f99f0 2127       4       java.lang.String::regionMatches (150 bytes)
Event: 0.846 Thread 0x000001ce1d6fe4c0 nmethod 2126 0x000001ce08b3c908 code [0x000001ce08b3cc00, 0x000001ce08b3e748]
Event: 0.848 Thread 0x000001ce1d6f99f0 nmethod 2127 0x000001ce10400a88 code [0x000001ce10400bc0, 0x000001ce10400f48]

GC Heap History (0 events):
No events

Dll operation events (9 events):
Event: 0.007 Loaded shared library C:\Program Files\Java\jdk-24\bin\java.dll
Event: 0.028 Loaded shared library C:\Program Files\Java\jdk-24\bin\jsvml.dll
Event: 0.099 Loaded shared library C:\Program Files\Java\jdk-24\bin\zip.dll
Event: 0.102 Loaded shared library C:\Program Files\Java\jdk-24\bin\instrument.dll
Event: 0.106 Loaded shared library C:\Program Files\Java\jdk-24\bin\net.dll
Event: 0.108 Loaded shared library C:\Program Files\Java\jdk-24\bin\nio.dll
Event: 0.110 Loaded shared library C:\Program Files\Java\jdk-24\bin\zip.dll
Event: 0.207 Loaded shared library C:\Program Files\Java\jdk-24\bin\extnet.dll
Event: 0.230 Loaded shared library C:\Program Files\Java\jdk-24\bin\jimage.dll

Deoptimization events (20 events):
Event: 0.713 Thread 0x000001ce7c3cd550 Uncommon trap: trap_request=0xffffffde fr.pc=0x000001ce103efba4 relative=0x0000000000000104
Event: 0.713 Thread 0x000001ce7c3cd550 Uncommon trap: reason=class_check action=maybe_recompile pc=0x000001ce103efba4 method=jdk.internal.misc.Unsafe.allocateUninitializedArray(Ljava/lang/Class;I)Ljava/lang/Object; @ 51 c2
Event: 0.713 Thread 0x000001ce7c3cd550 DEOPT PACKING pc=0x000001ce103efba4 sp=0x000000220a3fd1c0
Event: 0.713 Thread 0x000001ce7c3cd550 DEOPT UNPACKING pc=0x000001ce0fd57c02 sp=0x000000220a3fd138 mode 2
Event: 0.714 Thread 0x000001ce7c3cd550 Uncommon trap: trap_request=0xffffffde fr.pc=0x000001ce103efba4 relative=0x0000000000000104
Event: 0.714 Thread 0x000001ce7c3cd550 Uncommon trap: reason=class_check action=maybe_recompile pc=0x000001ce103efba4 method=jdk.internal.misc.Unsafe.allocateUninitializedArray(Ljava/lang/Class;I)Ljava/lang/Object; @ 51 c2
Event: 0.714 Thread 0x000001ce7c3cd550 DEOPT PACKING pc=0x000001ce103efba4 sp=0x000000220a3fd6a0
Event: 0.714 Thread 0x000001ce7c3cd550 DEOPT UNPACKING pc=0x000001ce0fd57c02 sp=0x000000220a3fd618 mode 2
Event: 0.767 Thread 0x000001ce7c3cd550 Uncommon trap: trap_request=0xffffffc6 fr.pc=0x000001ce103c0800 relative=0x0000000000000320
Event: 0.767 Thread 0x000001ce7c3cd550 Uncommon trap: reason=bimorphic_or_optimized_type_check action=maybe_recompile pc=0x000001ce103c0800 method=java.util.HashMap.getNode(Ljava/lang/Object;)Ljava/util/HashMap$Node; @ 63 c2
Event: 0.767 Thread 0x000001ce7c3cd550 DEOPT PACKING pc=0x000001ce103c0800 sp=0x000000220a3fe120
Event: 0.767 Thread 0x000001ce7c3cd550 DEOPT UNPACKING pc=0x000001ce0fd57c02 sp=0x000000220a3fe088 mode 2
Event: 0.795 Thread 0x000001ce7c3cd550 Uncommon trap: trap_request=0xffffff76 fr.pc=0x000001ce103fe920 relative=0x0000000000000100
Event: 0.795 Thread 0x000001ce7c3cd550 Uncommon trap: reason=predicate action=maybe_recompile pc=0x000001ce103fe920 method=java.util.Arrays.fill([Ljava/lang/Object;Ljava/lang/Object;)V @ 7 c2
Event: 0.795 Thread 0x000001ce7c3cd550 DEOPT PACKING pc=0x000001ce103fe920 sp=0x000000220a3fd3c0
Event: 0.795 Thread 0x000001ce7c3cd550 DEOPT UNPACKING pc=0x000001ce0fd57c02 sp=0x000000220a3fd338 mode 2
Event: 0.841 Thread 0x000001ce7c3cd550 Uncommon trap: trap_request=0xffffff4d fr.pc=0x000001ce103cec20 relative=0x0000000000000e20
Event: 0.841 Thread 0x000001ce7c3cd550 Uncommon trap: reason=unstable_if action=reinterpret pc=0x000001ce103cec20 method=java.util.concurrent.ConcurrentHashMap.addCount(JI)V @ 171 c2
Event: 0.841 Thread 0x000001ce7c3cd550 DEOPT PACKING pc=0x000001ce103cec20 sp=0x000000220a3fbb90
Event: 0.841 Thread 0x000001ce7c3cd550 DEOPT UNPACKING pc=0x000001ce0fd57c02 sp=0x000000220a3fba40 mode 2

Classes loaded (20 events):
Event: 0.791 Loading class jdk/internal/access/JavaBeansAccess done
Event: 0.791 Loading class java/beans/Introspector$1 done
Event: 0.794 Loading class sun/reflect/generics/scope/MethodScope
Event: 0.794 Loading class sun/reflect/generics/scope/MethodScope done
Event: 0.794 Loading class sun/reflect/generics/repository/MethodRepository
Event: 0.794 Loading class sun/reflect/generics/repository/MethodRepository done
Event: 0.794 Loading class java/util/AbstractList$ListItr
Event: 0.794 Loading class java/util/AbstractList$Itr
Event: 0.794 Loading class java/util/AbstractList$Itr done
Event: 0.794 Loading class java/util/AbstractList$ListItr done
Event: 0.826 Loading class java/io/NotSerializableException
Event: 0.826 Loading class java/io/NotSerializableException done
Event: 0.827 Loading class java/util/concurrent/CompletionException
Event: 0.827 Loading class java/util/concurrent/CompletionException done
Event: 0.842 Loading class java/lang/reflect/MalformedParametersException
Event: 0.842 Loading class java/lang/reflect/MalformedParametersException done
Event: 0.847 Loading class java/beans/Transient
Event: 0.847 Loading class java/beans/Transient done
Event: 0.847 Loading class java/beans/ConstructorProperties
Event: 0.847 Loading class java/beans/ConstructorProperties done

Classes unloaded (0 events):
No events

Classes redefined (0 events):
No events

Internal exceptions (20 events):
Event: 0.657 Thread 0x000001ce7c3cd550 Implicit null exception at 0x000001ce1038b51d to 0x000001ce1038b599
Event: 0.658 Thread 0x000001ce7c3cd550 Exception <a 'java/lang/NoSuchMethodError'{0x000000071241d628}: 'java.lang.Object java.lang.invoke.DirectMethodHandle$Holder.invokeStaticInit(java.lang.Object, java.lang.Object, java.lang.Object, java.lang.Object, java.lang.Object, java.lang.Object, java.lang.Object)'> (0x000000071241d628) 
thrown [s\open\src\hotspot\share\interpreter\linkResolver.cpp, line 805]
Event: 0.660 Thread 0x000001ce7c3cd550 Exception <a 'java/lang/NoSuchMethodError'{0x0000000712439198}: 'int java.lang.invoke.DirectMethodHandle$Holder.invokeStaticInit(java.lang.Object, int, int)'> (0x0000000712439198) 
thrown [s\open\src\hotspot\share\interpreter\linkResolver.cpp, line 805]
Event: 0.660 Thread 0x000001ce7c3cd550 Exception <a 'java/lang/NoSuchMethodError'{0x00000007124498c0}: 'int java.lang.invoke.DirectMethodHandle$Holder.invokeStaticInit(java.lang.Object, long, long)'> (0x00000007124498c0) 
thrown [s\open\src\hotspot\share\interpreter\linkResolver.cpp, line 805]
Event: 0.660 Thread 0x000001ce7c3cd550 Exception <a 'java/lang/NoSuchMethodError'{0x00000007124598b8}: 'int java.lang.invoke.DirectMethodHandle$Holder.invokeStaticInit(java.lang.Object, float, float)'> (0x00000007124598b8) 
thrown [s\open\src\hotspot\share\interpreter\linkResolver.cpp, line 805]
Event: 0.661 Thread 0x000001ce7c3cd550 Exception <a 'java/lang/NoSuchMethodError'{0x00000007124698a8}: 'int java.lang.invoke.DirectMethodHandle$Holder.invokeStaticInit(java.lang.Object, double, double)'> (0x00000007124698a8) 
thrown [s\open\src\hotspot\share\interpreter\linkResolver.cpp, line 805]
Event: 0.661 Thread 0x000001ce7c3cd550 Exception <a 'java/lang/NoSuchMethodError'{0x0000000712472648}: 'int java.lang.invoke.DirectMethodHandle$Holder.invokeStatic(java.lang.Object, long)'> (0x0000000712472648) 
thrown [s\open\src\hotspot\share\interpreter\linkResolver.cpp, line 805]
Event: 0.662 Thread 0x000001ce7c3cd550 Exception <a 'java/lang/NoSuchMethodError'{0x000000071248b0f8}: 'java.lang.Object java.lang.invoke.DirectMethodHandle$Holder.invokeStatic(java.lang.Object, long)'> (0x000000071248b0f8) 
thrown [s\open\src\hotspot\share\interpreter\linkResolver.cpp, line 805]
Event: 0.662 Thread 0x000001ce7c3cd550 Exception <a 'java/lang/NoSuchMethodError'{0x00000007124936d0}: 'java.lang.Object java.lang.invoke.DirectMethodHandle$Holder.invokeStatic(java.lang.Object, float)'> (0x00000007124936d0) 
thrown [s\open\src\hotspot\share\interpreter\linkResolver.cpp, line 805]
Event: 0.664 Thread 0x000001ce7c3cd550 Exception <a 'java/lang/NoSuchMethodError'{0x00000007124d4ae0}: 'int java.lang.invoke.Invokers$Holder.linkToTargetMethod(java.lang.Object, java.lang.Object)'> (0x00000007124d4ae0) 
thrown [s\open\src\hotspot\share\interpreter\linkResolver.cpp, line 805]
Event: 0.676 Thread 0x000001ce7c3cd550 Exception <a 'java/lang/NoSuchMethodError'{0x0000000712577848}: 'java.lang.Object java.lang.invoke.DirectMethodHandle$Holder.newInvokeSpecial(java.lang.Object, java.lang.Object, java.lang.Object, int, java.lang.Object)'> (0x0000000712577848) 
thrown [s\open\src\hotspot\share\interpreter\linkResolver.cpp, line 805]
Event: 0.676 Thread 0x000001ce7c3cd550 Exception <a 'java/lang/NoSuchMethodError'{0x0000000712587f10}: 'java.lang.Object java.lang.invoke.Invokers$Holder.linkToTargetMethod(java.lang.Object, java.lang.Object, int, java.lang.Object, java.lang.Object)'> (0x0000000712587f10) 
thrown [s\open\src\hotspot\share\interpreter\linkResolver.cpp, line 805]
Event: 0.677 Thread 0x000001ce7c3cd550 Exception <a 'java/lang/NoSuchMethodError'{0x00000007125a37b8}: 'java.lang.Object java.lang.invoke.DirectMethodHandle$Holder.newInvokeSpecial(java.lang.Object, int, java.lang.Object)'> (0x00000007125a37b8) 
thrown [s\open\src\hotspot\share\interpreter\linkResolver.cpp, line 805]
Event: 0.677 Thread 0x000001ce7c3cd550 Exception <a 'java/lang/NoSuchMethodError'{0x00000007125ace88}: 'int java.lang.invoke.DirectMethodHandle$Holder.invokeSpecialIFC(java.lang.Object, java.lang.Object, java.lang.Object, java.lang.Object)'> (0x00000007125ace88) 
thrown [s\open\src\hotspot\share\interpreter\linkResolver.cpp, line 805]
Event: 0.691 Thread 0x000001ce7c3cd550 Exception <a 'java/lang/NoSuchMethodError'{0x000000071228d498}: 'void java.lang.invoke.DirectMethodHandle$Holder.invokeInterface(java.lang.Object, java.lang.Object, java.lang.Object)'> (0x000000071228d498) 
thrown [s\open\src\hotspot\share\interpreter\linkResolver.cpp, line 805]
Event: 0.703 Thread 0x000001ce7c3cd550 Exception <a 'java/lang/NoSuchMethodError'{0x000000071231b7b8}: 'void java.lang.invoke.DirectMethodHandle$Holder.invokeStaticInit(java.lang.Object, java.lang.Object, java.lang.Object)'> (0x000000071231b7b8) 
thrown [s\open\src\hotspot\share\interpreter\linkResolver.cpp, line 805]
Event: 0.709 Thread 0x000001ce7c3cd550 Exception <a 'java/lang/NoSuchMethodError'{0x000000071236b678}: 'java.lang.Object java.lang.invoke.DirectMethodHandle$Holder.invokeVirtual(java.lang.Object, java.lang.Object, java.lang.Object)'> (0x000000071236b678) 
thrown [s\open\src\hotspot\share\interpreter\linkResolver.cpp, line 805]
Event: 0.725 Thread 0x000001ce7c3cd550 Exception <a 'java/lang/NoSuchMethodError'{0x000000071204d818}: 'void java.lang.invoke.DirectMethodHandle$Holder.invokeVirtual(java.lang.Object, java.lang.Object, java.lang.Object, java.lang.Object)'> (0x000000071204d818) 
thrown [s\open\src\hotspot\share\interpreter\linkResolver.cpp, line 805]
Event: 0.795 Thread 0x000001ce7c3cd550 Exception <a 'java/lang/IncompatibleClassChangeError'{0x0000000711a5bfe8}: Found class java.lang.Object, but interface was expected> (0x0000000711a5bfe8) 
thrown [s\open\src\hotspot\share\interpreter\linkResolver.cpp, line 872]
Event: 0.798 Thread 0x000001ce7c3cd550 Exception <a 'java/lang/NoSuchMethodError'{0x0000000711a73e78}: 'int java.lang.invoke.DirectMethodHandle$Holder.invokeVirtual(java.lang.Object, java.lang.Object)'> (0x0000000711a73e78) 
thrown [s\open\src\hotspot\share\interpreter\linkResolver.cpp, line 805]

VM Operations (18 events):
Event: 0.087 Executing VM operation: HandshakeAllThreads (Deoptimize)
Event: 0.088 Executing VM operation: HandshakeAllThreads (Deoptimize) done
Event: 0.253 Executing VM operation: HandshakeAllThreads (Deoptimize)
Event: 0.253 Executing VM operation: HandshakeAllThreads (Deoptimize) done
Event: 0.287 Executing VM operation: HandshakeAllThreads (Deoptimize)
Event: 0.287 Executing VM operation: HandshakeAllThreads (Deoptimize) done
Event: 0.306 Executing VM operation: HandshakeAllThreads (Deoptimize)
Event: 0.306 Executing VM operation: HandshakeAllThreads (Deoptimize) done
Event: 0.427 Executing VM operation: HandshakeAllThreads (Deoptimize)
Event: 0.427 Executing VM operation: HandshakeAllThreads (Deoptimize) done
Event: 0.519 Executing VM operation: HandshakeAllThreads (Deoptimize)
Event: 0.519 Executing VM operation: HandshakeAllThreads (Deoptimize) done
Event: 0.763 Executing VM operation: HandshakeAllThreads (Deoptimize)
Event: 0.763 Executing VM operation: HandshakeAllThreads (Deoptimize) done
Event: 0.764 Executing VM operation: HandshakeAllThreads (Deoptimize)
Event: 0.765 Executing VM operation: HandshakeAllThreads (Deoptimize) done
Event: 0.765 Executing VM operation: HandshakeAllThreads (Deoptimize)
Event: 0.765 Executing VM operation: HandshakeAllThreads (Deoptimize) done

Memory protections (0 events):
No events

Nmethod flushes (0 events):
No events

Events (17 events):
Event: 0.017 Thread 0x000001ce7c3cd550 Thread added: 0x000001ce7c3cd550
Event: 0.026 Thread 0x000001ce7c3cd550 Thread added: 0x000001ce7e099ea0
Event: 0.026 Thread 0x000001ce7c3cd550 Thread added: 0x000001ce7e09a5e0
Event: 0.027 Thread 0x000001ce7c3cd550 Thread added: 0x000001ce7e09ae50
Event: 0.027 Thread 0x000001ce7c3cd550 Thread added: 0x000001ce7e09be00
Event: 0.027 Thread 0x000001ce7c3cd550 Thread added: 0x000001ce7e09cdd0
Event: 0.027 Thread 0x000001ce7c3cd550 Thread added: 0x000001ce7e09e210
Event: 0.027 Thread 0x000001ce7c3cd550 Thread added: 0x000001ce1d6f99f0
Event: 0.027 Thread 0x000001ce7c3cd550 Thread added: 0x000001ce1d6fe4c0
Event: 0.087 Thread 0x000001ce1d6fe4c0 Thread added: 0x000001ce1d8032b0
Event: 0.089 Thread 0x000001ce1d8032b0 Thread added: 0x000001ce1d81a240
Event: 0.089 Thread 0x000001ce1d6fe4c0 Thread added: 0x000001ce1d81cf30
Event: 0.094 Thread 0x000001ce1d6f99f0 Thread added: 0x000001ce1d86aa30
Event: 0.105 Thread 0x000001ce7c3cd550 Thread added: 0x000001ce1d93e3f0
Event: 0.199 Thread 0x000001ce7c3cd550 Thread added: 0x000001ce1d9bd330
Event: 0.199 Thread 0x000001ce7c3cd550 Thread added: 0x000001ce1d9bdc60
Event: 0.785 Thread 0x000001ce7c3cd550 Thread added: 0x000001ce63bd4310


Dynamic libraries:
0x00007ff68e820000 - 0x00007ff68e830000 	C:\Program Files\Java\jdk-24\bin\java.exe
0x00007ffd761c0000 - 0x00007ffd76427000 	C:\WINDOWS\SYSTEM32\ntdll.dll
0x00007ffd74380000 - 0x00007ffd74449000 	C:\WINDOWS\System32\KERNEL32.DLL
0x00007ffd736b0000 - 0x00007ffd73a9f000 	C:\WINDOWS\System32\KERNELBASE.dll
0x00007ffd73ab0000 - 0x00007ffd73bfb000 	C:\WINDOWS\System32\ucrtbase.dll
0x00007ffd5eac0000 - 0x00007ffd5ead6000 	C:\Program Files\Java\jdk-24\bin\jli.dll
0x00007ffd5e760000 - 0x00007ffd5e77b000 	C:\Program Files\Java\jdk-24\bin\VCRUNTIME140.dll
0x00007ffd754e0000 - 0x00007ffd756a5000 	C:\WINDOWS\System32\USER32.dll
0x00007ffd73ea0000 - 0x00007ffd73ec7000 	C:\WINDOWS\System32\win32u.dll
0x00007ffd586a0000 - 0x00007ffd58933000 	C:\WINDOWS\WinSxS\amd64_microsoft.windows.common-controls_6595b64144ccf1df_6.0.26100.7309_none_3e05feeae336a044\COMCTL32.dll
0x00007ffd759f0000 - 0x00007ffd75a1b000 	C:\WINDOWS\System32\GDI32.dll
0x00007ffd756c0000 - 0x00007ffd75769000 	C:\WINDOWS\System32\msvcrt.dll
0x00007ffd73d70000 - 0x00007ffd73e9c000 	C:\WINDOWS\System32\gdi32full.dll
0x00007ffd73600000 - 0x00007ffd736a3000 	C:\WINDOWS\System32\msvcp_win.dll
0x00007ffd74eb0000 - 0x00007ffd74ee1000 	C:\WINDOWS\System32\IMM32.DLL
0x00007ffd5e750000 - 0x00007ffd5e75c000 	C:\Program Files\Java\jdk-24\bin\vcruntime140_1.dll
0x00007ffd30390000 - 0x00007ffd3041e000 	C:\Program Files\Java\jdk-24\bin\msvcp140.dll
0x00007ffcc9960000 - 0x00007ffcca702000 	C:\Program Files\Java\jdk-24\bin\server\jvm.dll
0x00007ffd75770000 - 0x00007ffd75824000 	C:\WINDOWS\System32\ADVAPI32.dll
0x00007ffd751d0000 - 0x00007ffd75276000 	C:\WINDOWS\System32\sechost.dll
0x00007ffd75030000 - 0x00007ffd75148000 	C:\WINDOWS\System32\RPCRT4.dll
0x00007ffd74550000 - 0x00007ffd745c4000 	C:\WINDOWS\System32\WS2_32.dll
0x00007ffd69d50000 - 0x00007ffd69d5b000 	C:\WINDOWS\SYSTEM32\VERSION.dll
0x00007ffd73170000 - 0x00007ffd731ce000 	C:\WINDOWS\SYSTEM32\POWRPROF.dll
0x00007ffd5cc60000 - 0x00007ffd5cc95000 	C:\WINDOWS\SYSTEM32\WINMM.dll
0x00007ffd73150000 - 0x00007ffd73164000 	C:\WINDOWS\SYSTEM32\UMPDC.dll
0x00007ffd72030000 - 0x00007ffd7204b000 	C:\WINDOWS\SYSTEM32\kernel.appcore.dll
0x00007ffd599a0000 - 0x00007ffd599aa000 	C:\Program Files\Java\jdk-24\bin\jimage.dll
0x00007ffd70a20000 - 0x00007ffd70c62000 	C:\WINDOWS\SYSTEM32\DBGHELP.DLL
0x00007ffd73ff0000 - 0x00007ffd74376000 	C:\WINDOWS\System32\combase.dll
0x00007ffd74f50000 - 0x00007ffd75026000 	C:\WINDOWS\System32\OLEAUT32.dll
0x00007ffd54d00000 - 0x00007ffd54d3c000 	C:\WINDOWS\SYSTEM32\dbgcore.DLL
0x00007ffd73310000 - 0x00007ffd733b5000 	C:\WINDOWS\System32\bcryptPrimitives.dll
0x00007ffd5e7f0000 - 0x00007ffd5e7ff000 	C:\Program Files\Java\jdk-24\bin\instrument.dll
0x00007ffd59940000 - 0x00007ffd5995e000 	C:\Program Files\Java\jdk-24\bin\java.dll
0x00007ffd75850000 - 0x00007ffd759e7000 	C:\WINDOWS\System32\ole32.dll
0x00007ffd75a20000 - 0x00007ffd76173000 	C:\WINDOWS\System32\SHELL32.dll
0x00007ffd73c00000 - 0x00007ffd73d6a000 	C:\WINDOWS\System32\wintypes.dll
0x00007ffd70ef0000 - 0x00007ffd7174e000 	C:\WINDOWS\SYSTEM32\windows.storage.dll
0x00007ffd74d80000 - 0x00007ffd74e75000 	C:\WINDOWS\System32\SHCORE.dll
0x00007ffd75470000 - 0x00007ffd754d6000 	C:\WINDOWS\System32\shlwapi.dll
0x00007ffd73230000 - 0x00007ffd73259000 	C:\WINDOWS\SYSTEM32\profapi.dll
0x00007ffd302b0000 - 0x00007ffd30387000 	C:\Program Files\Java\jdk-24\bin\jsvml.dll
0x00007ffd4fd50000 - 0x00007ffd4fd67000 	C:\Program Files\Java\jdk-24\bin\zip.dll
0x00007ffd5e820000 - 0x00007ffd5e830000 	C:\Program Files\Java\jdk-24\bin\net.dll
0x00007ffd72610000 - 0x00007ffd7267b000 	C:\WINDOWS\system32\mswsock.dll
0x00007ffd5e800000 - 0x00007ffd5e816000 	C:\Program Files\Java\jdk-24\bin\nio.dll
0x00007ffd590e0000 - 0x00007ffd590e9000 	C:\Program Files\Java\jdk-24\bin\extnet.dll

JVMTI agents:
C:\Program Files\JetBrains\IntelliJ IDEA Community Edition 2025.1.3\lib\idea_rt.jar path:C:\Program Files\Java\jdk-24\bin\instrument.dll, loaded, initialized, instrumentlib options:57626

dbghelp: loaded successfully - version: 4.0.5 - missing functions: none
symbol engine: initialized successfully - sym options: 0x614 - pdb path: .;C:\Program Files\Java\jdk-24\bin;C:\WINDOWS\SYSTEM32;C:\WINDOWS\WinSxS\amd64_microsoft.windows.common-controls_6595b64144ccf1df_6.0.26100.7309_none_3e05feeae336a044;C:\Program Files\Java\jdk-24\bin\server

VM Arguments:
jvm_args: -javaagent:C:\Program Files\JetBrains\IntelliJ IDEA Community Edition 2025.1.3\lib\idea_rt.jar=57626 -Dfile.encoding=UTF-8 -Dsun.stdout.encoding=UTF-8 -Dsun.stderr.encoding=UTF-8 
java_command: e_commerce.api.e_commerce.ECommerceApplication
java_class_path (initial): C:\Users\M.S.I\Documents\E-commerce-API\e-commerce\target\classes;C:\Users\M.S.I\.m2\repository\org\springframework\boot\spring-boot-starter-webmvc\4.0.0\spring-boot-starter-webmvc-4.0.0.jar;C:\Users\M.S.I\.m2\repository\org\springframework\boot\spring-boot-starter\4.0.0\spring-boot-starter-4.0.0.jar;C:\Users\M.S.I\.m2\repository\org\springframework\boot\spring-boot-starter-logging\4.0.0\spring-boot-starter-logging-4.0.0.jar;C:\Users\M.S.I\.m2\repository\ch\qos\logback\logback-classic\1.5.21\logback-classic-1.5.21.jar;C:\Users\M.S.I\.m2\repository\ch\qos\logback\logback-core\1.5.21\logback-core-1.5.21.jar;C:\Users\M.S.I\.m2\repository\org\apache\logging\log4j\log4j-to-slf4j\2.25.2\log4j-to-slf4j-2.25.2.jar;C:\Users\M.S.I\.m2\repository\org\apache\logging\log4j\log4j-api\2.25.2\log4j-api-2.25.2.jar;C:\Users\M.S.I\.m2\repository\org\slf4j\jul-to-slf4j\2.0.17\jul-to-slf4j-2.0.17.jar;C:\Users\M.S.I\.m2\repository\org\springframework\boot\spring-boot-autoconfigure\4.0.0\spring-boot-autoconfigure-4.0.0.jar;C:\Users\M.S.I\.m2\repository\jakarta\annotation\jakarta.annotation-api\3.0.0\jakarta.annotation-api-3.0.0.jar;C:\Users\M.S.I\.m2\repository\org\yaml\snakeyaml\2.5\snakeyaml-2.5.jar;C:\Users\M.S.I\.m2\repository\org\springframework\boot\spring-boot-starter-jackson\4.0.0\spring-boot-starter-jackson-4.0.0.jar;C:\Users\M.S.I\.m2\repository\org\springframework\boot\spring-boot-jackson\4.0.0\spring-boot-jackson-4.0.0.jar;C:\Users\M.S.I\.m2\repository\tools\jackson\core\jackson-databind\3.0.2\jackson-databind-3.0.2.jar;C:\Users\M.S.I\.m2\repository\tools\jackson\core\jackson-core\3.0.2\jackson-core-3.0.2.jar;C:\Users\M.S.I\.m2\repository\org\springframework\boot\spring-boot-starter-tomcat\4.0.0\spring-boot-starter-tomcat-4.0.0.jar;C:\Users\M.S.I\.m2\repository\org\springframework\boot\spring-boot-starter-tomcat-runtime\4.0.0\spring-boot-starter-tomcat-runtime-4.0.0.jar;C:\Users\M.S.I\.m2\repository\org\apache\tomcat\embed\tomcat-embed-core\11.0.14\tomcat-embed-core-11.0.14.jar;C:\Users\M.S.I\.m2\repository\org\apache\tomcat\embed\tomcat-embed-el\11.0.14\tomcat-embed-el-11.0.14.jar;C:\Users\M.S.I\.m2\repository\org\apache\tomcat\embed\tomcat-embed-websocket\11.0.14\tomcat-embed-websocket-11.0.14.jar;C:\Users\M.S.I\.m2\repository\org\springframework\boot\spring-boot-tomcat\4.0.0\spring-boot-tomcat-4.0.0.jar;C:\Users\M.S.I\.m2\repository\org\springframework\boot\spring-boot-http-converter\4.0.0\spring-boot-http-converter-4.0.0.jar;C:\Users\M.S.I\.m2\repository\org\springframework\boot\spring-boot\4.0.0\spring-boot-4.0.0.jar;C:\Users\M.S.I\.m2\repository\org\springframework\spring-context\7.0.1\spring-context-7.0.1.jar;C:\Users\M.S.I\.m2\repository\org\springframework\spring-web\7.0.1\spring-web-7.0.1.jar;C:\Users\M.S.I\.m2\repository\org\springframework\spring-beans\7.0.1\spring-beans-7.0.1.jar;C:\Users\M.S.I\.m2\repository\io\micrometer\micrometer-observation\1.16.0\micrometer-observation-1.16.0.jar;C:\Users\M.S.I\.m2\repository\io\micrometer\micrometer-commons\1.16.0\micrometer-commons-1.16.0.jar;C:\Users\M.S.I\.m2\repository\org\springframework\boot\spring-boot-webmvc\4.0.0\spring-boot-webmvc-4.0.0.jar;C:\Users\M.S.I\.m2\repository\org\springframework\boot\spring-boot-servlet\4.0.0\spring-boot-servlet-4.0.0.jar;C:\Users\M.S.I\.m2\repository\org\springframework\spring-webmvc\7.0.1\spring-webmvc-7.0.1.jar;C:\Users\M.S.I\.m2\repository\org\springframework\spring-aop\7.0.1\spring-aop-7.0.1.jar;C:\Users\M.S.I\.m2\repository\org\springframework\spring-expression\7.0.1\spring-expression-7.0.1.jar;C:\Users\M.S.I\.m2\repository\org\slf4j\slf4j-api\2.0.17\slf4j-api-2.0.17.jar;C:\Users\M.S.I\.m2\repository\jakarta\xml\bind\jakarta.xml.bind-api\4.0.4\jakarta.xml.bind-api-4.0.4.jar;C:\Users\M.S.I\.m2\repository\jakarta\activation\jakarta.activation-api\2.1.4\jakarta.activation-api-2.1.4.jar;C:\Users\M.S.I\.m2\repository\net\bytebuddy\byte-buddy\1.17.8\byte-buddy-1.17.8.jar;C:\Users\M.S.I\.m2\repository\org\springframework\spring-core\7.0.1\spring-core-7.0.1.jar;C:\Users\M.S.I\.m2\repository\commons-logging\commons-logging\1.3.5\commons-logging-1.3.5.jar;C:\Users\M.S.I\.m2\repository\org\jspecify\jspecify\1.0.0\jspecify-1.0.0.jar;C:\Users\M.S.I\.m2\repository\org\springframework\boot\spring-boot-web-server\4.0.0\spring-boot-web-server-4.0.0.jar;C:\Users\M.S.I\.m2\repository\org\springframework\boot\spring-boot-starter-web\4.0.0\spring-boot-starter-web-4.0.0.jar;C:\Users\M.S.I\.m2\repository\org\springframework\boot\spring-boot-starter-data-jpa\4.0.0\spring-boot-starter-data-jpa-4.0.0.jar;C:\Users\M.S.I\.m2\repository\org\springframework\boot\spring-boot-starter-jdbc\4.0.0\spring-boot-starter-jdbc-4.0.0.jar;C:\Users\M.S.I\.m2\repository\com\zaxxer\HikariCP\7.0.2\HikariCP-7.0.2.jar;C:\Users\M.S.I\.m2\repository\org\springframework\boot\spring-boot-data-jpa\4.0.0\spring-boot-data-jpa-4.0.0.jar;C:\Users\M.S.I\.m2\repository\org\springframework\boot\spring-boot-data-commons\4.0.0\spring-boot-data-commons-4.0.0.jar;C:\Users\M.S.I\.m2\repository\org\springframework\boot\spring-boot-persistence\4.0.0\spring-boot-persistence-4.0.0.jar;C:\Users\M.S.I\.m2\repository\org\springframework\data\spring-data-commons\4.0.0\spring-data-commons-4.0.0.jar;C:\Users\M.S.I\.m2\repository\org\springframework\boot\spring-boot-hibernate\4.0.0\spring-boot-hibernate-4.0.0.jar;C:\Users\M.S.I\.m2\repository\org\springframework\boot\spring-boot-jpa\4.0.0\spring-boot-jpa-4.0.0.jar;C:\Users\M.S.I\.m2\repository\jakarta\persistence\jakarta.persistence-api\3.2.0\jakarta.persistence-api-3.2.0.jar;C:\Users\M.S.I\.m2\repository\org\hibernate\orm\hibernate-core\7.1.8.Final\hibernate-core-7.1.8.Final.jar;C:\Users\M.S.I\.m2\repository\jakarta\transaction\jakarta.transaction-api\2.0.1\jakarta.transaction-api-2.0.1.jar;C:\Users\M.S.I\.m2\repository\org\jboss\logging\jboss-logging\3.6.1.Final\jboss-logging-3.6.1.Final.jar;C:\Users\M.S.I\.m2\repository\org\hibernate\models\hibernate-models\1.0.1\hibernate-models-1.0.1.jar;C:\Users\M.S.I\.m2\repository\com\fasterxml\classmate\1.7.1\classmate-1.7.1.jar;C:\Users\M.S.I\.m2\repository\org\glassfish\jaxb\jaxb-runtime\4.0.6\jaxb-runtime-4.0.6.jar;C:\Users\M.S.I\.m2\repository\org\glassfish\jaxb\jaxb-core\4.0.6\jaxb-core-4.0.6.jar;C:\Users\M.S.I\.m2\repository\org\eclipse\angus\angus-activation\2.0.3\angus-activation-2.0.3.jar;C:\Users\M.S.I\.m2\repository\org\glassfish\jaxb\txw2\4.0.6\txw2-4.0.6.jar;C:\Users\M.S.I\.m2\repository\com\sun\istack\istack-commons-runtime\4.1.2\istack-commons-runtime-4.1.2.jar;C:\Users\M.S.I\.m2\repository\jakarta\inject\jakarta.inject-api\2.0.1\jakarta.inject-api-2.0.1.jar;C:\Users\M.S.I\.m2\repository\org\springframework\spring-orm\7.0.1\spring-orm-7.0.1.jar;C:\Users\M.S.I\.m2\repository\org\springframework\data\spring-data-jpa\4.0.0\spring-data-jpa-4.0.0.jar;C:\Users\M.S.I\.m2\repository\org\springframework\spring-tx\7.0.1\spring-tx-7.0.1.jar;C:\Users\M.S.I\.m2\repository\org\antlr\antlr4-runtime\4.13.2\antlr4-runtime-4.13.2.jar;C:\Users\M.S.I\.m2\repository\org\springframework\spring-aspects\7.0.1\spring-aspects-7.0.1.jar;C:\Users\M.S.I\.m2\repository\org\aspectj\aspectjweaver\1.9.25\aspectjweaver-1.9.25.jar;C:\Users\M.S.I\.m2\repository\org\springframework\boot\spring-boot-jdbc\4.0.0\spring-boot-jdbc-4.0.0.jar;C:\Users\M.S.I\.m2\repository\org\springframework\boot\spring-boot-sql\4.0.0\spring-boot-sql-4.0.0.jar;C:\Users\M.S.I\.m2\repository\org\springframework\boot\spring-boot-transaction\4.0.0\spring-boot-transaction-4.0.0.jar;C:\Users\M.S.I\.m2\repository\org\springframework\spring-jdbc\7.0.1\spring-jdbc-7.0.1.jar;C:\Users\M.S.I\.m2\repository\com\mysql\mysql-connector-j\9.5.0\mysql-connector-j-9.5.0.jar;C:\Users\M.S.I\.m2\repository\org\flywaydb\flyway-core\11.14.1\flyway-core-11.14.1.jar;C:\Users\M.S.I\.m2\repository\com\fasterxml\jackson\core\jackson-databind\2.20.1\jackson-databind-2.20.1.jar;C:\Users\M.S.I\.m2\repository\com\fasterxml\jackson\core\jackson-annotations\2.20\jackson-annotations-2.20.jar;C:\Users\M.S.I\.m2\repository\com\fasterxml\jackson\core\jackson-core\2.20.1\jackson-core-2.20.1.jar
Launcher Type: SUN_STANDARD

[Global flags]
     intx CICompilerCount                          = 12                                        {product} {ergonomic}
     uint ConcGCThreads                            = 3                                         {product} {ergonomic}
     uint G1ConcRefinementThreads                  = 13                                        {product} {ergonomic}
   size_t G1HeapRegionSize                         = 2097152                                   {product} {ergonomic}
   size_t InitialHeapSize                          = 264241152                                 {product} {ergonomic}
   size_t MarkStackSize                            = 4194304                                   {product} {ergonomic}
   size_t MarkStackSizeMax                         = 536870912                                 {product} {ergonomic}
   size_t MaxHeapSize                              = 4217372672                                {product} {ergonomic}
   size_t MaxNewSize                               = 2529165312                                {product} {ergonomic}
   size_t MinHeapDeltaBytes                        = 2097152                                   {product} {ergonomic}
   size_t MinHeapSize                              = 8388608                                   {product} {ergonomic}
    uintx NonNMethodCodeHeapSize                   = 7602176                                {pd product} {ergonomic}
    uintx NonProfiledCodeHeapSize                  = 122093568                              {pd product} {ergonomic}
    uintx ProfiledCodeHeapSize                     = 121962496                              {pd product} {ergonomic}
    uintx ReservedCodeCacheSize                    = 251658240                              {pd product} {ergonomic}
     bool SegmentedCodeCache                       = true                                      {product} {ergonomic}
   size_t SoftMaxHeapSize                          = 4217372672                             {manageable} {ergonomic}
     bool UseCompressedOops                        = true                           {product lp64_product} {ergonomic}
     bool UseG1GC                                  = true                                      {product} {ergonomic}
     bool UseLargePagesIndividualAllocation        = false                                  {pd product} {ergonomic}

Logging:
Log output configuration:
 #0: stdout all=warning uptime,level,tags foldmultilines=false
 #1: stderr all=off uptime,level,tags foldmultilines=false

Environment Variables:
JAVA_HOME=C:\Program Files\Java\jdk-17
PATH=C:\Program Files\Git\usr\local\bin;C:\Program Files\Git\bin;C:\Program Files\Eclipse Adoptium\jdk-11.0.24.8-hotspot\bin;C:\Program Files\Eclipse Adoptium\jdk-17.0.15.6-hotspot\bin;C:\Program Files\Java\jdk-24\bin;C:\Program Files\apache-maven-3.9.9\bin;C:\Windows\System32;C:\Program Files\Java\jdk-24\bin;C:\Program Files\nodejs\;C:\Program Files\Git\cmd;C:\Users\M.S.I\AppData\Local\Programs\Python\Python311\Scripts\;C:\Users\M.S.I\AppData\Local\Programs\Python\Python311\;C:\Users\M.S.I\AppData\Local\Microsoft\WindowsApps;C:\Users\M.S.I\AppData\Local\JetBrains\Toolbox\scripts;C:\Program Files\JetBrains\IntelliJ IDEA Community Edition 2025.1.3\bin;;C:\Program Files\JetBrains\PyCharm Community Edition 2023.1.1\bin;;C:\Program Files\JetBrains\IntelliJ IDEA 2025.1.3\bin;;C:\Program Files\Azure Data Studio\bin;C:\Users\M.S.I\AppData\Local\Microsoft\WindowsApps;C:\Users\M.S.I\AppData\Local\Programs\Microsoft VS Code\bin;C:\Users\M.S.I\AppData\Roaming\npm
USERNAME=M.S.I
OS=Windows_NT
PROCESSOR_IDENTIFIER=Intel64 Family 6 Model 141 Stepping 1, GenuineIntel
TMP=C:\Users\MS1E84~1.I\AppData\Local\Temp
TEMP=C:\Users\MS1E84~1.I\AppData\Local\Temp




Periodic native trim disabled

---------------  S Y S T E M  ---------------

OS:
 Windows 11 , 64 bit Build 26100 (10.0.26100.7623)
OS uptime: 3 days 0:44 hours
Hyper-V role detected

CPU: total 16 (initial active 16) (8 cores per cpu, 2 threads per core) family 6 model 141 stepping 1 microcode 0x34, cx8, cmov, fxsr, ht, mmx, 3dnowpref, sse, sse2, sse3, ssse3, sse4.1, sse4.2, popcnt, lzcnt, tsc, tscinvbit, avx, avx2, aes, erms, clmul, bmi1, bmi2, adx, avx512f, avx512dq, avx512cd, avx512bw, avx512vl, sha, fma, vzeroupper, avx512_vpopcntdq, avx512_vpclmulqdq, avx512_vaes, avx512_vnni, clflush, clflushopt, clwb, avx512_vbmi2, avx512_vbmi, hv, rdtscp, rdpid, fsrm, gfni, avx512_bitalg, f16c, cet_ibt, cet_ss, avx512_ifma
Processor Information for the first 16 processors :
  Max Mhz: 2304, Current Mhz: 2304, Mhz Limit: 2304

Memory: 4k page, system-wide physical 16085M (3234M free)
TotalPageFile size 18133M (AvailPageFile size 26M)
current process WorkingSet (physical memory assigned to process): 133M, peak: 133M
current process commit charge ("private bytes"): 386M, peak: 390M

vm_info: Java HotSpot(TM) 64-Bit Server VM (24.0.1+9-30) for windows-amd64 JRE (24.0.1+9-30), built on 2025-03-05T07:23:45Z with MS VC++ 17.6 (VS2022)

END.
