#
# There is insufficient memory for the Java Runtime Environment to continue.
# Native memory allocation (malloc) failed to allocate 9518096 bytes. Error detail: Chunk::new
# Possible reasons:
#   The system is out of physical RAM or swap space
#   This process is running with CompressedOops enabled, and the Java Heap may be blocking the growth of the native heap
# Possible solutions:
#   Reduce memory load on the system
#   Increase physical memory or swap space
#   Check if swap backing store is full
#   Decrease Java heap size (-Xmx/-Xms)
#   Decrease number of Java threads
#   Decrease Java thread stack sizes (-Xss)
#   Set larger code cache with -XX:ReservedCodeCacheSize=
#   JVM is running with Zero Based Compressed Oops mode in which the Java heap is
#     placed in the first 32GB address space. The Java Heap base address is the
#     maximum limit for the native heap growth. Please use -XX:HeapBaseMinAddress
#     to set the Java Heap base and to place the Java Heap above 32GB virtual address.
# This output file may be truncated or incomplete.
#
#  Out of Memory Error (arena.cpp:162), pid=26100, tid=21496
#
# JRE version: Java(TM) SE Runtime Environment (24.0.1+9) (build 24.0.1+9-30)
# Java VM: Java HotSpot(TM) 64-Bit Server VM (24.0.1+9-30, mixed mode, sharing, tiered, compressed oops, compressed class ptrs, g1 gc, windows-amd64)
# No core dump will be written. Minidumps are not enabled by default on client versions of Windows
#

---------------  S U M M A R Y ------------

Command Line: -javaagent:C:\Program Files\JetBrains\IntelliJ IDEA Community Edition 2025.1.3\lib\idea_rt.jar=60428 -Dfile.encoding=UTF-8 -Dsun.stdout.encoding=UTF-8 -Dsun.stderr.encoding=UTF-8 e_commerce.api.e_commerce.ECommerceApplication

Host: 11th Gen Intel(R) Core(TM) i7-11800H @ 2.30GHz, 16 cores, 15G,  Windows 11 , 64 bit Build 26100 (10.0.26100.7623)
Time: Mon Feb  2 14:16:07 2026 West Bank Gaza Standard Time elapsed time: 459.902321 seconds (0d 0h 7m 39s)

---------------  T H R E A D  ---------------

Current thread (0x000001d7bfc23420):  JavaThread "C2 CompilerThread0" daemon [_thread_in_native, id=21496, stack(0x000000b396900000,0x000000b396a00000) (1024K)]


Current CompileTask:
C2:459902 11544       4       sun.util.locale.BaseLocale::getInstance (160 bytes)

Stack: [0x000000b396900000,0x000000b396a00000]
Native frames: (J=compiled Java code, j=interpreted, Vv=VM code, C=native code)
V  [jvm.dll+0x730739]  (no source info available)
V  [jvm.dll+0x8d9b23]  (no source info available)
V  [jvm.dll+0x8dc00d]  (no source info available)
V  [jvm.dll+0x8dc683]  (no source info available)
V  [jvm.dll+0x2aa086]  (no source info available)
V  [jvm.dll+0xcedef]  (no source info available)
V  [jvm.dll+0xcf04f]  (no source info available)
V  [jvm.dll+0x154d83]  (no source info available)
V  [jvm.dll+0x735f5f]  (no source info available)
V  [jvm.dll+0x26fa1c]  (no source info available)
V  [jvm.dll+0x26ea3f]  (no source info available)
V  [jvm.dll+0x1e9d60]  (no source info available)
V  [jvm.dll+0x27e1fb]  (no source info available)
V  [jvm.dll+0x27c49a]  (no source info available)
V  [jvm.dll+0x42f456]  (no source info available)
V  [jvm.dll+0x87d76b]  (no source info available)
V  [jvm.dll+0x72ee55]  (no source info available)
C  [ucrtbase.dll+0x37b0]  (no source info available)
C  [KERNEL32.DLL+0x2e8d7]  (no source info available)
C  [ntdll.dll+0x8c53c]  (no source info available)

Lock stack of current Java thread (top to bottom):


---------------  P R O C E S S  ---------------

Threads class SMR info:
_java_thread_list=0x000001d80c4885b0, length=31, elements={
0x000001d7bfbfd2f0, 0x000001d7bfbfda30, 0x000001d7bfc002b0, 0x000001d7bfc01130,
0x000001d7bfc01fb0, 0x000001d7bfc0cfe0, 0x000001d7bfc23420, 0x000001d7bfc45410,
0x000001d7c2cceaf0, 0x000001d7c2ccd500, 0x000001d7c2ccdc50, 0x000001d808bfee80,
0x000001d808bffd20, 0x000001d808c00470, 0x000001d808bfd890, 0x000001d808bfc2a0,
0x000001d808c01a60, 0x000001d808bfe730, 0x000001d808c02900, 0x000001d808c021b0,
0x000001d808c037a0, 0x000001d808c03050, 0x000001d80c7dd8c0, 0x000001d80c7deeb0,
0x000001d80c7dfd50, 0x000001d80c7df600, 0x000001d80c7de760, 0x000001d80c7dd170,
0x000001d80c7e1340, 0x000001d809a793a0, 0x000001d809a79b30
}

Java Threads: ( => current thread )
  0x000001d7bfbfd2f0 JavaThread "Reference Handler"          daemon [_thread_blocked, id=9908, stack(0x000000b396300000,0x000000b396400000) (1024K)]
  0x000001d7bfbfda30 JavaThread "Finalizer"                  daemon [_thread_blocked, id=26164, stack(0x000000b396400000,0x000000b396500000) (1024K)]
  0x000001d7bfc002b0 JavaThread "Signal Dispatcher"          daemon [_thread_blocked, id=13296, stack(0x000000b396500000,0x000000b396600000) (1024K)]
  0x000001d7bfc01130 JavaThread "Attach Listener"            daemon [_thread_blocked, id=23980, stack(0x000000b396600000,0x000000b396700000) (1024K)]
  0x000001d7bfc01fb0 JavaThread "Service Thread"             daemon [_thread_blocked, id=22532, stack(0x000000b396700000,0x000000b396800000) (1024K)]
  0x000001d7bfc0cfe0 JavaThread "Monitor Deflation Thread"   daemon [_thread_blocked, id=12648, stack(0x000000b396800000,0x000000b396900000) (1024K)]
=>0x000001d7bfc23420 JavaThread "C2 CompilerThread0"         daemon [_thread_in_native, id=21496, stack(0x000000b396900000,0x000000b396a00000) (1024K)]
  0x000001d7bfc45410 JavaThread "C1 CompilerThread0"         daemon [_thread_blocked, id=12508, stack(0x000000b396a00000,0x000000b396b00000) (1024K)]
  0x000001d7c2cceaf0 JavaThread "Common-Cleaner"             daemon [_thread_blocked, id=20748, stack(0x000000b396e00000,0x000000b396f00000) (1024K)]
  0x000001d7c2ccd500 JavaThread "Monitor Ctrl-Break"         daemon [_thread_in_native, id=13148, stack(0x000000b396f00000,0x000000b397000000) (1024K)]
  0x000001d7c2ccdc50 JavaThread "Notification Thread"        daemon [_thread_blocked, id=18040, stack(0x000000b397000000,0x000000b397100000) (1024K)]
  0x000001d808bfee80 JavaThread "Catalina-utility-1"                [_thread_blocked, id=15348, stack(0x000000b398200000,0x000000b398300000) (1024K)]
  0x000001d808bffd20 JavaThread "Catalina-utility-2"                [_thread_blocked, id=9096, stack(0x000000b398300000,0x000000b398400000) (1024K)]
  0x000001d808c00470 JavaThread "container-0"                       [_thread_blocked, id=6272, stack(0x000000b398400000,0x000000b398500000) (1024K)]
  0x000001d808bfd890 JavaThread "mysql-cj-abandoned-connection-cleanup" daemon [_thread_blocked, id=11384, stack(0x000000b398500000,0x000000b398600000) (1024K)]
  0x000001d808bfc2a0 JavaThread "HikariPool-1:housekeeper"   daemon [_thread_blocked, id=14144, stack(0x000000b398700000,0x000000b398800000) (1024K)]
  0x000001d808c01a60 JavaThread "http-nio-8080-exec-1"       daemon [_thread_blocked, id=18708, stack(0x000000b398900000,0x000000b398a00000) (1024K)]
  0x000001d808bfe730 JavaThread "http-nio-8080-exec-2"       daemon [_thread_blocked, id=11472, stack(0x000000b398a00000,0x000000b398b00000) (1024K)]
  0x000001d808c02900 JavaThread "http-nio-8080-exec-3"       daemon [_thread_blocked, id=7092, stack(0x000000b398b00000,0x000000b398c00000) (1024K)]
  0x000001d808c021b0 JavaThread "http-nio-8080-exec-4"       daemon [_thread_blocked, id=7208, stack(0x000000b398c00000,0x000000b398d00000) (1024K)]
  0x000001d808c037a0 JavaThread "http-nio-8080-exec-5"       daemon [_thread_blocked, id=18448, stack(0x000000b398d00000,0x000000b398e00000) (1024K)]
  0x000001d808c03050 JavaThread "http-nio-8080-exec-6"       daemon [_thread_blocked, id=14772, stack(0x000000b398e00000,0x000000b398f00000) (1024K)]
  0x000001d80c7dd8c0 JavaThread "http-nio-8080-exec-7"       daemon [_thread_blocked, id=8876, stack(0x000000b398f00000,0x000000b399000000) (1024K)]
  0x000001d80c7deeb0 JavaThread "http-nio-8080-exec-8"       daemon [_thread_blocked, id=17368, stack(0x000000b399000000,0x000000b399100000) (1024K)]
  0x000001d80c7dfd50 JavaThread "http-nio-8080-exec-9"       daemon [_thread_blocked, id=21456, stack(0x000000b399100000,0x000000b399200000) (1024K)]
  0x000001d80c7df600 JavaThread "http-nio-8080-exec-10"      daemon [_thread_blocked, id=18624, stack(0x000000b399200000,0x000000b399300000) (1024K)]
  0x000001d80c7de760 JavaThread "http-nio-8080-Poller"       daemon [_thread_in_native, id=20500, stack(0x000000b399300000,0x000000b399400000) (1024K)]
  0x000001d80c7dd170 JavaThread "http-nio-8080-Acceptor"     daemon [_thread_in_native, id=21576, stack(0x000000b399400000,0x000000b399500000) (1024K)]
  0x000001d80c7e1340 JavaThread "DestroyJavaVM"                     [_thread_blocked, id=23284, stack(0x000000b395b00000,0x000000b395c00000) (1024K)]
  0x000001d809a793a0 JavaThread "C2 CompilerThread1"         daemon [_thread_blocked, id=24016, stack(0x000000b395800000,0x000000b395900000) (1024K)]
  0x000001d809a79b30 JavaThread "C2 CompilerThread2"         daemon [_thread_blocked, id=7416, stack(0x000000b395900000,0x000000b395a00000) (1024K)]
Total: 31

Other Threads:
  0x000001d7bfbed030 VMThread "VM Thread"                           [id=25440, stack(0x000000b396200000,0x000000b396300000) (1024K)]
  0x000001d7c2ab09d0 WatcherThread "VM Periodic Task Thread"        [id=24800, stack(0x000000b396100000,0x000000b396200000) (1024K)]
  0x000001d7a29222e0 WorkerThread "GC Thread#0"                     [id=24876, stack(0x000000b395c00000,0x000000b395d00000) (1024K)]
  0x000001d808e5cbf0 WorkerThread "GC Thread#1"                     [id=19964, stack(0x000000b397300000,0x000000b397400000) (1024K)]
  0x000001d809176cd0 WorkerThread "GC Thread#2"                     [id=24512, stack(0x000000b397400000,0x000000b397500000) (1024K)]
  0x000001d809177ca0 WorkerThread "GC Thread#3"                     [id=25844, stack(0x000000b397500000,0x000000b397600000) (1024K)]
  0x000001d809178050 WorkerThread "GC Thread#4"                     [id=4860, stack(0x000000b397600000,0x000000b397700000) (1024K)]
  0x000001d809178c10 WorkerThread "GC Thread#5"                     [id=20784, stack(0x000000b397700000,0x000000b397800000) (1024K)]
  0x000001d808d27cf0 WorkerThread "GC Thread#6"                     [id=20188, stack(0x000000b397900000,0x000000b397a00000) (1024K)]
  0x000001d808d28f60 WorkerThread "GC Thread#7"                     [id=7752, stack(0x000000b397a00000,0x000000b397b00000) (1024K)]
  0x000001d808d280a0 WorkerThread "GC Thread#8"                     [id=9648, stack(0x000000b397b00000,0x000000b397c00000) (1024K)]
  0x000001d808d28450 WorkerThread "GC Thread#9"                     [id=14900, stack(0x000000b397c00000,0x000000b397d00000) (1024K)]
  0x000001d808d28800 WorkerThread "GC Thread#10"                    [id=3748, stack(0x000000b397d00000,0x000000b397e00000) (1024K)]
  0x000001d809a941a0 WorkerThread "GC Thread#11"                    [id=8864, stack(0x000000b397e00000,0x000000b397f00000) (1024K)]
  0x000001d809a95f20 WorkerThread "GC Thread#12"                    [id=26400, stack(0x000000b397f00000,0x000000b398000000) (1024K)]
  0x000001d7bfaa2010 ConcurrentGCThread "G1 Main Marker"            [id=5408, stack(0x000000b395d00000,0x000000b395e00000) (1024K)]
  0x000001d7bfaa2a30 WorkerThread "G1 Conc#0"                       [id=23360, stack(0x000000b395e00000,0x000000b395f00000) (1024K)]
  0x000001d809a92f30 WorkerThread "G1 Conc#1"                       [id=14712, stack(0x000000b398000000,0x000000b398100000) (1024K)]
  0x000001d809a932e0 WorkerThread "G1 Conc#2"                       [id=23756, stack(0x000000b398100000,0x000000b398200000) (1024K)]
  0x000001d7bfb20730 ConcurrentGCThread "G1 Refine#0"               [id=11540, stack(0x000000b395f00000,0x000000b396000000) (1024K)]
  0x000001d7bfb212b0 ConcurrentGCThread "G1 Service"                [id=6988, stack(0x000000b396000000,0x000000b396100000) (1024K)]
Total: 21

Threads with active compile tasks:
C2 CompilerThread0  459955 11544       4       sun.util.locale.BaseLocale::getInstance (160 bytes)
Total: 1

VM state: not at safepoint (normal execution)

VM Mutex/Monitor currently owned by a thread: None

Heap address: 0x0000000704a00000, size: 4022 MB, Compressed Oops mode: Zero based, Oop shift amount: 3

CDS archive(s) mapped at: [0x000001d7c3000000-0x000001d7c3d40000-0x000001d7c3d40000), size 13893632, SharedBaseAddress: 0x000001d7c3000000, ArchiveRelocationMode: 1.
Compressed class space mapped at: 0x000001d7c4000000-0x000001d804000000, reserved size: 1073741824
UseCompressedClassPointers 1, UseCompactObjectHeaders 0
Narrow klass pointer bits 32, Max shift 3
Narrow klass base: 0x000001d7c3000000, Narrow klass shift: 0
Encoding Range: [0x000001d7c3000000 - 0x000001d8c3000000), (4294967296 bytes)
Klass Range:    [0x000001d7c3000000 - 0x000001d804000000), (1090519040 bytes)
Klass ID Range:  [8 - 1090519033) (1090519025)

GC Precious Log:
 CardTable entry size: 512
 Card Set container configuration: InlinePtr #cards 4 size 8 Array Of Cards #cards 16 size 48 Howl #buckets 8 coarsen threshold 3686 Howl Bitmap #cards 512 size 80 coarsen threshold 460 Card regions per heap region 1 cards per card region 4096
 CPUs: 16 total, 16 available
 Memory: 16085M
 Large Page Support: Disabled
 NUMA Support: Disabled
 Compressed Oops: Enabled (Zero based)
 Heap Region Size: 2M
 Heap Min Capacity: 8M
 Heap Initial Capacity: 252M
 Heap Max Capacity: 4022M
 Pre-touch: Disabled
 Parallel Workers: 13
 Concurrent Workers: 3
 Concurrent Refinement Workers: 13
 Periodic GC: Disabled

Heap:
 garbage-first heap   total reserved 4118528K, committed 77824K, used 52022K [0x0000000704a00000, 0x0000000800000000)
  region size 2048K, 11 young (22528K), 2 survivors (4096K)
 Metaspace       used 86947K, committed 87680K, reserved 1179648K
  class space    used 9493K, committed 9792K, reserved 1048576K

Heap Regions: E=young(eden), S=young(survivor), O=old, HS=humongous(starts), HC=humongous(continues), CS=collection set, F=free, TAMS=top-at-mark-start, PB=parsable bottom
|   0|0x0000000704a00000, 0x0000000704c00000, 0x0000000704c00000|100%| O|  |TAMS 0x0000000704a00000| PB 0x0000000704a00000| Untracked |  0
|   1|0x0000000704c00000, 0x0000000704e00000, 0x0000000704e00000|100%| O|  |TAMS 0x0000000704c00000| PB 0x0000000704c00000| Untracked |  0
|   2|0x0000000704e00000, 0x0000000705000000, 0x0000000705000000|100%| O|  |TAMS 0x0000000704e00000| PB 0x0000000704e00000| Untracked |  0
|   3|0x0000000705000000, 0x0000000705200000, 0x0000000705200000|100%| O|  |TAMS 0x0000000705000000| PB 0x0000000705000000| Untracked |  0
|   4|0x0000000705200000, 0x0000000705400000, 0x0000000705400000|100%| O|  |TAMS 0x0000000705200000| PB 0x0000000705200000| Untracked |  0
|   5|0x0000000705400000, 0x0000000705600000, 0x0000000705600000|100%| O|Cm|TAMS 0x0000000705400000| PB 0x0000000705400000| Complete |  0
|   6|0x0000000705600000, 0x0000000705800000, 0x0000000705800000|100%| O|  |TAMS 0x0000000705600000| PB 0x0000000705600000| Untracked |  0
|   7|0x0000000705800000, 0x0000000705a00000, 0x0000000705a00000|100%| O|  |TAMS 0x0000000705800000| PB 0x0000000705800000| Untracked |  0
|   8|0x0000000705a00000, 0x0000000705c00000, 0x0000000705c00000|100%| O|  |TAMS 0x0000000705a00000| PB 0x0000000705a00000| Untracked |  0
|   9|0x0000000705c00000, 0x0000000705e00000, 0x0000000705e00000|100%| O|  |TAMS 0x0000000705c00000| PB 0x0000000705c00000| Untracked |  0
|  10|0x0000000705e00000, 0x0000000706000000, 0x0000000706000000|100%| O|  |TAMS 0x0000000705e00000| PB 0x0000000705e00000| Untracked |  0
|  11|0x0000000706000000, 0x0000000706200000, 0x0000000706200000|100%| O|  |TAMS 0x0000000706000000| PB 0x0000000706000000| Untracked |  0
|  12|0x0000000706200000, 0x0000000706400000, 0x0000000706400000|100%| O|  |TAMS 0x0000000706200000| PB 0x0000000706200000| Untracked |  0
|  13|0x0000000706400000, 0x0000000706600000, 0x0000000706600000|100%| O|  |TAMS 0x0000000706400000| PB 0x0000000706400000| Untracked |  0
|  14|0x0000000706600000, 0x0000000706638e40, 0x0000000706800000| 11%| O|  |TAMS 0x0000000706600000| PB 0x0000000706600000| Untracked |  0
|  15|0x0000000706800000, 0x0000000706800000, 0x0000000706a00000|  0%| F|  |TAMS 0x0000000706800000| PB 0x0000000706800000| Untracked |  0
|  16|0x0000000706a00000, 0x0000000706a00000, 0x0000000706c00000|  0%| F|  |TAMS 0x0000000706a00000| PB 0x0000000706a00000| Untracked |  0
|  17|0x0000000706c00000, 0x0000000706c00000, 0x0000000706e00000|  0%| F|  |TAMS 0x0000000706c00000| PB 0x0000000706c00000| Untracked |  0
|  18|0x0000000706e00000, 0x0000000706e00000, 0x0000000707000000|  0%| F|  |TAMS 0x0000000706e00000| PB 0x0000000706e00000| Untracked |  0
|  19|0x0000000707000000, 0x00000007070949f0, 0x0000000707200000| 29%| S|CS|TAMS 0x0000000707000000| PB 0x0000000707000000| Complete |  0
|  20|0x0000000707200000, 0x0000000707200000, 0x0000000707400000|  0%| F|  |TAMS 0x0000000707200000| PB 0x0000000707200000| Untracked |  0
|  21|0x0000000707400000, 0x0000000707600000, 0x0000000707600000|100%| S|CS|TAMS 0x0000000707400000| PB 0x0000000707400000| Complete |  0
|  22|0x0000000707600000, 0x0000000707600000, 0x0000000707800000|  0%| F|  |TAMS 0x0000000707600000| PB 0x0000000707600000| Untracked |  0
|  23|0x0000000707800000, 0x0000000707800000, 0x0000000707a00000|  0%| F|  |TAMS 0x0000000707800000| PB 0x0000000707800000| Untracked |  0
|  24|0x0000000707a00000, 0x0000000707a00000, 0x0000000707c00000|  0%| F|  |TAMS 0x0000000707a00000| PB 0x0000000707a00000| Untracked |  0
|  25|0x0000000707c00000, 0x0000000707c00000, 0x0000000707e00000|  0%| F|  |TAMS 0x0000000707c00000| PB 0x0000000707c00000| Untracked |  0
|  26|0x0000000707e00000, 0x0000000707ed1750, 0x0000000708000000| 40%| E|  |TAMS 0x0000000707e00000| PB 0x0000000707e00000| Complete |  0
|  97|0x0000000710c00000, 0x0000000710e00000, 0x0000000710e00000|100%| E|CS|TAMS 0x0000000710c00000| PB 0x0000000710c00000| Complete |  0
|  98|0x0000000710e00000, 0x0000000711000000, 0x0000000711000000|100%| E|CS|TAMS 0x0000000710e00000| PB 0x0000000710e00000| Complete |  0
| 102|0x0000000711600000, 0x0000000711800000, 0x0000000711800000|100%| E|CS|TAMS 0x0000000711600000| PB 0x0000000711600000| Complete |  0
| 103|0x0000000711800000, 0x0000000711a00000, 0x0000000711a00000|100%| E|CS|TAMS 0x0000000711800000| PB 0x0000000711800000| Complete |  0
| 104|0x0000000711a00000, 0x0000000711c00000, 0x0000000711c00000|100%| E|CS|TAMS 0x0000000711a00000| PB 0x0000000711a00000| Complete |  0
| 105|0x0000000711c00000, 0x0000000711e00000, 0x0000000711e00000|100%| E|CS|TAMS 0x0000000711c00000| PB 0x0000000711c00000| Complete |  0
| 125|0x0000000714400000, 0x0000000714600000, 0x0000000714600000|100%| E|CS|TAMS 0x0000000714400000| PB 0x0000000714400000| Complete |  0
|2007|0x00000007ff800000, 0x00000007ffa00000, 0x00000007ffa00000|100%| O|  |TAMS 0x00000007ff800000| PB 0x00000007ff800000| Untracked |  0
|2008|0x00000007ffa00000, 0x00000007ffc00000, 0x00000007ffc00000|100%| O|  |TAMS 0x00000007ffa00000| PB 0x00000007ffa00000| Untracked |  0
|2009|0x00000007ffc00000, 0x00000007ffe00000, 0x00000007ffe00000|100%| O|  |TAMS 0x00000007ffc00000| PB 0x00000007ffc00000| Untracked |  0
|2010|0x00000007ffe00000, 0x0000000800000000, 0x0000000800000000|100%| E|  |TAMS 0x00000007ffe00000| PB 0x00000007ffe00000| Complete |  0

Card table byte_map: [0x000001d7bb2d0000,0x000001d7bbab0000] _byte_map_base: 0x000001d7b7aab000

Marking Bits: (CMBitMap*) 0x000001d7a29229f0
 Bits: [0x000001d7bbab0000, 0x000001d7bf988000)

Polling page: 0x000001d7a0680000

Metaspace:

Usage:
  Non-class:     75.64 MB used.
      Class:      9.27 MB used.
       Both:     84.91 MB used.

Virtual space:
  Non-class space:      128.00 MB reserved,      76.06 MB ( 59%) committed,  2 nodes.
      Class space:        1.00 GB reserved,       9.56 MB ( <1%) committed,  1 nodes.
             Both:        1.12 GB reserved,      85.62 MB (  7%) committed. 

Chunk freelists:
   Non-Class:  3.52 MB
       Class:  6.28 MB
        Both:  9.80 MB

MaxMetaspaceSize: unlimited
CompressedClassSpaceSize: 1.00 GB
Initial GC threshold: 21.00 MB
Current GC threshold: 139.19 MB
CDS: on
 - commit_granule_bytes: 65536.
 - commit_granule_words: 8192.
 - virtual_space_node_default_size: 8388608.
 - enlarge_chunks_in_place: 1.
UseCompressedClassPointers 1, UseCompactObjectHeaders 0
Narrow klass pointer bits 32, Max shift 3
Narrow klass base: 0x000001d7c3000000, Narrow klass shift: 0
Encoding Range: [0x000001d7c3000000 - 0x000001d8c3000000), (4294967296 bytes)
Klass Range:    [0x000001d7c3000000 - 0x000001d804000000), (1090519040 bytes)
Klass ID Range:  [8 - 1090519033) (1090519025)


Internal statistics:

num_allocs_failed_limit: 12.
num_arena_births: 1040.
num_arena_deaths: 0.
num_vsnodes_births: 3.
num_vsnodes_deaths: 0.
num_space_committed: 1370.
num_space_uncommitted: 0.
num_chunks_returned_to_freelist: 12.
num_chunks_taken_from_freelist: 4063.
num_chunk_merges: 6.
num_chunk_splits: 2949.
num_chunks_enlarged: 2379.
num_inconsistent_stats: 0.

CodeHeap 'non-profiled nmethods': size=119232Kb used=4830Kb max_used=4830Kb free=114401Kb
 bounds [0x000001d7b2ce0000, 0x000001d7b31a0000, 0x000001d7ba150000]
CodeHeap 'profiled nmethods': size=119104Kb used=17735Kb max_used=17735Kb free=101368Kb
 bounds [0x000001d7ab150000, 0x000001d7ac2b0000, 0x000001d7b25a0000]
CodeHeap 'non-nmethods': size=7424Kb used=1817Kb max_used=3621Kb free=5606Kb
 bounds [0x000001d7b25a0000, 0x000001d7b2950000, 0x000001d7b2ce0000]
CodeCache: size=245760Kb, used=24382Kb, max_used=26186Kb, free=221375Kb
 total_blobs=11341, nmethods=10562, adapters=682, full_count=0
Compilation: enabled, stopped_count=0, restarted_count=0

Compilation events (20 events):
Event: 458.828 Thread 0x000001d7bfc45410 11558       3       org.hibernate.engine.internal.EntityEntryContext::downgradeLockOnManagedEntity (21 bytes)
Event: 458.828 Thread 0x000001d7bfc45410 nmethod 11558 0x000001d7ac29fc08 code [0x000001d7ac29fd40, 0x000001d7ac29ff58]
Event: 458.831 Thread 0x000001d7bfc45410 11559       3       java.lang.invoke.LambdaForm$MH/0x000001d7c49a0400::invoke (60 bytes)
Event: 458.832 Thread 0x000001d7bfc45410 nmethod 11559 0x000001d7ac2a0008 code [0x000001d7ac2a0200, 0x000001d7ac2a1090]
Event: 458.843 Thread 0x000001d7bfc45410 11566       3       org.springframework.transaction.support.TransactionSynchronizationManager::doUnbindResource (64 bytes)
Event: 458.843 Thread 0x000001d7bfc45410 nmethod 11566 0x000001d7ac2a1188 code [0x000001d7ac2a1340, 0x000001d7ac2a1e68]
Event: 458.843 Thread 0x000001d809a793a0 11545       4       org.springframework.util.LinkedCaseInsensitiveMap$KeySetIterator::next (5 bytes)
Event: 458.843 Thread 0x000001d809a79b30 11562       4       java.nio.DirectByteBuffer::address (42 bytes)
Event: 458.844 Thread 0x000001d809a79b30 nmethod 11562 0x000001d7b3195d08 code [0x000001d7b3195e00, 0x000001d7b3195ea0]
Event: 458.844 Thread 0x000001d809a79b30 11564       4       java.nio.HeapByteBuffer::duplicate (36 bytes)
Event: 458.845 Thread 0x000001d809a793a0 nmethod 11545 0x000001d7b3196008 code [0x000001d7b3196140, 0x000001d7b3196698]
Event: 458.845 Thread 0x000001d809a793a0 11563       4       com.mysql.cj.protocol.a.NativeUtils::encodeMysqlThreeByteInteger (31 bytes)
Event: 458.846 Thread 0x000001d809a793a0 nmethod 11563 0x000001d7b3196788 code [0x000001d7b3196880, 0x000001d7b3196980]
Event: 458.846 Thread 0x000001d809a79b30 nmethod 11564 0x000001d7b3196a88 code [0x000001d7b3196bc0, 0x000001d7b31970b8]
Event: 458.846 Thread 0x000001d809a79b30 11560       4       sun.security.ssl.SSLCipher$T13GcmWriteCipherGenerator$GcmWriteCipher::calculatePacketSize (9 bytes)
Event: 458.846 Thread 0x000001d809a793a0 11561       4       sun.security.ssl.SSLCipher$T13GcmWriteCipherGenerator$GcmWriteCipher::calculateFragmentSize (9 bytes)
Event: 458.846 Thread 0x000001d809a79b30 nmethod 11560 0x000001d7b3197188 code [0x000001d7b3197280, 0x000001d7b3197300]
Event: 458.846 Thread 0x000001d809a79b30 11565       4       com.mysql.cj.protocol.a.SimplePacketReader::resetMessageSequence (6 bytes)
Event: 458.846 Thread 0x000001d809a793a0 nmethod 11561 0x000001d7b3197488 code [0x000001d7b3197580, 0x000001d7b3197600]
Event: 458.846 Thread 0x000001d809a79b30 nmethod 11565 0x000001d7b3197788 code [0x000001d7b3197880, 0x000001d7b31978f8]

GC Heap History (20 events):
Event: 2.267 GC heap before
{Heap before GC invocations=4 (full 0):
 garbage-first heap   total reserved 4118528K, committed 77824K, used 51813K [0x0000000704a00000, 0x0000000800000000)
  region size 2048K, 21 young (43008K), 5 survivors (10240K)
 Metaspace       used 32499K, committed 32960K, reserved 1114112K
  class space    used 3323K, committed 3520K, reserved 1048576K
}
Event: 2.272 GC heap after
{Heap after GC invocations=5 (full 0):
 garbage-first heap   total reserved 4118528K, committed 77824K, used 22246K [0x0000000704a00000, 0x0000000800000000)
  region size 2048K, 2 young (4096K), 2 survivors (4096K)
 Metaspace       used 32499K, committed 32960K, reserved 1114112K
  class space    used 3323K, committed 3520K, reserved 1048576K
}
Event: 2.395 GC heap before
{Heap before GC invocations=5 (full 0):
 garbage-first heap   total reserved 4118528K, committed 77824K, used 30438K [0x0000000704a00000, 0x0000000800000000)
  region size 2048K, 7 young (14336K), 2 survivors (4096K)
 Metaspace       used 35605K, committed 35968K, reserved 1114112K
  class space    used 3603K, committed 3776K, reserved 1048576K
}
Event: 2.397 GC heap after
{Heap after GC invocations=6 (full 0):
 garbage-first heap   total reserved 4118528K, committed 77824K, used 22677K [0x0000000704a00000, 0x0000000800000000)
  region size 2048K, 2 young (4096K), 2 survivors (4096K)
 Metaspace       used 35605K, committed 35968K, reserved 1114112K
  class space    used 3603K, committed 3776K, reserved 1048576K
}
Event: 3.044 GC heap before
{Heap before GC invocations=7 (full 0):
 garbage-first heap   total reserved 4118528K, committed 77824K, used 57493K [0x0000000704a00000, 0x0000000800000000)
  region size 2048K, 20 young (40960K), 2 survivors (4096K)
 Metaspace       used 46940K, committed 47424K, reserved 1114112K
  class space    used 4881K, committed 5056K, reserved 1048576K
}
Event: 3.051 GC heap after
{Heap after GC invocations=8 (full 0):
 garbage-first heap   total reserved 4118528K, committed 77824K, used 25934K [0x0000000704a00000, 0x0000000800000000)
  region size 2048K, 3 young (6144K), 3 survivors (6144K)
 Metaspace       used 46940K, committed 47424K, reserved 1114112K
  class space    used 4881K, committed 5056K, reserved 1048576K
}
Event: 3.780 GC heap before
{Heap before GC invocations=8 (full 0):
 garbage-first heap   total reserved 4118528K, committed 77824K, used 58702K [0x0000000704a00000, 0x0000000800000000)
  region size 2048K, 20 young (40960K), 3 survivors (6144K)
 Metaspace       used 56898K, committed 57408K, reserved 1114112K
  class space    used 5800K, committed 6016K, reserved 1048576K
}
Event: 3.786 GC heap after
{Heap after GC invocations=9 (full 0):
 garbage-first heap   total reserved 4118528K, committed 77824K, used 27779K [0x0000000704a00000, 0x0000000800000000)
  region size 2048K, 3 young (6144K), 3 survivors (6144K)
 Metaspace       used 56898K, committed 57408K, reserved 1114112K
  class space    used 5800K, committed 6016K, reserved 1048576K
}
Event: 3.991 GC heap before
{Heap before GC invocations=9 (full 0):
 garbage-first heap   total reserved 4118528K, committed 77824K, used 33923K [0x0000000704a00000, 0x0000000800000000)
  region size 2048K, 8 young (16384K), 3 survivors (6144K)
 Metaspace       used 60619K, committed 61056K, reserved 1114112K
  class space    used 6269K, committed 6464K, reserved 1048576K
}
Event: 3.996 GC heap after
{Heap after GC invocations=10 (full 0):
 garbage-first heap   total reserved 4118528K, committed 77824K, used 28062K [0x0000000704a00000, 0x0000000800000000)
  region size 2048K, 2 young (4096K), 2 survivors (4096K)
 Metaspace       used 60619K, committed 61056K, reserved 1114112K
  class space    used 6269K, committed 6464K, reserved 1048576K
}
Event: 4.571 GC heap before
{Heap before GC invocations=11 (full 0):
 garbage-first heap   total reserved 4118528K, committed 77824K, used 62878K [0x0000000704a00000, 0x0000000800000000)
  region size 2048K, 20 young (40960K), 2 survivors (4096K)
 Metaspace       used 68159K, committed 68672K, reserved 1114112K
  class space    used 7144K, committed 7360K, reserved 1048576K
}
Event: 4.573 GC heap after
{Heap after GC invocations=12 (full 0):
 garbage-first heap   total reserved 4118528K, committed 77824K, used 29838K [0x0000000704a00000, 0x0000000800000000)
  region size 2048K, 2 young (4096K), 2 survivors (4096K)
 Metaspace       used 68159K, committed 68672K, reserved 1114112K
  class space    used 7144K, committed 7360K, reserved 1048576K
}
Event: 4.989 GC heap before
{Heap before GC invocations=12 (full 0):
 garbage-first heap   total reserved 4118528K, committed 77824K, used 66702K [0x0000000704a00000, 0x0000000800000000)
  region size 2048K, 20 young (40960K), 2 survivors (4096K)
 Metaspace       used 72960K, committed 73600K, reserved 1179648K
  class space    used 7671K, committed 7936K, reserved 1048576K
}
Event: 4.993 GC heap after
{Heap after GC invocations=13 (full 0):
 garbage-first heap   total reserved 4118528K, committed 77824K, used 32702K [0x0000000704a00000, 0x0000000800000000)
  region size 2048K, 3 young (6144K), 3 survivors (6144K)
 Metaspace       used 72960K, committed 73600K, reserved 1179648K
  class space    used 7671K, committed 7936K, reserved 1048576K
}
Event: 297.221 GC heap before
{Heap before GC invocations=13 (full 0):
 garbage-first heap   total reserved 4118528K, committed 77824K, used 61374K [0x0000000704a00000, 0x0000000800000000)
  region size 2048K, 18 young (36864K), 3 survivors (6144K)
 Metaspace       used 79049K, committed 79616K, reserved 1179648K
  class space    used 8526K, committed 8768K, reserved 1048576K
}
Event: 297.226 GC heap after
{Heap after GC invocations=14 (full 0):
 garbage-first heap   total reserved 4118528K, committed 77824K, used 35256K [0x0000000704a00000, 0x0000000800000000)
  region size 2048K, 3 young (6144K), 3 survivors (6144K)
 Metaspace       used 79049K, committed 79616K, reserved 1179648K
  class space    used 8526K, committed 8768K, reserved 1048576K
}
Event: 297.514 GC heap before
{Heap before GC invocations=14 (full 0):
 garbage-first heap   total reserved 4118528K, committed 77824K, used 61880K [0x0000000704a00000, 0x0000000800000000)
  region size 2048K, 17 young (34816K), 3 survivors (6144K)
 Metaspace       used 84824K, committed 85440K, reserved 1179648K
  class space    used 9416K, committed 9664K, reserved 1048576K
}
Event: 297.518 GC heap after
{Heap after GC invocations=15 (full 0):
 garbage-first heap   total reserved 4118528K, committed 77824K, used 37241K [0x0000000704a00000, 0x0000000800000000)
  region size 2048K, 3 young (6144K), 3 survivors (6144K)
 Metaspace       used 84824K, committed 85440K, reserved 1179648K
  class space    used 9416K, committed 9664K, reserved 1048576K
}
Event: 341.801 GC heap before
{Heap before GC invocations=16 (full 0):
 garbage-first heap   total reserved 4118528K, committed 77824K, used 63865K [0x0000000704a00000, 0x0000000800000000)
  region size 2048K, 16 young (32768K), 3 survivors (6144K)
 Metaspace       used 86307K, committed 86976K, reserved 1179648K
  class space    used 9454K, committed 9728K, reserved 1048576K
}
Event: 341.805 GC heap after
{Heap after GC invocations=17 (full 0):
 garbage-first heap   total reserved 4118528K, committed 77824K, used 37686K [0x0000000704a00000, 0x0000000800000000)
  region size 2048K, 2 young (4096K), 2 survivors (4096K)
 Metaspace       used 86307K, committed 86976K, reserved 1179648K
  class space    used 9454K, committed 9728K, reserved 1048576K
}

Dll operation events (12 events):
Event: 0.006 Loaded shared library C:\Program Files\Java\jdk-24\bin\java.dll
Event: 0.037 Loaded shared library C:\Program Files\Java\jdk-24\bin\jsvml.dll
Event: 0.125 Loaded shared library C:\Program Files\Java\jdk-24\bin\zip.dll
Event: 0.127 Loaded shared library C:\Program Files\Java\jdk-24\bin\instrument.dll
Event: 0.130 Loaded shared library C:\Program Files\Java\jdk-24\bin\net.dll
Event: 0.131 Loaded shared library C:\Program Files\Java\jdk-24\bin\nio.dll
Event: 0.134 Loaded shared library C:\Program Files\Java\jdk-24\bin\zip.dll
Event: 0.253 Loaded shared library C:\Program Files\Java\jdk-24\bin\extnet.dll
Event: 0.267 Loaded shared library C:\Program Files\Java\jdk-24\bin\jimage.dll
Event: 1.050 Loaded shared library C:\Program Files\Java\jdk-24\bin\sunmscapi.dll
Event: 2.068 Loaded shared library C:\Program Files\Java\jdk-24\bin\management.dll
Event: 2.069 Loaded shared library C:\Program Files\Java\jdk-24\bin\management_ext.dll

Deoptimization events (20 events):
Event: 341.768 Thread 0x000001d808c01a60 DEOPT PACKING pc=0x000001d7abe74d82 sp=0x000000b3989fbdb0
Event: 341.768 Thread 0x000001d808c01a60 DEOPT UNPACKING pc=0x000001d7b25f6642 sp=0x000000b3989fb520 mode 0
Event: 341.781 Thread 0x000001d808c037a0 DEOPT PACKING pc=0x000001d7abe74d82 sp=0x000000b398dfb240
Event: 341.781 Thread 0x000001d808c037a0 DEOPT UNPACKING pc=0x000001d7b25f6642 sp=0x000000b398dfa9b0 mode 0
Event: 341.791 Thread 0x000001d808c03050 DEOPT PACKING pc=0x000001d7abe74d82 sp=0x000000b398efbdb0
Event: 341.791 Thread 0x000001d808c03050 DEOPT UNPACKING pc=0x000001d7b25f6642 sp=0x000000b398efb520 mode 0
Event: 341.840 Thread 0x000001d80c7deeb0 DEOPT PACKING pc=0x000001d7abe74d82 sp=0x000000b3990fbbd0
Event: 341.840 Thread 0x000001d80c7deeb0 DEOPT UNPACKING pc=0x000001d7b25f6642 sp=0x000000b3990fb340 mode 0
Event: 341.850 Thread 0x000001d80c7dfd50 DEOPT PACKING pc=0x000001d7abe74d82 sp=0x000000b3991fbde0
Event: 341.850 Thread 0x000001d80c7dfd50 DEOPT UNPACKING pc=0x000001d7b25f6642 sp=0x000000b3991fb550 mode 0
Event: 341.892 Thread 0x000001d808c03050 DEOPT PACKING pc=0x000001d7abe74d82 sp=0x000000b398efb4a0
Event: 341.892 Thread 0x000001d808c03050 DEOPT UNPACKING pc=0x000001d7b25f6642 sp=0x000000b398efac10 mode 0
Event: 341.952 Thread 0x000001d80c7df600 DEOPT PACKING pc=0x000001d7abe74d82 sp=0x000000b3992fb4c0
Event: 341.952 Thread 0x000001d80c7df600 DEOPT UNPACKING pc=0x000001d7b25f6642 sp=0x000000b3992fac30 mode 0
Event: 341.969 Thread 0x000001d80c7deeb0 DEOPT PACKING pc=0x000001d7abe74d82 sp=0x000000b3990fae70
Event: 341.969 Thread 0x000001d80c7deeb0 DEOPT UNPACKING pc=0x000001d7b25f6642 sp=0x000000b3990fa5e0 mode 0
Event: 342.011 Thread 0x000001d808c02900 DEOPT PACKING pc=0x000001d7abe74d82 sp=0x000000b398bfb060
Event: 342.011 Thread 0x000001d808c02900 DEOPT UNPACKING pc=0x000001d7b25f6642 sp=0x000000b398bfa7d0 mode 0
Event: 342.027 Thread 0x000001d808c021b0 DEOPT PACKING pc=0x000001d7abe74d82 sp=0x000000b398cfbe10
Event: 342.027 Thread 0x000001d808c021b0 DEOPT UNPACKING pc=0x000001d7b25f6642 sp=0x000000b398cfb580 mode 0

Classes loaded (20 events):
Event: 297.370 Loading class jdk/internal/reflect/MethodHandleDoubleFieldAccessorImpl
Event: 297.370 Loading class jdk/internal/reflect/MethodHandleDoubleFieldAccessorImpl done
Event: 297.386 Loading class java/util/OptionalInt
Event: 297.386 Loading class java/util/OptionalInt done
Event: 297.386 Loading class java/util/OptionalLong
Event: 297.387 Loading class java/util/OptionalLong done
Event: 297.387 Loading class java/util/OptionalDouble
Event: 297.387 Loading class java/util/OptionalDouble done
Event: 297.391 Loading class java/util/stream/DoubleStream
Event: 297.391 Loading class java/util/stream/DoubleStream done
Event: 297.391 Loading class java/util/stream/LongStream
Event: 297.391 Loading class java/util/stream/LongStream done
Event: 297.442 Loading class org/w3c/dom/Node
Event: 297.442 Loading class org/w3c/dom/Node done
Event: 297.442 Loading class org/w3c/dom/Document
Event: 297.442 Loading class org/w3c/dom/Document done
Event: 297.497 Loading class java/util/regex/Pattern$Behind
Event: 297.497 Loading class java/util/regex/Pattern$Behind done
Event: 297.505 Loading class sun/nio/cs/ISO_8859_1$Encoder
Event: 297.505 Loading class sun/nio/cs/ISO_8859_1$Encoder done

Classes unloaded (0 events):
No events

Classes redefined (0 events):
No events

Internal exceptions (20 events):
Event: 297.220 Thread 0x000001d808c03050 Exception <a 'java/lang/NoSuchMethodError'{0x00000007072c5280}: 'java.lang.Object java.lang.invoke.DirectMethodHandle$Holder.invokeInterface(java.lang.Object, java.lang.Object, java.lang.Object, java.lang.Object)'> (0x00000007072c5280) 
thrown [s\open\src\hotspot\share\interpreter\linkResolver.cpp, line 805]
Event: 297.220 Thread 0x000001d808c01a60 Exception <a 'java/lang/NoSuchMethodError'{0x00000007072fbee0}: 'java.lang.Object java.lang.invoke.DirectMethodHandle$Holder.invokeInterface(java.lang.Object, java.lang.Object, java.lang.Object, java.lang.Object)'> (0x00000007072fbee0) 
thrown [s\open\src\hotspot\share\interpreter\linkResolver.cpp, line 805]
Event: 297.238 Thread 0x000001d808c03050 Exception <a 'java/lang/NoSuchMethodError'{0x00000007fff3efb8}: 'java.lang.Object java.lang.invoke.DirectMethodHandle$Holder.invokeStatic(java.lang.Object, java.lang.Object, java.lang.Object, java.lang.Object, java.lang.Object, java.lang.Object, java.lang.Object, java.lang.Object, java.lang.Object, java.lang.Object, java.lang.Object)'> (0x00000007fff3efb8) 
thrown [s\open\src\hotspot\share\interpreter\linkResolver.cpp, line 805]
Event: 297.238 Thread 0x000001d808c01a60 Exception <a 'java/lang/NoSuchMethodError'{0x00000007fff55d00}: 'java.lang.Object java.lang.invoke.DirectMethodHandle$Holder.invokeStatic(java.lang.Object, java.lang.Object, java.lang.Object, java.lang.Object, java.lang.Object, java.lang.Object, java.lang.Object, java.lang.Object, java.lang.Object, java.lang.Object, java.lang.Object)'> (0x00000007fff55d00) 
thrown [s\open\src\hotspot\share\interpreter\linkResolver.cpp, line 805]
Event: 297.238 Thread 0x000001d808bfe730 Exception <a 'java/lang/NoSuchMethodError'{0x00000007ffe882e8}: 'java.lang.Object java.lang.invoke.DirectMethodHandle$Holder.invokeStatic(java.lang.Object, java.lang.Object, java.lang.Object, java.lang.Object, java.lang.Object, java.lang.Object, java.lang.Object, java.lang.Object, java.lang.Object, java.lang.Object, java.lang.Object)'> (0x00000007ffe882e8) 
thrown [s\open\src\hotspot\share\interpreter\linkResolver.cpp, line 805]
Event: 297.239 Thread 0x000001d808c03050 Exception <a 'java/lang/IncompatibleClassChangeError'{0x00000007fffa68b0}: Found class java.lang.Object, but interface was expected> (0x00000007fffa68b0) 
thrown [s\open\src\hotspot\share\interpreter\linkResolver.cpp, line 872]
Event: 297.239 Thread 0x000001d808bfe730 Exception <a 'java/lang/IncompatibleClassChangeError'{0x00000007fff84220}: Found class java.lang.Object, but interface was expected> (0x00000007fff84220) 
thrown [s\open\src\hotspot\share\interpreter\linkResolver.cpp, line 872]
Event: 297.239 Thread 0x000001d808c01a60 Exception <a 'java/lang/IncompatibleClassChangeError'{0x00000007fff91870}: Found class java.lang.Object, but interface was expected> (0x00000007fff91870) 
thrown [s\open\src\hotspot\share\interpreter\linkResolver.cpp, line 872]
Event: 297.279 Thread 0x000001d808bfe730 Exception <a 'java/lang/NoSuchMethodError'{0x0000000711cce9b0}: 'java.lang.Object java.lang.invoke.DirectMethodHandle$Holder.newInvokeSpecial(java.lang.Object, java.lang.Object, int, int)'> (0x0000000711cce9b0) 
thrown [s\open\src\hotspot\share\interpreter\linkResolver.cpp, line 805]
Event: 297.279 Thread 0x000001d808c01a60 Exception <a 'java/lang/NoSuchMethodError'{0x0000000711ce54a0}: 'java.lang.Object java.lang.invoke.DirectMethodHandle$Holder.newInvokeSpecial(java.lang.Object, java.lang.Object, int, int)'> (0x0000000711ce54a0) 
thrown [s\open\src\hotspot\share\interpreter\linkResolver.cpp, line 805]
Event: 297.279 Thread 0x000001d808c03050 Exception <a 'java/lang/NoSuchMethodError'{0x0000000711cb63a0}: 'java.lang.Object java.lang.invoke.DirectMethodHandle$Holder.newInvokeSpecial(java.lang.Object, java.lang.Object, int, int)'> (0x0000000711cb63a0) 
thrown [s\open\src\hotspot\share\interpreter\linkResolver.cpp, line 805]
Event: 297.345 Thread 0x000001d808c03050 Exception <a 'java/lang/IncompatibleClassChangeError'{0x000000071164c238}: Found class java.lang.Object, but interface was expected> (0x000000071164c238) 
thrown [s\open\src\hotspot\share\interpreter\linkResolver.cpp, line 872]
Event: 297.350 Thread 0x000001d808c03050 Exception <a 'java/lang/NoSuchMethodError'{0x00000007116fb5a8}: 'void java.lang.invoke.DirectMethodHandle$Holder.invokeSpecialIFC(java.lang.Object, java.lang.Object, int, java.lang.Object, java.lang.Object, java.lang.Object, java.lang.Object)'> (0x00000007116fb5a8) 
thrown [s\open\src\hotspot\share\interpreter\linkResolver.cpp, line 805]
Event: 297.364 Thread 0x000001d808c01a60 Exception <a 'java/lang/IncompatibleClassChangeError'{0x0000000710e8d790}: Found class java.lang.Object, but interface was expected> (0x0000000710e8d790) 
thrown [s\open\src\hotspot\share\interpreter\linkResolver.cpp, line 872]
Event: 297.369 Thread 0x000001d808c03050 Exception <a 'java/lang/NoSuchMethodError'{0x0000000710f36fa0}: 'void java.lang.invoke.Invokers$Holder.invokeExact_MT(java.lang.Object, java.lang.Object, int, java.lang.Object)'> (0x0000000710f36fa0) 
thrown [s\open\src\hotspot\share\interpreter\linkResolver.cpp, line 805]
Event: 297.370 Thread 0x000001d808c03050 Exception <a 'java/lang/NoSuchMethodError'{0x0000000710f49248}: 'double java.lang.invoke.DelegatingMethodHandle$Holder.reinvoke_L(java.lang.Object, java.lang.Object)'> (0x0000000710f49248) 
thrown [s\open\src\hotspot\share\interpreter\linkResolver.cpp, line 805]
Event: 297.371 Thread 0x000001d808c03050 Exception <a 'java/lang/NoSuchMethodError'{0x0000000710fcc0b8}: 'void java.lang.invoke.DelegatingMethodHandle$Holder.reinvoke_L(java.lang.Object, java.lang.Object, double)'> (0x0000000710fcc0b8) 
thrown [s\open\src\hotspot\share\interpreter\linkResolver.cpp, line 805]
Event: 297.503 Thread 0x000001d808c03050 Exception <a 'java/lang/NoSuchMethodError'{0x0000000707474bd0}: 'double java.lang.invoke.DirectMethodHandle$Holder.invokeVirtual(java.lang.Object, java.lang.Object)'> (0x0000000707474bd0) 
thrown [s\open\src\hotspot\share\interpreter\linkResolver.cpp, line 805]
Event: 297.503 Thread 0x000001d808c01a60 Exception <a 'java/lang/NoSuchMethodError'{0x0000000707484108}: 'long java.lang.invoke.DelegatingMethodHandle$Holder.reinvoke_L(java.lang.Object, java.lang.Object)'> (0x0000000707484108) 
thrown [s\open\src\hotspot\share\interpreter\linkResolver.cpp, line 805]
Event: 297.524 Thread 0x000001d808c037a0 Exception <a 'java/lang/NoSuchMethodError'{0x00000007ffe64ca0}: 'void java.lang.invoke.DirectMethodHandle$Holder.invokeStatic(java.lang.Object, java.lang.Object, int, int, java.lang.Object)'> (0x00000007ffe64ca0) 
thrown [s\open\src\hotspot\share\interpreter\linkResolver.cpp, line 805]

VM Operations (20 events):
Event: 297.513 Executing VM operation: G1CollectForAllocation (G1 Evacuation Pause)
Event: 297.518 Executing VM operation: G1CollectForAllocation (G1 Evacuation Pause) done
Event: 297.536 Executing VM operation: G1PauseRemark
Event: 297.539 Executing VM operation: G1PauseRemark done
Event: 297.546 Executing VM operation: G1PauseCleanup
Event: 297.546 Executing VM operation: G1PauseCleanup done
Event: 300.311 Executing VM operation: HandshakeAllThreads (HandshakeForDeflation)
Event: 300.311 Executing VM operation: HandshakeAllThreads (HandshakeForDeflation) done
Event: 300.311 Executing VM operation: RendezvousGCThreads
Event: 300.311 Executing VM operation: RendezvousGCThreads done
Event: 341.801 Executing VM operation: G1CollectForAllocation (G1 Evacuation Pause)
Event: 341.805 Executing VM operation: G1CollectForAllocation (G1 Evacuation Pause) done
Event: 360.519 Executing VM operation: HandshakeAllThreads (HandshakeForDeflation)
Event: 360.519 Executing VM operation: HandshakeAllThreads (HandshakeForDeflation) done
Event: 360.519 Executing VM operation: RendezvousGCThreads
Event: 360.519 Executing VM operation: RendezvousGCThreads done
Event: 420.642 Executing VM operation: HandshakeAllThreads (HandshakeForDeflation)
Event: 420.642 Executing VM operation: HandshakeAllThreads (HandshakeForDeflation) done
Event: 420.642 Executing VM operation: RendezvousGCThreads
Event: 420.642 Executing VM operation: RendezvousGCThreads done

Memory protections (0 events):
No events

Nmethod flushes (20 events):
Event: 297.538 Thread 0x000001d7bfbed030 flushing  nmethod 0x000001d7ab300a08
Event: 297.538 Thread 0x000001d7bfbed030 flushing  nmethod 0x000001d7ab301608
Event: 297.538 Thread 0x000001d7bfbed030 flushing  nmethod 0x000001d7ab302088
Event: 297.538 Thread 0x000001d7bfbed030 flushing  nmethod 0x000001d7ab303288
Event: 297.538 Thread 0x000001d7bfbed030 flushing  nmethod 0x000001d7ab304e08
Event: 297.538 Thread 0x000001d7bfbed030 flushing  nmethod 0x000001d7ab305d08
Event: 297.538 Thread 0x000001d7bfbed030 flushing  nmethod 0x000001d7ab306c08
Event: 297.538 Thread 0x000001d7bfbed030 flushing  nmethod 0x000001d7ab324388
Event: 297.538 Thread 0x000001d7bfbed030 flushing  nmethod 0x000001d7ab328188
Event: 297.538 Thread 0x000001d7bfbed030 flushing  nmethod 0x000001d7ab3a1588
Event: 297.538 Thread 0x000001d7bfbed030 flushing  nmethod 0x000001d7ab3a7188
Event: 297.538 Thread 0x000001d7bfbed030 flushing  nmethod 0x000001d7ab40c808
Event: 297.538 Thread 0x000001d7bfbed030 flushing  nmethod 0x000001d7ab4f5788
Event: 297.538 Thread 0x000001d7bfbed030 flushing  nmethod 0x000001d7ab52b708
Event: 297.538 Thread 0x000001d7bfbed030 flushing  nmethod 0x000001d7ab52c308
Event: 297.538 Thread 0x000001d7bfbed030 flushing  nmethod 0x000001d7ab558008
Event: 297.538 Thread 0x000001d7bfbed030 flushing  nmethod 0x000001d7ab83ee08
Event: 297.538 Thread 0x000001d7bfbed030 flushing  nmethod 0x000001d7ab844c88
Event: 297.538 Thread 0x000001d7bfbed030 flushing  nmethod 0x000001d7ab945908
Event: 297.538 Thread 0x000001d7bfbed030 flushing  nmethod 0x000001d7aba9f788

Events (20 events):
Event: 341.700 Thread 0x000001d7bfc45410 Thread added: 0x000001d7bfc46ac0
Event: 341.769 Thread 0x000001d80c7dfd50 Thread added: 0x000001d80c7e04a0
Event: 341.772 Thread 0x000001d7bfc46330 Thread added: 0x000001d7bfc444f0
Event: 341.779 Thread 0x000001d7bfc46330 Thread added: 0x000001d7bfc44c80
Event: 341.793 Thread 0x000001d7bfc23420 Thread added: 0x000001d809a76640
Event: 347.004 Thread 0x000001d80c7e04a0 Thread exited: 0x000001d80c7e04a0
Event: 347.052 Thread 0x000001d7bfc44c80 Thread exited: 0x000001d7bfc44c80
Event: 347.052 Thread 0x000001d7bfc45ba0 Thread exited: 0x000001d7bfc45ba0
Event: 347.052 Thread 0x000001d809a76640 Thread exited: 0x000001d809a76640
Event: 347.052 Thread 0x000001d7bfc444f0 Thread exited: 0x000001d7bfc444f0
Event: 350.991 Thread 0x000001d7bfc46ac0 Thread exited: 0x000001d7bfc46ac0
Event: 350.991 Thread 0x000001d7bfc46330 Thread exited: 0x000001d7bfc46330
Event: 456.725 Thread 0x000001d7bfc23420 Thread added: 0x000001d809a76640
Event: 456.725 Thread 0x000001d7bfc23420 Thread added: 0x000001d809a7b970
Event: 456.728 Thread 0x000001d7bfc45410 Thread added: 0x000001d809a793a0
Event: 457.786 Thread 0x000001d809a7b970 Thread exited: 0x000001d809a7b970
Event: 458.787 Thread 0x000001d809a793a0 Thread exited: 0x000001d809a793a0
Event: 458.788 Thread 0x000001d809a76640 Thread exited: 0x000001d809a76640
Event: 458.843 Thread 0x000001d7bfc45410 Thread added: 0x000001d809a793a0
Event: 458.843 Thread 0x000001d7bfc45410 Thread added: 0x000001d809a79b30


Dynamic libraries:
0x00007ff7b2350000 - 0x00007ff7b2360000 	C:\Program Files\Java\jdk-24\bin\java.exe
0x00007ffd75f80000 - 0x00007ffd761e7000 	C:\WINDOWS\SYSTEM32\ntdll.dll
0x00007ffd74570000 - 0x00007ffd74639000 	C:\WINDOWS\System32\KERNEL32.DLL
0x00007ffd73600000 - 0x00007ffd739ef000 	C:\WINDOWS\System32\KERNELBASE.dll
0x00007ffd730d0000 - 0x00007ffd7321b000 	C:\WINDOWS\System32\ucrtbase.dll
0x00007ffd5ea70000 - 0x00007ffd5ea86000 	C:\Program Files\Java\jdk-24\bin\jli.dll
0x00007ffd6c2e0000 - 0x00007ffd6c2fb000 	C:\Program Files\Java\jdk-24\bin\VCRUNTIME140.dll
0x00007ffd756c0000 - 0x00007ffd75885000 	C:\WINDOWS\System32\USER32.dll
0x00007ffd595f0000 - 0x00007ffd59883000 	C:\WINDOWS\WinSxS\amd64_microsoft.windows.common-controls_6595b64144ccf1df_6.0.26100.7309_none_3e05feeae336a044\COMCTL32.dll
0x00007ffd73a00000 - 0x00007ffd73a27000 	C:\WINDOWS\System32\win32u.dll
0x00007ffd73d50000 - 0x00007ffd73df9000 	C:\WINDOWS\System32\msvcrt.dll
0x00007ffd75be0000 - 0x00007ffd75c0b000 	C:\WINDOWS\System32\GDI32.dll
0x00007ffd734d0000 - 0x00007ffd735fc000 	C:\WINDOWS\System32\gdi32full.dll
0x00007ffd732b0000 - 0x00007ffd73353000 	C:\WINDOWS\System32\msvcp_win.dll
0x00007ffd73e00000 - 0x00007ffd73e31000 	C:\WINDOWS\System32\IMM32.DLL
0x00007ffd6de90000 - 0x00007ffd6de9c000 	C:\Program Files\Java\jdk-24\bin\vcruntime140_1.dll
0x00007ffd5e9e0000 - 0x00007ffd5ea6e000 	C:\Program Files\Java\jdk-24\bin\msvcp140.dll
0x00007ffc8a870000 - 0x00007ffc8b612000 	C:\Program Files\Java\jdk-24\bin\server\jvm.dll
0x00007ffd744b0000 - 0x00007ffd74564000 	C:\WINDOWS\System32\ADVAPI32.dll
0x00007ffd75d60000 - 0x00007ffd75e06000 	C:\WINDOWS\System32\sechost.dll
0x00007ffd75e10000 - 0x00007ffd75f28000 	C:\WINDOWS\System32\RPCRT4.dll
0x00007ffd74b40000 - 0x00007ffd74bb4000 	C:\WINDOWS\System32\WS2_32.dll
0x00007ffd72f30000 - 0x00007ffd72f8e000 	C:\WINDOWS\SYSTEM32\POWRPROF.dll
0x00007ffd6bb30000 - 0x00007ffd6bb3b000 	C:\WINDOWS\SYSTEM32\VERSION.dll
0x00007ffd5cbd0000 - 0x00007ffd5cc05000 	C:\WINDOWS\SYSTEM32\WINMM.dll
0x00007ffd72f10000 - 0x00007ffd72f24000 	C:\WINDOWS\SYSTEM32\UMPDC.dll
0x00007ffd71e50000 - 0x00007ffd71e6b000 	C:\WINDOWS\SYSTEM32\kernel.appcore.dll
0x00007ffd6b420000 - 0x00007ffd6b42a000 	C:\Program Files\Java\jdk-24\bin\jimage.dll
0x00007ffd707e0000 - 0x00007ffd70a22000 	C:\WINDOWS\SYSTEM32\DBGHELP.DLL
0x00007ffd74640000 - 0x00007ffd749c6000 	C:\WINDOWS\System32\combase.dll
0x00007ffd75a80000 - 0x00007ffd75b56000 	C:\WINDOWS\System32\OLEAUT32.dll
0x00007ffd56710000 - 0x00007ffd5674c000 	C:\WINDOWS\SYSTEM32\dbgcore.DLL
0x00007ffd73a30000 - 0x00007ffd73ad5000 	C:\WINDOWS\System32\bcryptPrimitives.dll
0x00007ffd5e9d0000 - 0x00007ffd5e9df000 	C:\Program Files\Java\jdk-24\bin\instrument.dll
0x00007ffd5e990000 - 0x00007ffd5e9ae000 	C:\Program Files\Java\jdk-24\bin\java.dll
0x00007ffd75490000 - 0x00007ffd75627000 	C:\WINDOWS\System32\ole32.dll
0x00007ffd74d30000 - 0x00007ffd75483000 	C:\WINDOWS\System32\SHELL32.dll
0x00007ffd73360000 - 0x00007ffd734ca000 	C:\WINDOWS\System32\wintypes.dll
0x00007ffd70cb0000 - 0x00007ffd7150e000 	C:\WINDOWS\SYSTEM32\windows.storage.dll
0x00007ffd74a40000 - 0x00007ffd74b35000 	C:\WINDOWS\System32\SHCORE.dll
0x00007ffd749d0000 - 0x00007ffd74a36000 	C:\WINDOWS\System32\shlwapi.dll
0x00007ffd72ff0000 - 0x00007ffd73019000 	C:\WINDOWS\SYSTEM32\profapi.dll
0x00007ffce46b0000 - 0x00007ffce4787000 	C:\Program Files\Java\jdk-24\bin\jsvml.dll
0x00007ffd5e940000 - 0x00007ffd5e957000 	C:\Program Files\Java\jdk-24\bin\zip.dll
0x00007ffd5e980000 - 0x00007ffd5e990000 	C:\Program Files\Java\jdk-24\bin\net.dll
0x00007ffd723f0000 - 0x00007ffd7245b000 	C:\WINDOWS\system32\mswsock.dll
0x00007ffd5e960000 - 0x00007ffd5e976000 	C:\Program Files\Java\jdk-24\bin\nio.dll
0x00007ffd5e920000 - 0x00007ffd5e929000 	C:\Program Files\Java\jdk-24\bin\extnet.dll
0x00007ffd5e930000 - 0x00007ffd5e93e000 	C:\Program Files\Java\jdk-24\bin\sunmscapi.dll
0x00007ffd73ae0000 - 0x00007ffd73c57000 	C:\WINDOWS\System32\CRYPT32.dll
0x00007ffd728d0000 - 0x00007ffd72900000 	C:\WINDOWS\SYSTEM32\ncrypt.dll
0x00007ffd72880000 - 0x00007ffd728bf000 	C:\WINDOWS\SYSTEM32\NTASN1.dll
0x00007ffd726b0000 - 0x00007ffd726cb000 	C:\WINDOWS\SYSTEM32\CRYPTSP.dll
0x00007ffd71db0000 - 0x00007ffd71dea000 	C:\WINDOWS\system32\rsaenh.dll
0x00007ffd724a0000 - 0x00007ffd724cb000 	C:\WINDOWS\SYSTEM32\USERENV.dll
0x00007ffd72fc0000 - 0x00007ffd72fea000 	C:\WINDOWS\SYSTEM32\bcrypt.dll
0x00007ffd726d0000 - 0x00007ffd726dc000 	C:\WINDOWS\SYSTEM32\CRYPTBASE.dll
0x00007ffd71830000 - 0x00007ffd71864000 	C:\WINDOWS\SYSTEM32\IPHLPAPI.DLL
0x00007ffd75c10000 - 0x00007ffd75c1a000 	C:\WINDOWS\System32\NSI.dll
0x00007ffd5e910000 - 0x00007ffd5e91a000 	C:\Program Files\Java\jdk-24\bin\management.dll
0x00007ffd5e8e0000 - 0x00007ffd5e8eb000 	C:\Program Files\Java\jdk-24\bin\management_ext.dll
0x00007ffd75c40000 - 0x00007ffd75c48000 	C:\WINDOWS\System32\PSAPI.DLL
0x00007ffd718c0000 - 0x00007ffd719ec000 	C:\WINDOWS\SYSTEM32\DNSAPI.dll
0x00007ffd635a0000 - 0x00007ffd635ab000 	C:\Windows\System32\rasadhlp.dll
0x00007ffd694b0000 - 0x00007ffd69536000 	C:\WINDOWS\System32\fwpuclnt.dll
0x00007ffccae00000 - 0x00007ffccae08000 	C:\WINDOWS\system32\wshunix.dll

JVMTI agents:
C:\Program Files\JetBrains\IntelliJ IDEA Community Edition 2025.1.3\lib\idea_rt.jar path:C:\Program Files\Java\jdk-24\bin\instrument.dll, loaded, initialized, instrumentlib options:60428

dbghelp: loaded successfully - version: 4.0.5 - missing functions: none
symbol engine: initialized successfully - sym options: 0x614 - pdb path: .;C:\Program Files\Java\jdk-24\bin;C:\WINDOWS\SYSTEM32;C:\WINDOWS\WinSxS\amd64_microsoft.windows.common-controls_6595b64144ccf1df_6.0.26100.7309_none_3e05feeae336a044;C:\Program Files\Java\jdk-24\bin\server

VM Arguments:
jvm_args: -javaagent:C:\Program Files\JetBrains\IntelliJ IDEA Community Edition 2025.1.3\lib\idea_rt.jar=60428 -Dfile.encoding=UTF-8 -Dsun.stdout.encoding=UTF-8 -Dsun.stderr.encoding=UTF-8 
java_command: e_commerce.api.e_commerce.ECommerceApplication
java_class_path (initial): C:\Users\M.S.I\Documents\E-commerce-API\e-commerce\target\classes;C:\Users\M.S.I\.m2\repository\org\springframework\boot\spring-boot-starter-webmvc\4.0.0\spring-boot-starter-webmvc-4.0.0.jar;C:\Users\M.S.I\.m2\repository\org\springframework\boot\spring-boot-starter\4.0.0\spring-boot-starter-4.0.0.jar;C:\Users\M.S.I\.m2\repository\org\springframework\boot\spring-boot-starter-logging\4.0.0\spring-boot-starter-logging-4.0.0.jar;C:\Users\M.S.I\.m2\repository\ch\qos\logback\logback-classic\1.5.21\logback-classic-1.5.21.jar;C:\Users\M.S.I\.m2\repository\ch\qos\logback\logback-core\1.5.21\logback-core-1.5.21.jar;C:\Users\M.S.I\.m2\repository\org\apache\logging\log4j\log4j-to-slf4j\2.25.2\log4j-to-slf4j-2.25.2.jar;C:\Users\M.S.I\.m2\repository\org\apache\logging\log4j\log4j-api\2.25.2\log4j-api-2.25.2.jar;C:\Users\M.S.I\.m2\repository\org\slf4j\jul-to-slf4j\2.0.17\jul-to-slf4j-2.0.17.jar;C:\Users\M.S.I\.m2\repository\org\springframework\boot\spring-boot-autoconfigure\4.0.0\spring-boot-autoconfigure-4.0.0.jar;C:\Users\M.S.I\.m2\repository\jakarta\annotation\jakarta.annotation-api\3.0.0\jakarta.annotation-api-3.0.0.jar;C:\Users\M.S.I\.m2\repository\org\yaml\snakeyaml\2.5\snakeyaml-2.5.jar;C:\Users\M.S.I\.m2\repository\org\springframework\boot\spring-boot-starter-jackson\4.0.0\spring-boot-starter-jackson-4.0.0.jar;C:\Users\M.S.I\.m2\repository\org\springframework\boot\spring-boot-jackson\4.0.0\spring-boot-jackson-4.0.0.jar;C:\Users\M.S.I\.m2\repository\tools\jackson\core\jackson-databind\3.0.2\jackson-databind-3.0.2.jar;C:\Users\M.S.I\.m2\repository\tools\jackson\core\jackson-core\3.0.2\jackson-core-3.0.2.jar;C:\Users\M.S.I\.m2\repository\org\springframework\boot\spring-boot-starter-tomcat\4.0.0\spring-boot-starter-tomcat-4.0.0.jar;C:\Users\M.S.I\.m2\repository\org\springframework\boot\spring-boot-starter-tomcat-runtime\4.0.0\spring-boot-starter-tomcat-runtime-4.0.0.jar;C:\Users\M.S.I\.m2\repository\org\apache\tomcat\embed\tomcat-embed-core\11.0.14\tomcat-embed-core-11.0.14.jar;C:\Users\M.S.I\.m2\repository\org\apache\tomcat\embed\tomcat-embed-el\11.0.14\tomcat-embed-el-11.0.14.jar;C:\Users\M.S.I\.m2\repository\org\apache\tomcat\embed\tomcat-embed-websocket\11.0.14\tomcat-embed-websocket-11.0.14.jar;C:\Users\M.S.I\.m2\repository\org\springframework\boot\spring-boot-tomcat\4.0.0\spring-boot-tomcat-4.0.0.jar;C:\Users\M.S.I\.m2\repository\org\springframework\boot\spring-boot-http-converter\4.0.0\spring-boot-http-converter-4.0.0.jar;C:\Users\M.S.I\.m2\repository\org\springframework\boot\spring-boot\4.0.0\spring-boot-4.0.0.jar;C:\Users\M.S.I\.m2\repository\org\springframework\spring-context\7.0.1\spring-context-7.0.1.jar;C:\Users\M.S.I\.m2\repository\org\springframework\spring-web\7.0.1\spring-web-7.0.1.jar;C:\Users\M.S.I\.m2\repository\org\springframework\spring-beans\7.0.1\spring-beans-7.0.1.jar;C:\Users\M.S.I\.m2\repository\io\micrometer\micrometer-observation\1.16.0\micrometer-observation-1.16.0.jar;C:\Users\M.S.I\.m2\repository\io\micrometer\micrometer-commons\1.16.0\micrometer-commons-1.16.0.jar;C:\Users\M.S.I\.m2\repository\org\springframework\boot\spring-boot-webmvc\4.0.0\spring-boot-webmvc-4.0.0.jar;C:\Users\M.S.I\.m2\repository\org\springframework\boot\spring-boot-servlet\4.0.0\spring-boot-servlet-4.0.0.jar;C:\Users\M.S.I\.m2\repository\org\springframework\spring-webmvc\7.0.1\spring-webmvc-7.0.1.jar;C:\Users\M.S.I\.m2\repository\org\springframework\spring-aop\7.0.1\spring-aop-7.0.1.jar;C:\Users\M.S.I\.m2\repository\org\springframework\spring-expression\7.0.1\spring-expression-7.0.1.jar;C:\Users\M.S.I\.m2\repository\org\slf4j\slf4j-api\2.0.17\slf4j-api-2.0.17.jar;C:\Users\M.S.I\.m2\repository\jakarta\xml\bind\jakarta.xml.bind-api\4.0.4\jakarta.xml.bind-api-4.0.4.jar;C:\Users\M.S.I\.m2\repository\jakarta\activation\jakarta.activation-api\2.1.4\jakarta.activation-api-2.1.4.jar;C:\Users\M.S.I\.m2\repository\net\bytebuddy\byte-buddy\1.17.8\byte-buddy-1.17.8.jar;C:\Users\M.S.I\.m2\repository\org\springframework\spring-core\7.0.1\spring-core-7.0.1.jar;C:\Users\M.S.I\.m2\repository\commons-logging\commons-logging\1.3.5\commons-logging-1.3.5.jar;C:\Users\M.S.I\.m2\repository\org\jspecify\jspecify\1.0.0\jspecify-1.0.0.jar;C:\Users\M.S.I\.m2\repository\org\springframework\boot\spring-boot-web-server\4.0.0\spring-boot-web-server-4.0.0.jar;C:\Users\M.S.I\.m2\repository\org\springframework\boot\spring-boot-starter-web\4.0.0\spring-boot-starter-web-4.0.0.jar;C:\Users\M.S.I\.m2\repository\org\springframework\boot\spring-boot-starter-data-jpa\4.0.0\spring-boot-starter-data-jpa-4.0.0.jar;C:\Users\M.S.I\.m2\repository\org\springframework\boot\spring-boot-starter-jdbc\4.0.0\spring-boot-starter-jdbc-4.0.0.jar;C:\Users\M.S.I\.m2\repository\com\zaxxer\HikariCP\7.0.2\HikariCP-7.0.2.jar;C:\Users\M.S.I\.m2\repository\org\springframework\boot\spring-boot-data-jpa\4.0.0\spring-boot-data-jpa-4.0.0.jar;C:\Users\M.S.I\.m2\repository\org\springframework\boot\spring-boot-data-commons\4.0.0\spring-boot-data-commons-4.0.0.jar;C:\Users\M.S.I\.m2\repository\org\springframework\boot\spring-boot-persistence\4.0.0\spring-boot-persistence-4.0.0.jar;C:\Users\M.S.I\.m2\repository\org\springframework\data\spring-data-commons\4.0.0\spring-data-commons-4.0.0.jar;C:\Users\M.S.I\.m2\repository\org\springframework\boot\spring-boot-hibernate\4.0.0\spring-boot-hibernate-4.0.0.jar;C:\Users\M.S.I\.m2\repository\org\springframework\boot\spring-boot-jpa\4.0.0\spring-boot-jpa-4.0.0.jar;C:\Users\M.S.I\.m2\repository\jakarta\persistence\jakarta.persistence-api\3.2.0\jakarta.persistence-api-3.2.0.jar;C:\Users\M.S.I\.m2\repository\org\hibernate\orm\hibernate-core\7.1.8.Final\hibernate-core-7.1.8.Final.jar;C:\Users\M.S.I\.m2\repository\jakarta\transaction\jakarta.transaction-api\2.0.1\jakarta.transaction-api-2.0.1.jar;C:\Users\M.S.I\.m2\repository\org\jboss\logging\jboss-logging\3.6.1.Final\jboss-logging-3.6.1.Final.jar;C:\Users\M.S.I\.m2\repository\org\hibernate\models\hibernate-models\1.0.1\hibernate-models-1.0.1.jar;C:\Users\M.S.I\.m2\repository\com\fasterxml\classmate\1.7.1\classmate-1.7.1.jar;C:\Users\M.S.I\.m2\repository\org\glassfish\jaxb\jaxb-runtime\4.0.6\jaxb-runtime-4.0.6.jar;C:\Users\M.S.I\.m2\repository\org\glassfish\jaxb\jaxb-core\4.0.6\jaxb-core-4.0.6.jar;C:\Users\M.S.I\.m2\repository\org\eclipse\angus\angus-activation\2.0.3\angus-activation-2.0.3.jar;C:\Users\M.S.I\.m2\repository\org\glassfish\jaxb\txw2\4.0.6\txw2-4.0.6.jar;C:\Users\M.S.I\.m2\repository\com\sun\istack\istack-commons-runtime\4.1.2\istack-commons-runtime-4.1.2.jar;C:\Users\M.S.I\.m2\repository\jakarta\inject\jakarta.inject-api\2.0.1\jakarta.inject-api-2.0.1.jar;C:\Users\M.S.I\.m2\repository\org\springframework\spring-orm\7.0.1\spring-orm-7.0.1.jar;C:\Users\M.S.I\.m2\repository\org\springframework\data\spring-data-jpa\4.0.0\spring-data-jpa-4.0.0.jar;C:\Users\M.S.I\.m2\repository\org\springframework\spring-tx\7.0.1\spring-tx-7.0.1.jar;C:\Users\M.S.I\.m2\repository\org\antlr\antlr4-runtime\4.13.2\antlr4-runtime-4.13.2.jar;C:\Users\M.S.I\.m2\repository\org\springframework\spring-aspects\7.0.1\spring-aspects-7.0.1.jar;C:\Users\M.S.I\.m2\repository\org\aspectj\aspectjweaver\1.9.25\aspectjweaver-1.9.25.jar;C:\Users\M.S.I\.m2\repository\org\springframework\boot\spring-boot-jdbc\4.0.0\spring-boot-jdbc-4.0.0.jar;C:\Users\M.S.I\.m2\repository\org\springframework\boot\spring-boot-sql\4.0.0\spring-boot-sql-4.0.0.jar;C:\Users\M.S.I\.m2\repository\org\springframework\boot\spring-boot-transaction\4.0.0\spring-boot-transaction-4.0.0.jar;C:\Users\M.S.I\.m2\repository\org\springframework\spring-jdbc\7.0.1\spring-jdbc-7.0.1.jar;C:\Users\M.S.I\.m2\repository\com\mysql\mysql-connector-j\9.5.0\mysql-connector-j-9.5.0.jar;C:\Users\M.S.I\.m2\repository\org\flywaydb\flyway-core\11.14.1\flyway-core-11.14.1.jar;C:\Users\M.S.I\.m2\repository\com\fasterxml\jackson\core\jackson-databind\2.20.1\jackson-databind-2.20.1.jar;C:\Users\M.S.I\.m2\repository\com\fasterxml\jackson\core\jackson-annotations\2.20\jackson-annotations-2.20.jar;C:\Users\M.S.I\.m2\repository\com\fasterxml\jackson\core\jackson-core\2.20.1\jackson-core-2.20.1.jar
Launcher Type: SUN_STANDARD

[Global flags]
     intx CICompilerCount                          = 12                                        {product} {ergonomic}
     uint ConcGCThreads                            = 3                                         {product} {ergonomic}
     uint G1ConcRefinementThreads                  = 13                                        {product} {ergonomic}
   size_t G1HeapRegionSize                         = 2097152                                   {product} {ergonomic}
   size_t InitialHeapSize                          = 264241152                                 {product} {ergonomic}
   size_t MarkStackSize                            = 4194304                                   {product} {ergonomic}
   size_t MarkStackSizeMax                         = 536870912                                 {product} {ergonomic}
   size_t MaxHeapSize                              = 4217372672                                {product} {ergonomic}
   size_t MaxNewSize                               = 2529165312                                {product} {ergonomic}
   size_t MinHeapDeltaBytes                        = 2097152                                   {product} {ergonomic}
   size_t MinHeapSize                              = 8388608                                   {product} {ergonomic}
    uintx NonNMethodCodeHeapSize                   = 7602176                                {pd product} {ergonomic}
    uintx NonProfiledCodeHeapSize                  = 122093568                              {pd product} {ergonomic}
    uintx ProfiledCodeHeapSize                     = 121962496                              {pd product} {ergonomic}
    uintx ReservedCodeCacheSize                    = 251658240                              {pd product} {ergonomic}
     bool SegmentedCodeCache                       = true                                      {product} {ergonomic}
   size_t SoftMaxHeapSize                          = 4217372672                             {manageable} {ergonomic}
     bool UseCompressedOops                        = true                           {product lp64_product} {ergonomic}
     bool UseG1GC                                  = true                                      {product} {ergonomic}
     bool UseLargePagesIndividualAllocation        = false                                  {pd product} {ergonomic}

Logging:
Log output configuration:
 #0: stdout all=warning uptime,level,tags foldmultilines=false
 #1: stderr all=off uptime,level,tags foldmultilines=false

Environment Variables:
JAVA_HOME=C:\Program Files\Java\jdk-17
PATH=C:\Program Files\Git\usr\local\bin;C:\Program Files\Git\bin;C:\Program Files\Eclipse Adoptium\jdk-11.0.24.8-hotspot\bin;C:\Program Files\Eclipse Adoptium\jdk-17.0.15.6-hotspot\bin;C:\Program Files\Java\jdk-24\bin;C:\Program Files\apache-maven-3.9.9\bin;C:\Windows\System32;C:\Program Files\Java\jdk-24\bin;C:\Program Files\nodejs\;C:\Program Files\Git\cmd;C:\Users\M.S.I\AppData\Local\Programs\Python\Python311\Scripts\;C:\Users\M.S.I\AppData\Local\Programs\Python\Python311\;C:\Users\M.S.I\AppData\Local\Microsoft\WindowsApps;C:\Users\M.S.I\AppData\Local\JetBrains\Toolbox\scripts;C:\Program Files\JetBrains\IntelliJ IDEA Community Edition 2025.1.3\bin;;C:\Program Files\JetBrains\PyCharm Community Edition 2023.1.1\bin;;C:\Program Files\JetBrains\IntelliJ IDEA 2025.1.3\bin;;C:\Program Files\Azure Data Studio\bin;C:\Users\M.S.I\AppData\Local\Microsoft\WindowsApps;C:\Users\M.S.I\AppData\Local\Programs\Microsoft VS Code\bin;C:\Users\M.S.I\AppData\Roaming\npm
USERNAME=M.S.I
OS=Windows_NT
PROCESSOR_IDENTIFIER=Intel64 Family 6 Model 141 Stepping 1, GenuineIntel
TMP=C:\Users\MS1E84~1.I\AppData\Local\Temp
TEMP=C:\Users\MS1E84~1.I\AppData\Local\Temp




Periodic native trim disabled

---------------  S Y S T E M  ---------------

OS:
 Windows 11 , 64 bit Build 26100 (10.0.26100.7623)
OS uptime: 0 days 1:40 hours
Hyper-V role detected

CPU: total 16 (initial active 16) (8 cores per cpu, 2 threads per core) family 6 model 141 stepping 1 microcode 0x34, cx8, cmov, fxsr, ht, mmx, 3dnowpref, sse, sse2, sse3, ssse3, sse4.1, sse4.2, popcnt, lzcnt, tsc, tscinvbit, avx, avx2, aes, erms, clmul, bmi1, bmi2, adx, avx512f, avx512dq, avx512cd, avx512bw, avx512vl, sha, fma, vzeroupper, avx512_vpopcntdq, avx512_vpclmulqdq, avx512_vaes, avx512_vnni, clflush, clflushopt, clwb, avx512_vbmi2, avx512_vbmi, hv, rdtscp, rdpid, fsrm, gfni, avx512_bitalg, f16c, cet_ibt, cet_ss, avx512_ifma
Processor Information for the first 16 processors :
  Max Mhz: 2304, Current Mhz: 2304, Mhz Limit: 2304

Memory: 4k page, system-wide physical 16085M (3447M free)
TotalPageFile size 18133M (AvailPageFile size 19M)
current process WorkingSet (physical memory assigned to process): 281M, peak: 303M
current process commit charge ("private bytes"): 325M, peak: 423M

vm_info: Java HotSpot(TM) 64-Bit Server VM (24.0.1+9-30) for windows-amd64 JRE (24.0.1+9-30), built on 2025-03-05T07:23:45Z with MS VC++ 17.6 (VS2022)

END.
