#
# There is insufficient memory for the Java Runtime Environment to continue.
# Native memory allocation (malloc) failed to allocate 1957712 bytes. Error detail: Chunk::new
# Possible reasons:
#   The system is out of physical RAM or swap space
#   This process is running with CompressedOops enabled, and the Java Heap may be blocking the growth of the native heap
# Possible solutions:
#   Reduce memory load on the system
#   Increase physical memory or swap space
#   Check if swap backing store is full
#   Decrease Java heap size (-Xmx/-Xms)
#   Decrease number of Java threads
#   Decrease Java thread stack sizes (-Xss)
#   Set larger code cache with -XX:ReservedCodeCacheSize=
#   JVM is running with Zero Based Compressed Oops mode in which the Java heap is
#     placed in the first 32GB address space. The Java Heap base address is the
#     maximum limit for the native heap growth. Please use -XX:HeapBaseMinAddress
#     to set the Java Heap base and to place the Java Heap above 32GB virtual address.
# This output file may be truncated or incomplete.
#
#  Out of Memory Error (arena.cpp:162), pid=11692, tid=12540
#
# JRE version: Java(TM) SE Runtime Environment (24.0.1+9) (build 24.0.1+9-30)
# Java VM: Java HotSpot(TM) 64-Bit Server VM (24.0.1+9-30, mixed mode, sharing, tiered, compressed oops, compressed class ptrs, g1 gc, windows-amd64)
# No core dump will be written. Minidumps are not enabled by default on client versions of Windows
#

---------------  S U M M A R Y ------------

Command Line: -javaagent:C:\Program Files\JetBrains\IntelliJ IDEA Community Edition 2025.1.3\lib\idea_rt.jar=54433 -Dfile.encoding=UTF-8 -Dsun.stdout.encoding=UTF-8 -Dsun.stderr.encoding=UTF-8 e_commerce.api.e_commerce.ECommerceApplication

Host: 11th Gen Intel(R) Core(TM) i7-11800H @ 2.30GHz, 16 cores, 15G,  Windows 11 , 64 bit Build 26100 (10.0.26100.7623)
Time: Mon Feb  2 16:02:41 2026 West Bank Gaza Standard Time elapsed time: 397.055536 seconds (0d 0h 6m 37s)

---------------  T H R E A D  ---------------

Current thread (0x000001cddd55a440):  JavaThread "C2 CompilerThread2" daemon [_thread_in_native, id=12540, stack(0x0000005693200000,0x0000005693300000) (1024K)]


Current CompileTask:
C2:397055 12942       4       org.hibernate.engine.internal.StatefulPersistenceContext::claimEntityHolderIfPossible (209 bytes)

Stack: [0x0000005693200000,0x0000005693300000]
Native frames: (J=compiled Java code, j=interpreted, Vv=VM code, C=native code)
V  [jvm.dll+0x730739]  (no source info available)
V  [jvm.dll+0x8d9b23]  (no source info available)
V  [jvm.dll+0x8dc00d]  (no source info available)
V  [jvm.dll+0x8dc683]  (no source info available)
V  [jvm.dll+0x2aa086]  (no source info available)
V  [jvm.dll+0xcedef]  (no source info available)
V  [jvm.dll+0xcf04f]  (no source info available)
V  [jvm.dll+0x154d83]  (no source info available)
V  [jvm.dll+0x735f5f]  (no source info available)
V  [jvm.dll+0x26fa1c]  (no source info available)
V  [jvm.dll+0x26ea3f]  (no source info available)
V  [jvm.dll+0x1e9d60]  (no source info available)
V  [jvm.dll+0x27e1fb]  (no source info available)
V  [jvm.dll+0x27c49a]  (no source info available)
V  [jvm.dll+0x42f456]  (no source info available)
V  [jvm.dll+0x87d76b]  (no source info available)
V  [jvm.dll+0x72ee55]  (no source info available)
C  [ucrtbase.dll+0x37b0]  (no source info available)
C  [KERNEL32.DLL+0x2e8d7]  (no source info available)
C  [ntdll.dll+0x8c53c]  (no source info available)

Lock stack of current Java thread (top to bottom):


---------------  P R O C E S S  ---------------

Threads class SMR info:
_java_thread_list=0x000001cdde9e2c10, length=32, elements={
0x000001cdfee4c760, 0x000001cdfee4cea0, 0x000001cdfee4d840, 0x000001cdfee4e370,
0x000001cdda0020a0, 0x000001cdda002e50, 0x000001cdda0060c0, 0x000001cdda0093d0,
0x000001cdda258b80, 0x000001cdda667290, 0x000001cdda6628d0, 0x000001cddbfa93c0,
0x000001cddbfab100, 0x000001cddbfaa9b0, 0x000001cddbfaa260, 0x000001cddbfa7dd0,
0x000001cddc107aa0, 0x000001cddc109090, 0x000001cddc1097e0, 0x000001cddc1064b0,
0x000001cddc109f30, 0x000001cddc106c00, 0x000001cddc10bc70, 0x000001cddc10b520,
0x000001cddc10a680, 0x000001cddc10add0, 0x000001cddc10c3c0, 0x000001cddc10cb10,
0x000001cddbfa8c70, 0x000001cdded04e80, 0x000001cdded07be0, 0x000001cddd55a440
}

Java Threads: ( => current thread )
  0x000001cdfee4c760 JavaThread "Reference Handler"          daemon [_thread_blocked, id=24320, stack(0x0000005692400000,0x0000005692500000) (1024K)]
  0x000001cdfee4cea0 JavaThread "Finalizer"                  daemon [_thread_blocked, id=23176, stack(0x0000005692500000,0x0000005692600000) (1024K)]
  0x000001cdfee4d840 JavaThread "Signal Dispatcher"          daemon [_thread_blocked, id=16092, stack(0x0000005692600000,0x0000005692700000) (1024K)]
  0x000001cdfee4e370 JavaThread "Attach Listener"            daemon [_thread_blocked, id=3968, stack(0x0000005692700000,0x0000005692800000) (1024K)]
  0x000001cdda0020a0 JavaThread "Service Thread"             daemon [_thread_blocked, id=3732, stack(0x0000005692800000,0x0000005692900000) (1024K)]
  0x000001cdda002e50 JavaThread "Monitor Deflation Thread"   daemon [_thread_blocked, id=3440, stack(0x0000005692900000,0x0000005692a00000) (1024K)]
  0x000001cdda0060c0 JavaThread "C2 CompilerThread0"         daemon [_thread_in_native, id=24348, stack(0x0000005692a00000,0x0000005692b00000) (1024K)]
  0x000001cdda0093d0 JavaThread "C1 CompilerThread0"         daemon [_thread_blocked, id=23956, stack(0x0000005692b00000,0x0000005692c00000) (1024K)]
  0x000001cdda258b80 JavaThread "Common-Cleaner"             daemon [_thread_blocked, id=4368, stack(0x0000005692f00000,0x0000005693000000) (1024K)]
  0x000001cdda667290 JavaThread "Monitor Ctrl-Break"         daemon [_thread_in_native, id=11072, stack(0x0000005693000000,0x0000005693100000) (1024K)]
  0x000001cdda6628d0 JavaThread "Notification Thread"        daemon [_thread_blocked, id=1972, stack(0x0000005693100000,0x0000005693200000) (1024K)]
  0x000001cddbfa93c0 JavaThread "Catalina-utility-1"                [_thread_blocked, id=9956, stack(0x0000005694400000,0x0000005694500000) (1024K)]
  0x000001cddbfab100 JavaThread "Catalina-utility-2"                [_thread_blocked, id=20296, stack(0x0000005694500000,0x0000005694600000) (1024K)]
  0x000001cddbfaa9b0 JavaThread "container-0"                       [_thread_blocked, id=4180, stack(0x0000005694600000,0x0000005694700000) (1024K)]
  0x000001cddbfaa260 JavaThread "mysql-cj-abandoned-connection-cleanup" daemon [_thread_blocked, id=12140, stack(0x0000005694700000,0x0000005694800000) (1024K)]
  0x000001cddbfa7dd0 JavaThread "HikariPool-1:housekeeper"   daemon [_thread_blocked, id=8, stack(0x0000005694900000,0x0000005694a00000) (1024K)]
  0x000001cddc107aa0 JavaThread "http-nio-8080-exec-1"       daemon [_thread_blocked, id=10864, stack(0x0000005693900000,0x0000005693a00000) (1024K)]
  0x000001cddc109090 JavaThread "http-nio-8080-exec-2"       daemon [_thread_blocked, id=3412, stack(0x0000005694300000,0x0000005694400000) (1024K)]
  0x000001cddc1097e0 JavaThread "http-nio-8080-exec-3"       daemon [_thread_blocked, id=16648, stack(0x0000005694b00000,0x0000005694c00000) (1024K)]
  0x000001cddc1064b0 JavaThread "http-nio-8080-exec-4"       daemon [_thread_blocked, id=10696, stack(0x0000005694c00000,0x0000005694d00000) (1024K)]
  0x000001cddc109f30 JavaThread "http-nio-8080-exec-5"       daemon [_thread_blocked, id=7392, stack(0x0000005694d00000,0x0000005694e00000) (1024K)]
  0x000001cddc106c00 JavaThread "http-nio-8080-exec-6"       daemon [_thread_blocked, id=13816, stack(0x0000005694e00000,0x0000005694f00000) (1024K)]
  0x000001cddc10bc70 JavaThread "http-nio-8080-exec-7"       daemon [_thread_blocked, id=8312, stack(0x0000005694f00000,0x0000005695000000) (1024K)]
  0x000001cddc10b520 JavaThread "http-nio-8080-exec-8"       daemon [_thread_blocked, id=11028, stack(0x0000005695000000,0x0000005695100000) (1024K)]
  0x000001cddc10a680 JavaThread "http-nio-8080-exec-9"       daemon [_thread_blocked, id=12476, stack(0x0000005695100000,0x0000005695200000) (1024K)]
  0x000001cddc10add0 JavaThread "http-nio-8080-exec-10"      daemon [_thread_blocked, id=14472, stack(0x0000005695200000,0x0000005695300000) (1024K)]
  0x000001cddc10c3c0 JavaThread "http-nio-8080-Poller"       daemon [_thread_in_native, id=11744, stack(0x0000005695300000,0x0000005695400000) (1024K)]
  0x000001cddc10cb10 JavaThread "http-nio-8080-Acceptor"     daemon [_thread_in_native, id=21088, stack(0x0000005695400000,0x0000005695500000) (1024K)]
  0x000001cddbfa8c70 JavaThread "DestroyJavaVM"                     [_thread_blocked, id=2004, stack(0x0000005691c00000,0x0000005691d00000) (1024K)]
  0x000001cdded04e80 JavaThread "C1 CompilerThread1"         daemon [_thread_blocked, id=13132, stack(0x0000005691b00000,0x0000005691c00000) (1024K)]
  0x000001cdded07be0 JavaThread "C2 CompilerThread1"         daemon [_thread_in_native, id=12032, stack(0x0000005692e00000,0x0000005692f00000) (1024K)]
=>0x000001cddd55a440 JavaThread "C2 CompilerThread2"         daemon [_thread_in_native, id=12540, stack(0x0000005693200000,0x0000005693300000) (1024K)]
Total: 32

Other Threads:
  0x000001cdfee3c7e0 VMThread "VM Thread"                           [id=24504, stack(0x0000005692300000,0x0000005692400000) (1024K)]
  0x000001cdfee30260 WatcherThread "VM Periodic Task Thread"        [id=3356, stack(0x0000005692200000,0x0000005692300000) (1024K)]
  0x000001cdf47e4180 WorkerThread "GC Thread#0"                     [id=14596, stack(0x0000005691d00000,0x0000005691e00000) (1024K)]
  0x000001cddb53ed00 WorkerThread "GC Thread#1"                     [id=23284, stack(0x0000005693400000,0x0000005693500000) (1024K)]
  0x000001cddb53f0b0 WorkerThread "GC Thread#2"                     [id=23028, stack(0x0000005693500000,0x0000005693600000) (1024K)]
  0x000001cddb53f460 WorkerThread "GC Thread#3"                     [id=5584, stack(0x0000005693600000,0x0000005693700000) (1024K)]
  0x000001cddb542030 WorkerThread "GC Thread#4"                     [id=22216, stack(0x0000005693700000,0x0000005693800000) (1024K)]
  0x000001cddb1bdff0 WorkerThread "GC Thread#5"                     [id=14160, stack(0x0000005693800000,0x0000005693900000) (1024K)]
  0x000001cddbd16530 WorkerThread "GC Thread#6"                     [id=22052, stack(0x0000005693a00000,0x0000005693b00000) (1024K)]
  0x000001cddbd14f10 WorkerThread "GC Thread#7"                     [id=17984, stack(0x0000005693b00000,0x0000005693c00000) (1024K)]
  0x000001cddbd15670 WorkerThread "GC Thread#8"                     [id=10104, stack(0x0000005693c00000,0x0000005693d00000) (1024K)]
  0x000001cddbd14b60 WorkerThread "GC Thread#9"                     [id=17108, stack(0x0000005693d00000,0x0000005693e00000) (1024K)]
  0x000001cddbd15a20 WorkerThread "GC Thread#10"                    [id=17044, stack(0x0000005693e00000,0x0000005693f00000) (1024K)]
  0x000001cddbd16180 WorkerThread "GC Thread#11"                    [id=17132, stack(0x0000005693f00000,0x0000005694000000) (1024K)]
  0x000001cddb852f00 WorkerThread "GC Thread#12"                    [id=20352, stack(0x0000005694000000,0x0000005694100000) (1024K)]
  0x000001cdf47f8ba0 ConcurrentGCThread "G1 Main Marker"            [id=23116, stack(0x0000005691e00000,0x0000005691f00000) (1024K)]
  0x000001cdf47fb2c0 WorkerThread "G1 Conc#0"                       [id=16408, stack(0x0000005691f00000,0x0000005692000000) (1024K)]
  0x000001cddb853dc0 WorkerThread "G1 Conc#1"                       [id=2896, stack(0x0000005694100000,0x0000005694200000) (1024K)]
  0x000001cddb853a10 WorkerThread "G1 Conc#2"                       [id=19084, stack(0x0000005694200000,0x0000005694300000) (1024K)]
  0x000001cdf482e670 ConcurrentGCThread "G1 Refine#0"               [id=25508, stack(0x0000005692000000,0x0000005692100000) (1024K)]
  0x000001cdfece4050 ConcurrentGCThread "G1 Service"                [id=21020, stack(0x0000005692100000,0x0000005692200000) (1024K)]
Total: 21

Threads with active compile tasks:
C2 CompilerThread0  399180 12925       4       org.hibernate.sql.results.jdbc.internal.JdbcValuesResultSetImpl::<init> (272 bytes)
C2 CompilerThread1  399180 12967       4       org.springframework.util.MultiValueMapAdapter::add (28 bytes)
C2 CompilerThread2  399180 12942       4       org.hibernate.engine.internal.StatefulPersistenceContext::claimEntityHolderIfPossible (209 bytes)
Total: 3

VM state: not at safepoint (normal execution)

VM Mutex/Monitor currently owned by a thread: None

Heap address: 0x0000000704a00000, size: 4022 MB, Compressed Oops mode: Zero based, Oop shift amount: 3

CDS archive(s) mapped at: [0x000001cd95000000-0x000001cd95d40000-0x000001cd95d40000), size 13893632, SharedBaseAddress: 0x000001cd95000000, ArchiveRelocationMode: 1.
Compressed class space mapped at: 0x000001cd96000000-0x000001cdd6000000, reserved size: 1073741824
UseCompressedClassPointers 1, UseCompactObjectHeaders 0
Narrow klass pointer bits 32, Max shift 3
Narrow klass base: 0x000001cd95000000, Narrow klass shift: 0
Encoding Range: [0x000001cd95000000 - 0x000001ce95000000), (4294967296 bytes)
Klass Range:    [0x000001cd95000000 - 0x000001cdd6000000), (1090519040 bytes)
Klass ID Range:  [8 - 1090519033) (1090519025)

GC Precious Log:
 CardTable entry size: 512
 Card Set container configuration: InlinePtr #cards 4 size 8 Array Of Cards #cards 16 size 48 Howl #buckets 8 coarsen threshold 3686 Howl Bitmap #cards 512 size 80 coarsen threshold 460 Card regions per heap region 1 cards per card region 4096
 CPUs: 16 total, 16 available
 Memory: 16085M
 Large Page Support: Disabled
 NUMA Support: Disabled
 Compressed Oops: Enabled (Zero based)
 Heap Region Size: 2M
 Heap Min Capacity: 8M
 Heap Initial Capacity: 252M
 Heap Max Capacity: 4022M
 Pre-touch: Disabled
 Parallel Workers: 13
 Concurrent Workers: 3
 Concurrent Refinement Workers: 13
 Periodic GC: Disabled

Heap:
 garbage-first heap   total reserved 4118528K, committed 86016K, used 40823K [0x0000000704a00000, 0x0000000800000000)
  region size 2048K, 4 young (8192K), 1 survivors (2048K)
 Metaspace       used 88110K, committed 88832K, reserved 1179648K
  class space    used 9487K, committed 9792K, reserved 1048576K

Heap Regions: E=young(eden), S=young(survivor), O=old, HS=humongous(starts), HC=humongous(continues), CS=collection set, F=free, TAMS=top-at-mark-start, PB=parsable bottom
|   0|0x0000000704a00000, 0x0000000704c00000, 0x0000000704c00000|100%| O|  |TAMS 0x0000000704a00000| PB 0x0000000704a00000| Untracked |  0
|   1|0x0000000704c00000, 0x0000000704e00000, 0x0000000704e00000|100%| O|  |TAMS 0x0000000704c00000| PB 0x0000000704c00000| Untracked |  0
|   2|0x0000000704e00000, 0x0000000705000000, 0x0000000705000000|100%| O|  |TAMS 0x0000000704e00000| PB 0x0000000704e00000| Untracked |  0
|   3|0x0000000705000000, 0x0000000705200000, 0x0000000705200000|100%| O|  |TAMS 0x0000000705000000| PB 0x0000000705000000| Untracked |  0
|   4|0x0000000705200000, 0x0000000705400000, 0x0000000705400000|100%| O|  |TAMS 0x0000000705200000| PB 0x0000000705200000| Untracked |  0
|   5|0x0000000705400000, 0x0000000705400000, 0x0000000705600000|  0%| F|  |TAMS 0x0000000705400000| PB 0x0000000705400000| Untracked |  0
|   6|0x0000000705600000, 0x0000000705800000, 0x0000000705800000|100%| O|  |TAMS 0x0000000705600000| PB 0x0000000705600000| Untracked |  0
|   7|0x0000000705800000, 0x0000000705a00000, 0x0000000705a00000|100%| O|  |TAMS 0x0000000705800000| PB 0x0000000705800000| Untracked |  0
|   8|0x0000000705a00000, 0x0000000705c00000, 0x0000000705c00000|100%| O|  |TAMS 0x0000000705a00000| PB 0x0000000705a00000| Untracked |  0
|   9|0x0000000705c00000, 0x0000000705e00000, 0x0000000705e00000|100%| O|  |TAMS 0x0000000705c00000| PB 0x0000000705c00000| Untracked |  0
|  10|0x0000000705e00000, 0x0000000706000000, 0x0000000706000000|100%| O|  |TAMS 0x0000000705e00000| PB 0x0000000705e00000| Untracked |  0
|  11|0x0000000706000000, 0x0000000706200000, 0x0000000706200000|100%| O|  |TAMS 0x0000000706000000| PB 0x0000000706000000| Untracked |  0
|  12|0x0000000706200000, 0x0000000706400000, 0x0000000706400000|100%| O|  |TAMS 0x0000000706200000| PB 0x0000000706200000| Untracked |  0
|  13|0x0000000706400000, 0x0000000706600000, 0x0000000706600000|100%| O|  |TAMS 0x0000000706400000| PB 0x0000000706400000| Untracked |  0
|  14|0x0000000706600000, 0x0000000706800000, 0x0000000706800000|100%| O|  |TAMS 0x0000000706600000| PB 0x0000000706600000| Untracked |  0
|  15|0x0000000706800000, 0x0000000706912c88, 0x0000000706a00000| 53%| O|  |TAMS 0x0000000706800000| PB 0x0000000706800000| Untracked |  0
|  16|0x0000000706a00000, 0x0000000706a00000, 0x0000000706c00000|  0%| F|  |TAMS 0x0000000706a00000| PB 0x0000000706a00000| Untracked |  0
|  17|0x0000000706c00000, 0x0000000706c00000, 0x0000000706e00000|  0%| F|  |TAMS 0x0000000706c00000| PB 0x0000000706c00000| Untracked |  0
|  18|0x0000000706e00000, 0x0000000706ecb310, 0x0000000707000000| 39%| S|CS|TAMS 0x0000000706e00000| PB 0x0000000706e00000| Complete |  0
|  19|0x0000000707000000, 0x0000000707000000, 0x0000000707200000|  0%| F|  |TAMS 0x0000000707000000| PB 0x0000000707000000| Untracked |  0
|  20|0x0000000707200000, 0x0000000707200000, 0x0000000707400000|  0%| F|  |TAMS 0x0000000707200000| PB 0x0000000707200000| Untracked |  0
|  21|0x0000000707400000, 0x0000000707400000, 0x0000000707600000|  0%| F|  |TAMS 0x0000000707400000| PB 0x0000000707400000| Untracked |  0
|  22|0x0000000707600000, 0x0000000707600000, 0x0000000707800000|  0%| F|  |TAMS 0x0000000707600000| PB 0x0000000707600000| Untracked |  0
|  23|0x0000000707800000, 0x0000000707800000, 0x0000000707a00000|  0%| F|  |TAMS 0x0000000707800000| PB 0x0000000707800000| Untracked |  0
|  24|0x0000000707a00000, 0x0000000707a00000, 0x0000000707c00000|  0%| F|  |TAMS 0x0000000707a00000| PB 0x0000000707a00000| Untracked |  0
|  25|0x0000000707c00000, 0x0000000707c00000, 0x0000000707e00000|  0%| F|  |TAMS 0x0000000707c00000| PB 0x0000000707c00000| Untracked |  0
|  26|0x0000000707e00000, 0x0000000707e00000, 0x0000000708000000|  0%| F|  |TAMS 0x0000000707e00000| PB 0x0000000707e00000| Untracked |  0
|  27|0x0000000708000000, 0x0000000708000000, 0x0000000708200000|  0%| F|  |TAMS 0x0000000708000000| PB 0x0000000708000000| Untracked |  0
|  28|0x0000000708200000, 0x0000000708200000, 0x0000000708400000|  0%| F|  |TAMS 0x0000000708200000| PB 0x0000000708200000| Untracked |  0
|  29|0x0000000708400000, 0x0000000708400000, 0x0000000708600000|  0%| F|  |TAMS 0x0000000708400000| PB 0x0000000708400000| Untracked |  0
|  97|0x0000000710c00000, 0x0000000710c00000, 0x0000000710e00000|  0%| F|  |TAMS 0x0000000710c00000| PB 0x0000000710c00000| Untracked |  0
|  98|0x0000000710e00000, 0x0000000710e00000, 0x0000000711000000|  0%| F|  |TAMS 0x0000000710e00000| PB 0x0000000710e00000| Untracked |  0
| 102|0x0000000711600000, 0x0000000711600000, 0x0000000711800000|  0%| F|  |TAMS 0x0000000711600000| PB 0x0000000711600000| Untracked |  0
| 103|0x0000000711800000, 0x0000000711800000, 0x0000000711a00000|  0%| F|  |TAMS 0x0000000711800000| PB 0x0000000711800000| Untracked |  0
| 104|0x0000000711a00000, 0x0000000711a00000, 0x0000000711c00000|  0%| F|  |TAMS 0x0000000711a00000| PB 0x0000000711a00000| Untracked |  0
| 105|0x0000000711c00000, 0x0000000711c00000, 0x0000000711e00000|  0%| F|  |TAMS 0x0000000711c00000| PB 0x0000000711c00000| Untracked |  0
| 106|0x0000000711e00000, 0x0000000711e91f40, 0x0000000712000000| 28%| E|  |TAMS 0x0000000711e00000| PB 0x0000000711e00000| Complete |  0
| 125|0x0000000714400000, 0x0000000714600000, 0x0000000714600000|100%| E|CS|TAMS 0x0000000714400000| PB 0x0000000714400000| Complete |  0
|2007|0x00000007ff800000, 0x00000007ffa00000, 0x00000007ffa00000|100%| O|  |TAMS 0x00000007ff800000| PB 0x00000007ff800000| Untracked |  0
|2008|0x00000007ffa00000, 0x00000007ffc00000, 0x00000007ffc00000|100%| O|  |TAMS 0x00000007ffa00000| PB 0x00000007ffa00000| Untracked |  0
|2009|0x00000007ffc00000, 0x00000007ffe00000, 0x00000007ffe00000|100%| O|  |TAMS 0x00000007ffc00000| PB 0x00000007ffc00000| Untracked |  0
|2010|0x00000007ffe00000, 0x0000000800000000, 0x0000000800000000|100%| E|CS|TAMS 0x00000007ffe00000| PB 0x00000007ffe00000| Complete |  0

Card table byte_map: [0x000001cdfe180000,0x000001cdfe960000] _byte_map_base: 0x000001cdfa95b000

Marking Bits: (CMBitMap*) 0x000001cdf47e47a0
 Bits: [0x000001cd8f000000, 0x000001cd92ed8000)

Polling page: 0x000001cdf2940000

Metaspace:

Usage:
  Non-class:     76.78 MB used.
      Class:      9.27 MB used.
       Both:     86.05 MB used.

Virtual space:
  Non-class space:      128.00 MB reserved,      77.19 MB ( 60%) committed,  2 nodes.
      Class space:        1.00 GB reserved,       9.56 MB ( <1%) committed,  1 nodes.
             Both:        1.12 GB reserved,      86.75 MB (  8%) committed. 

Chunk freelists:
   Non-Class:  2.78 MB
       Class:  6.28 MB
        Both:  9.06 MB

MaxMetaspaceSize: unlimited
CompressedClassSpaceSize: 1.00 GB
Initial GC threshold: 21.00 MB
Current GC threshold: 139.94 MB
CDS: on
 - commit_granule_bytes: 65536.
 - commit_granule_words: 8192.
 - virtual_space_node_default_size: 8388608.
 - enlarge_chunks_in_place: 1.
UseCompressedClassPointers 1, UseCompactObjectHeaders 0
Narrow klass pointer bits 32, Max shift 3
Narrow klass base: 0x000001cd95000000, Narrow klass shift: 0
Encoding Range: [0x000001cd95000000 - 0x000001ce95000000), (4294967296 bytes)
Klass Range:    [0x000001cd95000000 - 0x000001cdd6000000), (1090519040 bytes)
Klass ID Range:  [8 - 1090519033) (1090519025)


Internal statistics:

num_allocs_failed_limit: 20.
num_arena_births: 1042.
num_arena_deaths: 0.
num_vsnodes_births: 3.
num_vsnodes_deaths: 0.
num_space_committed: 1388.
num_space_uncommitted: 0.
num_chunks_returned_to_freelist: 20.
num_chunks_taken_from_freelist: 4192.
num_chunk_merges: 14.
num_chunk_splits: 3040.
num_chunks_enlarged: 2419.
num_inconsistent_stats: 0.

CodeHeap 'non-profiled nmethods': size=119232Kb used=5589Kb max_used=5589Kb free=113642Kb
 bounds [0x000001cd87b90000, 0x000001cd88110000, 0x000001cd8f000000]
CodeHeap 'profiled nmethods': size=119104Kb used=21011Kb max_used=21011Kb free=98092Kb
 bounds [0x000001cd80000000, 0x000001cd81490000, 0x000001cd87450000]
CodeHeap 'non-nmethods': size=7424Kb used=2387Kb max_used=3654Kb free=5036Kb
 bounds [0x000001cd87450000, 0x000001cd877f0000, 0x000001cd87b90000]
CodeCache: size=245760Kb, used=28987Kb, max_used=30254Kb, free=216770Kb
 total_blobs=12726, nmethods=11944, adapters=682, full_count=0
Compilation: enabled, stopped_count=0, restarted_count=0

Compilation events (20 events):
Event: 396.028 Thread 0x000001cdded0a940 nmethod 12975 0x000001cd8146b988 code [0x000001cd8146bae0, 0x000001cd8146bf78]
Event: 396.028 Thread 0x000001cdded04e80 12976       3       org.springframework.core.annotation.AnnotatedMethod::findProvidedArgument (50 bytes)
Event: 396.028 Thread 0x000001cdded0a940 12977   !   3       org.springframework.data.jpa.repository.support.CrudMethodMetadataPostProcessor$CrudMethodMetadataPopulatingMethodInterceptor::invoke (183 bytes)
Event: 396.029 Thread 0x000001cdded04e80 nmethod 12976 0x000001cd8146c008 code [0x000001cd8146c160, 0x000001cd8146c608]
Event: 396.029 Thread 0x000001cdded04e80 12978       3       org.hibernate.engine.jdbc.connections.internal.DatasourceConnectionProviderImpl::getConnection (54 bytes)
Event: 396.029 Thread 0x000001cdded04e80 nmethod 12978 0x000001cd8146c688 code [0x000001cd8146c7e0, 0x000001cd8146cc08]
Event: 396.030 Thread 0x000001cdded0a940 nmethod 12977 0x000001cd8146cc88 code [0x000001cd8146d000, 0x000001cd8146ed70]
Event: 397.037 Thread 0x000001cdded0a940 12979       3       org.springframework.web.servlet.DispatcherServlet::lambda$logRequest$0 (302 bytes)
Event: 397.038 Thread 0x000001cdda0093d0 12980       3       org.hibernate.internal.AbstractSharedSessionContract$$Lambda/0x000001cd96769420::<init> (10 bytes)
Event: 397.038 Thread 0x000001cdded0a1b0 12981       3       org.hibernate.engine.jdbc.internal.JdbcCoordinatorImpl::<init> (67 bytes)
Event: 397.038 Thread 0x000001cdded04e80 12982   !   3       jdk.proxy2.$Proxy128::createEntityManager (28 bytes)
Event: 397.039 Thread 0x000001cdda0093d0 nmethod 12980 0x000001cd8146ee08 code [0x000001cd8146ef20, 0x000001cd8146f0e0]
Event: 397.039 Thread 0x000001cdda0093d0 12983   !   3       org.springframework.transaction.interceptor.TransactionAspectSupport::invokeWithinTransaction (515 bytes)
Event: 397.039 Thread 0x000001cdded0a1b0 nmethod 12981 0x000001cd8146f108 code [0x000001cd8146f240, 0x000001cd8146f580]
Event: 397.039 Thread 0x000001cdded0a1b0 12984       3       org.springframework.data.repository.core.support.RepositoryMethodInvoker$RepositoryMethodInvocationCaptor::captureInvocationOn (17 bytes)
Event: 397.039 Thread 0x000001cdded04e80 nmethod 12982 0x000001cd8146f608 code [0x000001cd8146f740, 0x000001cd8146fb40]
Event: 397.040 Thread 0x000001cdded04e80 12985   !   3       com.zaxxer.hikari.pool.HikariPool::getConnection (257 bytes)
Event: 397.040 Thread 0x000001cdded0a1b0 nmethod 12984 0x000001cd8146fb88 code [0x000001cd8146fcc0, 0x000001cd8146fea0]
Event: 397.043 Thread 0x000001cdded0a1b0 12986       3       com.mysql.cj.protocol.a.StringValueEncoder::isEscapeNeededForString (94 bytes)
Event: 397.053 Thread 0x000001cdded0a1b0 nmethod 12986 0x000001cd8146ff08 code [0x000001cd81470080, 0x000001cd81470898]

GC Heap History (20 events):
Event: 2.413 GC heap before
{Heap before GC invocations=5 (full 0):
 garbage-first heap   total reserved 4118528K, committed 86016K, used 23392K [0x0000000704a00000, 0x0000000800000000)
  region size 2048K, 3 young (6144K), 2 survivors (4096K)
 Metaspace       used 35873K, committed 36288K, reserved 1114112K
  class space    used 3625K, committed 3840K, reserved 1048576K
}
Event: 2.415 GC heap after
{Heap after GC invocations=6 (full 0):
 garbage-first heap   total reserved 4118528K, committed 86016K, used 24039K [0x0000000704a00000, 0x0000000800000000)
  region size 2048K, 1 young (2048K), 1 survivors (2048K)
 Metaspace       used 35873K, committed 36288K, reserved 1114112K
  class space    used 3625K, committed 3840K, reserved 1048576K
}
Event: 3.153 GC heap before
{Heap before GC invocations=7 (full 0):
 garbage-first heap   total reserved 4118528K, committed 86016K, used 64999K [0x0000000704a00000, 0x0000000800000000)
  region size 2048K, 21 young (43008K), 1 survivors (2048K)
 Metaspace       used 47940K, committed 48384K, reserved 1114112K
  class space    used 4989K, committed 5184K, reserved 1048576K
}
Event: 3.156 GC heap after
{Heap after GC invocations=8 (full 0):
 garbage-first heap   total reserved 4118528K, committed 86016K, used 26656K [0x0000000704a00000, 0x0000000800000000)
  region size 2048K, 2 young (4096K), 2 survivors (4096K)
 Metaspace       used 47940K, committed 48384K, reserved 1114112K
  class space    used 4989K, committed 5184K, reserved 1048576K
}
Event: 4.065 GC heap before
{Heap before GC invocations=8 (full 0):
 garbage-first heap   total reserved 4118528K, committed 86016K, used 65568K [0x0000000704a00000, 0x0000000800000000)
  region size 2048K, 22 young (45056K), 2 survivors (4096K)
 Metaspace       used 60728K, committed 61120K, reserved 1114112K
  class space    used 6294K, committed 6464K, reserved 1048576K
}
Event: 4.070 GC heap after
{Heap after GC invocations=9 (full 0):
 garbage-first heap   total reserved 4118528K, committed 86016K, used 28556K [0x0000000704a00000, 0x0000000800000000)
  region size 2048K, 1 young (2048K), 1 survivors (2048K)
 Metaspace       used 60728K, committed 61120K, reserved 1114112K
  class space    used 6294K, committed 6464K, reserved 1048576K
}
Event: 4.084 GC heap before
{Heap before GC invocations=9 (full 0):
 garbage-first heap   total reserved 4118528K, committed 86016K, used 28556K [0x0000000704a00000, 0x0000000800000000)
  region size 2048K, 2 young (4096K), 1 survivors (2048K)
 Metaspace       used 60948K, committed 61440K, reserved 1114112K
  class space    used 6310K, committed 6528K, reserved 1048576K
}
Event: 4.086 GC heap after
{Heap after GC invocations=10 (full 0):
 garbage-first heap   total reserved 4118528K, committed 86016K, used 28657K [0x0000000704a00000, 0x0000000800000000)
  region size 2048K, 2 young (4096K), 2 survivors (4096K)
 Metaspace       used 60948K, committed 61440K, reserved 1114112K
  class space    used 6310K, committed 6528K, reserved 1048576K
}
Event: 4.919 GC heap before
{Heap before GC invocations=11 (full 0):
 garbage-first heap   total reserved 4118528K, committed 86016K, used 69617K [0x0000000704a00000, 0x0000000800000000)
  region size 2048K, 22 young (45056K), 2 survivors (4096K)
 Metaspace       used 68774K, committed 69312K, reserved 1114112K
  class space    used 7265K, committed 7488K, reserved 1048576K
}
Event: 4.922 GC heap after
{Heap after GC invocations=12 (full 0):
 garbage-first heap   total reserved 4118528K, committed 86016K, used 30786K [0x0000000704a00000, 0x0000000800000000)
  region size 2048K, 3 young (6144K), 3 survivors (6144K)
 Metaspace       used 68774K, committed 69312K, reserved 1114112K
  class space    used 7265K, committed 7488K, reserved 1048576K
}
Event: 5.686 GC heap before
{Heap before GC invocations=12 (full 0):
 garbage-first heap   total reserved 4118528K, committed 86016K, used 71746K [0x0000000704a00000, 0x0000000800000000)
  region size 2048K, 23 young (47104K), 3 survivors (6144K)
 Metaspace       used 74016K, committed 74624K, reserved 1179648K
  class space    used 7823K, committed 8128K, reserved 1048576K
}
Event: 5.691 GC heap after
{Heap after GC invocations=13 (full 0):
 garbage-first heap   total reserved 4118528K, committed 86016K, used 33767K [0x0000000704a00000, 0x0000000800000000)
  region size 2048K, 3 young (6144K), 3 survivors (6144K)
 Metaspace       used 74016K, committed 74624K, reserved 1179648K
  class space    used 7823K, committed 8128K, reserved 1048576K
}
Event: 6.289 GC heap before
{Heap before GC invocations=13 (full 0):
 garbage-first heap   total reserved 4118528K, committed 86016K, used 70631K [0x0000000704a00000, 0x0000000800000000)
  region size 2048K, 22 young (45056K), 3 survivors (6144K)
 Metaspace       used 83788K, committed 84352K, reserved 1179648K
  class space    used 9289K, committed 9536K, reserved 1048576K
}
Event: 6.295 GC heap after
{Heap after GC invocations=14 (full 0):
 garbage-first heap   total reserved 4118528K, committed 86016K, used 36862K [0x0000000704a00000, 0x0000000800000000)
  region size 2048K, 2 young (4096K), 2 survivors (4096K)
 Metaspace       used 83788K, committed 84352K, reserved 1179648K
  class space    used 9289K, committed 9536K, reserved 1048576K
}
Event: 6.543 GC heap before
{Heap before GC invocations=14 (full 0):
 garbage-first heap   total reserved 4118528K, committed 86016K, used 71678K [0x0000000704a00000, 0x0000000800000000)
  region size 2048K, 20 young (40960K), 2 survivors (4096K)
 Metaspace       used 85170K, committed 85760K, reserved 1179648K
  class space    used 9428K, committed 9664K, reserved 1048576K
}
Event: 6.546 GC heap after
{Heap after GC invocations=15 (full 0):
 garbage-first heap   total reserved 4118528K, committed 86016K, used 37554K [0x0000000704a00000, 0x0000000800000000)
  region size 2048K, 1 young (2048K), 1 survivors (2048K)
 Metaspace       used 85170K, committed 85760K, reserved 1179648K
  class space    used 9428K, committed 9664K, reserved 1048576K
}
Event: 231.158 GC heap before
{Heap before GC invocations=16 (full 0):
 garbage-first heap   total reserved 4118528K, committed 86016K, used 74418K [0x0000000704a00000, 0x0000000800000000)
  region size 2048K, 19 young (38912K), 1 survivors (2048K)
 Metaspace       used 86890K, committed 87616K, reserved 1179648K
  class space    used 9483K, committed 9792K, reserved 1048576K
}
Event: 231.159 GC heap after
{Heap after GC invocations=17 (full 0):
 garbage-first heap   total reserved 4118528K, committed 86016K, used 37516K [0x0000000704a00000, 0x0000000800000000)
  region size 2048K, 1 young (2048K), 1 survivors (2048K)
 Metaspace       used 86890K, committed 87616K, reserved 1179648K
  class space    used 9483K, committed 9792K, reserved 1048576K
}
Event: 395.942 GC heap before
{Heap before GC invocations=17 (full 0):
 garbage-first heap   total reserved 4118528K, committed 86016K, used 76428K [0x0000000704a00000, 0x0000000800000000)
  region size 2048K, 20 young (40960K), 1 survivors (2048K)
 Metaspace       used 88024K, committed 88768K, reserved 1179648K
  class space    used 9487K, committed 9792K, reserved 1048576K
}
Event: 395.945 GC heap after
{Heap after GC invocations=18 (full 0):
 garbage-first heap   total reserved 4118528K, committed 86016K, used 36727K [0x0000000704a00000, 0x0000000800000000)
  region size 2048K, 1 young (2048K), 1 survivors (2048K)
 Metaspace       used 88024K, committed 88768K, reserved 1179648K
  class space    used 9487K, committed 9792K, reserved 1048576K
}

Dll operation events (12 events):
Event: 0.007 Loaded shared library C:\Program Files\Java\jdk-24\bin\java.dll
Event: 0.029 Loaded shared library C:\Program Files\Java\jdk-24\bin\jsvml.dll
Event: 0.121 Loaded shared library C:\Program Files\Java\jdk-24\bin\zip.dll
Event: 0.122 Loaded shared library C:\Program Files\Java\jdk-24\bin\instrument.dll
Event: 0.125 Loaded shared library C:\Program Files\Java\jdk-24\bin\net.dll
Event: 0.126 Loaded shared library C:\Program Files\Java\jdk-24\bin\nio.dll
Event: 0.128 Loaded shared library C:\Program Files\Java\jdk-24\bin\zip.dll
Event: 0.243 Loaded shared library C:\Program Files\Java\jdk-24\bin\extnet.dll
Event: 0.259 Loaded shared library C:\Program Files\Java\jdk-24\bin\jimage.dll
Event: 1.016 Loaded shared library C:\Program Files\Java\jdk-24\bin\sunmscapi.dll
Event: 2.060 Loaded shared library C:\Program Files\Java\jdk-24\bin\management.dll
Event: 2.061 Loaded shared library C:\Program Files\Java\jdk-24\bin\management_ext.dll

Deoptimization events (20 events):
Event: 395.938 Thread 0x000001cddc107aa0 Uncommon trap: trap_request=0xffffffd6 fr.pc=0x000001cd880ef9d4 relative=0x0000000000003694
Event: 395.938 Thread 0x000001cddc107aa0 Uncommon trap: reason=array_check action=maybe_recompile pc=0x000001cd880ef9d4 method=com.zaxxer.hikari.util.FastList.add(Ljava/lang/Object;)Z @ 28 c2
Event: 395.938 Thread 0x000001cddc107aa0 DEOPT PACKING pc=0x000001cd880ef9d4 sp=0x00000056939fb5f0
Event: 395.938 Thread 0x000001cddc107aa0 DEOPT UNPACKING pc=0x000001cd87578602 sp=0x00000056939fb0e8 mode 2
Event: 395.939 Thread 0x000001cddc107aa0 Uncommon trap: trap_request=0xffffffd6 fr.pc=0x000001cd880ef9d4 relative=0x0000000000003694
Event: 395.939 Thread 0x000001cddc107aa0 Uncommon trap: reason=array_check action=maybe_recompile pc=0x000001cd880ef9d4 method=com.zaxxer.hikari.util.FastList.add(Ljava/lang/Object;)Z @ 28 c2
Event: 395.939 Thread 0x000001cddc107aa0 DEOPT PACKING pc=0x000001cd880ef9d4 sp=0x00000056939fc080
Event: 395.939 Thread 0x000001cddc107aa0 DEOPT UNPACKING pc=0x000001cd87578602 sp=0x00000056939fbb78 mode 2
Event: 395.940 Thread 0x000001cddc10bc70 Uncommon trap: trap_request=0xffffffd6 fr.pc=0x000001cd880ef9d4 relative=0x0000000000003694
Event: 395.940 Thread 0x000001cddc10bc70 Uncommon trap: reason=array_check action=maybe_recompile pc=0x000001cd880ef9d4 method=com.zaxxer.hikari.util.FastList.add(Ljava/lang/Object;)Z @ 28 c2
Event: 395.940 Thread 0x000001cddc10bc70 DEOPT PACKING pc=0x000001cd880ef9d4 sp=0x0000005694ffb4f0
Event: 395.940 Thread 0x000001cddc10bc70 DEOPT UNPACKING pc=0x000001cd87578602 sp=0x0000005694ffafe8 mode 2
Event: 395.941 Thread 0x000001cddc10bc70 Uncommon trap: trap_request=0xffffffd6 fr.pc=0x000001cd880ef9d4 relative=0x0000000000003694
Event: 395.941 Thread 0x000001cddc1097e0 Uncommon trap: trap_request=0xffffffd6 fr.pc=0x000001cd880ef9d4 relative=0x0000000000003694
Event: 395.941 Thread 0x000001cddc10bc70 Uncommon trap: reason=array_check action=maybe_recompile pc=0x000001cd880ef9d4 method=com.zaxxer.hikari.util.FastList.add(Ljava/lang/Object;)Z @ 28 c2
Event: 395.941 Thread 0x000001cddc1097e0 Uncommon trap: reason=array_check action=maybe_recompile pc=0x000001cd880ef9d4 method=com.zaxxer.hikari.util.FastList.add(Ljava/lang/Object;)Z @ 28 c2
Event: 395.941 Thread 0x000001cddc10bc70 DEOPT PACKING pc=0x000001cd880ef9d4 sp=0x0000005694ffb300
Event: 395.941 Thread 0x000001cddc1097e0 DEOPT PACKING pc=0x000001cd880ef9d4 sp=0x0000005694bfb600
Event: 395.941 Thread 0x000001cddc10bc70 DEOPT UNPACKING pc=0x000001cd87578602 sp=0x0000005694ffadf8 mode 2
Event: 395.941 Thread 0x000001cddc1097e0 DEOPT UNPACKING pc=0x000001cd87578602 sp=0x0000005694bfb0f8 mode 2

Classes loaded (20 events):
Event: 6.081 Loading class java/io/InvalidClassException
Event: 6.081 Loading class java/io/InvalidClassException done
Event: 6.095 Loading class java/util/OptionalInt
Event: 6.095 Loading class java/util/OptionalInt done
Event: 6.095 Loading class java/util/OptionalLong
Event: 6.095 Loading class java/util/OptionalLong done
Event: 6.095 Loading class java/util/OptionalDouble
Event: 6.095 Loading class java/util/OptionalDouble done
Event: 6.098 Loading class java/util/stream/DoubleStream
Event: 6.099 Loading class java/util/stream/DoubleStream done
Event: 6.099 Loading class java/util/stream/LongStream
Event: 6.099 Loading class java/util/stream/LongStream done
Event: 6.129 Loading class org/w3c/dom/Node
Event: 6.129 Loading class org/w3c/dom/Node done
Event: 6.129 Loading class org/w3c/dom/Document
Event: 6.129 Loading class org/w3c/dom/Document done
Event: 6.172 Loading class sun/nio/cs/ISO_8859_1$Encoder
Event: 6.172 Loading class sun/nio/cs/ISO_8859_1$Encoder done
Event: 6.456 Loading class java/util/regex/Pattern$Behind
Event: 6.457 Loading class java/util/regex/Pattern$Behind done

Classes unloaded (0 events):
No events

Classes redefined (0 events):
No events

Internal exceptions (20 events):
Event: 5.775 Thread 0x000001cddc107aa0 Exception <a 'java/lang/NoSuchMethodError'{0x0000000711ee0968}: 'java.lang.Object java.lang.invoke.DelegatingMethodHandle$Holder.reinvoke_L(java.lang.Object, java.lang.Object, java.lang.Object, java.lang.Object, java.lang.Object, long)'> (0x0000000711ee0968) 
thrown [s\open\src\hotspot\share\interpreter\linkResolver.cpp, line 805]
Event: 5.775 Thread 0x000001cddc107aa0 Exception <a 'java/lang/NoSuchMethodError'{0x0000000711ef0c68}: 'java.lang.Object java.lang.invoke.Invokers$Holder.linkToTargetMethod(java.lang.Object, java.lang.Object, java.lang.Object, long, java.lang.Object)'> (0x0000000711ef0c68) 
thrown [s\open\src\hotspot\share\interpreter\linkResolver.cpp, line 805]
Event: 5.878 Thread 0x000001cddc107aa0 Exception <a 'java/lang/IncompatibleClassChangeError'{0x0000000711add340}: Found class java.lang.Object, but interface was expected> (0x0000000711add340) 
thrown [s\open\src\hotspot\share\interpreter\linkResolver.cpp, line 872]
Event: 5.951 Thread 0x000001cddc107aa0 Exception <a 'java/lang/NoSuchMethodError'{0x0000000711691450}: 'java.lang.Object java.lang.invoke.DirectMethodHandle$Holder.invokeInterface(java.lang.Object, java.lang.Object, java.lang.Object, java.lang.Object)'> (0x0000000711691450) 
thrown [s\open\src\hotspot\share\interpreter\linkResolver.cpp, line 805]
Event: 5.957 Thread 0x000001cddc107aa0 Exception <a 'java/lang/NoSuchMethodError'{0x000000071170d3b8}: 'java.lang.Object java.lang.invoke.DirectMethodHandle$Holder.invokeStatic(java.lang.Object, java.lang.Object, java.lang.Object, java.lang.Object, java.lang.Object, java.lang.Object, java.lang.Object, java.lang.Object, java.lang.Object, java.lang.Object, java.lang.Object)'> (0x000000071170d3b8) 
thrown [s\open\src\hotspot\share\interpreter\linkResolver.cpp, line 805]
Event: 5.958 Thread 0x000001cddc107aa0 Exception <a 'java/lang/IncompatibleClassChangeError'{0x000000071172c7f0}: Found class java.lang.Object, but interface was expected> (0x000000071172c7f0) 
thrown [s\open\src\hotspot\share\interpreter\linkResolver.cpp, line 872]
Event: 5.984 Thread 0x000001cddc107aa0 Exception <a 'java/lang/NoSuchMethodError'{0x0000000710eca3a0}: 'java.lang.Object java.lang.invoke.DirectMethodHandle$Holder.newInvokeSpecial(java.lang.Object, java.lang.Object, int, int)'> (0x0000000710eca3a0) 
thrown [s\open\src\hotspot\share\interpreter\linkResolver.cpp, line 805]
Event: 6.026 Thread 0x000001cddc1097e0 Exception <a 'java/lang/NoSuchMethodError'{0x0000000710dfd7d8}: 'double java.lang.invoke.DirectMethodHandle$Holder.invokeStatic(java.lang.Object, double)'> (0x0000000710dfd7d8) 
thrown [s\open\src\hotspot\share\interpreter\linkResolver.cpp, line 805]
Event: 6.026 Thread 0x000001cddc1097e0 Exception <a 'java/lang/NoSuchMethodError'{0x0000000708472c10}: 'double java.lang.invoke.DirectMethodHandle$Holder.invokeStaticInit(java.lang.Object, double)'> (0x0000000708472c10) 
thrown [s\open\src\hotspot\share\interpreter\linkResolver.cpp, line 805]
Event: 6.055 Thread 0x000001cddc107aa0 Exception <a 'java/lang/IncompatibleClassChangeError'{0x00000007082b8200}: Found class java.lang.Object, but interface was expected> (0x00000007082b8200) 
thrown [s\open\src\hotspot\share\interpreter\linkResolver.cpp, line 872]
Event: 6.058 Thread 0x000001cddc107aa0 Exception <a 'java/lang/NoSuchMethodError'{0x00000007083dedc0}: 'void java.lang.invoke.DirectMethodHandle$Holder.invokeSpecialIFC(java.lang.Object, java.lang.Object, int, java.lang.Object, java.lang.Object, java.lang.Object, java.lang.Object)'> (0x00000007083dedc0) 
thrown [s\open\src\hotspot\share\interpreter\linkResolver.cpp, line 805]
Event: 6.069 Thread 0x000001cddc109090 Exception <a 'java/lang/IncompatibleClassChangeError'{0x00000007080722c8}: Found class java.lang.Object, but interface was expected> (0x00000007080722c8) 
thrown [s\open\src\hotspot\share\interpreter\linkResolver.cpp, line 872]
Event: 6.074 Thread 0x000001cddc107aa0 Exception <a 'java/lang/NoSuchMethodError'{0x0000000708101f50}: 'void java.lang.invoke.Invokers$Holder.invokeExact_MT(java.lang.Object, java.lang.Object, int, java.lang.Object)'> (0x0000000708101f50) 
thrown [s\open\src\hotspot\share\interpreter\linkResolver.cpp, line 805]
Event: 6.075 Thread 0x000001cddc107aa0 Exception <a 'java/lang/NoSuchMethodError'{0x00000007081abce8}: 'double java.lang.invoke.DelegatingMethodHandle$Holder.reinvoke_L(java.lang.Object, java.lang.Object)'> (0x00000007081abce8) 
thrown [s\open\src\hotspot\share\interpreter\linkResolver.cpp, line 805]
Event: 6.075 Thread 0x000001cddc107aa0 Exception <a 'java/lang/NoSuchMethodError'{0x00000007081c46f8}: 'void java.lang.invoke.DelegatingMethodHandle$Holder.reinvoke_L(java.lang.Object, java.lang.Object, double)'> (0x00000007081c46f8) 
thrown [s\open\src\hotspot\share\interpreter\linkResolver.cpp, line 805]
Event: 6.170 Thread 0x000001cddc107aa0 Exception <a 'java/lang/NoSuchMethodError'{0x0000000707982280}: 'double java.lang.invoke.DirectMethodHandle$Holder.invokeVirtual(java.lang.Object, java.lang.Object)'> (0x0000000707982280) 
thrown [s\open\src\hotspot\share\interpreter\linkResolver.cpp, line 805]
Event: 6.171 Thread 0x000001cddc109090 Exception <a 'java/lang/NoSuchMethodError'{0x000000070794fc68}: 'long java.lang.invoke.DelegatingMethodHandle$Holder.reinvoke_L(java.lang.Object, java.lang.Object)'> (0x000000070794fc68) 
thrown [s\open\src\hotspot\share\interpreter\linkResolver.cpp, line 805]
Event: 6.467 Thread 0x000001cddc109090 Exception <a 'java/lang/NoSuchMethodError'{0x0000000707b86040}: 'void java.lang.invoke.DirectMethodHandle$Holder.invokeStatic(java.lang.Object, java.lang.Object, int, int, java.lang.Object)'> (0x0000000707b86040) 
thrown [s\open\src\hotspot\share\interpreter\linkResolver.cpp, line 805]
Event: 6.467 Thread 0x000001cddc1097e0 Exception <a 'java/lang/NoSuchMethodError'{0x0000000707b46ad0}: 'void java.lang.invoke.DirectMethodHandle$Holder.invokeStatic(java.lang.Object, java.lang.Object, int, int, java.lang.Object)'> (0x0000000707b46ad0) 
thrown [s\open\src\hotspot\share\interpreter\linkResolver.cpp, line 805]
Event: 6.467 Thread 0x000001cddc10add0 Exception <a 'java/lang/NoSuchMethodError'{0x0000000707b9d598}: 'void java.lang.invoke.DirectMethodHandle$Holder.invokeStatic(java.lang.Object, java.lang.Object, int, int, java.lang.Object)'> (0x0000000707b9d598) 
thrown [s\open\src\hotspot\share\interpreter\linkResolver.cpp, line 805]

VM Operations (20 events):
Event: 60.070 Executing VM operation: HandshakeAllThreads (HandshakeForDeflation)
Event: 60.070 Executing VM operation: HandshakeAllThreads (HandshakeForDeflation) done
Event: 60.070 Executing VM operation: RendezvousGCThreads
Event: 60.070 Executing VM operation: RendezvousGCThreads done
Event: 120.102 Executing VM operation: HandshakeAllThreads (HandshakeForDeflation)
Event: 120.102 Executing VM operation: HandshakeAllThreads (HandshakeForDeflation) done
Event: 120.102 Executing VM operation: RendezvousGCThreads
Event: 120.102 Executing VM operation: RendezvousGCThreads done
Event: 231.158 Executing VM operation: G1CollectForAllocation (G1 Evacuation Pause)
Event: 231.159 Executing VM operation: G1CollectForAllocation (G1 Evacuation Pause) done
Event: 240.352 Executing VM operation: HandshakeAllThreads (HandshakeForDeflation)
Event: 240.352 Executing VM operation: HandshakeAllThreads (HandshakeForDeflation) done
Event: 240.352 Executing VM operation: RendezvousGCThreads
Event: 240.352 Executing VM operation: RendezvousGCThreads done
Event: 300.357 Executing VM operation: HandshakeAllThreads (HandshakeForDeflation)
Event: 300.357 Executing VM operation: HandshakeAllThreads (HandshakeForDeflation) done
Event: 300.357 Executing VM operation: RendezvousGCThreads
Event: 300.357 Executing VM operation: RendezvousGCThreads done
Event: 395.942 Executing VM operation: G1CollectForAllocation (G1 Evacuation Pause)
Event: 395.945 Executing VM operation: G1CollectForAllocation (G1 Evacuation Pause) done

Memory protections (0 events):
No events

Nmethod flushes (20 events):
Event: 6.567 Thread 0x000001cdfee3c7e0 flushing  nmethod 0x000001cd801ac788
Event: 6.567 Thread 0x000001cdfee3c7e0 flushing  nmethod 0x000001cd801d9388
Event: 6.567 Thread 0x000001cdfee3c7e0 flushing  nmethod 0x000001cd801f8a88
Event: 6.567 Thread 0x000001cdfee3c7e0 flushing  nmethod 0x000001cd802f7f88
Event: 6.567 Thread 0x000001cdfee3c7e0 flushing  nmethod 0x000001cd802fa688
Event: 6.567 Thread 0x000001cdfee3c7e0 flushing  nmethod 0x000001cd802fac88
Event: 6.567 Thread 0x000001cdfee3c7e0 flushing  nmethod 0x000001cd80399a88
Event: 6.567 Thread 0x000001cdfee3c7e0 flushing  nmethod 0x000001cd803b1688
Event: 6.567 Thread 0x000001cdfee3c7e0 flushing  nmethod 0x000001cd8041a788
Event: 6.567 Thread 0x000001cdfee3c7e0 flushing  nmethod 0x000001cd8041d488
Event: 6.567 Thread 0x000001cdfee3c7e0 flushing  nmethod 0x000001cd80420088
Event: 6.567 Thread 0x000001cdfee3c7e0 flushing  nmethod 0x000001cd80421788
Event: 6.567 Thread 0x000001cdfee3c7e0 flushing  nmethod 0x000001cd8045e188
Event: 6.567 Thread 0x000001cdfee3c7e0 flushing  nmethod 0x000001cd80469e08
Event: 6.567 Thread 0x000001cdfee3c7e0 flushing  nmethod 0x000001cd806ce808
Event: 6.567 Thread 0x000001cdfee3c7e0 flushing  nmethod 0x000001cd8088e388
Event: 6.567 Thread 0x000001cdfee3c7e0 flushing  nmethod 0x000001cd808ddb88
Event: 6.567 Thread 0x000001cdfee3c7e0 flushing  nmethod 0x000001cd808dde88
Event: 6.567 Thread 0x000001cdfee3c7e0 flushing  nmethod 0x000001cd8092d388
Event: 6.567 Thread 0x000001cdfee3c7e0 flushing  nmethod 0x000001cd8093e688

Events (20 events):
Event: 373.670 Thread 0x000001cdded04e80 Thread added: 0x000001cdded0a940
Event: 374.743 Thread 0x000001cddb967660 Thread exited: 0x000001cddb967660
Event: 377.699 Thread 0x000001cdded07be0 Thread exited: 0x000001cdded07be0
Event: 377.699 Thread 0x000001cdded0a940 Thread exited: 0x000001cdded0a940
Event: 377.705 Thread 0x000001cdda0060c0 Thread added: 0x000001cdded0a1b0
Event: 377.706 Thread 0x000001cdded04e80 Thread added: 0x000001cdded0a940
Event: 377.739 Thread 0x000001cdded04e80 Thread added: 0x000001cdded07be0
Event: 377.739 Thread 0x000001cddc109f30 Thread added: 0x000001cddb966070
Event: 377.740 Thread 0x000001cdded0a1b0 Thread added: 0x000001cdded0bff0
Event: 382.745 Thread 0x000001cddb966070 Thread exited: 0x000001cddb966070
Event: 382.824 Thread 0x000001cdded0bff0 Thread exited: 0x000001cdded0bff0
Event: 382.824 Thread 0x000001cdded0a1b0 Thread exited: 0x000001cdded0a1b0
Event: 382.824 Thread 0x000001cdded0a940 Thread exited: 0x000001cdded0a940
Event: 382.824 Thread 0x000001cdded07be0 Thread exited: 0x000001cdded07be0
Event: 387.833 Thread 0x000001cdded04e80 Thread exited: 0x000001cdded04e80
Event: 395.936 Thread 0x000001cdda0093d0 Thread added: 0x000001cdded04e80
Event: 395.936 Thread 0x000001cdda0093d0 Thread added: 0x000001cdded0a1b0
Event: 395.936 Thread 0x000001cdded0a1b0 Thread added: 0x000001cdded0a940
Event: 395.948 Thread 0x000001cdded0a1b0 Thread added: 0x000001cdded07be0
Event: 395.954 Thread 0x000001cdded0a1b0 Thread added: 0x000001cddd55a440


Dynamic libraries:
0x00007ff67cf20000 - 0x00007ff67cf30000 	C:\Program Files\Java\jdk-24\bin\java.exe
0x00007ffe16460000 - 0x00007ffe166c7000 	C:\WINDOWS\SYSTEM32\ntdll.dll
0x00007ffe151f0000 - 0x00007ffe152b9000 	C:\WINDOWS\System32\KERNEL32.DLL
0x00007ffe13b10000 - 0x00007ffe13eff000 	C:\WINDOWS\System32\KERNELBASE.dll
0x00007ffe13f10000 - 0x00007ffe1405b000 	C:\WINDOWS\System32\ucrtbase.dll
0x00007ffdfecb0000 - 0x00007ffdfecc6000 	C:\Program Files\Java\jdk-24\bin\jli.dll
0x00007ffdfec90000 - 0x00007ffdfecab000 	C:\Program Files\Java\jdk-24\bin\VCRUNTIME140.dll
0x00007ffe152c0000 - 0x00007ffe15485000 	C:\WINDOWS\System32\USER32.dll
0x00007ffe14060000 - 0x00007ffe14087000 	C:\WINDOWS\System32\win32u.dll
0x00007ffdf8ed0000 - 0x00007ffdf9163000 	C:\WINDOWS\WinSxS\amd64_microsoft.windows.common-controls_6595b64144ccf1df_6.0.26100.7309_none_3e05feeae336a044\COMCTL32.dll
0x00007ffe161e0000 - 0x00007ffe1620b000 	C:\WINDOWS\System32\GDI32.dll
0x00007ffe16210000 - 0x00007ffe162b9000 	C:\WINDOWS\System32\msvcrt.dll
0x00007ffe139e0000 - 0x00007ffe13b0c000 	C:\WINDOWS\System32\gdi32full.dll
0x00007ffe136f0000 - 0x00007ffe13793000 	C:\WINDOWS\System32\msvcp_win.dll
0x00007ffe15c90000 - 0x00007ffe15cc1000 	C:\WINDOWS\System32\IMM32.DLL
0x00007ffdfec80000 - 0x00007ffdfec8c000 	C:\Program Files\Java\jdk-24\bin\vcruntime140_1.dll
0x00007ffdd28b0000 - 0x00007ffdd293e000 	C:\Program Files\Java\jdk-24\bin\msvcp140.dll
0x00007ffd54a10000 - 0x00007ffd557b2000 	C:\Program Files\Java\jdk-24\bin\server\jvm.dll
0x00007ffe14c00000 - 0x00007ffe14cb4000 	C:\WINDOWS\System32\ADVAPI32.dll
0x00007ffe16130000 - 0x00007ffe161d6000 	C:\WINDOWS\System32\sechost.dll
0x00007ffe14520000 - 0x00007ffe14638000 	C:\WINDOWS\System32\RPCRT4.dll
0x00007ffe142c0000 - 0x00007ffe14334000 	C:\WINDOWS\System32\WS2_32.dll
0x00007ffe13410000 - 0x00007ffe1346e000 	C:\WINDOWS\SYSTEM32\POWRPROF.dll
0x00007ffdfe670000 - 0x00007ffdfe6a5000 	C:\WINDOWS\SYSTEM32\WINMM.dll
0x00007ffe0a010000 - 0x00007ffe0a01b000 	C:\WINDOWS\SYSTEM32\VERSION.dll
0x00007ffe133f0000 - 0x00007ffe13404000 	C:\WINDOWS\SYSTEM32\UMPDC.dll
0x00007ffe12330000 - 0x00007ffe1234b000 	C:\WINDOWS\SYSTEM32\kernel.appcore.dll
0x00007ffdfec70000 - 0x00007ffdfec7a000 	C:\Program Files\Java\jdk-24\bin\jimage.dll
0x00007ffe10c70000 - 0x00007ffe10eb2000 	C:\WINDOWS\SYSTEM32\DBGHELP.DLL
0x00007ffe15cd0000 - 0x00007ffe16056000 	C:\WINDOWS\System32\combase.dll
0x00007ffe14b20000 - 0x00007ffe14bf6000 	C:\WINDOWS\System32\OLEAUT32.dll
0x00007ffdf4710000 - 0x00007ffdf474c000 	C:\WINDOWS\SYSTEM32\dbgcore.DLL
0x00007ffe135b0000 - 0x00007ffe13655000 	C:\WINDOWS\System32\bcryptPrimitives.dll
0x00007ffdfe8a0000 - 0x00007ffdfe8af000 	C:\Program Files\Java\jdk-24\bin\instrument.dll
0x00007ffdfe8d0000 - 0x00007ffdfe8ee000 	C:\Program Files\Java\jdk-24\bin\java.dll
0x00007ffe14910000 - 0x00007ffe14aa7000 	C:\WINDOWS\System32\ole32.dll
0x00007ffe154b0000 - 0x00007ffe15c03000 	C:\WINDOWS\System32\SHELL32.dll
0x00007ffe14090000 - 0x00007ffe141fa000 	C:\WINDOWS\System32\wintypes.dll
0x00007ffe11190000 - 0x00007ffe119ee000 	C:\WINDOWS\SYSTEM32\windows.storage.dll
0x00007ffe16320000 - 0x00007ffe16415000 	C:\WINDOWS\System32\SHCORE.dll
0x00007ffe14ab0000 - 0x00007ffe14b16000 	C:\WINDOWS\System32\shlwapi.dll
0x00007ffe134d0000 - 0x00007ffe134f9000 	C:\WINDOWS\SYSTEM32\profapi.dll
0x00007ffd6e9e0000 - 0x00007ffd6eab7000 	C:\Program Files\Java\jdk-24\bin\jsvml.dll
0x00007ffde15b0000 - 0x00007ffde15c7000 	C:\Program Files\Java\jdk-24\bin\zip.dll
0x00007ffdfe890000 - 0x00007ffdfe8a0000 	C:\Program Files\Java\jdk-24\bin\net.dll
0x00007ffe128d0000 - 0x00007ffe1293b000 	C:\WINDOWS\system32\mswsock.dll
0x00007ffde2410000 - 0x00007ffde2426000 	C:\Program Files\Java\jdk-24\bin\nio.dll
0x00007ffde65b0000 - 0x00007ffde65b9000 	C:\Program Files\Java\jdk-24\bin\extnet.dll
0x00007ffdf5e90000 - 0x00007ffdf5e9e000 	C:\Program Files\Java\jdk-24\bin\sunmscapi.dll
0x00007ffe13860000 - 0x00007ffe139d7000 	C:\WINDOWS\System32\CRYPT32.dll
0x00007ffe12db0000 - 0x00007ffe12de0000 	C:\WINDOWS\SYSTEM32\ncrypt.dll
0x00007ffe12d60000 - 0x00007ffe12d9f000 	C:\WINDOWS\SYSTEM32\NTASN1.dll
0x00007ffe12b90000 - 0x00007ffe12bab000 	C:\WINDOWS\SYSTEM32\CRYPTSP.dll
0x00007ffe12290000 - 0x00007ffe122ca000 	C:\WINDOWS\system32\rsaenh.dll
0x00007ffe12980000 - 0x00007ffe129ab000 	C:\WINDOWS\SYSTEM32\USERENV.dll
0x00007ffe134a0000 - 0x00007ffe134ca000 	C:\WINDOWS\SYSTEM32\bcrypt.dll
0x00007ffe12bb0000 - 0x00007ffe12bbc000 	C:\WINDOWS\SYSTEM32\CRYPTBASE.dll
0x00007ffe11d10000 - 0x00007ffe11d44000 	C:\WINDOWS\SYSTEM32\IPHLPAPI.DLL
0x00007ffe15150000 - 0x00007ffe1515a000 	C:\WINDOWS\System32\NSI.dll
0x00007ffde2400000 - 0x00007ffde240a000 	C:\Program Files\Java\jdk-24\bin\management.dll
0x00007ffde16e0000 - 0x00007ffde16eb000 	C:\Program Files\Java\jdk-24\bin\management_ext.dll
0x00007ffe14900000 - 0x00007ffe14908000 	C:\WINDOWS\System32\PSAPI.DLL
0x00007ffe11da0000 - 0x00007ffe11ecc000 	C:\WINDOWS\SYSTEM32\DNSAPI.dll
0x00007ffe01f50000 - 0x00007ffe01f5b000 	C:\Windows\System32\rasadhlp.dll
0x00007ffe02b60000 - 0x00007ffe02be6000 	C:\WINDOWS\System32\fwpuclnt.dll
0x00007ffdc9760000 - 0x00007ffdc9768000 	C:\WINDOWS\system32\wshunix.dll

JVMTI agents:
C:\Program Files\JetBrains\IntelliJ IDEA Community Edition 2025.1.3\lib\idea_rt.jar path:C:\Program Files\Java\jdk-24\bin\instrument.dll, loaded, initialized, instrumentlib options:54433

dbghelp: loaded successfully - version: 4.0.5 - missing functions: none
symbol engine: initialized successfully - sym options: 0x614 - pdb path: .;C:\Program Files\Java\jdk-24\bin;C:\WINDOWS\SYSTEM32;C:\WINDOWS\WinSxS\amd64_microsoft.windows.common-controls_6595b64144ccf1df_6.0.26100.7309_none_3e05feeae336a044;C:\Program Files\Java\jdk-24\bin\server

VM Arguments:
jvm_args: -javaagent:C:\Program Files\JetBrains\IntelliJ IDEA Community Edition 2025.1.3\lib\idea_rt.jar=54433 -Dfile.encoding=UTF-8 -Dsun.stdout.encoding=UTF-8 -Dsun.stderr.encoding=UTF-8 
java_command: e_commerce.api.e_commerce.ECommerceApplication
java_class_path (initial): C:\Users\M.S.I\Documents\E-commerce-API\e-commerce\target\classes;C:\Users\M.S.I\.m2\repository\org\springframework\boot\spring-boot-starter-webmvc\4.0.0\spring-boot-starter-webmvc-4.0.0.jar;C:\Users\M.S.I\.m2\repository\org\springframework\boot\spring-boot-starter\4.0.0\spring-boot-starter-4.0.0.jar;C:\Users\M.S.I\.m2\repository\org\springframework\boot\spring-boot-starter-logging\4.0.0\spring-boot-starter-logging-4.0.0.jar;C:\Users\M.S.I\.m2\repository\ch\qos\logback\logback-classic\1.5.21\logback-classic-1.5.21.jar;C:\Users\M.S.I\.m2\repository\ch\qos\logback\logback-core\1.5.21\logback-core-1.5.21.jar;C:\Users\M.S.I\.m2\repository\org\apache\logging\log4j\log4j-to-slf4j\2.25.2\log4j-to-slf4j-2.25.2.jar;C:\Users\M.S.I\.m2\repository\org\apache\logging\log4j\log4j-api\2.25.2\log4j-api-2.25.2.jar;C:\Users\M.S.I\.m2\repository\org\slf4j\jul-to-slf4j\2.0.17\jul-to-slf4j-2.0.17.jar;C:\Users\M.S.I\.m2\repository\org\springframework\boot\spring-boot-autoconfigure\4.0.0\spring-boot-autoconfigure-4.0.0.jar;C:\Users\M.S.I\.m2\repository\jakarta\annotation\jakarta.annotation-api\3.0.0\jakarta.annotation-api-3.0.0.jar;C:\Users\M.S.I\.m2\repository\org\yaml\snakeyaml\2.5\snakeyaml-2.5.jar;C:\Users\M.S.I\.m2\repository\org\springframework\boot\spring-boot-starter-jackson\4.0.0\spring-boot-starter-jackson-4.0.0.jar;C:\Users\M.S.I\.m2\repository\org\springframework\boot\spring-boot-jackson\4.0.0\spring-boot-jackson-4.0.0.jar;C:\Users\M.S.I\.m2\repository\tools\jackson\core\jackson-databind\3.0.2\jackson-databind-3.0.2.jar;C:\Users\M.S.I\.m2\repository\tools\jackson\core\jackson-core\3.0.2\jackson-core-3.0.2.jar;C:\Users\M.S.I\.m2\repository\org\springframework\boot\spring-boot-starter-tomcat\4.0.0\spring-boot-starter-tomcat-4.0.0.jar;C:\Users\M.S.I\.m2\repository\org\springframework\boot\spring-boot-starter-tomcat-runtime\4.0.0\spring-boot-starter-tomcat-runtime-4.0.0.jar;C:\Users\M.S.I\.m2\repository\org\apache\tomcat\embed\tomcat-embed-core\11.0.14\tomcat-embed-core-11.0.14.jar;C:\Users\M.S.I\.m2\repository\org\apache\tomcat\embed\tomcat-embed-el\11.0.14\tomcat-embed-el-11.0.14.jar;C:\Users\M.S.I\.m2\repository\org\apache\tomcat\embed\tomcat-embed-websocket\11.0.14\tomcat-embed-websocket-11.0.14.jar;C:\Users\M.S.I\.m2\repository\org\springframework\boot\spring-boot-tomcat\4.0.0\spring-boot-tomcat-4.0.0.jar;C:\Users\M.S.I\.m2\repository\org\springframework\boot\spring-boot-http-converter\4.0.0\spring-boot-http-converter-4.0.0.jar;C:\Users\M.S.I\.m2\repository\org\springframework\boot\spring-boot\4.0.0\spring-boot-4.0.0.jar;C:\Users\M.S.I\.m2\repository\org\springframework\spring-context\7.0.1\spring-context-7.0.1.jar;C:\Users\M.S.I\.m2\repository\org\springframework\spring-web\7.0.1\spring-web-7.0.1.jar;C:\Users\M.S.I\.m2\repository\org\springframework\spring-beans\7.0.1\spring-beans-7.0.1.jar;C:\Users\M.S.I\.m2\repository\io\micrometer\micrometer-observation\1.16.0\micrometer-observation-1.16.0.jar;C:\Users\M.S.I\.m2\repository\io\micrometer\micrometer-commons\1.16.0\micrometer-commons-1.16.0.jar;C:\Users\M.S.I\.m2\repository\org\springframework\boot\spring-boot-webmvc\4.0.0\spring-boot-webmvc-4.0.0.jar;C:\Users\M.S.I\.m2\repository\org\springframework\boot\spring-boot-servlet\4.0.0\spring-boot-servlet-4.0.0.jar;C:\Users\M.S.I\.m2\repository\org\springframework\spring-webmvc\7.0.1\spring-webmvc-7.0.1.jar;C:\Users\M.S.I\.m2\repository\org\springframework\spring-aop\7.0.1\spring-aop-7.0.1.jar;C:\Users\M.S.I\.m2\repository\org\springframework\spring-expression\7.0.1\spring-expression-7.0.1.jar;C:\Users\M.S.I\.m2\repository\org\slf4j\slf4j-api\2.0.17\slf4j-api-2.0.17.jar;C:\Users\M.S.I\.m2\repository\jakarta\xml\bind\jakarta.xml.bind-api\4.0.4\jakarta.xml.bind-api-4.0.4.jar;C:\Users\M.S.I\.m2\repository\jakarta\activation\jakarta.activation-api\2.1.4\jakarta.activation-api-2.1.4.jar;C:\Users\M.S.I\.m2\repository\net\bytebuddy\byte-buddy\1.17.8\byte-buddy-1.17.8.jar;C:\Users\M.S.I\.m2\repository\org\springframework\spring-core\7.0.1\spring-core-7.0.1.jar;C:\Users\M.S.I\.m2\repository\commons-logging\commons-logging\1.3.5\commons-logging-1.3.5.jar;C:\Users\M.S.I\.m2\repository\org\jspecify\jspecify\1.0.0\jspecify-1.0.0.jar;C:\Users\M.S.I\.m2\repository\org\springframework\boot\spring-boot-web-server\4.0.0\spring-boot-web-server-4.0.0.jar;C:\Users\M.S.I\.m2\repository\org\springframework\boot\spring-boot-starter-web\4.0.0\spring-boot-starter-web-4.0.0.jar;C:\Users\M.S.I\.m2\repository\org\springframework\boot\spring-boot-starter-data-jpa\4.0.0\spring-boot-starter-data-jpa-4.0.0.jar;C:\Users\M.S.I\.m2\repository\org\springframework\boot\spring-boot-starter-jdbc\4.0.0\spring-boot-starter-jdbc-4.0.0.jar;C:\Users\M.S.I\.m2\repository\com\zaxxer\HikariCP\7.0.2\HikariCP-7.0.2.jar;C:\Users\M.S.I\.m2\repository\org\springframework\boot\spring-boot-data-jpa\4.0.0\spring-boot-data-jpa-4.0.0.jar;C:\Users\M.S.I\.m2\repository\org\springframework\boot\spring-boot-data-commons\4.0.0\spring-boot-data-commons-4.0.0.jar;C:\Users\M.S.I\.m2\repository\org\springframework\boot\spring-boot-persistence\4.0.0\spring-boot-persistence-4.0.0.jar;C:\Users\M.S.I\.m2\repository\org\springframework\data\spring-data-commons\4.0.0\spring-data-commons-4.0.0.jar;C:\Users\M.S.I\.m2\repository\org\springframework\boot\spring-boot-hibernate\4.0.0\spring-boot-hibernate-4.0.0.jar;C:\Users\M.S.I\.m2\repository\org\springframework\boot\spring-boot-jpa\4.0.0\spring-boot-jpa-4.0.0.jar;C:\Users\M.S.I\.m2\repository\jakarta\persistence\jakarta.persistence-api\3.2.0\jakarta.persistence-api-3.2.0.jar;C:\Users\M.S.I\.m2\repository\org\hibernate\orm\hibernate-core\7.1.8.Final\hibernate-core-7.1.8.Final.jar;C:\Users\M.S.I\.m2\repository\jakarta\transaction\jakarta.transaction-api\2.0.1\jakarta.transaction-api-2.0.1.jar;C:\Users\M.S.I\.m2\repository\org\jboss\logging\jboss-logging\3.6.1.Final\jboss-logging-3.6.1.Final.jar;C:\Users\M.S.I\.m2\repository\org\hibernate\models\hibernate-models\1.0.1\hibernate-models-1.0.1.jar;C:\Users\M.S.I\.m2\repository\com\fasterxml\classmate\1.7.1\classmate-1.7.1.jar;C:\Users\M.S.I\.m2\repository\org\glassfish\jaxb\jaxb-runtime\4.0.6\jaxb-runtime-4.0.6.jar;C:\Users\M.S.I\.m2\repository\org\glassfish\jaxb\jaxb-core\4.0.6\jaxb-core-4.0.6.jar;C:\Users\M.S.I\.m2\repository\org\eclipse\angus\angus-activation\2.0.3\angus-activation-2.0.3.jar;C:\Users\M.S.I\.m2\repository\org\glassfish\jaxb\txw2\4.0.6\txw2-4.0.6.jar;C:\Users\M.S.I\.m2\repository\com\sun\istack\istack-commons-runtime\4.1.2\istack-commons-runtime-4.1.2.jar;C:\Users\M.S.I\.m2\repository\jakarta\inject\jakarta.inject-api\2.0.1\jakarta.inject-api-2.0.1.jar;C:\Users\M.S.I\.m2\repository\org\springframework\spring-orm\7.0.1\spring-orm-7.0.1.jar;C:\Users\M.S.I\.m2\repository\org\springframework\data\spring-data-jpa\4.0.0\spring-data-jpa-4.0.0.jar;C:\Users\M.S.I\.m2\repository\org\springframework\spring-tx\7.0.1\spring-tx-7.0.1.jar;C:\Users\M.S.I\.m2\repository\org\antlr\antlr4-runtime\4.13.2\antlr4-runtime-4.13.2.jar;C:\Users\M.S.I\.m2\repository\org\springframework\spring-aspects\7.0.1\spring-aspects-7.0.1.jar;C:\Users\M.S.I\.m2\repository\org\aspectj\aspectjweaver\1.9.25\aspectjweaver-1.9.25.jar;C:\Users\M.S.I\.m2\repository\org\springframework\boot\spring-boot-jdbc\4.0.0\spring-boot-jdbc-4.0.0.jar;C:\Users\M.S.I\.m2\repository\org\springframework\boot\spring-boot-sql\4.0.0\spring-boot-sql-4.0.0.jar;C:\Users\M.S.I\.m2\repository\org\springframework\boot\spring-boot-transaction\4.0.0\spring-boot-transaction-4.0.0.jar;C:\Users\M.S.I\.m2\repository\org\springframework\spring-jdbc\7.0.1\spring-jdbc-7.0.1.jar;C:\Users\M.S.I\.m2\repository\com\mysql\mysql-connector-j\9.5.0\mysql-connector-j-9.5.0.jar;C:\Users\M.S.I\.m2\repository\org\flywaydb\flyway-core\11.14.1\flyway-core-11.14.1.jar;C:\Users\M.S.I\.m2\repository\com\fasterxml\jackson\core\jackson-databind\2.20.1\jackson-databind-2.20.1.jar;C:\Users\M.S.I\.m2\repository\com\fasterxml\jackson\core\jackson-annotations\2.20\jackson-annotations-2.20.jar;C:\Users\M.S.I\.m2\repository\com\fasterxml\jackson\core\jackson-core\2.20.1\jackson-core-2.20.1.jar
Launcher Type: SUN_STANDARD

[Global flags]
     intx CICompilerCount                          = 12                                        {product} {ergonomic}
     uint ConcGCThreads                            = 3                                         {product} {ergonomic}
     uint G1ConcRefinementThreads                  = 13                                        {product} {ergonomic}
   size_t G1HeapRegionSize                         = 2097152                                   {product} {ergonomic}
   size_t InitialHeapSize                          = 264241152                                 {product} {ergonomic}
   size_t MarkStackSize                            = 4194304                                   {product} {ergonomic}
   size_t MarkStackSizeMax                         = 536870912                                 {product} {ergonomic}
   size_t MaxHeapSize                              = 4217372672                                {product} {ergonomic}
   size_t MaxNewSize                               = 2529165312                                {product} {ergonomic}
   size_t MinHeapDeltaBytes                        = 2097152                                   {product} {ergonomic}
   size_t MinHeapSize                              = 8388608                                   {product} {ergonomic}
    uintx NonNMethodCodeHeapSize                   = 7602176                                {pd product} {ergonomic}
    uintx NonProfiledCodeHeapSize                  = 122093568                              {pd product} {ergonomic}
    uintx ProfiledCodeHeapSize                     = 121962496                              {pd product} {ergonomic}
    uintx ReservedCodeCacheSize                    = 251658240                              {pd product} {ergonomic}
     bool SegmentedCodeCache                       = true                                      {product} {ergonomic}
   size_t SoftMaxHeapSize                          = 4217372672                             {manageable} {ergonomic}
     bool UseCompressedOops                        = true                           {product lp64_product} {ergonomic}
     bool UseG1GC                                  = true                                      {product} {ergonomic}
     bool UseLargePagesIndividualAllocation        = false                                  {pd product} {ergonomic}

Logging:
Log output configuration:
 #0: stdout all=warning uptime,level,tags foldmultilines=false
 #1: stderr all=off uptime,level,tags foldmultilines=false

Environment Variables:
JAVA_HOME=C:\Program Files\Java\jdk-17
PATH=C:\Program Files\Git\usr\local\bin;C:\Program Files\Git\bin;C:\Program Files\Eclipse Adoptium\jdk-11.0.24.8-hotspot\bin;C:\Program Files\Eclipse Adoptium\jdk-17.0.15.6-hotspot\bin;C:\Program Files\Java\jdk-24\bin;C:\Program Files\apache-maven-3.9.9\bin;C:\Windows\System32;C:\Program Files\Java\jdk-24\bin;C:\Program Files\nodejs\;C:\Program Files\Git\cmd;C:\Users\M.S.I\AppData\Local\Programs\Python\Python311\Scripts\;C:\Users\M.S.I\AppData\Local\Programs\Python\Python311\;C:\Users\M.S.I\AppData\Local\Microsoft\WindowsApps;C:\Users\M.S.I\AppData\Local\JetBrains\Toolbox\scripts;C:\Program Files\JetBrains\IntelliJ IDEA Community Edition 2025.1.3\bin;;C:\Program Files\JetBrains\PyCharm Community Edition 2023.1.1\bin;;C:\Program Files\JetBrains\IntelliJ IDEA 2025.1.3\bin;;C:\Program Files\Azure Data Studio\bin;C:\Users\M.S.I\AppData\Local\Microsoft\WindowsApps;C:\Users\M.S.I\AppData\Local\Programs\Microsoft VS Code\bin;C:\Users\M.S.I\AppData\Roaming\npm
USERNAME=M.S.I
OS=Windows_NT
PROCESSOR_IDENTIFIER=Intel64 Family 6 Model 141 Stepping 1, GenuineIntel
TMP=C:\Users\MS1E84~1.I\AppData\Local\Temp
TEMP=C:\Users\MS1E84~1.I\AppData\Local\Temp




Periodic native trim disabled

---------------  S Y S T E M  ---------------

OS:
 Windows 11 , 64 bit Build 26100 (10.0.26100.7623)
OS uptime: 0 days 1:11 hours
Hyper-V role detected

CPU: total 16 (initial active 16) (8 cores per cpu, 2 threads per core) family 6 model 141 stepping 1 microcode 0x34, cx8, cmov, fxsr, ht, mmx, 3dnowpref, sse, sse2, sse3, ssse3, sse4.1, sse4.2, popcnt, lzcnt, tsc, tscinvbit, avx, avx2, aes, erms, clmul, bmi1, bmi2, adx, avx512f, avx512dq, avx512cd, avx512bw, avx512vl, sha, fma, vzeroupper, avx512_vpopcntdq, avx512_vpclmulqdq, avx512_vaes, avx512_vnni, clflush, clflushopt, clwb, avx512_vbmi2, avx512_vbmi, hv, rdtscp, rdpid, fsrm, gfni, avx512_bitalg, f16c, cet_ibt, cet_ss, avx512_ifma
Processor Information for the first 16 processors :
  Max Mhz: 2304, Current Mhz: 2304, Mhz Limit: 2304

Memory: 4k page, system-wide physical 16085M (3248M free)
TotalPageFile size 18133M (AvailPageFile size 3M)
current process WorkingSet (physical memory assigned to process): 311M, peak: 325M
current process commit charge ("private bytes"): 357M, peak: 415M

vm_info: Java HotSpot(TM) 64-Bit Server VM (24.0.1+9-30) for windows-amd64 JRE (24.0.1+9-30), built on 2025-03-05T07:23:45Z with MS VC++ 17.6 (VS2022)

END.
