#
# There is insufficient memory for the Java Runtime Environment to continue.
# Native memory allocation (malloc) failed to allocate 1070800 bytes. Error detail: Chunk::new
# Possible reasons:
#   The system is out of physical RAM or swap space
#   This process is running with CompressedOops enabled, and the Java Heap may be blocking the growth of the native heap
# Possible solutions:
#   Reduce memory load on the system
#   Increase physical memory or swap space
#   Check if swap backing store is full
#   Decrease Java heap size (-Xmx/-Xms)
#   Decrease number of Java threads
#   Decrease Java thread stack sizes (-Xss)
#   Set larger code cache with -XX:ReservedCodeCacheSize=
#   JVM is running with Zero Based Compressed Oops mode in which the Java heap is
#     placed in the first 32GB address space. The Java Heap base address is the
#     maximum limit for the native heap growth. Please use -XX:HeapBaseMinAddress
#     to set the Java Heap base and to place the Java Heap above 32GB virtual address.
# This output file may be truncated or incomplete.
#
#  Out of Memory Error (arena.cpp:162), pid=6420, tid=16888
#
# JRE version: Java(TM) SE Runtime Environment (24.0.1+9) (build 24.0.1+9-30)
# Java VM: Java HotSpot(TM) 64-Bit Server VM (24.0.1+9-30, mixed mode, sharing, tiered, compressed oops, compressed class ptrs, g1 gc, windows-amd64)
# No core dump will be written. Minidumps are not enabled by default on client versions of Windows
#

---------------  S U M M A R Y ------------

Command Line: -javaagent:C:\Program Files\JetBrains\IntelliJ IDEA Community Edition 2025.1.3\lib\idea_rt.jar=56039 -Dfile.encoding=UTF-8 -Dsun.stdout.encoding=UTF-8 -Dsun.stderr.encoding=UTF-8 e_commerce.api.e_commerce.ECommerceApplication

Host: 11th Gen Intel(R) Core(TM) i7-11800H @ 2.30GHz, 16 cores, 15G,  Windows 11 , 64 bit Build 26100 (10.0.26100.7623)
Time: Mon Feb  2 15:40:31 2026 West Bank Gaza Standard Time elapsed time: 2882.044215 seconds (0d 0h 48m 2s)

---------------  T H R E A D  ---------------

Current thread (0x0000020a4504e5d0):  JavaThread "C2 CompilerThread0" daemon [_thread_in_native, id=16888, stack(0x000000d4cab00000,0x000000d4cac00000) (1024K)]


Current CompileTask:
C2:2882044 14720       4       org.springframework.web.util.RfcUriParser$InternalParser::captureHost (37 bytes)

Stack: [0x000000d4cab00000,0x000000d4cac00000]
Native frames: (J=compiled Java code, j=interpreted, Vv=VM code, C=native code)
V  [jvm.dll+0x730739]  (no source info available)
V  [jvm.dll+0x8d9b23]  (no source info available)
V  [jvm.dll+0x8dc00d]  (no source info available)
V  [jvm.dll+0x8dc683]  (no source info available)
V  [jvm.dll+0x2aa086]  (no source info available)
V  [jvm.dll+0xcedef]  (no source info available)
V  [jvm.dll+0xcf04f]  (no source info available)
V  [jvm.dll+0x154d83]  (no source info available)
V  [jvm.dll+0x735f5f]  (no source info available)
V  [jvm.dll+0x26fa1c]  (no source info available)
V  [jvm.dll+0x26ea3f]  (no source info available)
V  [jvm.dll+0x1e9d60]  (no source info available)
V  [jvm.dll+0x27e1fb]  (no source info available)
V  [jvm.dll+0x27c49a]  (no source info available)
V  [jvm.dll+0x42f456]  (no source info available)
V  [jvm.dll+0x87d76b]  (no source info available)
V  [jvm.dll+0x72ee55]  (no source info available)
C  [ucrtbase.dll+0x37b0]  (no source info available)
C  [KERNEL32.DLL+0x2e8d7]  (no source info available)
C  [ntdll.dll+0x8c53c]  (no source info available)

Lock stack of current Java thread (top to bottom):


---------------  P R O C E S S  ---------------

Threads class SMR info:
_java_thread_list=0x0000020a479aae20, length=29, elements={
0x0000020a45030080, 0x0000020a450307c0, 0x0000020a450345f0, 0x0000020a45034e60,
0x0000020a4503c230, 0x0000020a4503ca60, 0x0000020a4504e5d0, 0x0000020a45052310,
0x0000020a452ccdc0, 0x0000020a4542bd30, 0x0000020a4542cc90, 0x0000020a46d91e70,
0x0000020a46d90880, 0x0000020a46d8f9e0, 0x0000020a46d92d10, 0x0000020a46d90130,
0x0000020a4b7e1830, 0x0000020a4b7e2e20, 0x0000020a4b7dfaf0, 0x0000020a4b7e4410,
0x0000020a4b7e3cc0, 0x0000020a4b7e3570, 0x0000020a4b7e4b60, 0x0000020a4b7e52b0,
0x0000020a4b7e5a00, 0x0000020a4b7e6150, 0x0000020a46d90fd0, 0x0000020a46d91720,
0x0000020a476a44f0
}

Java Threads: ( => current thread )
  0x0000020a45030080 JavaThread "Reference Handler"          daemon [_thread_blocked, id=16852, stack(0x000000d4ca500000,0x000000d4ca600000) (1024K)]
  0x0000020a450307c0 JavaThread "Finalizer"                  daemon [_thread_blocked, id=16860, stack(0x000000d4ca600000,0x000000d4ca700000) (1024K)]
  0x0000020a450345f0 JavaThread "Signal Dispatcher"          daemon [_thread_blocked, id=16812, stack(0x000000d4ca700000,0x000000d4ca800000) (1024K)]
  0x0000020a45034e60 JavaThread "Attach Listener"            daemon [_thread_blocked, id=16876, stack(0x000000d4ca800000,0x000000d4ca900000) (1024K)]
  0x0000020a4503c230 JavaThread "Service Thread"             daemon [_thread_blocked, id=16880, stack(0x000000d4ca900000,0x000000d4caa00000) (1024K)]
  0x0000020a4503ca60 JavaThread "Monitor Deflation Thread"   daemon [_thread_blocked, id=16884, stack(0x000000d4caa00000,0x000000d4cab00000) (1024K)]
=>0x0000020a4504e5d0 JavaThread "C2 CompilerThread0"         daemon [_thread_in_native, id=16888, stack(0x000000d4cab00000,0x000000d4cac00000) (1024K)]
  0x0000020a45052310 JavaThread "C1 CompilerThread0"         daemon [_thread_blocked, id=17372, stack(0x000000d4cac00000,0x000000d4cad00000) (1024K)]
  0x0000020a452ccdc0 JavaThread "Common-Cleaner"             daemon [_thread_blocked, id=13816, stack(0x000000d4cb000000,0x000000d4cb100000) (1024K)]
  0x0000020a4542bd30 JavaThread "Monitor Ctrl-Break"         daemon [_thread_in_native, id=16808, stack(0x000000d4cb100000,0x000000d4cb200000) (1024K)]
  0x0000020a4542cc90 JavaThread "Notification Thread"        daemon [_thread_blocked, id=24316, stack(0x000000d4cb200000,0x000000d4cb300000) (1024K)]
  0x0000020a46d91e70 JavaThread "Catalina-utility-1"                [_thread_blocked, id=24560, stack(0x000000d4cc500000,0x000000d4cc600000) (1024K)]
  0x0000020a46d90880 JavaThread "Catalina-utility-2"                [_thread_blocked, id=24564, stack(0x000000d4cc600000,0x000000d4cc700000) (1024K)]
  0x0000020a46d8f9e0 JavaThread "container-0"                       [_thread_blocked, id=23584, stack(0x000000d4cc700000,0x000000d4cc800000) (1024K)]
  0x0000020a46d92d10 JavaThread "mysql-cj-abandoned-connection-cleanup" daemon [_thread_blocked, id=23608, stack(0x000000d4cc800000,0x000000d4cc900000) (1024K)]
  0x0000020a46d90130 JavaThread "HikariPool-1:housekeeper"   daemon [_thread_blocked, id=24272, stack(0x000000d4cc400000,0x000000d4cc500000) (1024K)]
  0x0000020a4b7e1830 JavaThread "http-nio-8080-exec-1"       daemon [_thread_blocked, id=16772, stack(0x000000d4ccc00000,0x000000d4ccd00000) (1024K)]
  0x0000020a4b7e2e20 JavaThread "http-nio-8080-exec-2"       daemon [_thread_blocked, id=16768, stack(0x000000d4ccd00000,0x000000d4cce00000) (1024K)]
  0x0000020a4b7dfaf0 JavaThread "http-nio-8080-exec-3"       daemon [_thread_blocked, id=24484, stack(0x000000d4cce00000,0x000000d4ccf00000) (1024K)]
  0x0000020a4b7e4410 JavaThread "http-nio-8080-exec-4"       daemon [_thread_blocked, id=17096, stack(0x000000d4ccf00000,0x000000d4cd000000) (1024K)]
  0x0000020a4b7e3cc0 JavaThread "http-nio-8080-exec-5"       daemon [_thread_blocked, id=17104, stack(0x000000d4cd000000,0x000000d4cd100000) (1024K)]
  0x0000020a4b7e3570 JavaThread "http-nio-8080-exec-6"       daemon [_thread_blocked, id=17100, stack(0x000000d4cd100000,0x000000d4cd200000) (1024K)]
  0x0000020a4b7e4b60 JavaThread "http-nio-8080-exec-7"       daemon [_thread_blocked, id=17108, stack(0x000000d4cd200000,0x000000d4cd300000) (1024K)]
  0x0000020a4b7e52b0 JavaThread "http-nio-8080-exec-8"       daemon [_thread_blocked, id=24304, stack(0x000000d4cd300000,0x000000d4cd400000) (1024K)]
  0x0000020a4b7e5a00 JavaThread "http-nio-8080-exec-9"       daemon [_thread_blocked, id=24308, stack(0x000000d4cd400000,0x000000d4cd500000) (1024K)]
  0x0000020a4b7e6150 JavaThread "http-nio-8080-exec-10"      daemon [_thread_blocked, id=24212, stack(0x000000d4cd500000,0x000000d4cd600000) (1024K)]
  0x0000020a46d90fd0 JavaThread "http-nio-8080-Poller"       daemon [_thread_in_native, id=3320, stack(0x000000d4cd600000,0x000000d4cd700000) (1024K)]
  0x0000020a46d91720 JavaThread "http-nio-8080-Acceptor"     daemon [_thread_in_native, id=16824, stack(0x000000d4cd700000,0x000000d4cd800000) (1024K)]
  0x0000020a476a44f0 JavaThread "DestroyJavaVM"                     [_thread_blocked, id=12760, stack(0x000000d4c9d00000,0x000000d4c9e00000) (1024K)]
Total: 29

Other Threads:
  0x0000020a6f92c950 VMThread "VM Thread"                           [id=16848, stack(0x000000d4ca400000,0x000000d4ca500000) (1024K)]
  0x0000020a6f7ec810 WatcherThread "VM Periodic Task Thread"        [id=16844, stack(0x000000d4ca300000,0x000000d4ca400000) (1024K)]
  0x0000020a4e1426f0 WorkerThread "GC Thread#0"                     [id=12904, stack(0x000000d4c9e00000,0x000000d4c9f00000) (1024K)]
  0x0000020a460ac810 WorkerThread "GC Thread#1"                     [id=24380, stack(0x000000d4cb500000,0x000000d4cb600000) (1024K)]
  0x0000020a460acbc0 WorkerThread "GC Thread#2"                     [id=24384, stack(0x000000d4cb600000,0x000000d4cb700000) (1024K)]
  0x0000020a460acf70 WorkerThread "GC Thread#3"                     [id=24388, stack(0x000000d4cb700000,0x000000d4cb800000) (1024K)]
  0x0000020a46030640 WorkerThread "GC Thread#4"                     [id=24432, stack(0x000000d4cb800000,0x000000d4cb900000) (1024K)]
  0x0000020a46031000 WorkerThread "GC Thread#5"                     [id=24456, stack(0x000000d4cb900000,0x000000d4cba00000) (1024K)]
  0x0000020a476ffc30 WorkerThread "GC Thread#6"                     [id=24504, stack(0x000000d4cb300000,0x000000d4cb400000) (1024K)]
  0x0000020a476ff4d0 WorkerThread "GC Thread#7"                     [id=24508, stack(0x000000d4cbc00000,0x000000d4cbd00000) (1024K)]
  0x0000020a476fe9c0 WorkerThread "GC Thread#8"                     [id=24512, stack(0x000000d4cbd00000,0x000000d4cbe00000) (1024K)]
  0x0000020a476fed70 WorkerThread "GC Thread#9"                     [id=24516, stack(0x000000d4cbe00000,0x000000d4cbf00000) (1024K)]
  0x0000020a476fffe0 WorkerThread "GC Thread#10"                    [id=24520, stack(0x000000d4cbf00000,0x000000d4cc000000) (1024K)]
  0x0000020a47700390 WorkerThread "GC Thread#11"                    [id=24532, stack(0x000000d4cc000000,0x000000d4cc100000) (1024K)]
  0x0000020a476ff120 WorkerThread "GC Thread#12"                    [id=24460, stack(0x000000d4cc100000,0x000000d4cc200000) (1024K)]
  0x0000020a4e157360 ConcurrentGCThread "G1 Main Marker"            [id=12832, stack(0x000000d4c9f00000,0x000000d4ca000000) (1024K)]
  0x0000020a4e159a10 WorkerThread "G1 Conc#0"                       [id=24424, stack(0x000000d4ca000000,0x000000d4ca100000) (1024K)]
  0x0000020a476ff880 WorkerThread "G1 Conc#1"                       [id=24540, stack(0x000000d4cc200000,0x000000d4cc300000) (1024K)]
  0x0000020a47100070 WorkerThread "G1 Conc#2"                       [id=24544, stack(0x000000d4cc300000,0x000000d4cc400000) (1024K)]
  0x0000020a6f7dde40 ConcurrentGCThread "G1 Refine#0"               [id=24416, stack(0x000000d4ca100000,0x000000d4ca200000) (1024K)]
  0x0000020a6f7de280 ConcurrentGCThread "G1 Service"                [id=11156, stack(0x000000d4ca200000,0x000000d4ca300000) (1024K)]
Total: 21

Threads with active compile tasks:
C2 CompilerThread0  2882092 14720       4       org.springframework.web.util.RfcUriParser$InternalParser::captureHost (37 bytes)
Total: 1

VM state: not at safepoint (normal execution)

VM Mutex/Monitor currently owned by a thread: None

Heap address: 0x0000000704a00000, size: 4022 MB, Compressed Oops mode: Zero based, Oop shift amount: 3

CDS archive(s) mapped at: [0x0000020a00000000-0x0000020a00d40000-0x0000020a00d40000), size 13893632, SharedBaseAddress: 0x0000020a00000000, ArchiveRelocationMode: 1.
Compressed class space mapped at: 0x0000020a01000000-0x0000020a41000000, reserved size: 1073741824
UseCompressedClassPointers 1, UseCompactObjectHeaders 0
Narrow klass pointer bits 32, Max shift 3
Narrow klass base: 0x0000020a00000000, Narrow klass shift: 0
Encoding Range: [0x0000020a00000000 - 0x0000020b00000000), (4294967296 bytes)
Klass Range:    [0x0000020a00000000 - 0x0000020a41000000), (1090519040 bytes)
Klass ID Range:  [8 - 1090519033) (1090519025)

GC Precious Log:
 CardTable entry size: 512
 Card Set container configuration: InlinePtr #cards 4 size 8 Array Of Cards #cards 16 size 48 Howl #buckets 8 coarsen threshold 3686 Howl Bitmap #cards 512 size 80 coarsen threshold 460 Card regions per heap region 1 cards per card region 4096
 CPUs: 16 total, 16 available
 Memory: 16085M
 Large Page Support: Disabled
 NUMA Support: Disabled
 Compressed Oops: Enabled (Zero based)
 Heap Region Size: 2M
 Heap Min Capacity: 8M
 Heap Initial Capacity: 252M
 Heap Max Capacity: 4022M
 Pre-touch: Disabled
 Parallel Workers: 13
 Concurrent Workers: 3
 Concurrent Refinement Workers: 13
 Periodic GC: Disabled

Heap:
 garbage-first heap   total reserved 4118528K, committed 77824K, used 40258K [0x0000000704a00000, 0x0000000800000000)
  region size 2048K, 4 young (8192K), 1 survivors (2048K)
 Metaspace       used 88902K, committed 89600K, reserved 1179648K
  class space    used 9532K, committed 9856K, reserved 1048576K

Heap Regions: E=young(eden), S=young(survivor), O=old, HS=humongous(starts), HC=humongous(continues), CS=collection set, F=free, TAMS=top-at-mark-start, PB=parsable bottom
|   0|0x0000000704a00000, 0x0000000704c00000, 0x0000000704c00000|100%| O|  |TAMS 0x0000000704a00000| PB 0x0000000704a00000| Untracked |  0
|   1|0x0000000704c00000, 0x0000000704e00000, 0x0000000704e00000|100%| O|Cm|TAMS 0x0000000704c00000| PB 0x0000000704c00000| Complete |  0
|   2|0x0000000704e00000, 0x0000000705000000, 0x0000000705000000|100%| O|  |TAMS 0x0000000704e00000| PB 0x0000000704e00000| Untracked |  0
|   3|0x0000000705000000, 0x0000000705000000, 0x0000000705200000|  0%| F|  |TAMS 0x0000000705000000| PB 0x0000000705000000| Untracked |  0
|   4|0x0000000705200000, 0x00000007053cf430, 0x0000000705400000| 90%| O|  |TAMS 0x0000000705200000| PB 0x0000000705200000| Untracked |  0
|   5|0x0000000705400000, 0x0000000705600000, 0x0000000705600000|100%| O|  |TAMS 0x0000000705400000| PB 0x0000000705400000| Untracked |  0
|   6|0x0000000705600000, 0x0000000705800000, 0x0000000705800000|100%| O|  |TAMS 0x0000000705600000| PB 0x0000000705600000| Untracked |  0
|   7|0x0000000705800000, 0x0000000705a00000, 0x0000000705a00000|100%| O|  |TAMS 0x0000000705800000| PB 0x0000000705800000| Untracked |  0
|   8|0x0000000705a00000, 0x0000000705c00000, 0x0000000705c00000|100%| O|  |TAMS 0x0000000705a00000| PB 0x0000000705a00000| Untracked |  0
|   9|0x0000000705c00000, 0x0000000705e00000, 0x0000000705e00000|100%| O|  |TAMS 0x0000000705c00000| PB 0x0000000705c00000| Untracked |  0
|  10|0x0000000705e00000, 0x0000000706000000, 0x0000000706000000|100%| O|  |TAMS 0x0000000705e00000| PB 0x0000000705e00000| Untracked |  0
|  11|0x0000000706000000, 0x0000000706200000, 0x0000000706200000|100%| O|  |TAMS 0x0000000706000000| PB 0x0000000706000000| Untracked |  0
|  12|0x0000000706200000, 0x0000000706400000, 0x0000000706400000|100%| O|  |TAMS 0x0000000706200000| PB 0x0000000706200000| Untracked |  0
|  13|0x0000000706400000, 0x0000000706600000, 0x0000000706600000|100%| O|  |TAMS 0x0000000706400000| PB 0x0000000706400000| Untracked |  0
|  14|0x0000000706600000, 0x0000000706600000, 0x0000000706800000|  0%| F|  |TAMS 0x0000000706600000| PB 0x0000000706600000| Untracked |  0
|  15|0x0000000706800000, 0x0000000706a00000, 0x0000000706a00000|100%| O|  |TAMS 0x0000000706800000| PB 0x0000000706800000| Untracked |  0
|  16|0x0000000706a00000, 0x0000000706a00000, 0x0000000706c00000|  0%| F|  |TAMS 0x0000000706a00000| PB 0x0000000706a00000| Untracked |  0
|  17|0x0000000706c00000, 0x0000000706c00000, 0x0000000706e00000|  0%| F|  |TAMS 0x0000000706c00000| PB 0x0000000706c00000| Untracked |  0
|  18|0x0000000706e00000, 0x0000000706f814b8, 0x0000000707000000| 75%| S|CS|TAMS 0x0000000706e00000| PB 0x0000000706e00000| Complete |  0
|  19|0x0000000707000000, 0x0000000707000000, 0x0000000707200000|  0%| F|  |TAMS 0x0000000707000000| PB 0x0000000707000000| Untracked |  0
|  20|0x0000000707200000, 0x0000000707200000, 0x0000000707400000|  0%| F|  |TAMS 0x0000000707200000| PB 0x0000000707200000| Untracked |  0
|  21|0x0000000707400000, 0x0000000707400000, 0x0000000707600000|  0%| F|  |TAMS 0x0000000707400000| PB 0x0000000707400000| Untracked |  0
|  22|0x0000000707600000, 0x0000000707600000, 0x0000000707800000|  0%| F|  |TAMS 0x0000000707600000| PB 0x0000000707600000| Untracked |  0
|  23|0x0000000707800000, 0x0000000707800000, 0x0000000707a00000|  0%| F|  |TAMS 0x0000000707800000| PB 0x0000000707800000| Untracked |  0
|  24|0x0000000707a00000, 0x0000000707a00000, 0x0000000707c00000|  0%| F|  |TAMS 0x0000000707a00000| PB 0x0000000707a00000| Untracked |  0
|  25|0x0000000707c00000, 0x0000000707c00000, 0x0000000707e00000|  0%| F|  |TAMS 0x0000000707c00000| PB 0x0000000707c00000| Untracked |  0
|  26|0x0000000707e00000, 0x0000000707e00000, 0x0000000708000000|  0%| F|  |TAMS 0x0000000707e00000| PB 0x0000000707e00000| Untracked |  0
|  97|0x0000000710c00000, 0x0000000710c00000, 0x0000000710e00000|  0%| F|  |TAMS 0x0000000710c00000| PB 0x0000000710c00000| Untracked |  0
|  98|0x0000000710e00000, 0x0000000710e00000, 0x0000000711000000|  0%| F|  |TAMS 0x0000000710e00000| PB 0x0000000710e00000| Untracked |  0
| 102|0x0000000711600000, 0x0000000711600000, 0x0000000711800000|  0%| F|  |TAMS 0x0000000711600000| PB 0x0000000711600000| Untracked |  0
| 103|0x0000000711800000, 0x0000000711800000, 0x0000000711a00000|  0%| F|  |TAMS 0x0000000711800000| PB 0x0000000711800000| Untracked |  0
| 104|0x0000000711a00000, 0x0000000711a00000, 0x0000000711c00000|  0%| F|  |TAMS 0x0000000711a00000| PB 0x0000000711a00000| Untracked |  0
| 105|0x0000000711c00000, 0x0000000711daa758, 0x0000000711e00000| 83%| E|  |TAMS 0x0000000711c00000| PB 0x0000000711c00000| Complete |  0
| 125|0x0000000714400000, 0x0000000714600000, 0x0000000714600000|100%| E|CS|TAMS 0x0000000714400000| PB 0x0000000714400000| Complete |  0
|2007|0x00000007ff800000, 0x00000007ffa00000, 0x00000007ffa00000|100%| O|  |TAMS 0x00000007ff800000| PB 0x00000007ff800000| Untracked |  0
|2008|0x00000007ffa00000, 0x00000007ffc00000, 0x00000007ffc00000|100%| O|  |TAMS 0x00000007ffa00000| PB 0x00000007ffa00000| Untracked |  0
|2009|0x00000007ffc00000, 0x00000007ffe00000, 0x00000007ffe00000|100%| O|  |TAMS 0x00000007ffc00000| PB 0x00000007ffc00000| Untracked |  0
|2010|0x00000007ffe00000, 0x0000000800000000, 0x0000000800000000|100%| E|CS|TAMS 0x00000007ffe00000| PB 0x00000007ffe00000| Complete |  0

Card table byte_map: [0x0000020a68b70000,0x0000020a69350000] _byte_map_base: 0x0000020a6534b000

Marking Bits: (CMBitMap*) 0x0000020a4e142e00
 Bits: [0x0000020a69350000, 0x0000020a6d228000)

Polling page: 0x0000020a4e4c0000

Metaspace:

Usage:
  Non-class:     77.51 MB used.
      Class:      9.31 MB used.
       Both:     86.82 MB used.

Virtual space:
  Non-class space:      128.00 MB reserved,      77.88 MB ( 61%) committed,  2 nodes.
      Class space:        1.00 GB reserved,       9.62 MB ( <1%) committed,  1 nodes.
             Both:        1.12 GB reserved,      87.50 MB (  8%) committed. 

Chunk freelists:
   Non-Class:  2.03 MB
       Class:  6.24 MB
        Both:  8.27 MB

MaxMetaspaceSize: unlimited
CompressedClassSpaceSize: 1.00 GB
Initial GC threshold: 21.00 MB
Current GC threshold: 145.75 MB
CDS: on
 - commit_granule_bytes: 65536.
 - commit_granule_words: 8192.
 - virtual_space_node_default_size: 8388608.
 - enlarge_chunks_in_place: 1.
UseCompressedClassPointers 1, UseCompactObjectHeaders 0
Narrow klass pointer bits 32, Max shift 3
Narrow klass base: 0x0000020a00000000, Narrow klass shift: 0
Encoding Range: [0x0000020a00000000 - 0x0000020b00000000), (4294967296 bytes)
Klass Range:    [0x0000020a00000000 - 0x0000020a41000000), (1090519040 bytes)
Klass ID Range:  [8 - 1090519033) (1090519025)


Internal statistics:

num_allocs_failed_limit: 13.
num_arena_births: 1054.
num_arena_deaths: 24.
num_vsnodes_births: 3.
num_vsnodes_deaths: 0.
num_space_committed: 1400.
num_space_uncommitted: 0.
num_chunks_returned_to_freelist: 49.
num_chunks_taken_from_freelist: 4254.
num_chunk_merges: 18.
num_chunk_splits: 3066.
num_chunks_enlarged: 2432.
num_inconsistent_stats: 0.

CodeHeap 'non-profiled nmethods': size=119232Kb used=5477Kb max_used=7232Kb free=113754Kb
 bounds [0x0000020a5ff70000, 0x0000020a60690000, 0x0000020a673e0000]
CodeHeap 'profiled nmethods': size=119104Kb used=10313Kb max_used=21027Kb free=108790Kb
 bounds [0x0000020a583e0000, 0x0000020a59870000, 0x0000020a5f830000]
CodeHeap 'non-nmethods': size=7424Kb used=1822Kb max_used=3639Kb free=5601Kb
 bounds [0x0000020a5f830000, 0x0000020a5fbe0000, 0x0000020a5ff70000]
CodeCache: size=245760Kb, used=17612Kb, max_used=31898Kb, free=228145Kb
 total_blobs=6955, nmethods=6173, adapters=682, full_count=0
Compilation: enabled, stopped_count=0, restarted_count=0

Compilation events (20 events):
Event: 2836.748 Thread 0x0000020a4504e5d0 nmethod 14710 0x0000020a601ea108 code [0x0000020a601ea240, 0x0000020a601ea458]
Event: 2836.748 Thread 0x0000020a4504e5d0 14712       4       org.springframework.http.MediaType::isMoreSpecific (53 bytes)
Event: 2836.755 Thread 0x0000020a4504e5d0 nmethod 14712 0x0000020a5ff95708 code [0x0000020a5ff95880, 0x0000020a5ff96208]
Event: 2836.755 Thread 0x0000020a4504e5d0 14711       4       sun.nio.ch.SelectionKeyImpl::interestOps (50 bytes)
Event: 2836.757 Thread 0x0000020a4504e5d0 nmethod 14711 0x0000020a60019688 code [0x0000020a600197e0, 0x0000020a60019dc8]
Event: 2836.764 Thread 0x0000020a4504e5d0 14713       4       java.lang.reflect.Proxy::getProxyConstructor (63 bytes)
Event: 2836.785 Thread 0x0000020a4504e5d0 nmethod 14713 0x0000020a6043ed88 code [0x0000020a6043f060, 0x0000020a604401e8]
Event: 2836.785 Thread 0x0000020a4504e5d0 14715       4       java.util.LinkedHashMap::keysToArray (80 bytes)
Event: 2836.788 Thread 0x0000020a4504e5d0 nmethod 14715 0x0000020a60477c08 code [0x0000020a60477d20, 0x0000020a60478518]
Event: 2836.788 Thread 0x0000020a4504e5d0 14714       4       java.util.concurrent.atomic.LongAdder::add (96 bytes)
Event: 2836.790 Thread 0x0000020a4504e5d0 nmethod 14714 0x0000020a60000f88 code [0x0000020a600010a0, 0x0000020a60001248]
Event: 2877.813 Thread 0x0000020a4504e5d0 14717   !   4       org.apache.coyote.http11.Http11OutputBuffer$SocketOutputBuffer::doWrite (88 bytes)
Event: 2877.816 Thread 0x0000020a4504e5d0 nmethod 14717 0x0000020a600e3a08 code [0x0000020a600e3b40, 0x0000020a600e3e18]
Event: 2880.842 Thread 0x0000020a45052310 14718       3       java.text.SimpleDateFormat::format (175 bytes)
Event: 2880.843 Thread 0x0000020a45052310 nmethod 14718 0x0000020a584f7008 code [0x0000020a584f71c0, 0x0000020a584f7c10]
Event: 2880.845 Thread 0x0000020a4504e5d0 14719       4       tools.jackson.core.json.UTF8JsonGenerator::writeNull (13 bytes)
Event: 2880.850 Thread 0x0000020a4504e5d0 nmethod 14719 0x0000020a60103088 code [0x0000020a601031a0, 0x0000020a601034a8]
Event: 2881.020 Thread 0x0000020a4504e5d0 14720       4       org.springframework.web.util.RfcUriParser$InternalParser::captureHost (37 bytes)
Event: 2882.027 Thread 0x0000020a45052310 14722       1       java.util.TimeZone::getID (5 bytes)
Event: 2882.027 Thread 0x0000020a45052310 nmethod 14722 0x0000020a5ffbbd88 code [0x0000020a5ffbbe80, 0x0000020a5ffbbf48]

GC Heap History (20 events):
Event: 1008.073 GC heap before
{Heap before GC invocations=20 (full 0):
 garbage-first heap   total reserved 4118528K, committed 77824K, used 67352K [0x0000000704a00000, 0x0000000800000000)
  region size 2048K, 16 young (32768K), 1 survivors (2048K)
 Metaspace       used 88619K, committed 89344K, reserved 1179648K
  class space    used 9525K, committed 9856K, reserved 1048576K
}
Event: 1008.075 GC heap after
{Heap after GC invocations=21 (full 0):
 garbage-first heap   total reserved 4118528K, committed 77824K, used 36591K [0x0000000704a00000, 0x0000000800000000)
  region size 2048K, 1 young (2048K), 1 survivors (2048K)
 Metaspace       used 88619K, committed 89344K, reserved 1179648K
  class space    used 9525K, committed 9856K, reserved 1048576K
}
Event: 1132.476 GC heap before
{Heap before GC invocations=21 (full 0):
 garbage-first heap   total reserved 4118528K, committed 77824K, used 67311K [0x0000000704a00000, 0x0000000800000000)
  region size 2048K, 16 young (32768K), 1 survivors (2048K)
 Metaspace       used 88657K, committed 89344K, reserved 1179648K
  class space    used 9525K, committed 9856K, reserved 1048576K
}
Event: 1132.478 GC heap after
{Heap after GC invocations=22 (full 0):
 garbage-first heap   total reserved 4118528K, committed 77824K, used 36187K [0x0000000704a00000, 0x0000000800000000)
  region size 2048K, 1 young (2048K), 1 survivors (2048K)
 Metaspace       used 88657K, committed 89344K, reserved 1179648K
  class space    used 9525K, committed 9856K, reserved 1048576K
}
Event: 1150.040 GC heap before
{Heap before GC invocations=22 (full 0):
 garbage-first heap   total reserved 4118528K, committed 77824K, used 66907K [0x0000000704a00000, 0x0000000800000000)
  region size 2048K, 16 young (32768K), 1 survivors (2048K)
 Metaspace       used 88686K, committed 89344K, reserved 1179648K
  class space    used 9525K, committed 9856K, reserved 1048576K
}
Event: 1150.042 GC heap after
{Heap after GC invocations=23 (full 0):
 garbage-first heap   total reserved 4118528K, committed 77824K, used 36219K [0x0000000704a00000, 0x0000000800000000)
  region size 2048K, 1 young (2048K), 1 survivors (2048K)
 Metaspace       used 88686K, committed 89344K, reserved 1179648K
  class space    used 9525K, committed 9856K, reserved 1048576K
}
Event: 1363.249 GC heap before
{Heap before GC invocations=24 (full 0):
 garbage-first heap   total reserved 4118528K, committed 77824K, used 64891K [0x0000000704a00000, 0x0000000800000000)
  region size 2048K, 16 young (32768K), 1 survivors (2048K)
 Metaspace       used 88690K, committed 89344K, reserved 1179648K
  class space    used 9525K, committed 9856K, reserved 1048576K
}
Event: 1363.255 GC heap after
{Heap after GC invocations=25 (full 0):
 garbage-first heap   total reserved 4118528K, committed 77824K, used 36180K [0x0000000704a00000, 0x0000000800000000)
  region size 2048K, 1 young (2048K), 1 survivors (2048K)
 Metaspace       used 88690K, committed 89344K, reserved 1179648K
  class space    used 9525K, committed 9856K, reserved 1048576K
}
Event: 1572.410 GC heap before
{Heap before GC invocations=25 (full 0):
 garbage-first heap   total reserved 4118528K, committed 77824K, used 66900K [0x0000000704a00000, 0x0000000800000000)
  region size 2048K, 16 young (32768K), 1 survivors (2048K)
 Metaspace       used 88769K, committed 89472K, reserved 1179648K
  class space    used 9530K, committed 9856K, reserved 1048576K
}
Event: 1572.413 GC heap after
{Heap after GC invocations=26 (full 0):
 garbage-first heap   total reserved 4118528K, committed 77824K, used 36148K [0x0000000704a00000, 0x0000000800000000)
  region size 2048K, 1 young (2048K), 1 survivors (2048K)
 Metaspace       used 88769K, committed 89472K, reserved 1179648K
  class space    used 9530K, committed 9856K, reserved 1048576K
}
Event: 1612.422 GC heap before
{Heap before GC invocations=26 (full 0):
 garbage-first heap   total reserved 4118528K, committed 77824K, used 66868K [0x0000000704a00000, 0x0000000800000000)
  region size 2048K, 16 young (32768K), 1 survivors (2048K)
 Metaspace       used 88775K, committed 89472K, reserved 1179648K
  class space    used 9530K, committed 9856K, reserved 1048576K
}
Event: 1612.424 GC heap after
{Heap after GC invocations=27 (full 0):
 garbage-first heap   total reserved 4118528K, committed 77824K, used 36238K [0x0000000704a00000, 0x0000000800000000)
  region size 2048K, 1 young (2048K), 1 survivors (2048K)
 Metaspace       used 88775K, committed 89472K, reserved 1179648K
  class space    used 9530K, committed 9856K, reserved 1048576K
}
Event: 1782.739 GC heap before
{Heap before GC invocations=28 (full 0):
 garbage-first heap   total reserved 4118528K, committed 77824K, used 66958K [0x0000000704a00000, 0x0000000800000000)
  region size 2048K, 16 young (32768K), 1 survivors (2048K)
 Metaspace       used 88812K, committed 89536K, reserved 1179648K
  class space    used 9532K, committed 9856K, reserved 1048576K
}
Event: 1782.740 GC heap after
{Heap after GC invocations=29 (full 0):
 garbage-first heap   total reserved 4118528K, committed 77824K, used 36562K [0x0000000704a00000, 0x0000000800000000)
  region size 2048K, 1 young (2048K), 1 survivors (2048K)
 Metaspace       used 88812K, committed 89536K, reserved 1179648K
  class space    used 9532K, committed 9856K, reserved 1048576K
}
Event: 1962.943 GC heap before
{Heap before GC invocations=29 (full 0):
 garbage-first heap   total reserved 4118528K, committed 77824K, used 67282K [0x0000000704a00000, 0x0000000800000000)
  region size 2048K, 16 young (32768K), 1 survivors (2048K)
 Metaspace       used 88812K, committed 89536K, reserved 1179648K
  class space    used 9532K, committed 9856K, reserved 1048576K
}
Event: 1962.945 GC heap after
{Heap after GC invocations=30 (full 0):
 garbage-first heap   total reserved 4118528K, committed 77824K, used 36214K [0x0000000704a00000, 0x0000000800000000)
  region size 2048K, 1 young (2048K), 1 survivors (2048K)
 Metaspace       used 88812K, committed 89536K, reserved 1179648K
  class space    used 9532K, committed 9856K, reserved 1048576K
}
Event: 2109.489 GC heap before
{Heap before GC invocations=30 (full 0):
 garbage-first heap   total reserved 4118528K, committed 77824K, used 68982K [0x0000000704a00000, 0x0000000800000000)
  region size 2048K, 17 young (34816K), 1 survivors (2048K)
 Metaspace       used 88823K, committed 89536K, reserved 1179648K
  class space    used 9532K, committed 9856K, reserved 1048576K
}
Event: 2109.491 GC heap after
{Heap after GC invocations=31 (full 0):
 garbage-first heap   total reserved 4118528K, committed 77824K, used 36141K [0x0000000704a00000, 0x0000000800000000)
  region size 2048K, 1 young (2048K), 1 survivors (2048K)
 Metaspace       used 88823K, committed 89536K, reserved 1179648K
  class space    used 9532K, committed 9856K, reserved 1048576K
}
Event: 2836.768 GC heap before
{Heap before GC invocations=32 (full 0):
 garbage-first heap   total reserved 4118528K, committed 77824K, used 68909K [0x0000000704a00000, 0x0000000800000000)
  region size 2048K, 17 young (34816K), 1 survivors (2048K)
 Metaspace       used 88900K, committed 89600K, reserved 1179648K
  class space    used 9532K, committed 9856K, reserved 1048576K
}
Event: 2836.770 GC heap after
{Heap after GC invocations=33 (full 0):
 garbage-first heap   total reserved 4118528K, committed 77824K, used 36162K [0x0000000704a00000, 0x0000000800000000)
  region size 2048K, 1 young (2048K), 1 survivors (2048K)
 Metaspace       used 88900K, committed 89600K, reserved 1179648K
  class space    used 9532K, committed 9856K, reserved 1048576K
}

Dll operation events (12 events):
Event: 0.014 Loaded shared library C:\Program Files\Java\jdk-24\bin\java.dll
Event: 0.039 Loaded shared library C:\Program Files\Java\jdk-24\bin\jsvml.dll
Event: 0.108 Loaded shared library C:\Program Files\Java\jdk-24\bin\zip.dll
Event: 0.112 Loaded shared library C:\Program Files\Java\jdk-24\bin\instrument.dll
Event: 0.116 Loaded shared library C:\Program Files\Java\jdk-24\bin\net.dll
Event: 0.117 Loaded shared library C:\Program Files\Java\jdk-24\bin\nio.dll
Event: 0.120 Loaded shared library C:\Program Files\Java\jdk-24\bin\zip.dll
Event: 0.250 Loaded shared library C:\Program Files\Java\jdk-24\bin\extnet.dll
Event: 0.270 Loaded shared library C:\Program Files\Java\jdk-24\bin\jimage.dll
Event: 1.209 Loaded shared library C:\Program Files\Java\jdk-24\bin\sunmscapi.dll
Event: 2.379 Loaded shared library C:\Program Files\Java\jdk-24\bin\management.dll
Event: 2.380 Loaded shared library C:\Program Files\Java\jdk-24\bin\management_ext.dll

Deoptimization events (20 events):
Event: 2835.381 Thread 0x0000020a4b7e4410 DEOPT PACKING pc=0x0000020a59582a4d sp=0x000000d4ccffeca0
Event: 2835.381 Thread 0x0000020a4b7e4410 DEOPT UNPACKING pc=0x0000020a5f886642 sp=0x000000d4ccffe120 mode 0
Event: 2835.384 Thread 0x0000020a4b7e3570 Uncommon trap: trap_request=0xffffff4d fr.pc=0x0000020a605a3d7c relative=0x000000000000013c
Event: 2835.384 Thread 0x0000020a4b7e3570 Uncommon trap: reason=unstable_if action=reinterpret pc=0x0000020a605a3d7c method=org.hibernate.sql.results.graph.entity.internal.EntityInitializerImpl.skipInitialization(Lorg/hibernate/sql/results/graph/entity/internal/EntityInitializerImpl$EntityInitial
Event: 2835.384 Thread 0x0000020a4b7e3570 DEOPT PACKING pc=0x0000020a605a3d7c sp=0x000000d4cd1fc840
Event: 2835.384 Thread 0x0000020a4b7e3570 DEOPT UNPACKING pc=0x0000020a5f958a82 sp=0x000000d4cd1fc770 mode 2
Event: 2835.396 Thread 0x0000020a4b7e3cc0 Uncommon trap: trap_request=0xffffff4d fr.pc=0x0000020a60616fbc relative=0x000000000000025c
Event: 2835.396 Thread 0x0000020a4b7e3cc0 Uncommon trap: reason=unstable_if action=reinterpret pc=0x0000020a60616fbc method=tools.jackson.core.json.UTF8JsonGenerator.writeNumber(I)Ltools/jackson/core/JsonGenerator; @ 18 c2
Event: 2835.396 Thread 0x0000020a4b7e3cc0 DEOPT PACKING pc=0x0000020a60616fbc sp=0x000000d4cd0fbee0
Event: 2835.396 Thread 0x0000020a4b7e3cc0 DEOPT UNPACKING pc=0x0000020a5f958a82 sp=0x000000d4cd0fbe00 mode 2
Event: 2835.419 Thread 0x0000020a4b7dfaf0 Uncommon trap: trap_request=0xffffff4d fr.pc=0x0000020a606169e8 relative=0x0000000000000228
Event: 2835.419 Thread 0x0000020a4b7dfaf0 Uncommon trap: reason=unstable_if action=reinterpret pc=0x0000020a606169e8 method=tools.jackson.core.json.UTF8JsonGenerator.writeNumber(I)Ltools/jackson/core/JsonGenerator; @ 18 c2
Event: 2835.419 Thread 0x0000020a4b7dfaf0 DEOPT PACKING pc=0x0000020a606169e8 sp=0x000000d4ccefbeb0
Event: 2835.419 Thread 0x0000020a4b7dfaf0 DEOPT UNPACKING pc=0x0000020a5f958a82 sp=0x000000d4ccefbe58 mode 2
Event: 2835.430 Thread 0x0000020a4b7e2e20 DEOPT PACKING pc=0x0000020a59425a92 sp=0x000000d4ccdfe9a0
Event: 2835.430 Thread 0x0000020a4b7e2e20 DEOPT UNPACKING pc=0x0000020a5f886642 sp=0x000000d4ccdfde10 mode 0
Event: 2835.431 Thread 0x0000020a4b7e6150 Uncommon trap: trap_request=0xffffff4d fr.pc=0x0000020a60206c44 relative=0x00000000000000a4
Event: 2835.431 Thread 0x0000020a4b7e6150 Uncommon trap: reason=unstable_if action=reinterpret pc=0x0000020a60206c44 method=org.hibernate.sql.results.graph.entity.internal.EntityInitializerImpl.skipInitialization(Lorg/hibernate/sql/results/graph/entity/internal/EntityInitializerImpl$EntityInitial
Event: 2835.431 Thread 0x0000020a4b7e6150 DEOPT PACKING pc=0x0000020a60206c44 sp=0x000000d4cd5fc560
Event: 2835.431 Thread 0x0000020a4b7e6150 DEOPT UNPACKING pc=0x0000020a5f958a82 sp=0x000000d4cd5fc4e8 mode 2

Classes loaded (20 events):
Event: 55.882 Loading class java/util/stream/LongStream
Event: 55.884 Loading class java/util/stream/LongStream done
Event: 55.975 Loading class org/w3c/dom/Node
Event: 55.975 Loading class org/w3c/dom/Node done
Event: 55.975 Loading class org/w3c/dom/Document
Event: 55.976 Loading class org/w3c/dom/Document done
Event: 56.022 Loading class java/util/regex/Pattern$Behind
Event: 56.022 Loading class java/util/regex/Pattern$Behind done
Event: 56.052 Loading class sun/nio/cs/ISO_8859_1$Encoder
Event: 56.052 Loading class sun/nio/cs/ISO_8859_1$Encoder done
Event: 1363.260 Loading class sun/security/ssl/Alert
Event: 1363.270 Loading class sun/security/ssl/Alert done
Event: 1363.271 Loading class sun/security/ssl/Alert$AlertConsumer
Event: 1363.271 Loading class sun/security/ssl/Alert$AlertConsumer done
Event: 1363.272 Loading class sun/security/ssl/Alert$Level
Event: 1363.272 Loading class sun/security/ssl/Alert$Level done
Event: 1363.274 Loading class sun/net/ConnectionResetException
Event: 1363.274 Loading class sun/net/ConnectionResetException done
Event: 1451.665 Loading class sun/util/locale/LocaleExtensions
Event: 1451.673 Loading class sun/util/locale/LocaleExtensions done

Classes unloaded (12 events):
Event: 961.369 Thread 0x0000020a6f92c950 Unloading class 0x0000020a01958800 'java/lang/invoke/LambdaForm$DMH+0x0000020a01958800'
Event: 961.369 Thread 0x0000020a6f92c950 Unloading class 0x0000020a018f8800 'java/lang/invoke/LambdaForm$DMH+0x0000020a018f8800'
Event: 961.369 Thread 0x0000020a6f92c950 Unloading class 0x0000020a018f8400 'java/lang/invoke/LambdaForm$DMH+0x0000020a018f8400'
Event: 961.369 Thread 0x0000020a6f92c950 Unloading class 0x0000020a018f1c00 'java/lang/invoke/LambdaForm$MH+0x0000020a018f1c00'
Event: 961.369 Thread 0x0000020a6f92c950 Unloading class 0x0000020a018f1400 'java/lang/invoke/LambdaForm$DMH+0x0000020a018f1400'
Event: 961.369 Thread 0x0000020a6f92c950 Unloading class 0x0000020a018f1000 'java/lang/invoke/LambdaForm$DMH+0x0000020a018f1000'
Event: 961.369 Thread 0x0000020a6f92c950 Unloading class 0x0000020a018f0800 'java/lang/invoke/LambdaForm$DMH+0x0000020a018f0800'
Event: 961.369 Thread 0x0000020a6f92c950 Unloading class 0x0000020a018f0400 'java/lang/invoke/LambdaForm$DMH+0x0000020a018f0400'
Event: 961.369 Thread 0x0000020a6f92c950 Unloading class 0x0000020a018cc400 'java/lang/invoke/LambdaForm$DMH+0x0000020a018cc400'
Event: 961.369 Thread 0x0000020a6f92c950 Unloading class 0x0000020a018c0c00 'java/lang/invoke/LambdaForm$DMH+0x0000020a018c0c00'
Event: 961.369 Thread 0x0000020a6f92c950 Unloading class 0x0000020a018c0800 'java/lang/invoke/LambdaForm$DMH+0x0000020a018c0800'
Event: 961.369 Thread 0x0000020a6f92c950 Unloading class 0x0000020a018c0400 'java/lang/invoke/LambdaForm$DMH+0x0000020a018c0400'

Classes redefined (0 events):
No events

Internal exceptions (20 events):
Event: 55.836 Thread 0x0000020a4b7e1830 Exception <a 'java/lang/IncompatibleClassChangeError'{0x0000000710d501b8}: Found class java.lang.Object, but interface was expected> (0x0000000710d501b8) 
thrown [s\open\src\hotspot\share\interpreter\linkResolver.cpp, line 872]
Event: 55.847 Thread 0x0000020a4b7dfaf0 Exception <a 'java/lang/NoSuchMethodError'{0x0000000710de57a8}: 'void java.lang.invoke.Invokers$Holder.invokeExact_MT(java.lang.Object, java.lang.Object, int, java.lang.Object)'> (0x0000000710de57a8) 
thrown [s\open\src\hotspot\share\interpreter\linkResolver.cpp, line 805]
Event: 55.850 Thread 0x0000020a4b7dfaf0 Exception <a 'java/lang/NoSuchMethodError'{0x0000000707eaa210}: 'double java.lang.invoke.DelegatingMethodHandle$Holder.reinvoke_L(java.lang.Object, java.lang.Object)'> (0x0000000707eaa210) 
thrown [s\open\src\hotspot\share\interpreter\linkResolver.cpp, line 805]
Event: 55.851 Thread 0x0000020a4b7dfaf0 Exception <a 'java/lang/NoSuchMethodError'{0x0000000707f006c0}: 'void java.lang.invoke.DelegatingMethodHandle$Holder.reinvoke_L(java.lang.Object, java.lang.Object, double)'> (0x0000000707f006c0) 
thrown [s\open\src\hotspot\share\interpreter\linkResolver.cpp, line 805]
Event: 56.036 Thread 0x0000020a4b7e2e20 Exception <a 'java/lang/NoSuchMethodError'{0x0000000707391fd0}: 'void java.lang.invoke.DirectMethodHandle$Holder.invokeStatic(java.lang.Object, java.lang.Object, int, int, java.lang.Object)'> (0x0000000707391fd0) 
thrown [s\open\src\hotspot\share\interpreter\linkResolver.cpp, line 805]
Event: 56.043 Thread 0x0000020a4b7dfaf0 Exception <a 'java/lang/NoSuchMethodError'{0x00000007073f26e0}: 'double java.lang.invoke.DirectMethodHandle$Holder.invokeVirtual(java.lang.Object, java.lang.Object)'> (0x00000007073f26e0) 
thrown [s\open\src\hotspot\share\interpreter\linkResolver.cpp, line 805]
Event: 56.043 Thread 0x0000020a4b7e1830 Exception <a 'java/lang/NoSuchMethodError'{0x00000007073df318}: 'long java.lang.invoke.DelegatingMethodHandle$Holder.reinvoke_L(java.lang.Object, java.lang.Object)'> (0x00000007073df318) 
thrown [s\open\src\hotspot\share\interpreter\linkResolver.cpp, line 805]
Event: 339.382 Thread 0x0000020a4b7e4410 Exception <a 'java/io/IOException'{0x00000007076960f0}> (0x00000007076960f0) 
thrown [s\open\src\hotspot\share\prims\jni.cpp, line 518]
Event: 339.406 Thread 0x0000020a4b7e6150 Exception <a 'java/io/IOException'{0x00000007077b74d8}> (0x00000007077b74d8) 
thrown [s\open\src\hotspot\share\prims\jni.cpp, line 518]
Event: 339.414 Thread 0x0000020a4b7e6150 Exception <a 'java/io/IOException'{0x00000007077f4e10}> (0x00000007077f4e10) 
thrown [s\open\src\hotspot\share\prims\jni.cpp, line 518]
Event: 1363.273 Thread 0x0000020a47edb340 Exception <a 'java/io/IOException'{0x00000007ffe0a390}> (0x00000007ffe0a390) 
thrown [s\open\src\hotspot\share\prims\jni.cpp, line 518]
Event: 1363.274 Thread 0x0000020a47edb340 Exception <a 'java/io/IOException'{0x00000007ffe0b828}> (0x00000007ffe0b828) 
thrown [s\open\src\hotspot\share\prims\jni.cpp, line 518]
Event: 1363.281 Thread 0x0000020a47edc1e0 Implicit null exception at 0x0000020a600b6617 to 0x0000020a600b6f84
Event: 1363.287 Thread 0x0000020a47edc1e0 Implicit null exception at 0x0000020a6040e8d8 to 0x0000020a6040f4a0
Event: 1363.329 Thread 0x0000020a47edc1e0 Implicit null exception at 0x0000020a604c3900 to 0x0000020a604c901c
Event: 1363.330 Thread 0x0000020a47edc1e0 Implicit null exception at 0x0000020a603de7ce to 0x0000020a603ded98
Event: 1363.332 Thread 0x0000020a47edc1e0 Implicit null exception at 0x0000020a604145bd to 0x0000020a60415184
Event: 1363.335 Thread 0x0000020a47edc1e0 Implicit null exception at 0x0000020a6043f565 to 0x0000020a6043fd14
Event: 1465.059 Thread 0x0000020a47eddf20 Exception <a 'java/io/IOException'{0x0000000707ee8420}> (0x0000000707ee8420) 
thrown [s\open\src\hotspot\share\prims\jni.cpp, line 518]
Event: 1519.482 Thread 0x0000020a47edc1e0 Exception <a 'java/io/IOException'{0x000000070722e888}> (0x000000070722e888) 
thrown [s\open\src\hotspot\share\prims\jni.cpp, line 518]

VM Operations (20 events):
Event: 2284.897 Executing VM operation: RendezvousGCThreads
Event: 2284.897 Executing VM operation: RendezvousGCThreads done
Event: 2344.993 Executing VM operation: HandshakeAllThreads (HandshakeForDeflation)
Event: 2344.993 Executing VM operation: HandshakeAllThreads (HandshakeForDeflation) done
Event: 2344.993 Executing VM operation: RendezvousGCThreads
Event: 2344.993 Executing VM operation: RendezvousGCThreads done
Event: 2405.017 Executing VM operation: HandshakeAllThreads (HandshakeForDeflation)
Event: 2405.017 Executing VM operation: HandshakeAllThreads (HandshakeForDeflation) done
Event: 2405.017 Executing VM operation: RendezvousGCThreads
Event: 2405.017 Executing VM operation: RendezvousGCThreads done
Event: 2645.605 Executing VM operation: HandshakeAllThreads (HandshakeForDeflation)
Event: 2645.605 Executing VM operation: HandshakeAllThreads (HandshakeForDeflation) done
Event: 2645.605 Executing VM operation: RendezvousGCThreads
Event: 2645.605 Executing VM operation: RendezvousGCThreads done
Event: 2705.637 Executing VM operation: HandshakeAllThreads (HandshakeForDeflation)
Event: 2705.637 Executing VM operation: HandshakeAllThreads (HandshakeForDeflation) done
Event: 2705.637 Executing VM operation: RendezvousGCThreads
Event: 2705.637 Executing VM operation: RendezvousGCThreads done
Event: 2836.768 Executing VM operation: G1CollectForAllocation (G1 Evacuation Pause)
Event: 2836.770 Executing VM operation: G1CollectForAllocation (G1 Evacuation Pause) done

Memory protections (0 events):
No events

Nmethod flushes (20 events):
Event: 2109.519 Thread 0x0000020a6f92c950 flushing  nmethod 0x0000020a595de788
Event: 2109.519 Thread 0x0000020a6f92c950 flushing  nmethod 0x0000020a595df388
Event: 2109.519 Thread 0x0000020a6f92c950 flushing  nmethod 0x0000020a59646188
Event: 2109.519 Thread 0x0000020a6f92c950 flushing  nmethod 0x0000020a59646808
Event: 2109.519 Thread 0x0000020a6f92c950 flushing  nmethod 0x0000020a59649b88
Event: 2109.519 Thread 0x0000020a6f92c950 flushing  nmethod 0x0000020a5964b588
Event: 2109.519 Thread 0x0000020a6f92c950 flushing  nmethod 0x0000020a5964da08
Event: 2109.519 Thread 0x0000020a6f92c950 flushing  nmethod 0x0000020a596bec08
Event: 2109.519 Thread 0x0000020a6f92c950 flushing  nmethod 0x0000020a596c7d08
Event: 2109.519 Thread 0x0000020a6f92c950 flushing  nmethod 0x0000020a596c8e88
Event: 2109.519 Thread 0x0000020a6f92c950 flushing  nmethod 0x0000020a596cd308
Event: 2109.519 Thread 0x0000020a6f92c950 flushing  nmethod 0x0000020a5976b788
Event: 2109.519 Thread 0x0000020a6f92c950 flushing  nmethod 0x0000020a5976cb08
Event: 2109.519 Thread 0x0000020a6f92c950 flushing  nmethod 0x0000020a5976ce88
Event: 2109.519 Thread 0x0000020a6f92c950 flushing  nmethod 0x0000020a5976d288
Event: 2109.519 Thread 0x0000020a6f92c950 flushing  nmethod 0x0000020a5976e408
Event: 2109.519 Thread 0x0000020a6f92c950 flushing  nmethod 0x0000020a59775c08
Event: 2109.519 Thread 0x0000020a6f92c950 flushing  nmethod 0x0000020a59776b08
Event: 2109.519 Thread 0x0000020a6f92c950 flushing  nmethod 0x0000020a597ed588
Event: 2109.519 Thread 0x0000020a6f92c950 flushing  nmethod 0x0000020a597f9788

Events (20 events):
Event: 1781.381 Thread 0x0000020a4b7e3cc0 Thread added: 0x0000020a47eddf20
Event: 1781.443 Thread 0x0000020a4504e5d0 Thread added: 0x0000020a4c0f60d0
Event: 1781.443 Thread 0x0000020a4504e5d0 Thread added: 0x0000020a4c0f2be0
Event: 1781.886 Thread 0x0000020a4c0f60d0 Thread exited: 0x0000020a4c0f60d0
Event: 1781.886 Thread 0x0000020a4c0f2be0 Thread exited: 0x0000020a4c0f2be0
Event: 1786.435 Thread 0x0000020a47eddf20 Thread exited: 0x0000020a47eddf20
Event: 1961.560 Thread 0x0000020a4504e5d0 Thread added: 0x0000020a4c0f2be0
Event: 1962.946 Thread 0x0000020a4b7e4410 Thread added: 0x0000020a47eddf20
Event: 1967.944 Thread 0x0000020a4c0f2be0 Thread exited: 0x0000020a4c0f2be0
Event: 1967.947 Thread 0x0000020a47eddf20 Thread exited: 0x0000020a47eddf20
Event: 2000.978 Thread 0x0000020a4504e5d0 Thread added: 0x0000020a4c0f2be0
Event: 2005.993 Thread 0x0000020a4c0f2be0 Thread exited: 0x0000020a4c0f2be0
Event: 2088.393 Thread 0x0000020a4504e5d0 Thread added: 0x0000020a4c0f2be0
Event: 2088.443 Thread 0x0000020a4b7e52b0 Thread added: 0x0000020a47edb340
Event: 2089.792 Thread 0x0000020a4c0f2be0 Thread exited: 0x0000020a4c0f2be0
Event: 2094.800 Thread 0x0000020a47edb340 Thread exited: 0x0000020a47edb340
Event: 2635.383 Thread 0x0000020a4b7e4410 Thread added: 0x0000020a476a4c40
Event: 2640.386 Thread 0x0000020a476a4c40 Thread exited: 0x0000020a476a4c40
Event: 2836.776 Thread 0x0000020a4b7e2e20 Thread added: 0x0000020a476a4c40
Event: 2841.778 Thread 0x0000020a476a4c40 Thread exited: 0x0000020a476a4c40


Dynamic libraries:
0x00007ff67cf20000 - 0x00007ff67cf30000 	C:\Program Files\Java\jdk-24\bin\java.exe
0x00007ffe16460000 - 0x00007ffe166c7000 	C:\WINDOWS\SYSTEM32\ntdll.dll
0x00007ffe151f0000 - 0x00007ffe152b9000 	C:\WINDOWS\System32\KERNEL32.DLL
0x00007ffe13b10000 - 0x00007ffe13eff000 	C:\WINDOWS\System32\KERNELBASE.dll
0x00007ffe13f10000 - 0x00007ffe1405b000 	C:\WINDOWS\System32\ucrtbase.dll
0x00007ffd557a0000 - 0x00007ffd557b6000 	C:\Program Files\Java\jdk-24\bin\jli.dll
0x00007ffd55780000 - 0x00007ffd5579b000 	C:\Program Files\Java\jdk-24\bin\VCRUNTIME140.dll
0x00007ffe152c0000 - 0x00007ffe15485000 	C:\WINDOWS\System32\USER32.dll
0x00007ffe14060000 - 0x00007ffe14087000 	C:\WINDOWS\System32\win32u.dll
0x00007ffdf8ed0000 - 0x00007ffdf9163000 	C:\WINDOWS\WinSxS\amd64_microsoft.windows.common-controls_6595b64144ccf1df_6.0.26100.7309_none_3e05feeae336a044\COMCTL32.dll
0x00007ffe161e0000 - 0x00007ffe1620b000 	C:\WINDOWS\System32\GDI32.dll
0x00007ffe16210000 - 0x00007ffe162b9000 	C:\WINDOWS\System32\msvcrt.dll
0x00007ffe139e0000 - 0x00007ffe13b0c000 	C:\WINDOWS\System32\gdi32full.dll
0x00007ffe136f0000 - 0x00007ffe13793000 	C:\WINDOWS\System32\msvcp_win.dll
0x00007ffe15c90000 - 0x00007ffe15cc1000 	C:\WINDOWS\System32\IMM32.DLL
0x00007ffd55770000 - 0x00007ffd5577c000 	C:\Program Files\Java\jdk-24\bin\vcruntime140_1.dll
0x00007ffd556e0000 - 0x00007ffd5576e000 	C:\Program Files\Java\jdk-24\bin\msvcp140.dll
0x00007ffd54930000 - 0x00007ffd556d2000 	C:\Program Files\Java\jdk-24\bin\server\jvm.dll
0x00007ffe14c00000 - 0x00007ffe14cb4000 	C:\WINDOWS\System32\ADVAPI32.dll
0x00007ffe16130000 - 0x00007ffe161d6000 	C:\WINDOWS\System32\sechost.dll
0x00007ffe14520000 - 0x00007ffe14638000 	C:\WINDOWS\System32\RPCRT4.dll
0x00007ffe142c0000 - 0x00007ffe14334000 	C:\WINDOWS\System32\WS2_32.dll
0x00007ffe13410000 - 0x00007ffe1346e000 	C:\WINDOWS\SYSTEM32\POWRPROF.dll
0x00007ffe0a010000 - 0x00007ffe0a01b000 	C:\WINDOWS\SYSTEM32\VERSION.dll
0x00007ffdfe670000 - 0x00007ffdfe6a5000 	C:\WINDOWS\SYSTEM32\WINMM.dll
0x00007ffe133f0000 - 0x00007ffe13404000 	C:\WINDOWS\SYSTEM32\UMPDC.dll
0x00007ffe12330000 - 0x00007ffe1234b000 	C:\WINDOWS\SYSTEM32\kernel.appcore.dll
0x00007ffd54920000 - 0x00007ffd5492a000 	C:\Program Files\Java\jdk-24\bin\jimage.dll
0x00007ffe10c70000 - 0x00007ffe10eb2000 	C:\WINDOWS\SYSTEM32\DBGHELP.DLL
0x00007ffe15cd0000 - 0x00007ffe16056000 	C:\WINDOWS\System32\combase.dll
0x00007ffe14b20000 - 0x00007ffe14bf6000 	C:\WINDOWS\System32\OLEAUT32.dll
0x00007ffdf4710000 - 0x00007ffdf474c000 	C:\WINDOWS\SYSTEM32\dbgcore.DLL
0x00007ffe135b0000 - 0x00007ffe13655000 	C:\WINDOWS\System32\bcryptPrimitives.dll
0x00007ffd54780000 - 0x00007ffd5478f000 	C:\Program Files\Java\jdk-24\bin\instrument.dll
0x00007ffd54900000 - 0x00007ffd5491e000 	C:\Program Files\Java\jdk-24\bin\java.dll
0x00007ffe14910000 - 0x00007ffe14aa7000 	C:\WINDOWS\System32\ole32.dll
0x00007ffe154b0000 - 0x00007ffe15c03000 	C:\WINDOWS\System32\SHELL32.dll
0x00007ffe14090000 - 0x00007ffe141fa000 	C:\WINDOWS\System32\wintypes.dll
0x00007ffe11190000 - 0x00007ffe119ee000 	C:\WINDOWS\SYSTEM32\windows.storage.dll
0x00007ffe16320000 - 0x00007ffe16415000 	C:\WINDOWS\System32\SHCORE.dll
0x00007ffe14ab0000 - 0x00007ffe14b16000 	C:\WINDOWS\System32\shlwapi.dll
0x00007ffe134d0000 - 0x00007ffe134f9000 	C:\WINDOWS\SYSTEM32\profapi.dll
0x00007ffd54820000 - 0x00007ffd548f7000 	C:\Program Files\Java\jdk-24\bin\jsvml.dll
0x00007ffd547d0000 - 0x00007ffd547e7000 	C:\Program Files\Java\jdk-24\bin\zip.dll
0x00007ffd54810000 - 0x00007ffd54820000 	C:\Program Files\Java\jdk-24\bin\net.dll
0x00007ffe128d0000 - 0x00007ffe1293b000 	C:\WINDOWS\system32\mswsock.dll
0x00007ffd547f0000 - 0x00007ffd54806000 	C:\Program Files\Java\jdk-24\bin\nio.dll
0x00007ffd54630000 - 0x00007ffd54639000 	C:\Program Files\Java\jdk-24\bin\extnet.dll
0x00007ffd54770000 - 0x00007ffd5477e000 	C:\Program Files\Java\jdk-24\bin\sunmscapi.dll
0x00007ffe13860000 - 0x00007ffe139d7000 	C:\WINDOWS\System32\CRYPT32.dll
0x00007ffe12db0000 - 0x00007ffe12de0000 	C:\WINDOWS\SYSTEM32\ncrypt.dll
0x00007ffe12d60000 - 0x00007ffe12d9f000 	C:\WINDOWS\SYSTEM32\NTASN1.dll
0x00007ffe12b90000 - 0x00007ffe12bab000 	C:\WINDOWS\SYSTEM32\CRYPTSP.dll
0x00007ffe12290000 - 0x00007ffe122ca000 	C:\WINDOWS\system32\rsaenh.dll
0x00007ffe12980000 - 0x00007ffe129ab000 	C:\WINDOWS\SYSTEM32\USERENV.dll
0x00007ffe134a0000 - 0x00007ffe134ca000 	C:\WINDOWS\SYSTEM32\bcrypt.dll
0x00007ffe12bb0000 - 0x00007ffe12bbc000 	C:\WINDOWS\SYSTEM32\CRYPTBASE.dll
0x00007ffe11d10000 - 0x00007ffe11d44000 	C:\WINDOWS\SYSTEM32\IPHLPAPI.DLL
0x00007ffe15150000 - 0x00007ffe1515a000 	C:\WINDOWS\System32\NSI.dll
0x00007ffd54620000 - 0x00007ffd5462a000 	C:\Program Files\Java\jdk-24\bin\management.dll
0x00007ffd54380000 - 0x00007ffd5438b000 	C:\Program Files\Java\jdk-24\bin\management_ext.dll
0x00007ffe14900000 - 0x00007ffe14908000 	C:\WINDOWS\System32\PSAPI.DLL
0x00007ffe11da0000 - 0x00007ffe11ecc000 	C:\WINDOWS\SYSTEM32\DNSAPI.dll
0x00007ffe01f50000 - 0x00007ffe01f5b000 	C:\Windows\System32\rasadhlp.dll
0x00007ffe02b60000 - 0x00007ffe02be6000 	C:\WINDOWS\System32\fwpuclnt.dll
0x00007ffdc9760000 - 0x00007ffdc9768000 	C:\WINDOWS\system32\wshunix.dll

JVMTI agents:
C:\Program Files\JetBrains\IntelliJ IDEA Community Edition 2025.1.3\lib\idea_rt.jar path:C:\Program Files\Java\jdk-24\bin\instrument.dll, loaded, initialized, instrumentlib options:56039

dbghelp: loaded successfully - version: 4.0.5 - missing functions: none
symbol engine: initialized successfully - sym options: 0x614 - pdb path: .;C:\Program Files\Java\jdk-24\bin;C:\WINDOWS\SYSTEM32;C:\WINDOWS\WinSxS\amd64_microsoft.windows.common-controls_6595b64144ccf1df_6.0.26100.7309_none_3e05feeae336a044;C:\Program Files\Java\jdk-24\bin\server

VM Arguments:
jvm_args: -javaagent:C:\Program Files\JetBrains\IntelliJ IDEA Community Edition 2025.1.3\lib\idea_rt.jar=56039 -Dfile.encoding=UTF-8 -Dsun.stdout.encoding=UTF-8 -Dsun.stderr.encoding=UTF-8 
java_command: e_commerce.api.e_commerce.ECommerceApplication
java_class_path (initial): C:\Users\M.S.I\Documents\E-commerce-API\e-commerce\target\classes;C:\Users\M.S.I\.m2\repository\org\springframework\boot\spring-boot-starter-webmvc\4.0.0\spring-boot-starter-webmvc-4.0.0.jar;C:\Users\M.S.I\.m2\repository\org\springframework\boot\spring-boot-starter\4.0.0\spring-boot-starter-4.0.0.jar;C:\Users\M.S.I\.m2\repository\org\springframework\boot\spring-boot-starter-logging\4.0.0\spring-boot-starter-logging-4.0.0.jar;C:\Users\M.S.I\.m2\repository\ch\qos\logback\logback-classic\1.5.21\logback-classic-1.5.21.jar;C:\Users\M.S.I\.m2\repository\ch\qos\logback\logback-core\1.5.21\logback-core-1.5.21.jar;C:\Users\M.S.I\.m2\repository\org\apache\logging\log4j\log4j-to-slf4j\2.25.2\log4j-to-slf4j-2.25.2.jar;C:\Users\M.S.I\.m2\repository\org\apache\logging\log4j\log4j-api\2.25.2\log4j-api-2.25.2.jar;C:\Users\M.S.I\.m2\repository\org\slf4j\jul-to-slf4j\2.0.17\jul-to-slf4j-2.0.17.jar;C:\Users\M.S.I\.m2\repository\org\springframework\boot\spring-boot-autoconfigure\4.0.0\spring-boot-autoconfigure-4.0.0.jar;C:\Users\M.S.I\.m2\repository\jakarta\annotation\jakarta.annotation-api\3.0.0\jakarta.annotation-api-3.0.0.jar;C:\Users\M.S.I\.m2\repository\org\yaml\snakeyaml\2.5\snakeyaml-2.5.jar;C:\Users\M.S.I\.m2\repository\org\springframework\boot\spring-boot-starter-jackson\4.0.0\spring-boot-starter-jackson-4.0.0.jar;C:\Users\M.S.I\.m2\repository\org\springframework\boot\spring-boot-jackson\4.0.0\spring-boot-jackson-4.0.0.jar;C:\Users\M.S.I\.m2\repository\tools\jackson\core\jackson-databind\3.0.2\jackson-databind-3.0.2.jar;C:\Users\M.S.I\.m2\repository\tools\jackson\core\jackson-core\3.0.2\jackson-core-3.0.2.jar;C:\Users\M.S.I\.m2\repository\org\springframework\boot\spring-boot-starter-tomcat\4.0.0\spring-boot-starter-tomcat-4.0.0.jar;C:\Users\M.S.I\.m2\repository\org\springframework\boot\spring-boot-starter-tomcat-runtime\4.0.0\spring-boot-starter-tomcat-runtime-4.0.0.jar;C:\Users\M.S.I\.m2\repository\org\apache\tomcat\embed\tomcat-embed-core\11.0.14\tomcat-embed-core-11.0.14.jar;C:\Users\M.S.I\.m2\repository\org\apache\tomcat\embed\tomcat-embed-el\11.0.14\tomcat-embed-el-11.0.14.jar;C:\Users\M.S.I\.m2\repository\org\apache\tomcat\embed\tomcat-embed-websocket\11.0.14\tomcat-embed-websocket-11.0.14.jar;C:\Users\M.S.I\.m2\repository\org\springframework\boot\spring-boot-tomcat\4.0.0\spring-boot-tomcat-4.0.0.jar;C:\Users\M.S.I\.m2\repository\org\springframework\boot\spring-boot-http-converter\4.0.0\spring-boot-http-converter-4.0.0.jar;C:\Users\M.S.I\.m2\repository\org\springframework\boot\spring-boot\4.0.0\spring-boot-4.0.0.jar;C:\Users\M.S.I\.m2\repository\org\springframework\spring-context\7.0.1\spring-context-7.0.1.jar;C:\Users\M.S.I\.m2\repository\org\springframework\spring-web\7.0.1\spring-web-7.0.1.jar;C:\Users\M.S.I\.m2\repository\org\springframework\spring-beans\7.0.1\spring-beans-7.0.1.jar;C:\Users\M.S.I\.m2\repository\io\micrometer\micrometer-observation\1.16.0\micrometer-observation-1.16.0.jar;C:\Users\M.S.I\.m2\repository\io\micrometer\micrometer-commons\1.16.0\micrometer-commons-1.16.0.jar;C:\Users\M.S.I\.m2\repository\org\springframework\boot\spring-boot-webmvc\4.0.0\spring-boot-webmvc-4.0.0.jar;C:\Users\M.S.I\.m2\repository\org\springframework\boot\spring-boot-servlet\4.0.0\spring-boot-servlet-4.0.0.jar;C:\Users\M.S.I\.m2\repository\org\springframework\spring-webmvc\7.0.1\spring-webmvc-7.0.1.jar;C:\Users\M.S.I\.m2\repository\org\springframework\spring-aop\7.0.1\spring-aop-7.0.1.jar;C:\Users\M.S.I\.m2\repository\org\springframework\spring-expression\7.0.1\spring-expression-7.0.1.jar;C:\Users\M.S.I\.m2\repository\org\slf4j\slf4j-api\2.0.17\slf4j-api-2.0.17.jar;C:\Users\M.S.I\.m2\repository\jakarta\xml\bind\jakarta.xml.bind-api\4.0.4\jakarta.xml.bind-api-4.0.4.jar;C:\Users\M.S.I\.m2\repository\jakarta\activation\jakarta.activation-api\2.1.4\jakarta.activation-api-2.1.4.jar;C:\Users\M.S.I\.m2\repository\net\bytebuddy\byte-buddy\1.17.8\byte-buddy-1.17.8.jar;C:\Users\M.S.I\.m2\repository\org\springframework\spring-core\7.0.1\spring-core-7.0.1.jar;C:\Users\M.S.I\.m2\repository\commons-logging\commons-logging\1.3.5\commons-logging-1.3.5.jar;C:\Users\M.S.I\.m2\repository\org\jspecify\jspecify\1.0.0\jspecify-1.0.0.jar;C:\Users\M.S.I\.m2\repository\org\springframework\boot\spring-boot-web-server\4.0.0\spring-boot-web-server-4.0.0.jar;C:\Users\M.S.I\.m2\repository\org\springframework\boot\spring-boot-starter-web\4.0.0\spring-boot-starter-web-4.0.0.jar;C:\Users\M.S.I\.m2\repository\org\springframework\boot\spring-boot-starter-data-jpa\4.0.0\spring-boot-starter-data-jpa-4.0.0.jar;C:\Users\M.S.I\.m2\repository\org\springframework\boot\spring-boot-starter-jdbc\4.0.0\spring-boot-starter-jdbc-4.0.0.jar;C:\Users\M.S.I\.m2\repository\com\zaxxer\HikariCP\7.0.2\HikariCP-7.0.2.jar;C:\Users\M.S.I\.m2\repository\org\springframework\boot\spring-boot-data-jpa\4.0.0\spring-boot-data-jpa-4.0.0.jar;C:\Users\M.S.I\.m2\repository\org\springframework\boot\spring-boot-data-commons\4.0.0\spring-boot-data-commons-4.0.0.jar;C:\Users\M.S.I\.m2\repository\org\springframework\boot\spring-boot-persistence\4.0.0\spring-boot-persistence-4.0.0.jar;C:\Users\M.S.I\.m2\repository\org\springframework\data\spring-data-commons\4.0.0\spring-data-commons-4.0.0.jar;C:\Users\M.S.I\.m2\repository\org\springframework\boot\spring-boot-hibernate\4.0.0\spring-boot-hibernate-4.0.0.jar;C:\Users\M.S.I\.m2\repository\org\springframework\boot\spring-boot-jpa\4.0.0\spring-boot-jpa-4.0.0.jar;C:\Users\M.S.I\.m2\repository\jakarta\persistence\jakarta.persistence-api\3.2.0\jakarta.persistence-api-3.2.0.jar;C:\Users\M.S.I\.m2\repository\org\hibernate\orm\hibernate-core\7.1.8.Final\hibernate-core-7.1.8.Final.jar;C:\Users\M.S.I\.m2\repository\jakarta\transaction\jakarta.transaction-api\2.0.1\jakarta.transaction-api-2.0.1.jar;C:\Users\M.S.I\.m2\repository\org\jboss\logging\jboss-logging\3.6.1.Final\jboss-logging-3.6.1.Final.jar;C:\Users\M.S.I\.m2\repository\org\hibernate\models\hibernate-models\1.0.1\hibernate-models-1.0.1.jar;C:\Users\M.S.I\.m2\repository\com\fasterxml\classmate\1.7.1\classmate-1.7.1.jar;C:\Users\M.S.I\.m2\repository\org\glassfish\jaxb\jaxb-runtime\4.0.6\jaxb-runtime-4.0.6.jar;C:\Users\M.S.I\.m2\repository\org\glassfish\jaxb\jaxb-core\4.0.6\jaxb-core-4.0.6.jar;C:\Users\M.S.I\.m2\repository\org\eclipse\angus\angus-activation\2.0.3\angus-activation-2.0.3.jar;C:\Users\M.S.I\.m2\repository\org\glassfish\jaxb\txw2\4.0.6\txw2-4.0.6.jar;C:\Users\M.S.I\.m2\repository\com\sun\istack\istack-commons-runtime\4.1.2\istack-commons-runtime-4.1.2.jar;C:\Users\M.S.I\.m2\repository\jakarta\inject\jakarta.inject-api\2.0.1\jakarta.inject-api-2.0.1.jar;C:\Users\M.S.I\.m2\repository\org\springframework\spring-orm\7.0.1\spring-orm-7.0.1.jar;C:\Users\M.S.I\.m2\repository\org\springframework\data\spring-data-jpa\4.0.0\spring-data-jpa-4.0.0.jar;C:\Users\M.S.I\.m2\repository\org\springframework\spring-tx\7.0.1\spring-tx-7.0.1.jar;C:\Users\M.S.I\.m2\repository\org\antlr\antlr4-runtime\4.13.2\antlr4-runtime-4.13.2.jar;C:\Users\M.S.I\.m2\repository\org\springframework\spring-aspects\7.0.1\spring-aspects-7.0.1.jar;C:\Users\M.S.I\.m2\repository\org\aspectj\aspectjweaver\1.9.25\aspectjweaver-1.9.25.jar;C:\Users\M.S.I\.m2\repository\org\springframework\boot\spring-boot-jdbc\4.0.0\spring-boot-jdbc-4.0.0.jar;C:\Users\M.S.I\.m2\repository\org\springframework\boot\spring-boot-sql\4.0.0\spring-boot-sql-4.0.0.jar;C:\Users\M.S.I\.m2\repository\org\springframework\boot\spring-boot-transaction\4.0.0\spring-boot-transaction-4.0.0.jar;C:\Users\M.S.I\.m2\repository\org\springframework\spring-jdbc\7.0.1\spring-jdbc-7.0.1.jar;C:\Users\M.S.I\.m2\repository\com\mysql\mysql-connector-j\9.5.0\mysql-connector-j-9.5.0.jar;C:\Users\M.S.I\.m2\repository\org\flywaydb\flyway-core\11.14.1\flyway-core-11.14.1.jar;C:\Users\M.S.I\.m2\repository\com\fasterxml\jackson\core\jackson-databind\2.20.1\jackson-databind-2.20.1.jar;C:\Users\M.S.I\.m2\repository\com\fasterxml\jackson\core\jackson-annotations\2.20\jackson-annotations-2.20.jar;C:\Users\M.S.I\.m2\repository\com\fasterxml\jackson\core\jackson-core\2.20.1\jackson-core-2.20.1.jar
Launcher Type: SUN_STANDARD

[Global flags]
     intx CICompilerCount                          = 12                                        {product} {ergonomic}
     uint ConcGCThreads                            = 3                                         {product} {ergonomic}
     uint G1ConcRefinementThreads                  = 13                                        {product} {ergonomic}
   size_t G1HeapRegionSize                         = 2097152                                   {product} {ergonomic}
   size_t InitialHeapSize                          = 264241152                                 {product} {ergonomic}
   size_t MarkStackSize                            = 4194304                                   {product} {ergonomic}
   size_t MarkStackSizeMax                         = 536870912                                 {product} {ergonomic}
   size_t MaxHeapSize                              = 4217372672                                {product} {ergonomic}
   size_t MaxNewSize                               = 2529165312                                {product} {ergonomic}
   size_t MinHeapDeltaBytes                        = 2097152                                   {product} {ergonomic}
   size_t MinHeapSize                              = 8388608                                   {product} {ergonomic}
    uintx NonNMethodCodeHeapSize                   = 7602176                                {pd product} {ergonomic}
    uintx NonProfiledCodeHeapSize                  = 122093568                              {pd product} {ergonomic}
    uintx ProfiledCodeHeapSize                     = 121962496                              {pd product} {ergonomic}
    uintx ReservedCodeCacheSize                    = 251658240                              {pd product} {ergonomic}
     bool SegmentedCodeCache                       = true                                      {product} {ergonomic}
   size_t SoftMaxHeapSize                          = 4217372672                             {manageable} {ergonomic}
     bool UseCompressedOops                        = true                           {product lp64_product} {ergonomic}
     bool UseG1GC                                  = true                                      {product} {ergonomic}
     bool UseLargePagesIndividualAllocation        = false                                  {pd product} {ergonomic}

Logging:
Log output configuration:
 #0: stdout all=warning uptime,level,tags foldmultilines=false
 #1: stderr all=off uptime,level,tags foldmultilines=false

Environment Variables:
JAVA_HOME=C:\Program Files\Java\jdk-17
PATH=C:\Program Files\Git\usr\local\bin;C:\Program Files\Git\bin;C:\Program Files\Eclipse Adoptium\jdk-11.0.24.8-hotspot\bin;C:\Program Files\Eclipse Adoptium\jdk-17.0.15.6-hotspot\bin;C:\Program Files\Java\jdk-24\bin;C:\Program Files\apache-maven-3.9.9\bin;C:\Windows\System32;C:\Program Files\Java\jdk-24\bin;C:\Program Files\nodejs\;C:\Program Files\Git\cmd;C:\Users\M.S.I\AppData\Local\Programs\Python\Python311\Scripts\;C:\Users\M.S.I\AppData\Local\Programs\Python\Python311\;C:\Users\M.S.I\AppData\Local\Microsoft\WindowsApps;C:\Users\M.S.I\AppData\Local\JetBrains\Toolbox\scripts;C:\Program Files\JetBrains\IntelliJ IDEA Community Edition 2025.1.3\bin;;C:\Program Files\JetBrains\PyCharm Community Edition 2023.1.1\bin;;C:\Program Files\JetBrains\IntelliJ IDEA 2025.1.3\bin;;C:\Program Files\Azure Data Studio\bin;C:\Users\M.S.I\AppData\Local\Microsoft\WindowsApps;C:\Users\M.S.I\AppData\Local\Programs\Microsoft VS Code\bin;C:\Users\M.S.I\AppData\Roaming\npm
USERNAME=M.S.I
OS=Windows_NT
PROCESSOR_IDENTIFIER=Intel64 Family 6 Model 141 Stepping 1, GenuineIntel
TMP=C:\Users\MS1E84~1.I\AppData\Local\Temp
TEMP=C:\Users\MS1E84~1.I\AppData\Local\Temp




Periodic native trim disabled

---------------  S Y S T E M  ---------------

OS:
 Windows 11 , 64 bit Build 26100 (10.0.26100.7623)
OS uptime: 0 days 0:49 hours
Hyper-V role detected

CPU: total 16 (initial active 16) (8 cores per cpu, 2 threads per core) family 6 model 141 stepping 1 microcode 0x34, cx8, cmov, fxsr, ht, mmx, 3dnowpref, sse, sse2, sse3, ssse3, sse4.1, sse4.2, popcnt, lzcnt, tsc, tscinvbit, avx, avx2, aes, erms, clmul, bmi1, bmi2, adx, avx512f, avx512dq, avx512cd, avx512bw, avx512vl, sha, fma, vzeroupper, avx512_vpopcntdq, avx512_vpclmulqdq, avx512_vaes, avx512_vnni, clflush, clflushopt, clwb, avx512_vbmi2, avx512_vbmi, hv, rdtscp, rdpid, fsrm, gfni, avx512_bitalg, f16c, cet_ibt, cet_ss, avx512_ifma
Processor Information for the first 16 processors :
  Max Mhz: 2304, Current Mhz: 2304, Mhz Limit: 2304

Memory: 4k page, system-wide physical 16085M (3326M free)
TotalPageFile size 18133M (AvailPageFile size 4M)
current process WorkingSet (physical memory assigned to process): 295M, peak: 324M
current process commit charge ("private bytes"): 368M, peak: 458M

vm_info: Java HotSpot(TM) 64-Bit Server VM (24.0.1+9-30) for windows-amd64 JRE (24.0.1+9-30), built on 2025-03-05T07:23:45Z with MS VC++ 17.6 (VS2022)

END.
