#
# There is insufficient memory for the Java Runtime Environment to continue.
# Native memory allocation (malloc) failed to allocate 8642000 bytes. Error detail: Chunk::new
# Possible reasons:
#   The system is out of physical RAM or swap space
#   This process is running with CompressedOops enabled, and the Java Heap may be blocking the growth of the native heap
# Possible solutions:
#   Reduce memory load on the system
#   Increase physical memory or swap space
#   Check if swap backing store is full
#   Decrease Java heap size (-Xmx/-Xms)
#   Decrease number of Java threads
#   Decrease Java thread stack sizes (-Xss)
#   Set larger code cache with -XX:ReservedCodeCacheSize=
#   JVM is running with Zero Based Compressed Oops mode in which the Java heap is
#     placed in the first 32GB address space. The Java Heap base address is the
#     maximum limit for the native heap growth. Please use -XX:HeapBaseMinAddress
#     to set the Java Heap base and to place the Java Heap above 32GB virtual address.
# This output file may be truncated or incomplete.
#
#  Out of Memory Error (arena.cpp:162), pid=21564, tid=21444
#
# JRE version: Java(TM) SE Runtime Environment (24.0.1+9) (build 24.0.1+9-30)
# Java VM: Java HotSpot(TM) 64-Bit Server VM (24.0.1+9-30, mixed mode, sharing, tiered, compressed oops, compressed class ptrs, g1 gc, windows-amd64)
# No core dump will be written. Minidumps are not enabled by default on client versions of Windows
#

---------------  S U M M A R Y ------------

Command Line: -javaagent:C:\Program Files\JetBrains\IntelliJ IDEA Community Edition 2025.1.3\lib\idea_rt.jar=64412 -Dfile.encoding=UTF-8 -Dsun.stdout.encoding=UTF-8 -Dsun.stderr.encoding=UTF-8 e_commerce.api.e_commerce.ECommerceApplication

Host: 11th Gen Intel(R) Core(TM) i7-11800H @ 2.30GHz, 16 cores, 15G,  Windows 11 , 64 bit Build 26100 (10.0.26100.7623)
Time: Sun Jan 18 11:31:56 2026 West Bank Gaza Standard Time elapsed time: 0.929253 seconds (0d 0h 0m 0s)

---------------  T H R E A D  ---------------

Current thread (0x000001b7ae0daf10):  JavaThread "C2 CompilerThread1" daemon [_thread_in_native, id=21444, stack(0x000000569db00000,0x000000569dc00000) (1024K)]


Current CompileTask:
C2:929 2094       4       jdk.internal.classfile.impl.StackMapGenerator::processBlock (2767 bytes)

Stack: [0x000000569db00000,0x000000569dc00000]
Native frames: (J=compiled Java code, j=interpreted, Vv=VM code, C=native code)
V  [jvm.dll+0x730739]  (no source info available)
V  [jvm.dll+0x8d9b23]  (no source info available)
V  [jvm.dll+0x8dc00d]  (no source info available)
V  [jvm.dll+0x8dc683]  (no source info available)
V  [jvm.dll+0x2aa086]  (no source info available)
V  [jvm.dll+0xcedef]  (no source info available)
V  [jvm.dll+0xcf04f]  (no source info available)
V  [jvm.dll+0x154d83]  (no source info available)
V  [jvm.dll+0x735f5f]  (no source info available)
V  [jvm.dll+0x26fa1c]  (no source info available)
V  [jvm.dll+0x26ea3f]  (no source info available)
V  [jvm.dll+0x1e9d60]  (no source info available)
V  [jvm.dll+0x27e1fb]  (no source info available)
V  [jvm.dll+0x27c49a]  (no source info available)
V  [jvm.dll+0x42f456]  (no source info available)
V  [jvm.dll+0x87d76b]  (no source info available)
V  [jvm.dll+0x72ee55]  (no source info available)
C  [ucrtbase.dll+0x37b0]  (no source info available)
C  [KERNEL32.DLL+0x2e8d7]  (no source info available)
C  [ntdll.dll+0x8c53c]  (no source info available)

Lock stack of current Java thread (top to bottom):


---------------  P R O C E S S  ---------------

Threads class SMR info:
_java_thread_list=0x000001b7f49d5ce0, length=18, elements={
0x000001b78df1d550, 0x000001b7ae0ba0d0, 0x000001b7ae0ba810, 0x000001b7ae0bcf60,
0x000001b7ae0bdcb0, 0x000001b7ae0bea00, 0x000001b7ae0bf750, 0x000001b7ae0c32e0,
0x000001b7ae0da780, 0x000001b7ae0d9ff0, 0x000001b7ae0dcd50, 0x000001b7ae0daf10,
0x000001b7ae37e800, 0x000001b7ae0dc5c0, 0x000001b7ae6e1210, 0x000001b7ae614550,
0x000001b7f42085b0, 0x000001b7ae0db6a0
}

Java Threads: ( => current thread )
  0x000001b78df1d550 JavaThread "main"                              [_thread_in_native, id=25248, stack(0x000000569c900000,0x000000569ca00000) (1024K)]
  0x000001b7ae0ba0d0 JavaThread "Reference Handler"          daemon [_thread_blocked, id=18472, stack(0x000000569d100000,0x000000569d200000) (1024K)]
  0x000001b7ae0ba810 JavaThread "Finalizer"                  daemon [_thread_blocked, id=8336, stack(0x000000569d200000,0x000000569d300000) (1024K)]
  0x000001b7ae0bcf60 JavaThread "Signal Dispatcher"          daemon [_thread_blocked, id=19652, stack(0x000000569d300000,0x000000569d400000) (1024K)]
  0x000001b7ae0bdcb0 JavaThread "Attach Listener"            daemon [_thread_blocked, id=19828, stack(0x000000569d400000,0x000000569d500000) (1024K)]
  0x000001b7ae0bea00 JavaThread "Service Thread"             daemon [_thread_blocked, id=10072, stack(0x000000569d500000,0x000000569d600000) (1024K)]
  0x000001b7ae0bf750 JavaThread "Monitor Deflation Thread"   daemon [_thread_blocked, id=6952, stack(0x000000569d600000,0x000000569d700000) (1024K)]
  0x000001b7ae0c32e0 JavaThread "C2 CompilerThread0"         daemon [_thread_in_native, id=21412, stack(0x000000569d700000,0x000000569d800000) (1024K)]
  0x000001b7ae0da780 JavaThread "C1 CompilerThread0"         daemon [_thread_blocked, id=19000, stack(0x000000569d800000,0x000000569d900000) (1024K)]
  0x000001b7ae0d9ff0 JavaThread "C1 CompilerThread1"         daemon [_thread_blocked, id=14476, stack(0x000000569d900000,0x000000569da00000) (1024K)]
  0x000001b7ae0dcd50 JavaThread "C1 CompilerThread2"         daemon [_thread_blocked, id=6148, stack(0x000000569da00000,0x000000569db00000) (1024K)]
=>0x000001b7ae0daf10 JavaThread "C2 CompilerThread1"         daemon [_thread_in_native, id=21444, stack(0x000000569db00000,0x000000569dc00000) (1024K)]
  0x000001b7ae37e800 JavaThread "Common-Cleaner"             daemon [_thread_blocked, id=16008, stack(0x000000569dc00000,0x000000569dd00000) (1024K)]
  0x000001b7ae0dc5c0 JavaThread "C1 CompilerThread3"         daemon [_thread_blocked, id=11168, stack(0x000000569dd00000,0x000000569de00000) (1024K)]
  0x000001b7ae6e1210 JavaThread "Monitor Ctrl-Break"         daemon [_thread_in_native, id=25144, stack(0x000000569de00000,0x000000569df00000) (1024K)]
  0x000001b7ae614550 JavaThread "Notification Thread"        daemon [_thread_blocked, id=18460, stack(0x000000569df00000,0x000000569e000000) (1024K)]
  0x000001b7f42085b0 JavaThread "background-preinit"                [_thread_in_vm, id=8788, stack(0x000000569e000000,0x000000569e100000) (1024K)]
  0x000001b7ae0db6a0 JavaThread "C2 CompilerThread2"         daemon [_thread_in_native, id=15776, stack(0x000000569e600000,0x000000569e700000) (1024K)]
Total: 18

Other Threads:
  0x000001b7ad938e50 VMThread "VM Thread"                           [id=15196, stack(0x000000569d000000,0x000000569d100000) (1024K)]
  0x000001b7ad92cd00 WatcherThread "VM Periodic Task Thread"        [id=18124, stack(0x000000569cf00000,0x000000569d000000) (1024K)]
  0x000001b78bbbdf00 WorkerThread "GC Thread#0"                     [id=4976, stack(0x000000569ca00000,0x000000569cb00000) (1024K)]
  0x000001b7f43a8900 WorkerThread "GC Thread#1"                     [id=5768, stack(0x000000569e100000,0x000000569e200000) (1024K)]
  0x000001b7f43a8cb0 WorkerThread "GC Thread#2"                     [id=5232, stack(0x000000569e200000,0x000000569e300000) (1024K)]
  0x000001b7f43a5520 WorkerThread "GC Thread#3"                     [id=2388, stack(0x000000569e300000,0x000000569e400000) (1024K)]
  0x000001b7f44a4730 WorkerThread "GC Thread#4"                     [id=4440, stack(0x000000569e400000,0x000000569e500000) (1024K)]
  0x000001b7f44189b0 WorkerThread "GC Thread#5"                     [id=19332, stack(0x000000569e500000,0x000000569e600000) (1024K)]
  0x000001b78df964a0 ConcurrentGCThread "G1 Main Marker"            [id=11756, stack(0x000000569cb00000,0x000000569cc00000) (1024K)]
  0x000001b78df97e00 WorkerThread "G1 Conc#0"                       [id=19752, stack(0x000000569cc00000,0x000000569cd00000) (1024K)]
  0x000001b7ad7e24e0 ConcurrentGCThread "G1 Refine#0"               [id=9616, stack(0x000000569cd00000,0x000000569ce00000) (1024K)]
  0x000001b7ad7e3d20 ConcurrentGCThread "G1 Service"                [id=15576, stack(0x000000569ce00000,0x000000569cf00000) (1024K)]
Total: 12

Threads with active compile tasks:
C2 CompilerThread0  960 2228       4       java.util.concurrent.ConcurrentHashMap::putIfAbsent (8 bytes)
C2 CompilerThread1  960 2094       4       jdk.internal.classfile.impl.StackMapGenerator::processBlock (2767 bytes)
C2 CompilerThread2  960 2229       4       jdk.internal.classfile.impl.BufWriterImpl::writeU2 (38 bytes)
Total: 3

VM state: not at safepoint (normal execution)

VM Mutex/Monitor currently owned by a thread: None

Heap address: 0x0000000704a00000, size: 4022 MB, Compressed Oops mode: Zero based, Oop shift amount: 3

CDS archive(s) mapped at: [0x000001b7af000000-0x000001b7afd40000-0x000001b7afd40000), size 13893632, SharedBaseAddress: 0x000001b7af000000, ArchiveRelocationMode: 1.
Compressed class space mapped at: 0x000001b7b0000000-0x000001b7f0000000, reserved size: 1073741824
UseCompressedClassPointers 1, UseCompactObjectHeaders 0
Narrow klass pointer bits 32, Max shift 3
Narrow klass base: 0x000001b7af000000, Narrow klass shift: 0
Encoding Range: [0x000001b7af000000 - 0x000001b8af000000), (4294967296 bytes)
Klass Range:    [0x000001b7af000000 - 0x000001b7f0000000), (1090519040 bytes)
Klass ID Range:  [8 - 1090519033) (1090519025)

GC Precious Log:
 CardTable entry size: 512
 Card Set container configuration: InlinePtr #cards 4 size 8 Array Of Cards #cards 16 size 48 Howl #buckets 8 coarsen threshold 3686 Howl Bitmap #cards 512 size 80 coarsen threshold 460 Card regions per heap region 1 cards per card region 4096
 CPUs: 16 total, 16 available
 Memory: 16085M
 Large Page Support: Disabled
 NUMA Support: Disabled
 Compressed Oops: Enabled (Zero based)
 Heap Region Size: 2M
 Heap Min Capacity: 8M
 Heap Initial Capacity: 252M
 Heap Max Capacity: 4022M
 Pre-touch: Disabled
 Parallel Workers: 13
 Concurrent Workers: 3
 Concurrent Refinement Workers: 13
 Periodic GC: Disabled

Heap:
 garbage-first heap   total reserved 4118528K, committed 260096K, used 11904K [0x0000000704a00000, 0x0000000800000000)
  region size 2048K, 5 young (10240K), 3 survivors (6144K)
 Metaspace       used 12175K, committed 12416K, reserved 1114112K
  class space    used 1208K, committed 1344K, reserved 1048576K

Heap Regions: E=young(eden), S=young(survivor), O=old, HS=humongous(starts), HC=humongous(continues), CS=collection set, F=free, TAMS=top-at-mark-start, PB=parsable bottom
|   0|0x0000000704a00000, 0x0000000704c00000, 0x0000000704c00000|100%| O|  |TAMS 0x0000000704a00000| PB 0x0000000704a00000| Untracked |  0
|   1|0x0000000704c00000, 0x0000000704c82f70, 0x0000000704e00000| 25%| O|  |TAMS 0x0000000704c00000| PB 0x0000000704c00000| Untracked |  0
|   2|0x0000000704e00000, 0x0000000704e00000, 0x0000000705000000|  0%| F|  |TAMS 0x0000000704e00000| PB 0x0000000704e00000| Untracked |  0
|   3|0x0000000705000000, 0x0000000705000000, 0x0000000705200000|  0%| F|  |TAMS 0x0000000705000000| PB 0x0000000705000000| Untracked |  0
|   4|0x0000000705200000, 0x0000000705200000, 0x0000000705400000|  0%| F|  |TAMS 0x0000000705200000| PB 0x0000000705200000| Untracked |  0
|   5|0x0000000705400000, 0x0000000705400000, 0x0000000705600000|  0%| F|  |TAMS 0x0000000705400000| PB 0x0000000705400000| Untracked |  0
|   6|0x0000000705600000, 0x0000000705600000, 0x0000000705800000|  0%| F|  |TAMS 0x0000000705600000| PB 0x0000000705600000| Untracked |  0
|   7|0x0000000705800000, 0x0000000705800000, 0x0000000705a00000|  0%| F|  |TAMS 0x0000000705800000| PB 0x0000000705800000| Untracked |  0
|   8|0x0000000705a00000, 0x0000000705a00000, 0x0000000705c00000|  0%| F|  |TAMS 0x0000000705a00000| PB 0x0000000705a00000| Untracked |  0
|   9|0x0000000705c00000, 0x0000000705c00000, 0x0000000705e00000|  0%| F|  |TAMS 0x0000000705c00000| PB 0x0000000705c00000| Untracked |  0
|  10|0x0000000705e00000, 0x0000000705e00000, 0x0000000706000000|  0%| F|  |TAMS 0x0000000705e00000| PB 0x0000000705e00000| Untracked |  0
|  11|0x0000000706000000, 0x0000000706000000, 0x0000000706200000|  0%| F|  |TAMS 0x0000000706000000| PB 0x0000000706000000| Untracked |  0
|  12|0x0000000706200000, 0x0000000706200000, 0x0000000706400000|  0%| F|  |TAMS 0x0000000706200000| PB 0x0000000706200000| Untracked |  0
|  13|0x0000000706400000, 0x0000000706400000, 0x0000000706600000|  0%| F|  |TAMS 0x0000000706400000| PB 0x0000000706400000| Untracked |  0
|  14|0x0000000706600000, 0x0000000706600000, 0x0000000706800000|  0%| F|  |TAMS 0x0000000706600000| PB 0x0000000706600000| Untracked |  0
|  15|0x0000000706800000, 0x0000000706800000, 0x0000000706a00000|  0%| F|  |TAMS 0x0000000706800000| PB 0x0000000706800000| Untracked |  0
|  16|0x0000000706a00000, 0x0000000706a00000, 0x0000000706c00000|  0%| F|  |TAMS 0x0000000706a00000| PB 0x0000000706a00000| Untracked |  0
|  17|0x0000000706c00000, 0x0000000706c00000, 0x0000000706e00000|  0%| F|  |TAMS 0x0000000706c00000| PB 0x0000000706c00000| Untracked |  0
|  18|0x0000000706e00000, 0x0000000706e00000, 0x0000000707000000|  0%| F|  |TAMS 0x0000000706e00000| PB 0x0000000706e00000| Untracked |  0
|  19|0x0000000707000000, 0x0000000707000000, 0x0000000707200000|  0%| F|  |TAMS 0x0000000707000000| PB 0x0000000707000000| Untracked |  0
|  20|0x0000000707200000, 0x0000000707200000, 0x0000000707400000|  0%| F|  |TAMS 0x0000000707200000| PB 0x0000000707200000| Untracked |  0
|  21|0x0000000707400000, 0x0000000707400000, 0x0000000707600000|  0%| F|  |TAMS 0x0000000707400000| PB 0x0000000707400000| Untracked |  0
|  22|0x0000000707600000, 0x0000000707600000, 0x0000000707800000|  0%| F|  |TAMS 0x0000000707600000| PB 0x0000000707600000| Untracked |  0
|  23|0x0000000707800000, 0x0000000707800000, 0x0000000707a00000|  0%| F|  |TAMS 0x0000000707800000| PB 0x0000000707800000| Untracked |  0
|  24|0x0000000707a00000, 0x0000000707a00000, 0x0000000707c00000|  0%| F|  |TAMS 0x0000000707a00000| PB 0x0000000707a00000| Untracked |  0
|  25|0x0000000707c00000, 0x0000000707c00000, 0x0000000707e00000|  0%| F|  |TAMS 0x0000000707c00000| PB 0x0000000707c00000| Untracked |  0
|  26|0x0000000707e00000, 0x0000000707e00000, 0x0000000708000000|  0%| F|  |TAMS 0x0000000707e00000| PB 0x0000000707e00000| Untracked |  0
|  27|0x0000000708000000, 0x0000000708000000, 0x0000000708200000|  0%| F|  |TAMS 0x0000000708000000| PB 0x0000000708000000| Untracked |  0
|  28|0x0000000708200000, 0x0000000708200000, 0x0000000708400000|  0%| F|  |TAMS 0x0000000708200000| PB 0x0000000708200000| Untracked |  0
|  29|0x0000000708400000, 0x0000000708400000, 0x0000000708600000|  0%| F|  |TAMS 0x0000000708400000| PB 0x0000000708400000| Untracked |  0
|  30|0x0000000708600000, 0x0000000708600000, 0x0000000708800000|  0%| F|  |TAMS 0x0000000708600000| PB 0x0000000708600000| Untracked |  0
|  31|0x0000000708800000, 0x0000000708800000, 0x0000000708a00000|  0%| F|  |TAMS 0x0000000708800000| PB 0x0000000708800000| Untracked |  0
|  32|0x0000000708a00000, 0x0000000708a00000, 0x0000000708c00000|  0%| F|  |TAMS 0x0000000708a00000| PB 0x0000000708a00000| Untracked |  0
|  33|0x0000000708c00000, 0x0000000708c00000, 0x0000000708e00000|  0%| F|  |TAMS 0x0000000708c00000| PB 0x0000000708c00000| Untracked |  0
|  34|0x0000000708e00000, 0x0000000708e00000, 0x0000000709000000|  0%| F|  |TAMS 0x0000000708e00000| PB 0x0000000708e00000| Untracked |  0
|  35|0x0000000709000000, 0x0000000709000000, 0x0000000709200000|  0%| F|  |TAMS 0x0000000709000000| PB 0x0000000709000000| Untracked |  0
|  36|0x0000000709200000, 0x0000000709200000, 0x0000000709400000|  0%| F|  |TAMS 0x0000000709200000| PB 0x0000000709200000| Untracked |  0
|  37|0x0000000709400000, 0x0000000709400000, 0x0000000709600000|  0%| F|  |TAMS 0x0000000709400000| PB 0x0000000709400000| Untracked |  0
|  38|0x0000000709600000, 0x0000000709600000, 0x0000000709800000|  0%| F|  |TAMS 0x0000000709600000| PB 0x0000000709600000| Untracked |  0
|  39|0x0000000709800000, 0x0000000709800000, 0x0000000709a00000|  0%| F|  |TAMS 0x0000000709800000| PB 0x0000000709800000| Untracked |  0
|  40|0x0000000709a00000, 0x0000000709a00000, 0x0000000709c00000|  0%| F|  |TAMS 0x0000000709a00000| PB 0x0000000709a00000| Untracked |  0
|  41|0x0000000709c00000, 0x0000000709c00000, 0x0000000709e00000|  0%| F|  |TAMS 0x0000000709c00000| PB 0x0000000709c00000| Untracked |  0
|  42|0x0000000709e00000, 0x0000000709e00000, 0x000000070a000000|  0%| F|  |TAMS 0x0000000709e00000| PB 0x0000000709e00000| Untracked |  0
|  43|0x000000070a000000, 0x000000070a000000, 0x000000070a200000|  0%| F|  |TAMS 0x000000070a000000| PB 0x000000070a000000| Untracked |  0
|  44|0x000000070a200000, 0x000000070a200000, 0x000000070a400000|  0%| F|  |TAMS 0x000000070a200000| PB 0x000000070a200000| Untracked |  0
|  45|0x000000070a400000, 0x000000070a400000, 0x000000070a600000|  0%| F|  |TAMS 0x000000070a400000| PB 0x000000070a400000| Untracked |  0
|  46|0x000000070a600000, 0x000000070a600000, 0x000000070a800000|  0%| F|  |TAMS 0x000000070a600000| PB 0x000000070a600000| Untracked |  0
|  47|0x000000070a800000, 0x000000070a800000, 0x000000070aa00000|  0%| F|  |TAMS 0x000000070a800000| PB 0x000000070a800000| Untracked |  0
|  48|0x000000070aa00000, 0x000000070aa00000, 0x000000070ac00000|  0%| F|  |TAMS 0x000000070aa00000| PB 0x000000070aa00000| Untracked |  0
|  49|0x000000070ac00000, 0x000000070ac00000, 0x000000070ae00000|  0%| F|  |TAMS 0x000000070ac00000| PB 0x000000070ac00000| Untracked |  0
|  50|0x000000070ae00000, 0x000000070ae00000, 0x000000070b000000|  0%| F|  |TAMS 0x000000070ae00000| PB 0x000000070ae00000| Untracked |  0
|  51|0x000000070b000000, 0x000000070b000000, 0x000000070b200000|  0%| F|  |TAMS 0x000000070b000000| PB 0x000000070b000000| Untracked |  0
|  52|0x000000070b200000, 0x000000070b200000, 0x000000070b400000|  0%| F|  |TAMS 0x000000070b200000| PB 0x000000070b200000| Untracked |  0
|  53|0x000000070b400000, 0x000000070b400000, 0x000000070b600000|  0%| F|  |TAMS 0x000000070b400000| PB 0x000000070b400000| Untracked |  0
|  54|0x000000070b600000, 0x000000070b600000, 0x000000070b800000|  0%| F|  |TAMS 0x000000070b600000| PB 0x000000070b600000| Untracked |  0
|  55|0x000000070b800000, 0x000000070b800000, 0x000000070ba00000|  0%| F|  |TAMS 0x000000070b800000| PB 0x000000070b800000| Untracked |  0
|  56|0x000000070ba00000, 0x000000070ba00000, 0x000000070bc00000|  0%| F|  |TAMS 0x000000070ba00000| PB 0x000000070ba00000| Untracked |  0
|  57|0x000000070bc00000, 0x000000070bc00000, 0x000000070be00000|  0%| F|  |TAMS 0x000000070bc00000| PB 0x000000070bc00000| Untracked |  0
|  58|0x000000070be00000, 0x000000070be00000, 0x000000070c000000|  0%| F|  |TAMS 0x000000070be00000| PB 0x000000070be00000| Untracked |  0
|  59|0x000000070c000000, 0x000000070c000000, 0x000000070c200000|  0%| F|  |TAMS 0x000000070c000000| PB 0x000000070c000000| Untracked |  0
|  60|0x000000070c200000, 0x000000070c200000, 0x000000070c400000|  0%| F|  |TAMS 0x000000070c200000| PB 0x000000070c200000| Untracked |  0
|  61|0x000000070c400000, 0x000000070c400000, 0x000000070c600000|  0%| F|  |TAMS 0x000000070c400000| PB 0x000000070c400000| Untracked |  0
|  62|0x000000070c600000, 0x000000070c600000, 0x000000070c800000|  0%| F|  |TAMS 0x000000070c600000| PB 0x000000070c600000| Untracked |  0
|  63|0x000000070c800000, 0x000000070c800000, 0x000000070ca00000|  0%| F|  |TAMS 0x000000070c800000| PB 0x000000070c800000| Untracked |  0
|  64|0x000000070ca00000, 0x000000070ca00000, 0x000000070cc00000|  0%| F|  |TAMS 0x000000070ca00000| PB 0x000000070ca00000| Untracked |  0
|  65|0x000000070cc00000, 0x000000070cc00000, 0x000000070ce00000|  0%| F|  |TAMS 0x000000070cc00000| PB 0x000000070cc00000| Untracked |  0
|  66|0x000000070ce00000, 0x000000070ce00000, 0x000000070d000000|  0%| F|  |TAMS 0x000000070ce00000| PB 0x000000070ce00000| Untracked |  0
|  67|0x000000070d000000, 0x000000070d000000, 0x000000070d200000|  0%| F|  |TAMS 0x000000070d000000| PB 0x000000070d000000| Untracked |  0
|  68|0x000000070d200000, 0x000000070d200000, 0x000000070d400000|  0%| F|  |TAMS 0x000000070d200000| PB 0x000000070d200000| Untracked |  0
|  69|0x000000070d400000, 0x000000070d400000, 0x000000070d600000|  0%| F|  |TAMS 0x000000070d400000| PB 0x000000070d400000| Untracked |  0
|  70|0x000000070d600000, 0x000000070d600000, 0x000000070d800000|  0%| F|  |TAMS 0x000000070d600000| PB 0x000000070d600000| Untracked |  0
|  71|0x000000070d800000, 0x000000070d800000, 0x000000070da00000|  0%| F|  |TAMS 0x000000070d800000| PB 0x000000070d800000| Untracked |  0
|  72|0x000000070da00000, 0x000000070da00000, 0x000000070dc00000|  0%| F|  |TAMS 0x000000070da00000| PB 0x000000070da00000| Untracked |  0
|  73|0x000000070dc00000, 0x000000070dc00000, 0x000000070de00000|  0%| F|  |TAMS 0x000000070dc00000| PB 0x000000070dc00000| Untracked |  0
|  74|0x000000070de00000, 0x000000070de00000, 0x000000070e000000|  0%| F|  |TAMS 0x000000070de00000| PB 0x000000070de00000| Untracked |  0
|  75|0x000000070e000000, 0x000000070e000000, 0x000000070e200000|  0%| F|  |TAMS 0x000000070e000000| PB 0x000000070e000000| Untracked |  0
|  76|0x000000070e200000, 0x000000070e200000, 0x000000070e400000|  0%| F|  |TAMS 0x000000070e200000| PB 0x000000070e200000| Untracked |  0
|  77|0x000000070e400000, 0x000000070e400000, 0x000000070e600000|  0%| F|  |TAMS 0x000000070e400000| PB 0x000000070e400000| Untracked |  0
|  78|0x000000070e600000, 0x000000070e600000, 0x000000070e800000|  0%| F|  |TAMS 0x000000070e600000| PB 0x000000070e600000| Untracked |  0
|  79|0x000000070e800000, 0x000000070e800000, 0x000000070ea00000|  0%| F|  |TAMS 0x000000070e800000| PB 0x000000070e800000| Untracked |  0
|  80|0x000000070ea00000, 0x000000070ea00000, 0x000000070ec00000|  0%| F|  |TAMS 0x000000070ea00000| PB 0x000000070ea00000| Untracked |  0
|  81|0x000000070ec00000, 0x000000070ec00000, 0x000000070ee00000|  0%| F|  |TAMS 0x000000070ec00000| PB 0x000000070ec00000| Untracked |  0
|  82|0x000000070ee00000, 0x000000070ee00000, 0x000000070f000000|  0%| F|  |TAMS 0x000000070ee00000| PB 0x000000070ee00000| Untracked |  0
|  83|0x000000070f000000, 0x000000070f000000, 0x000000070f200000|  0%| F|  |TAMS 0x000000070f000000| PB 0x000000070f000000| Untracked |  0
|  84|0x000000070f200000, 0x000000070f200000, 0x000000070f400000|  0%| F|  |TAMS 0x000000070f200000| PB 0x000000070f200000| Untracked |  0
|  85|0x000000070f400000, 0x000000070f400000, 0x000000070f600000|  0%| F|  |TAMS 0x000000070f400000| PB 0x000000070f400000| Untracked |  0
|  86|0x000000070f600000, 0x000000070f600000, 0x000000070f800000|  0%| F|  |TAMS 0x000000070f600000| PB 0x000000070f600000| Untracked |  0
|  87|0x000000070f800000, 0x000000070f800000, 0x000000070fa00000|  0%| F|  |TAMS 0x000000070f800000| PB 0x000000070f800000| Untracked |  0
|  88|0x000000070fa00000, 0x000000070fa00000, 0x000000070fc00000|  0%| F|  |TAMS 0x000000070fa00000| PB 0x000000070fa00000| Untracked |  0
|  89|0x000000070fc00000, 0x000000070fc00000, 0x000000070fe00000|  0%| F|  |TAMS 0x000000070fc00000| PB 0x000000070fc00000| Untracked |  0
|  90|0x000000070fe00000, 0x000000070fe00000, 0x0000000710000000|  0%| F|  |TAMS 0x000000070fe00000| PB 0x000000070fe00000| Untracked |  0
|  91|0x0000000710000000, 0x0000000710000000, 0x0000000710200000|  0%| F|  |TAMS 0x0000000710000000| PB 0x0000000710000000| Untracked |  0
|  92|0x0000000710200000, 0x0000000710200000, 0x0000000710400000|  0%| F|  |TAMS 0x0000000710200000| PB 0x0000000710200000| Untracked |  0
|  93|0x0000000710400000, 0x0000000710400000, 0x0000000710600000|  0%| F|  |TAMS 0x0000000710400000| PB 0x0000000710400000| Untracked |  0
|  94|0x0000000710600000, 0x0000000710600000, 0x0000000710800000|  0%| F|  |TAMS 0x0000000710600000| PB 0x0000000710600000| Untracked |  0
|  95|0x0000000710800000, 0x0000000710800000, 0x0000000710a00000|  0%| F|  |TAMS 0x0000000710800000| PB 0x0000000710800000| Untracked |  0
|  96|0x0000000710a00000, 0x0000000710a00000, 0x0000000710c00000|  0%| F|  |TAMS 0x0000000710a00000| PB 0x0000000710a00000| Untracked |  0
|  97|0x0000000710c00000, 0x0000000710c00000, 0x0000000710e00000|  0%| F|  |TAMS 0x0000000710c00000| PB 0x0000000710c00000| Untracked |  0
|  98|0x0000000710e00000, 0x0000000710e00000, 0x0000000711000000|  0%| F|  |TAMS 0x0000000710e00000| PB 0x0000000710e00000| Untracked |  0
|  99|0x0000000711000000, 0x0000000711200000, 0x0000000711200000|100%| S|CS|TAMS 0x0000000711000000| PB 0x0000000711000000| Complete |  0
| 100|0x0000000711200000, 0x0000000711400000, 0x0000000711400000|100%| S|CS|TAMS 0x0000000711200000| PB 0x0000000711200000| Complete |  0
| 101|0x0000000711400000, 0x0000000711600000, 0x0000000711600000|100%| S|CS|TAMS 0x0000000711400000| PB 0x0000000711400000| Complete |  0
| 102|0x0000000711600000, 0x0000000711600000, 0x0000000711800000|  0%| F|  |TAMS 0x0000000711600000| PB 0x0000000711600000| Untracked |  0
| 103|0x0000000711800000, 0x0000000711800000, 0x0000000711a00000|  0%| F|  |TAMS 0x0000000711800000| PB 0x0000000711800000| Untracked |  0
| 104|0x0000000711a00000, 0x0000000711a00000, 0x0000000711c00000|  0%| F|  |TAMS 0x0000000711a00000| PB 0x0000000711a00000| Untracked |  0
| 105|0x0000000711c00000, 0x0000000711c00000, 0x0000000711e00000|  0%| F|  |TAMS 0x0000000711c00000| PB 0x0000000711c00000| Untracked |  0
| 106|0x0000000711e00000, 0x0000000711e00000, 0x0000000712000000|  0%| F|  |TAMS 0x0000000711e00000| PB 0x0000000711e00000| Untracked |  0
| 107|0x0000000712000000, 0x0000000712000000, 0x0000000712200000|  0%| F|  |TAMS 0x0000000712000000| PB 0x0000000712000000| Untracked |  0
| 108|0x0000000712200000, 0x0000000712200000, 0x0000000712400000|  0%| F|  |TAMS 0x0000000712200000| PB 0x0000000712200000| Untracked |  0
| 109|0x0000000712400000, 0x0000000712400000, 0x0000000712600000|  0%| F|  |TAMS 0x0000000712400000| PB 0x0000000712400000| Untracked |  0
| 110|0x0000000712600000, 0x0000000712600000, 0x0000000712800000|  0%| F|  |TAMS 0x0000000712600000| PB 0x0000000712600000| Untracked |  0
| 111|0x0000000712800000, 0x0000000712800000, 0x0000000712a00000|  0%| F|  |TAMS 0x0000000712800000| PB 0x0000000712800000| Untracked |  0
| 112|0x0000000712a00000, 0x0000000712a00000, 0x0000000712c00000|  0%| F|  |TAMS 0x0000000712a00000| PB 0x0000000712a00000| Untracked |  0
| 113|0x0000000712c00000, 0x0000000712c00000, 0x0000000712e00000|  0%| F|  |TAMS 0x0000000712c00000| PB 0x0000000712c00000| Untracked |  0
| 114|0x0000000712e00000, 0x0000000712e00000, 0x0000000713000000|  0%| F|  |TAMS 0x0000000712e00000| PB 0x0000000712e00000| Untracked |  0
| 115|0x0000000713000000, 0x0000000713000000, 0x0000000713200000|  0%| F|  |TAMS 0x0000000713000000| PB 0x0000000713000000| Untracked |  0
| 116|0x0000000713200000, 0x0000000713200000, 0x0000000713400000|  0%| F|  |TAMS 0x0000000713200000| PB 0x0000000713200000| Untracked |  0
| 117|0x0000000713400000, 0x0000000713400000, 0x0000000713600000|  0%| F|  |TAMS 0x0000000713400000| PB 0x0000000713400000| Untracked |  0
| 118|0x0000000713600000, 0x0000000713600000, 0x0000000713800000|  0%| F|  |TAMS 0x0000000713600000| PB 0x0000000713600000| Untracked |  0
| 119|0x0000000713800000, 0x0000000713800000, 0x0000000713a00000|  0%| F|  |TAMS 0x0000000713800000| PB 0x0000000713800000| Untracked |  0
| 120|0x0000000713a00000, 0x0000000713a00000, 0x0000000713c00000|  0%| F|  |TAMS 0x0000000713a00000| PB 0x0000000713a00000| Untracked |  0
| 121|0x0000000713c00000, 0x0000000713c00000, 0x0000000713e00000|  0%| F|  |TAMS 0x0000000713c00000| PB 0x0000000713c00000| Untracked |  0
| 122|0x0000000713e00000, 0x0000000713e00000, 0x0000000714000000|  0%| F|  |TAMS 0x0000000713e00000| PB 0x0000000713e00000| Untracked |  0
| 123|0x0000000714000000, 0x0000000714000000, 0x0000000714200000|  0%| F|  |TAMS 0x0000000714000000| PB 0x0000000714000000| Untracked |  0
| 124|0x0000000714200000, 0x00000007143ab868, 0x0000000714400000| 83%| E|  |TAMS 0x0000000714200000| PB 0x0000000714200000| Complete |  0
| 125|0x0000000714400000, 0x0000000714600000, 0x0000000714600000|100%| E|CS|TAMS 0x0000000714400000| PB 0x0000000714400000| Complete |  0
|2010|0x00000007ffe00000, 0x00000007fff1d1c0, 0x0000000800000000| 55%| O|  |TAMS 0x00000007ffe00000| PB 0x00000007ffe00000| Untracked |  0

Card table byte_map: [0x000001b7a6940000,0x000001b7a7120000] _byte_map_base: 0x000001b7a311b000

Marking Bits: (CMBitMap*) 0x000001b78bbbe610
 Bits: [0x000001b7a7120000, 0x000001b7aaff8000)

Polling page: 0x000001b78c180000

Metaspace:

Usage:
  Non-class:     10.80 MB used.
      Class:      1.19 MB used.
       Both:     11.99 MB used.

Virtual space:
  Non-class space:       64.00 MB reserved,      10.94 MB ( 17%) committed,  1 nodes.
      Class space:        1.00 GB reserved,       1.31 MB ( <1%) committed,  1 nodes.
             Both:        1.06 GB reserved,      12.25 MB (  1%) committed. 

Chunk freelists:
   Non-Class:  4.84 MB
       Class:  14.66 MB
        Both:  19.50 MB

MaxMetaspaceSize: unlimited
CompressedClassSpaceSize: 1.00 GB
Initial GC threshold: 21.00 MB
Current GC threshold: 21.00 MB
CDS: on
 - commit_granule_bytes: 65536.
 - commit_granule_words: 8192.
 - virtual_space_node_default_size: 8388608.
 - enlarge_chunks_in_place: 1.
UseCompressedClassPointers 1, UseCompactObjectHeaders 0
Narrow klass pointer bits 32, Max shift 3
Narrow klass base: 0x000001b7af000000, Narrow klass shift: 0
Encoding Range: [0x000001b7af000000 - 0x000001b8af000000), (4294967296 bytes)
Klass Range:    [0x000001b7af000000 - 0x000001b7f0000000), (1090519040 bytes)
Klass ID Range:  [8 - 1090519033) (1090519025)


Internal statistics:

num_allocs_failed_limit: 0.
num_arena_births: 216.
num_arena_deaths: 0.
num_vsnodes_births: 2.
num_vsnodes_deaths: 0.
num_space_committed: 196.
num_space_uncommitted: 0.
num_chunks_returned_to_freelist: 0.
num_chunks_taken_from_freelist: 628.
num_chunk_merges: 0.
num_chunk_splits: 407.
num_chunks_enlarged: 289.
num_inconsistent_stats: 0.

CodeHeap 'non-profiled nmethods': size=119232Kb used=606Kb max_used=606Kb free=118625Kb
 bounds [0x000001b79e340000, 0x000001b79e5b0000, 0x000001b7a57b0000]
CodeHeap 'profiled nmethods': size=119104Kb used=3708Kb max_used=3708Kb free=115395Kb
 bounds [0x000001b7967b0000, 0x000001b796b50000, 0x000001b79dc00000]
CodeHeap 'non-nmethods': size=7424Kb used=3133Kb max_used=3161Kb free=4291Kb
 bounds [0x000001b79dc00000, 0x000001b79df20000, 0x000001b79e340000]
CodeCache: size=245760Kb, used=7447Kb, max_used=7475Kb, free=238311Kb
 total_blobs=2752, nmethods=2254, adapters=399, full_count=0
Compilation: enabled, stopped_count=0, restarted_count=0

Compilation events (20 events):
Event: 0.817 Thread 0x000001b7ae0dcd50 nmethod 2113 0x000001b796b0ca88 code [0x000001b796b0cc20, 0x000001b796b0d450]
Event: 0.817 Thread 0x000001b7ae0dc5c0 nmethod 2114 0x000001b79e3cd788 code [0x000001b79e3cd880, 0x000001b79e3cd928]
Event: 0.824 Thread 0x000001b7ae0dcd50 2115       1       java.lang.ClassLoader::getUnnamedModule (5 bytes)
Event: 0.824 Thread 0x000001b7ae0dcd50 nmethod 2115 0x000001b79e3cda88 code [0x000001b79e3cdb80, 0x000001b79e3cdc48]
Event: 0.828 Thread 0x000001b7ae0c32e0 2116       4       java.lang.Class::getName (18 bytes)
Event: 0.829 Thread 0x000001b7ae0c32e0 nmethod 2116 0x000001b79e3cdd88 code [0x000001b79e3cdea0, 0x000001b79e3cdf50]
Event: 0.842 Thread 0x000001b7ae0c32e0 2117       4       java.lang.String::startsWith (123 bytes)
Event: 0.845 Thread 0x000001b7ae0c32e0 nmethod 2117 0x000001b79e3ce088 code [0x000001b79e3ce1a0, 0x000001b79e3ce548]
Event: 0.848 Thread 0x000001b7ae0d9ff0 2118       3       java.lang.Character::isJavaIdentifierPart (5 bytes)
Event: 0.849 Thread 0x000001b7ae0d9ff0 nmethod 2118 0x000001b796b0d488 code [0x000001b796b0d5c0, 0x000001b796b0d810]
Event: 0.849 Thread 0x000001b7ae0c32e0 2119       4       java.lang.ClassLoader::checkName (37 bytes)
Event: 0.850 Thread 0x000001b7ae0c32e0 nmethod 2119 0x000001b79e3ce588 code [0x000001b79e3ce6a0, 0x000001b79e3ce8a8]
Event: 0.860 Thread 0x000001b7ae0dc5c0 2122       3       java.lang.ref.Reference::enqueueFromPending (19 bytes)
Event: 0.860 Thread 0x000001b7ae0d9ff0 2123   !   3       java.lang.ref.ReferenceQueue::enqueue (20 bytes)
Event: 0.860 Thread 0x000001b7ae0dcd50 2124       3       java.lang.ref.ReferenceQueue::enqueue0 (101 bytes)
Event: 0.860 Thread 0x000001b7ae0dc5c0 nmethod 2122 0x000001b796b0d888 code [0x000001b796b0d9a0, 0x000001b796b0dbb0]
Event: 0.860 Thread 0x000001b7ae0d9ff0 nmethod 2123 0x000001b796b0dc08 code [0x000001b796b0dd20, 0x000001b796b0dfe0]
Event: 0.860 Thread 0x000001b7ae0dcd50 nmethod 2124 0x000001b796b0e008 code [0x000001b796b0e160, 0x000001b796b0e750]
Event: 0.861 Thread 0x000001b7ae0c32e0 2125       4       java.lang.CharacterDataLatin1::equalsIgnoreCase (63 bytes)
Event: 0.861 Thread 0x000001b7ae0c32e0 nmethod 2125 0x000001b79e3cef08 code [0x000001b79e3cf000, 0x000001b79e3cf0c0]

GC Heap History (2 events):
Event: 0.856 GC heap before
{Heap before GC invocations=0 (full 0):
 garbage-first heap   total reserved 4118528K, committed 260096K, used 48244K [0x0000000704a00000, 0x0000000800000000)
  region size 2048K, 24 young (49152K), 0 survivors (0K)
 Metaspace       used 11515K, committed 11776K, reserved 1114112K
  class space    used 1156K, committed 1280K, reserved 1048576K
}
Event: 0.860 GC heap after
{Heap after GC invocations=1 (full 0):
 garbage-first heap   total reserved 4118528K, committed 260096K, used 9856K [0x0000000704a00000, 0x0000000800000000)
  region size 2048K, 3 young (6144K), 3 survivors (6144K)
 Metaspace       used 11515K, committed 11776K, reserved 1114112K
  class space    used 1156K, committed 1280K, reserved 1048576K
}

Dll operation events (9 events):
Event: 0.007 Loaded shared library C:\Program Files\Java\jdk-24\bin\java.dll
Event: 0.038 Loaded shared library C:\Program Files\Java\jdk-24\bin\jsvml.dll
Event: 0.121 Loaded shared library C:\Program Files\Java\jdk-24\bin\zip.dll
Event: 0.123 Loaded shared library C:\Program Files\Java\jdk-24\bin\instrument.dll
Event: 0.126 Loaded shared library C:\Program Files\Java\jdk-24\bin\net.dll
Event: 0.127 Loaded shared library C:\Program Files\Java\jdk-24\bin\nio.dll
Event: 0.129 Loaded shared library C:\Program Files\Java\jdk-24\bin\zip.dll
Event: 0.244 Loaded shared library C:\Program Files\Java\jdk-24\bin\extnet.dll
Event: 0.265 Loaded shared library C:\Program Files\Java\jdk-24\bin\jimage.dll

Deoptimization events (20 events):
Event: 0.666 Thread 0x000001b78df1d550 Uncommon trap: trap_request=0xffffff4d fr.pc=0x000001b79e37e87c relative=0x0000000000000a1c
Event: 0.666 Thread 0x000001b78df1d550 Uncommon trap: reason=unstable_if action=reinterpret pc=0x000001b79e37e87c method=java.io.BufferedInputStream.read([BII)I @ 55 c2
Event: 0.666 Thread 0x000001b78df1d550 DEOPT PACKING pc=0x000001b79e37e87c sp=0x000000569c9fdd80
Event: 0.666 Thread 0x000001b78df1d550 DEOPT UNPACKING pc=0x000001b79dd27202 sp=0x000000569c9fdd58 mode 2
Event: 0.668 Thread 0x000001b78df1d550 Uncommon trap: trap_request=0xffffff4d fr.pc=0x000001b79e35af28 relative=0x00000000000000a8
Event: 0.668 Thread 0x000001b78df1d550 Uncommon trap: reason=unstable_if action=reinterpret pc=0x000001b79e35af28 method=java.util.HashMap.hash(Ljava/lang/Object;)I @ 1 c2
Event: 0.668 Thread 0x000001b78df1d550 DEOPT PACKING pc=0x000001b79e35af28 sp=0x000000569c9fe410
Event: 0.668 Thread 0x000001b78df1d550 DEOPT UNPACKING pc=0x000001b79dd27202 sp=0x000000569c9fe3a8 mode 2
Event: 0.811 Thread 0x000001b78df1d550 Uncommon trap: trap_request=0xffffff76 fr.pc=0x000001b79e3ccca0 relative=0x0000000000000100
Event: 0.811 Thread 0x000001b78df1d550 Uncommon trap: reason=predicate action=maybe_recompile pc=0x000001b79e3ccca0 method=java.util.Arrays.fill([Ljava/lang/Object;Ljava/lang/Object;)V @ 7 c2
Event: 0.812 Thread 0x000001b78df1d550 DEOPT PACKING pc=0x000001b79e3ccca0 sp=0x000000569c9fd360
Event: 0.812 Thread 0x000001b78df1d550 DEOPT UNPACKING pc=0x000001b79dd27202 sp=0x000000569c9fd2d8 mode 2
Event: 0.860 Thread 0x000001b78df1d550 Uncommon trap: trap_request=0xffffff4d fr.pc=0x000001b79e3ca71c relative=0x000000000000009c
Event: 0.860 Thread 0x000001b78df1d550 Uncommon trap: reason=unstable_if action=reinterpret pc=0x000001b79e3ca71c method=java.lang.ref.SoftReference.get()Ljava/lang/Object; @ 17 c2
Event: 0.860 Thread 0x000001b78df1d550 DEOPT PACKING pc=0x000001b79e3ca71c sp=0x000000569c9fdac0
Event: 0.860 Thread 0x000001b78df1d550 DEOPT UNPACKING pc=0x000001b79dd27202 sp=0x000000569c9fda50 mode 2
Event: 0.861 Thread 0x000001b78df1d550 Uncommon trap: trap_request=0xffffff4d fr.pc=0x000001b79e39e1ec relative=0x0000000000000dec
Event: 0.861 Thread 0x000001b78df1d550 Uncommon trap: reason=unstable_if action=reinterpret pc=0x000001b79e39e1ec method=java.util.concurrent.ConcurrentHashMap.addCount(JI)V @ 171 c2
Event: 0.861 Thread 0x000001b78df1d550 DEOPT PACKING pc=0x000001b79e39e1ec sp=0x000000569c9fd490
Event: 0.861 Thread 0x000001b78df1d550 DEOPT UNPACKING pc=0x000001b79dd27202 sp=0x000000569c9fd340 mode 2

Classes loaded (20 events):
Event: 0.807 Loading class java/beans/FeatureDescriptor done
Event: 0.807 Loading class java/beans/EventSetDescriptor done
Event: 0.807 Loading class java/beans/Introspector$1
Event: 0.807 Loading class jdk/internal/access/JavaBeansAccess
Event: 0.807 Loading class jdk/internal/access/JavaBeansAccess done
Event: 0.807 Loading class java/beans/Introspector$1 done
Event: 0.810 Loading class sun/reflect/generics/scope/MethodScope
Event: 0.810 Loading class sun/reflect/generics/scope/MethodScope done
Event: 0.810 Loading class sun/reflect/generics/repository/MethodRepository
Event: 0.810 Loading class sun/reflect/generics/repository/MethodRepository done
Event: 0.810 Loading class java/util/AbstractList$ListItr
Event: 0.810 Loading class java/util/AbstractList$Itr
Event: 0.810 Loading class java/util/AbstractList$Itr done
Event: 0.810 Loading class java/util/AbstractList$ListItr done
Event: 0.848 Loading class java/io/NotSerializableException
Event: 0.848 Loading class java/io/NotSerializableException done
Event: 0.849 Loading class java/util/concurrent/CompletionException
Event: 0.849 Loading class java/util/concurrent/CompletionException done
Event: 0.861 Loading class java/lang/reflect/MalformedParametersException
Event: 0.861 Loading class java/lang/reflect/MalformedParametersException done

Classes unloaded (0 events):
No events

Classes redefined (0 events):
No events

Internal exceptions (20 events):
Event: 0.668 Thread 0x000001b78df1d550 Implicit null exception at 0x000001b79e35ae9d to 0x000001b79e35af19
Event: 0.670 Thread 0x000001b78df1d550 Exception <a 'java/lang/NoSuchMethodError'{0x0000000712517260}: 'java.lang.Object java.lang.invoke.DirectMethodHandle$Holder.invokeStaticInit(java.lang.Object, java.lang.Object, java.lang.Object, java.lang.Object, java.lang.Object, java.lang.Object, java.lang.Object)'> (0x0000000712517260) 
thrown [s\open\src\hotspot\share\interpreter\linkResolver.cpp, line 805]
Event: 0.671 Thread 0x000001b78df1d550 Exception <a 'java/lang/NoSuchMethodError'{0x0000000712532dd0}: 'int java.lang.invoke.DirectMethodHandle$Holder.invokeStaticInit(java.lang.Object, int, int)'> (0x0000000712532dd0) 
thrown [s\open\src\hotspot\share\interpreter\linkResolver.cpp, line 805]
Event: 0.671 Thread 0x000001b78df1d550 Exception <a 'java/lang/NoSuchMethodError'{0x00000007125434f8}: 'int java.lang.invoke.DirectMethodHandle$Holder.invokeStaticInit(java.lang.Object, long, long)'> (0x00000007125434f8) 
thrown [s\open\src\hotspot\share\interpreter\linkResolver.cpp, line 805]
Event: 0.672 Thread 0x000001b78df1d550 Exception <a 'java/lang/NoSuchMethodError'{0x00000007125534f0}: 'int java.lang.invoke.DirectMethodHandle$Holder.invokeStaticInit(java.lang.Object, float, float)'> (0x00000007125534f0) 
thrown [s\open\src\hotspot\share\interpreter\linkResolver.cpp, line 805]
Event: 0.672 Thread 0x000001b78df1d550 Exception <a 'java/lang/NoSuchMethodError'{0x00000007125634e0}: 'int java.lang.invoke.DirectMethodHandle$Holder.invokeStaticInit(java.lang.Object, double, double)'> (0x00000007125634e0) 
thrown [s\open\src\hotspot\share\interpreter\linkResolver.cpp, line 805]
Event: 0.673 Thread 0x000001b78df1d550 Exception <a 'java/lang/NoSuchMethodError'{0x000000071256c280}: 'int java.lang.invoke.DirectMethodHandle$Holder.invokeStatic(java.lang.Object, long)'> (0x000000071256c280) 
thrown [s\open\src\hotspot\share\interpreter\linkResolver.cpp, line 805]
Event: 0.674 Thread 0x000001b78df1d550 Exception <a 'java/lang/NoSuchMethodError'{0x0000000712584d30}: 'java.lang.Object java.lang.invoke.DirectMethodHandle$Holder.invokeStatic(java.lang.Object, long)'> (0x0000000712584d30) 
thrown [s\open\src\hotspot\share\interpreter\linkResolver.cpp, line 805]
Event: 0.674 Thread 0x000001b78df1d550 Exception <a 'java/lang/NoSuchMethodError'{0x000000071258d308}: 'java.lang.Object java.lang.invoke.DirectMethodHandle$Holder.invokeStatic(java.lang.Object, float)'> (0x000000071258d308) 
thrown [s\open\src\hotspot\share\interpreter\linkResolver.cpp, line 805]
Event: 0.677 Thread 0x000001b78df1d550 Exception <a 'java/lang/NoSuchMethodError'{0x00000007125ce718}: 'int java.lang.invoke.Invokers$Holder.linkToTargetMethod(java.lang.Object, java.lang.Object)'> (0x00000007125ce718) 
thrown [s\open\src\hotspot\share\interpreter\linkResolver.cpp, line 805]
Event: 0.687 Thread 0x000001b78df1d550 Exception <a 'java/lang/NoSuchMethodError'{0x00000007122716e0}: 'java.lang.Object java.lang.invoke.DirectMethodHandle$Holder.newInvokeSpecial(java.lang.Object, java.lang.Object, java.lang.Object, int, java.lang.Object)'> (0x00000007122716e0) 
thrown [s\open\src\hotspot\share\interpreter\linkResolver.cpp, line 805]
Event: 0.688 Thread 0x000001b78df1d550 Exception <a 'java/lang/NoSuchMethodError'{0x0000000712281da8}: 'java.lang.Object java.lang.invoke.Invokers$Holder.linkToTargetMethod(java.lang.Object, java.lang.Object, int, java.lang.Object, java.lang.Object)'> (0x0000000712281da8) 
thrown [s\open\src\hotspot\share\interpreter\linkResolver.cpp, line 805]
Event: 0.689 Thread 0x000001b78df1d550 Exception <a 'java/lang/NoSuchMethodError'{0x000000071229d650}: 'java.lang.Object java.lang.invoke.DirectMethodHandle$Holder.newInvokeSpecial(java.lang.Object, int, java.lang.Object)'> (0x000000071229d650) 
thrown [s\open\src\hotspot\share\interpreter\linkResolver.cpp, line 805]
Event: 0.689 Thread 0x000001b78df1d550 Exception <a 'java/lang/NoSuchMethodError'{0x00000007122a6d20}: 'int java.lang.invoke.DirectMethodHandle$Holder.invokeSpecialIFC(java.lang.Object, java.lang.Object, java.lang.Object, java.lang.Object)'> (0x00000007122a6d20) 
thrown [s\open\src\hotspot\share\interpreter\linkResolver.cpp, line 805]
Event: 0.705 Thread 0x000001b78df1d550 Exception <a 'java/lang/NoSuchMethodError'{0x00000007123870b0}: 'void java.lang.invoke.DirectMethodHandle$Holder.invokeInterface(java.lang.Object, java.lang.Object, java.lang.Object)'> (0x00000007123870b0) 
thrown [s\open\src\hotspot\share\interpreter\linkResolver.cpp, line 805]
Event: 0.718 Thread 0x000001b78df1d550 Exception <a 'java/lang/NoSuchMethodError'{0x0000000712015b18}: 'void java.lang.invoke.DirectMethodHandle$Holder.invokeStaticInit(java.lang.Object, java.lang.Object, java.lang.Object)'> (0x0000000712015b18) 
thrown [s\open\src\hotspot\share\interpreter\linkResolver.cpp, line 805]
Event: 0.722 Thread 0x000001b78df1d550 Exception <a 'java/lang/NoSuchMethodError'{0x00000007120659d8}: 'java.lang.Object java.lang.invoke.DirectMethodHandle$Holder.invokeVirtual(java.lang.Object, java.lang.Object, java.lang.Object)'> (0x00000007120659d8) 
thrown [s\open\src\hotspot\share\interpreter\linkResolver.cpp, line 805]
Event: 0.737 Thread 0x000001b78df1d550 Exception <a 'java/lang/NoSuchMethodError'{0x0000000712147ed0}: 'void java.lang.invoke.DirectMethodHandle$Holder.invokeVirtual(java.lang.Object, java.lang.Object, java.lang.Object, java.lang.Object)'> (0x0000000712147ed0) 
thrown [s\open\src\hotspot\share\interpreter\linkResolver.cpp, line 805]
Event: 0.811 Thread 0x000001b78df1d550 Exception <a 'java/lang/IncompatibleClassChangeError'{0x0000000711b59bc8}: Found class java.lang.Object, but interface was expected> (0x0000000711b59bc8) 
thrown [s\open\src\hotspot\share\interpreter\linkResolver.cpp, line 872]
Event: 0.815 Thread 0x000001b78df1d550 Exception <a 'java/lang/NoSuchMethodError'{0x0000000711b71a58}: 'int java.lang.invoke.DirectMethodHandle$Holder.invokeVirtual(java.lang.Object, java.lang.Object)'> (0x0000000711b71a58) 
thrown [s\open\src\hotspot\share\interpreter\linkResolver.cpp, line 805]

VM Operations (20 events):
Event: 0.113 Executing VM operation: HandshakeAllThreads (Deoptimize)
Event: 0.113 Executing VM operation: HandshakeAllThreads (Deoptimize) done
Event: 0.285 Executing VM operation: HandshakeAllThreads (Deoptimize)
Event: 0.285 Executing VM operation: HandshakeAllThreads (Deoptimize) done
Event: 0.314 Executing VM operation: HandshakeAllThreads (Deoptimize)
Event: 0.314 Executing VM operation: HandshakeAllThreads (Deoptimize) done
Event: 0.330 Executing VM operation: HandshakeAllThreads (Deoptimize)
Event: 0.330 Executing VM operation: HandshakeAllThreads (Deoptimize) done
Event: 0.444 Executing VM operation: HandshakeAllThreads (Deoptimize)
Event: 0.444 Executing VM operation: HandshakeAllThreads (Deoptimize) done
Event: 0.526 Executing VM operation: HandshakeAllThreads (Deoptimize)
Event: 0.526 Executing VM operation: HandshakeAllThreads (Deoptimize) done
Event: 0.779 Executing VM operation: HandshakeAllThreads (Deoptimize)
Event: 0.779 Executing VM operation: HandshakeAllThreads (Deoptimize) done
Event: 0.781 Executing VM operation: HandshakeAllThreads (Deoptimize)
Event: 0.781 Executing VM operation: HandshakeAllThreads (Deoptimize) done
Event: 0.781 Executing VM operation: HandshakeAllThreads (Deoptimize)
Event: 0.781 Executing VM operation: HandshakeAllThreads (Deoptimize) done
Event: 0.856 Executing VM operation: G1CollectForAllocation (G1 Evacuation Pause)
Event: 0.860 Executing VM operation: G1CollectForAllocation (G1 Evacuation Pause) done

Memory protections (0 events):
No events

Nmethod flushes (0 events):
No events

Events (17 events):
Event: 0.027 Thread 0x000001b78df1d550 Thread added: 0x000001b78df1d550
Event: 0.036 Thread 0x000001b78df1d550 Thread added: 0x000001b7ae0ba0d0
Event: 0.036 Thread 0x000001b78df1d550 Thread added: 0x000001b7ae0ba810
Event: 0.036 Thread 0x000001b78df1d550 Thread added: 0x000001b7ae0bcf60
Event: 0.036 Thread 0x000001b78df1d550 Thread added: 0x000001b7ae0bdcb0
Event: 0.036 Thread 0x000001b78df1d550 Thread added: 0x000001b7ae0bea00
Event: 0.036 Thread 0x000001b78df1d550 Thread added: 0x000001b7ae0bf750
Event: 0.036 Thread 0x000001b78df1d550 Thread added: 0x000001b7ae0c32e0
Event: 0.036 Thread 0x000001b78df1d550 Thread added: 0x000001b7ae0da780
Event: 0.113 Thread 0x000001b7ae0da780 Thread added: 0x000001b7ae0d9ff0
Event: 0.113 Thread 0x000001b7ae0d9ff0 Thread added: 0x000001b7ae0dcd50
Event: 0.117 Thread 0x000001b7ae0da780 Thread added: 0x000001b7ae0daf10
Event: 0.125 Thread 0x000001b78df1d550 Thread added: 0x000001b7ae37e800
Event: 0.178 Thread 0x000001b7ae0d9ff0 Thread added: 0x000001b7ae0dc5c0
Event: 0.238 Thread 0x000001b78df1d550 Thread added: 0x000001b7ae6e1210
Event: 0.238 Thread 0x000001b78df1d550 Thread added: 0x000001b7ae614550
Event: 0.800 Thread 0x000001b78df1d550 Thread added: 0x000001b7f42085b0


Dynamic libraries:
0x00007ff6d1a30000 - 0x00007ff6d1a40000 	C:\Program Files\Java\jdk-24\bin\java.exe
0x00007ffc52860000 - 0x00007ffc52ac7000 	C:\WINDOWS\SYSTEM32\ntdll.dll
0x00007ffc51a40000 - 0x00007ffc51b09000 	C:\WINDOWS\System32\KERNEL32.DLL
0x00007ffc4fbe0000 - 0x00007ffc4ffcf000 	C:\WINDOWS\System32\KERNELBASE.dll
0x00007ffc4ffe0000 - 0x00007ffc5012b000 	C:\WINDOWS\System32\ucrtbase.dll
0x00007ffc1e3f0000 - 0x00007ffc1e406000 	C:\Program Files\Java\jdk-24\bin\jli.dll
0x00007ffc347a0000 - 0x00007ffc347bb000 	C:\Program Files\Java\jdk-24\bin\VCRUNTIME140.dll
0x00007ffc508e0000 - 0x00007ffc50aa5000 	C:\WINDOWS\System32\USER32.dll
0x00007ffc505d0000 - 0x00007ffc505f7000 	C:\WINDOWS\System32\win32u.dll
0x00007ffc37d40000 - 0x00007ffc37fd3000 	C:\WINDOWS\WinSxS\amd64_microsoft.windows.common-controls_6595b64144ccf1df_6.0.26100.7309_none_3e05feeae336a044\COMCTL32.dll
0x00007ffc50ab0000 - 0x00007ffc50adb000 	C:\WINDOWS\System32\GDI32.dll
0x00007ffc51de0000 - 0x00007ffc51e89000 	C:\WINDOWS\System32\msvcrt.dll
0x00007ffc502a0000 - 0x00007ffc503cc000 	C:\WINDOWS\System32\gdi32full.dll
0x00007ffc4fb30000 - 0x00007ffc4fbd3000 	C:\WINDOWS\System32\msvcp_win.dll
0x00007ffc51c50000 - 0x00007ffc51c81000 	C:\WINDOWS\System32\IMM32.DLL
0x00007ffc4c3e0000 - 0x00007ffc4c3ec000 	C:\Program Files\Java\jdk-24\bin\vcruntime140_1.dll
0x00007ffc07df0000 - 0x00007ffc07e7e000 	C:\Program Files\Java\jdk-24\bin\msvcp140.dll
0x00007ffb85920000 - 0x00007ffb866c2000 	C:\Program Files\Java\jdk-24\bin\server\jvm.dll
0x00007ffc51980000 - 0x00007ffc51a34000 	C:\WINDOWS\System32\ADVAPI32.dll
0x00007ffc51c90000 - 0x00007ffc51d36000 	C:\WINDOWS\System32\sechost.dll
0x00007ffc51860000 - 0x00007ffc51978000 	C:\WINDOWS\System32\RPCRT4.dll
0x00007ffc52690000 - 0x00007ffc52704000 	C:\WINDOWS\System32\WS2_32.dll
0x00007ffc4f810000 - 0x00007ffc4f86e000 	C:\WINDOWS\SYSTEM32\POWRPROF.dll
0x00007ffc389b0000 - 0x00007ffc389e5000 	C:\WINDOWS\SYSTEM32\WINMM.dll
0x00007ffc49720000 - 0x00007ffc4972b000 	C:\WINDOWS\SYSTEM32\VERSION.dll
0x00007ffc4f7f0000 - 0x00007ffc4f804000 	C:\WINDOWS\SYSTEM32\UMPDC.dll
0x00007ffc4e740000 - 0x00007ffc4e75b000 	C:\WINDOWS\SYSTEM32\kernel.appcore.dll
0x00007ffc18c60000 - 0x00007ffc18c6a000 	C:\Program Files\Java\jdk-24\bin\jimage.dll
0x00007ffc4d0c0000 - 0x00007ffc4d302000 	C:\WINDOWS\SYSTEM32\DBGHELP.DLL
0x00007ffc51e90000 - 0x00007ffc52216000 	C:\WINDOWS\System32\combase.dll
0x00007ffc523c0000 - 0x00007ffc52496000 	C:\WINDOWS\System32\OLEAUT32.dll
0x00007ffc35ba0000 - 0x00007ffc35bdc000 	C:\WINDOWS\SYSTEM32\dbgcore.DLL
0x00007ffc503d0000 - 0x00007ffc50475000 	C:\WINDOWS\System32\bcryptPrimitives.dll
0x00007ffc18c50000 - 0x00007ffc18c5f000 	C:\Program Files\Java\jdk-24\bin\instrument.dll
0x00007ffc18c30000 - 0x00007ffc18c4e000 	C:\Program Files\Java\jdk-24\bin\java.dll
0x00007ffc52220000 - 0x00007ffc523b7000 	C:\WINDOWS\System32\ole32.dll
0x00007ffc50af0000 - 0x00007ffc51243000 	C:\WINDOWS\System32\SHELL32.dll
0x00007ffc50130000 - 0x00007ffc5029a000 	C:\WINDOWS\System32\wintypes.dll
0x00007ffc4d590000 - 0x00007ffc4ddee000 	C:\WINDOWS\SYSTEM32\windows.storage.dll
0x00007ffc524c0000 - 0x00007ffc525b5000 	C:\WINDOWS\System32\SHCORE.dll
0x00007ffc525c0000 - 0x00007ffc52626000 	C:\WINDOWS\System32\shlwapi.dll
0x00007ffc4f8d0000 - 0x00007ffc4f8f9000 	C:\WINDOWS\SYSTEM32\profapi.dll
0x00007ffbf0dc0000 - 0x00007ffbf0e97000 	C:\Program Files\Java\jdk-24\bin\jsvml.dll
0x00007ffc17e80000 - 0x00007ffc17e97000 	C:\Program Files\Java\jdk-24\bin\zip.dll
0x00007ffc18c20000 - 0x00007ffc18c30000 	C:\Program Files\Java\jdk-24\bin\net.dll
0x00007ffc4ecd0000 - 0x00007ffc4ed3b000 	C:\WINDOWS\system32\mswsock.dll
0x00007ffc18c00000 - 0x00007ffc18c16000 	C:\Program Files\Java\jdk-24\bin\nio.dll
0x00007ffc18860000 - 0x00007ffc18869000 	C:\Program Files\Java\jdk-24\bin\extnet.dll

JVMTI agents:
C:\Program Files\JetBrains\IntelliJ IDEA Community Edition 2025.1.3\lib\idea_rt.jar path:C:\Program Files\Java\jdk-24\bin\instrument.dll, loaded, initialized, instrumentlib options:64412

dbghelp: loaded successfully - version: 4.0.5 - missing functions: none
symbol engine: initialized successfully - sym options: 0x614 - pdb path: .;C:\Program Files\Java\jdk-24\bin;C:\WINDOWS\SYSTEM32;C:\WINDOWS\WinSxS\amd64_microsoft.windows.common-controls_6595b64144ccf1df_6.0.26100.7309_none_3e05feeae336a044;C:\Program Files\Java\jdk-24\bin\server

VM Arguments:
jvm_args: -javaagent:C:\Program Files\JetBrains\IntelliJ IDEA Community Edition 2025.1.3\lib\idea_rt.jar=64412 -Dfile.encoding=UTF-8 -Dsun.stdout.encoding=UTF-8 -Dsun.stderr.encoding=UTF-8 
java_command: e_commerce.api.e_commerce.ECommerceApplication
java_class_path (initial): C:\Users\M.S.I\Documents\E-commerce-API\e-commerce\target\classes;C:\Users\M.S.I\.m2\repository\org\springframework\boot\spring-boot-starter-webmvc\4.0.0\spring-boot-starter-webmvc-4.0.0.jar;C:\Users\M.S.I\.m2\repository\org\springframework\boot\spring-boot-starter\4.0.0\spring-boot-starter-4.0.0.jar;C:\Users\M.S.I\.m2\repository\org\springframework\boot\spring-boot-starter-logging\4.0.0\spring-boot-starter-logging-4.0.0.jar;C:\Users\M.S.I\.m2\repository\ch\qos\logback\logback-classic\1.5.21\logback-classic-1.5.21.jar;C:\Users\M.S.I\.m2\repository\ch\qos\logback\logback-core\1.5.21\logback-core-1.5.21.jar;C:\Users\M.S.I\.m2\repository\org\apache\logging\log4j\log4j-to-slf4j\2.25.2\log4j-to-slf4j-2.25.2.jar;C:\Users\M.S.I\.m2\repository\org\apache\logging\log4j\log4j-api\2.25.2\log4j-api-2.25.2.jar;C:\Users\M.S.I\.m2\repository\org\slf4j\jul-to-slf4j\2.0.17\jul-to-slf4j-2.0.17.jar;C:\Users\M.S.I\.m2\repository\org\springframework\boot\spring-boot-autoconfigure\4.0.0\spring-boot-autoconfigure-4.0.0.jar;C:\Users\M.S.I\.m2\repository\jakarta\annotation\jakarta.annotation-api\3.0.0\jakarta.annotation-api-3.0.0.jar;C:\Users\M.S.I\.m2\repository\org\yaml\snakeyaml\2.5\snakeyaml-2.5.jar;C:\Users\M.S.I\.m2\repository\org\springframework\boot\spring-boot-starter-jackson\4.0.0\spring-boot-starter-jackson-4.0.0.jar;C:\Users\M.S.I\.m2\repository\org\springframework\boot\spring-boot-jackson\4.0.0\spring-boot-jackson-4.0.0.jar;C:\Users\M.S.I\.m2\repository\tools\jackson\core\jackson-databind\3.0.2\jackson-databind-3.0.2.jar;C:\Users\M.S.I\.m2\repository\tools\jackson\core\jackson-core\3.0.2\jackson-core-3.0.2.jar;C:\Users\M.S.I\.m2\repository\org\springframework\boot\spring-boot-starter-tomcat\4.0.0\spring-boot-starter-tomcat-4.0.0.jar;C:\Users\M.S.I\.m2\repository\org\springframework\boot\spring-boot-starter-tomcat-runtime\4.0.0\spring-boot-starter-tomcat-runtime-4.0.0.jar;C:\Users\M.S.I\.m2\repository\org\apache\tomcat\embed\tomcat-embed-core\11.0.14\tomcat-embed-core-11.0.14.jar;C:\Users\M.S.I\.m2\repository\org\apache\tomcat\embed\tomcat-embed-el\11.0.14\tomcat-embed-el-11.0.14.jar;C:\Users\M.S.I\.m2\repository\org\apache\tomcat\embed\tomcat-embed-websocket\11.0.14\tomcat-embed-websocket-11.0.14.jar;C:\Users\M.S.I\.m2\repository\org\springframework\boot\spring-boot-tomcat\4.0.0\spring-boot-tomcat-4.0.0.jar;C:\Users\M.S.I\.m2\repository\org\springframework\boot\spring-boot-http-converter\4.0.0\spring-boot-http-converter-4.0.0.jar;C:\Users\M.S.I\.m2\repository\org\springframework\boot\spring-boot\4.0.0\spring-boot-4.0.0.jar;C:\Users\M.S.I\.m2\repository\org\springframework\spring-context\7.0.1\spring-context-7.0.1.jar;C:\Users\M.S.I\.m2\repository\org\springframework\spring-web\7.0.1\spring-web-7.0.1.jar;C:\Users\M.S.I\.m2\repository\org\springframework\spring-beans\7.0.1\spring-beans-7.0.1.jar;C:\Users\M.S.I\.m2\repository\io\micrometer\micrometer-observation\1.16.0\micrometer-observation-1.16.0.jar;C:\Users\M.S.I\.m2\repository\io\micrometer\micrometer-commons\1.16.0\micrometer-commons-1.16.0.jar;C:\Users\M.S.I\.m2\repository\org\springframework\boot\spring-boot-webmvc\4.0.0\spring-boot-webmvc-4.0.0.jar;C:\Users\M.S.I\.m2\repository\org\springframework\boot\spring-boot-servlet\4.0.0\spring-boot-servlet-4.0.0.jar;C:\Users\M.S.I\.m2\repository\org\springframework\spring-webmvc\7.0.1\spring-webmvc-7.0.1.jar;C:\Users\M.S.I\.m2\repository\org\springframework\spring-aop\7.0.1\spring-aop-7.0.1.jar;C:\Users\M.S.I\.m2\repository\org\springframework\spring-expression\7.0.1\spring-expression-7.0.1.jar;C:\Users\M.S.I\.m2\repository\org\slf4j\slf4j-api\2.0.17\slf4j-api-2.0.17.jar;C:\Users\M.S.I\.m2\repository\jakarta\xml\bind\jakarta.xml.bind-api\4.0.4\jakarta.xml.bind-api-4.0.4.jar;C:\Users\M.S.I\.m2\repository\jakarta\activation\jakarta.activation-api\2.1.4\jakarta.activation-api-2.1.4.jar;C:\Users\M.S.I\.m2\repository\net\bytebuddy\byte-buddy\1.17.8\byte-buddy-1.17.8.jar;C:\Users\M.S.I\.m2\repository\org\springframework\spring-core\7.0.1\spring-core-7.0.1.jar;C:\Users\M.S.I\.m2\repository\commons-logging\commons-logging\1.3.5\commons-logging-1.3.5.jar;C:\Users\M.S.I\.m2\repository\org\jspecify\jspecify\1.0.0\jspecify-1.0.0.jar;C:\Users\M.S.I\.m2\repository\org\springframework\boot\spring-boot-web-server\4.0.0\spring-boot-web-server-4.0.0.jar;C:\Users\M.S.I\.m2\repository\org\springframework\boot\spring-boot-starter-web\4.0.0\spring-boot-starter-web-4.0.0.jar;C:\Users\M.S.I\.m2\repository\org\springframework\boot\spring-boot-starter-data-jpa\4.0.0\spring-boot-starter-data-jpa-4.0.0.jar;C:\Users\M.S.I\.m2\repository\org\springframework\boot\spring-boot-starter-jdbc\4.0.0\spring-boot-starter-jdbc-4.0.0.jar;C:\Users\M.S.I\.m2\repository\com\zaxxer\HikariCP\7.0.2\HikariCP-7.0.2.jar;C:\Users\M.S.I\.m2\repository\org\springframework\boot\spring-boot-data-jpa\4.0.0\spring-boot-data-jpa-4.0.0.jar;C:\Users\M.S.I\.m2\repository\org\springframework\boot\spring-boot-data-commons\4.0.0\spring-boot-data-commons-4.0.0.jar;C:\Users\M.S.I\.m2\repository\org\springframework\boot\spring-boot-persistence\4.0.0\spring-boot-persistence-4.0.0.jar;C:\Users\M.S.I\.m2\repository\org\springframework\data\spring-data-commons\4.0.0\spring-data-commons-4.0.0.jar;C:\Users\M.S.I\.m2\repository\org\springframework\boot\spring-boot-hibernate\4.0.0\spring-boot-hibernate-4.0.0.jar;C:\Users\M.S.I\.m2\repository\org\springframework\boot\spring-boot-jpa\4.0.0\spring-boot-jpa-4.0.0.jar;C:\Users\M.S.I\.m2\repository\jakarta\persistence\jakarta.persistence-api\3.2.0\jakarta.persistence-api-3.2.0.jar;C:\Users\M.S.I\.m2\repository\org\hibernate\orm\hibernate-core\7.1.8.Final\hibernate-core-7.1.8.Final.jar;C:\Users\M.S.I\.m2\repository\jakarta\transaction\jakarta.transaction-api\2.0.1\jakarta.transaction-api-2.0.1.jar;C:\Users\M.S.I\.m2\repository\org\jboss\logging\jboss-logging\3.6.1.Final\jboss-logging-3.6.1.Final.jar;C:\Users\M.S.I\.m2\repository\org\hibernate\models\hibernate-models\1.0.1\hibernate-models-1.0.1.jar;C:\Users\M.S.I\.m2\repository\com\fasterxml\classmate\1.7.1\classmate-1.7.1.jar;C:\Users\M.S.I\.m2\repository\org\glassfish\jaxb\jaxb-runtime\4.0.6\jaxb-runtime-4.0.6.jar;C:\Users\M.S.I\.m2\repository\org\glassfish\jaxb\jaxb-core\4.0.6\jaxb-core-4.0.6.jar;C:\Users\M.S.I\.m2\repository\org\eclipse\angus\angus-activation\2.0.3\angus-activation-2.0.3.jar;C:\Users\M.S.I\.m2\repository\org\glassfish\jaxb\txw2\4.0.6\txw2-4.0.6.jar;C:\Users\M.S.I\.m2\repository\com\sun\istack\istack-commons-runtime\4.1.2\istack-commons-runtime-4.1.2.jar;C:\Users\M.S.I\.m2\repository\jakarta\inject\jakarta.inject-api\2.0.1\jakarta.inject-api-2.0.1.jar;C:\Users\M.S.I\.m2\repository\org\springframework\spring-orm\7.0.1\spring-orm-7.0.1.jar;C:\Users\M.S.I\.m2\repository\org\springframework\data\spring-data-jpa\4.0.0\spring-data-jpa-4.0.0.jar;C:\Users\M.S.I\.m2\repository\org\springframework\spring-tx\7.0.1\spring-tx-7.0.1.jar;C:\Users\M.S.I\.m2\repository\org\antlr\antlr4-runtime\4.13.2\antlr4-runtime-4.13.2.jar;C:\Users\M.S.I\.m2\repository\org\springframework\spring-aspects\7.0.1\spring-aspects-7.0.1.jar;C:\Users\M.S.I\.m2\repository\org\aspectj\aspectjweaver\1.9.25\aspectjweaver-1.9.25.jar;C:\Users\M.S.I\.m2\repository\org\springframework\boot\spring-boot-jdbc\4.0.0\spring-boot-jdbc-4.0.0.jar;C:\Users\M.S.I\.m2\repository\org\springframework\boot\spring-boot-sql\4.0.0\spring-boot-sql-4.0.0.jar;C:\Users\M.S.I\.m2\repository\org\springframework\boot\spring-boot-transaction\4.0.0\spring-boot-transaction-4.0.0.jar;C:\Users\M.S.I\.m2\repository\org\springframework\spring-jdbc\7.0.1\spring-jdbc-7.0.1.jar;C:\Users\M.S.I\.m2\repository\com\mysql\mysql-connector-j\9.5.0\mysql-connector-j-9.5.0.jar;C:\Users\M.S.I\.m2\repository\org\flywaydb\flyway-core\11.14.1\flyway-core-11.14.1.jar;C:\Users\M.S.I\.m2\repository\com\fasterxml\jackson\core\jackson-databind\2.20.1\jackson-databind-2.20.1.jar;C:\Users\M.S.I\.m2\repository\com\fasterxml\jackson\core\jackson-annotations\2.20\jackson-annotations-2.20.jar;C:\Users\M.S.I\.m2\repository\com\fasterxml\jackson\core\jackson-core\2.20.1\jackson-core-2.20.1.jar
Launcher Type: SUN_STANDARD

[Global flags]
     intx CICompilerCount                          = 12                                        {product} {ergonomic}
     uint ConcGCThreads                            = 3                                         {product} {ergonomic}
     uint G1ConcRefinementThreads                  = 13                                        {product} {ergonomic}
   size_t G1HeapRegionSize                         = 2097152                                   {product} {ergonomic}
   size_t InitialHeapSize                          = 264241152                                 {product} {ergonomic}
   size_t MarkStackSize                            = 4194304                                   {product} {ergonomic}
   size_t MarkStackSizeMax                         = 536870912                                 {product} {ergonomic}
   size_t MaxHeapSize                              = 4217372672                                {product} {ergonomic}
   size_t MaxNewSize                               = 2529165312                                {product} {ergonomic}
   size_t MinHeapDeltaBytes                        = 2097152                                   {product} {ergonomic}
   size_t MinHeapSize                              = 8388608                                   {product} {ergonomic}
    uintx NonNMethodCodeHeapSize                   = 7602176                                {pd product} {ergonomic}
    uintx NonProfiledCodeHeapSize                  = 122093568                              {pd product} {ergonomic}
    uintx ProfiledCodeHeapSize                     = 121962496                              {pd product} {ergonomic}
    uintx ReservedCodeCacheSize                    = 251658240                              {pd product} {ergonomic}
     bool SegmentedCodeCache                       = true                                      {product} {ergonomic}
   size_t SoftMaxHeapSize                          = 4217372672                             {manageable} {ergonomic}
     bool UseCompressedOops                        = true                           {product lp64_product} {ergonomic}
     bool UseG1GC                                  = true                                      {product} {ergonomic}
     bool UseLargePagesIndividualAllocation        = false                                  {pd product} {ergonomic}

Logging:
Log output configuration:
 #0: stdout all=warning uptime,level,tags foldmultilines=false
 #1: stderr all=off uptime,level,tags foldmultilines=false

Environment Variables:
JAVA_HOME=C:\Program Files\Java\jdk-17
PATH=C:\Program Files\Git\usr\local\bin;C:\Program Files\Git\bin;C:\Program Files\Eclipse Adoptium\jdk-11.0.24.8-hotspot\bin;C:\Program Files\Eclipse Adoptium\jdk-17.0.15.6-hotspot\bin;C:\Program Files\Java\jdk-24\bin;C:\Program Files\apache-maven-3.9.9\bin;C:\Windows\System32;C:\Program Files\Java\jdk-24\bin;C:\Program Files\nodejs\;C:\Program Files\Git\cmd;C:\Users\M.S.I\AppData\Local\Programs\Python\Python311\Scripts\;C:\Users\M.S.I\AppData\Local\Programs\Python\Python311\;C:\Users\M.S.I\AppData\Local\Microsoft\WindowsApps;C:\Users\M.S.I\AppData\Local\JetBrains\Toolbox\scripts;C:\Program Files\JetBrains\IntelliJ IDEA Community Edition 2025.1.3\bin;;C:\Program Files\JetBrains\PyCharm Community Edition 2023.1.1\bin;;C:\Program Files\JetBrains\IntelliJ IDEA 2025.1.3\bin;;C:\Program Files\Azure Data Studio\bin;C:\Users\M.S.I\AppData\Local\Microsoft\WindowsApps;C:\Users\M.S.I\AppData\Local\Programs\Microsoft VS Code\bin;C:\Users\M.S.I\AppData\Roaming\npm
USERNAME=M.S.I
OS=Windows_NT
PROCESSOR_IDENTIFIER=Intel64 Family 6 Model 141 Stepping 1, GenuineIntel
TMP=C:\Users\MS1E84~1.I\AppData\Local\Temp
TEMP=C:\Users\MS1E84~1.I\AppData\Local\Temp




Periodic native trim disabled

---------------  S Y S T E M  ---------------

OS:
 Windows 11 , 64 bit Build 26100 (10.0.26100.7623)
OS uptime: 1 days 20:15 hours
Hyper-V role detected

CPU: total 16 (initial active 16) (8 cores per cpu, 2 threads per core) family 6 model 141 stepping 1 microcode 0x34, cx8, cmov, fxsr, ht, mmx, 3dnowpref, sse, sse2, sse3, ssse3, sse4.1, sse4.2, popcnt, lzcnt, tsc, tscinvbit, avx, avx2, aes, erms, clmul, bmi1, bmi2, adx, avx512f, avx512dq, avx512cd, avx512bw, avx512vl, sha, fma, vzeroupper, avx512_vpopcntdq, avx512_vpclmulqdq, avx512_vaes, avx512_vnni, clflush, clflushopt, clwb, avx512_vbmi2, avx512_vbmi, hv, rdtscp, rdpid, fsrm, gfni, avx512_bitalg, f16c, cet_ibt, cet_ss, avx512_ifma
Processor Information for the first 16 processors :
  Max Mhz: 2304, Current Mhz: 2304, Mhz Limit: 2304

Memory: 4k page, system-wide physical 16085M (2362M free)
TotalPageFile size 18133M (AvailPageFile size 15M)
current process WorkingSet (physical memory assigned to process): 131M, peak: 131M
current process commit charge ("private bytes"): 385M, peak: 391M

vm_info: Java HotSpot(TM) 64-Bit Server VM (24.0.1+9-30) for windows-amd64 JRE (24.0.1+9-30), built on 2025-03-05T07:23:45Z with MS VC++ 17.6 (VS2022)

END.
