#
# There is insufficient memory for the Java Runtime Environment to continue.
# Native memory allocation (malloc) failed to allocate 18765776 bytes. Error detail: Chunk::new
# Possible reasons:
#   The system is out of physical RAM or swap space
#   This process is running with CompressedOops enabled, and the Java Heap may be blocking the growth of the native heap
# Possible solutions:
#   Reduce memory load on the system
#   Increase physical memory or swap space
#   Check if swap backing store is full
#   Decrease Java heap size (-Xmx/-Xms)
#   Decrease number of Java threads
#   Decrease Java thread stack sizes (-Xss)
#   Set larger code cache with -XX:ReservedCodeCacheSize=
#   JVM is running with Zero Based Compressed Oops mode in which the Java heap is
#     placed in the first 32GB address space. The Java Heap base address is the
#     maximum limit for the native heap growth. Please use -XX:HeapBaseMinAddress
#     to set the Java Heap base and to place the Java Heap above 32GB virtual address.
# This output file may be truncated or incomplete.
#
#  Out of Memory Error (arena.cpp:162), pid=25388, tid=13508
#
# JRE version: Java(TM) SE Runtime Environment (24.0.1+9) (build 24.0.1+9-30)
# Java VM: Java HotSpot(TM) 64-Bit Server VM (24.0.1+9-30, mixed mode, sharing, tiered, compressed oops, compressed class ptrs, g1 gc, windows-amd64)
# No core dump will be written. Minidumps are not enabled by default on client versions of Windows
#

---------------  S U M M A R Y ------------

Command Line: -javaagent:C:\Program Files\JetBrains\IntelliJ IDEA Community Edition 2025.1.3\lib\idea_rt.jar=64170 -Dfile.encoding=UTF-8 -Dsun.stdout.encoding=UTF-8 -Dsun.stderr.encoding=UTF-8 e_commerce.api.e_commerce.ECommerceApplication

Host: 11th Gen Intel(R) Core(TM) i7-11800H @ 2.30GHz, 16 cores, 15G,  Windows 11 , 64 bit Build 26100 (10.0.26100.7623)
Time: Sun Jan 18 11:23:25 2026 West Bank Gaza Standard Time elapsed time: 6.656725 seconds (0d 0h 0m 6s)

---------------  T H R E A D  ---------------

Current thread (0x0000017a7f30d520):  JavaThread "C2 CompilerThread0" daemon [_thread_in_native, id=13508, stack(0x0000002940600000,0x0000002940700000) (1024K)]


Current CompileTask:
C2:6656 5735       4       jdk.internal.loader.BuiltinClassLoader::defineClass (121 bytes)

Stack: [0x0000002940600000,0x0000002940700000]
Native frames: (J=compiled Java code, j=interpreted, Vv=VM code, C=native code)
V  [jvm.dll+0x730739]  (no source info available)
V  [jvm.dll+0x8d9b23]  (no source info available)
V  [jvm.dll+0x8dc00d]  (no source info available)
V  [jvm.dll+0x8dc683]  (no source info available)
V  [jvm.dll+0x2aa086]  (no source info available)
V  [jvm.dll+0xcedef]  (no source info available)
V  [jvm.dll+0xcf04f]  (no source info available)
V  [jvm.dll+0x154d83]  (no source info available)
V  [jvm.dll+0x735f5f]  (no source info available)
V  [jvm.dll+0x26fa1c]  (no source info available)
V  [jvm.dll+0x26ea3f]  (no source info available)
V  [jvm.dll+0x1e9d60]  (no source info available)
V  [jvm.dll+0x27e1fb]  (no source info available)
V  [jvm.dll+0x27c49a]  (no source info available)
V  [jvm.dll+0x42f456]  (no source info available)
V  [jvm.dll+0x87d76b]  (no source info available)
V  [jvm.dll+0x72ee55]  (no source info available)
C  [ucrtbase.dll+0x37b0]  (no source info available)
C  [KERNEL32.DLL+0x2e8d7]  (no source info available)
C  [ntdll.dll+0x8c53c]  (no source info available)

Lock stack of current Java thread (top to bottom):


---------------  P R O C E S S  ---------------

Threads class SMR info:
_java_thread_list=0x0000017a48d10270, length=22, elements={
0x0000017a5fd4d250, 0x0000017a7f304730, 0x0000017a7f3059e0, 0x0000017a7f307aa0,
0x0000017a7f3090c0, 0x0000017a7f30a160, 0x0000017a7f30b520, 0x0000017a7f30d520,
0x0000017a45040b10, 0x0000017a7f2e6660, 0x0000017a45254940, 0x0000017a4537d1a0,
0x0000017a454b2630, 0x0000017a4563a750, 0x0000017a456280f0, 0x0000017a460e60f0,
0x0000017a4764b870, 0x0000017a4764a280, 0x0000017a47648c90, 0x0000017a476493e0,
0x0000017a4764b120, 0x0000017a47648540
}

Java Threads: ( => current thread )
  0x0000017a5fd4d250 JavaThread "main"                              [_thread_in_native, id=19380, stack(0x000000293f800000,0x000000293f900000) (1024K)]
  0x0000017a7f304730 JavaThread "Reference Handler"          daemon [_thread_blocked, id=10156, stack(0x0000002940000000,0x0000002940100000) (1024K)]
  0x0000017a7f3059e0 JavaThread "Finalizer"                  daemon [_thread_blocked, id=16028, stack(0x0000002940100000,0x0000002940200000) (1024K)]
  0x0000017a7f307aa0 JavaThread "Signal Dispatcher"          daemon [_thread_blocked, id=3932, stack(0x0000002940200000,0x0000002940300000) (1024K)]
  0x0000017a7f3090c0 JavaThread "Attach Listener"            daemon [_thread_blocked, id=20660, stack(0x0000002940300000,0x0000002940400000) (1024K)]
  0x0000017a7f30a160 JavaThread "Service Thread"             daemon [_thread_blocked, id=19956, stack(0x0000002940400000,0x0000002940500000) (1024K)]
  0x0000017a7f30b520 JavaThread "Monitor Deflation Thread"   daemon [_thread_blocked, id=10468, stack(0x0000002940500000,0x0000002940600000) (1024K)]
=>0x0000017a7f30d520 JavaThread "C2 CompilerThread0"         daemon [_thread_in_native, id=13508, stack(0x0000002940600000,0x0000002940700000) (1024K)]
  0x0000017a45040b10 JavaThread "C1 CompilerThread0"         daemon [_thread_blocked, id=23952, stack(0x0000002940700000,0x0000002940800000) (1024K)]
  0x0000017a7f2e6660 JavaThread "C1 CompilerThread1"         daemon [_thread_blocked, id=24804, stack(0x0000002940800000,0x0000002940900000) (1024K)]
  0x0000017a45254940 JavaThread "Common-Cleaner"             daemon [_thread_blocked, id=14968, stack(0x0000002940900000,0x0000002940a00000) (1024K)]
  0x0000017a4537d1a0 JavaThread "C2 CompilerThread1"         daemon [_thread_blocked, id=21196, stack(0x0000002940a00000,0x0000002940b00000) (1024K)]
  0x0000017a454b2630 JavaThread "C1 CompilerThread2"         daemon [_thread_blocked, id=20604, stack(0x0000002940b00000,0x0000002940c00000) (1024K)]
  0x0000017a4563a750 JavaThread "Monitor Ctrl-Break"         daemon [_thread_in_native, id=20184, stack(0x0000002940c00000,0x0000002940d00000) (1024K)]
  0x0000017a456280f0 JavaThread "Notification Thread"        daemon [_thread_blocked, id=23388, stack(0x0000002940d00000,0x0000002940e00000) (1024K)]
  0x0000017a460e60f0 JavaThread "C1 CompilerThread3"         daemon [_thread_blocked, id=23112, stack(0x0000002941400000,0x0000002941500000) (1024K)]
  0x0000017a4764b870 JavaThread "Catalina-utility-1"                [_thread_blocked, id=19340, stack(0x0000002941f00000,0x0000002942000000) (1024K)]
  0x0000017a4764a280 JavaThread "Catalina-utility-2"                [_thread_blocked, id=13668, stack(0x0000002942000000,0x0000002942100000) (1024K)]
  0x0000017a47648c90 JavaThread "container-0"                       [_thread_blocked, id=23264, stack(0x0000002942100000,0x0000002942200000) (1024K)]
  0x0000017a476493e0 JavaThread "mysql-cj-abandoned-connection-cleanup" daemon [_thread_blocked, id=22072, stack(0x0000002942200000,0x0000002942300000) (1024K)]
  0x0000017a4764b120 JavaThread "HikariPool-1:housekeeper"   daemon [_thread_blocked, id=9256, stack(0x0000002942400000,0x0000002942500000) (1024K)]
  0x0000017a47648540 JavaThread "HikariPool-1:connection-adder" daemon [_thread_blocked, id=14924, stack(0x0000002942500000,0x0000002942600000) (1024K)]
Total: 22

Other Threads:
  0x0000017a7f2f31a0 VMThread "VM Thread"                           [id=23860, stack(0x000000293ff00000,0x0000002940000000) (1024K)]
  0x0000017a7f2e3550 WatcherThread "VM Periodic Task Thread"        [id=16128, stack(0x000000293fe00000,0x000000293ff00000) (1024K)]
  0x0000017a5da9df30 WorkerThread "GC Thread#0"                     [id=14796, stack(0x000000293f900000,0x000000293fa00000) (1024K)]
  0x0000017a463c4a00 WorkerThread "GC Thread#1"                     [id=3004, stack(0x0000002940f00000,0x0000002941000000) (1024K)]
  0x0000017a462730c0 WorkerThread "GC Thread#2"                     [id=22908, stack(0x0000002941000000,0x0000002941100000) (1024K)]
  0x0000017a460f6d60 WorkerThread "GC Thread#3"                     [id=14372, stack(0x0000002941100000,0x0000002941200000) (1024K)]
  0x0000017a46476db0 WorkerThread "GC Thread#4"                     [id=25424, stack(0x0000002941200000,0x0000002941300000) (1024K)]
  0x0000017a46477160 WorkerThread "GC Thread#5"                     [id=19064, stack(0x0000002941300000,0x0000002941400000) (1024K)]
  0x0000017a466a8d40 WorkerThread "GC Thread#6"                     [id=10040, stack(0x0000002940e00000,0x0000002940f00000) (1024K)]
  0x0000017a466aa360 WorkerThread "GC Thread#7"                     [id=10720, stack(0x0000002941700000,0x0000002941800000) (1024K)]
  0x0000017a466a9850 WorkerThread "GC Thread#8"                     [id=6644, stack(0x0000002941800000,0x0000002941900000) (1024K)]
  0x0000017a466a90f0 WorkerThread "GC Thread#9"                     [id=13204, stack(0x0000002941900000,0x0000002941a00000) (1024K)]
  0x0000017a466a94a0 WorkerThread "GC Thread#10"                    [id=15980, stack(0x0000002941a00000,0x0000002941b00000) (1024K)]
  0x0000017a466a8990 WorkerThread "GC Thread#11"                    [id=15700, stack(0x0000002941b00000,0x0000002941c00000) (1024K)]
  0x0000017a466a9c00 WorkerThread "GC Thread#12"                    [id=13992, stack(0x0000002941c00000,0x0000002941d00000) (1024K)]
  0x0000017a5fdc67c0 ConcurrentGCThread "G1 Main Marker"            [id=25208, stack(0x000000293fa00000,0x000000293fb00000) (1024K)]
  0x0000017a5fdc8e70 WorkerThread "G1 Conc#0"                       [id=22636, stack(0x000000293fb00000,0x000000293fc00000) (1024K)]
  0x0000017a466a9fb0 WorkerThread "G1 Conc#1"                       [id=4836, stack(0x0000002941d00000,0x0000002941e00000) (1024K)]
  0x0000017a460cb310 WorkerThread "G1 Conc#2"                       [id=24904, stack(0x0000002941e00000,0x0000002941f00000) (1024K)]
  0x0000017a5fdfead0 ConcurrentGCThread "G1 Refine#0"               [id=19560, stack(0x000000293fc00000,0x000000293fd00000) (1024K)]
  0x0000017a7f1a2600 ConcurrentGCThread "G1 Service"                [id=3880, stack(0x000000293fd00000,0x000000293fe00000) (1024K)]
Total: 21

Threads with active compile tasks:
C2 CompilerThread0  6739 5735       4       jdk.internal.loader.BuiltinClassLoader::defineClass (121 bytes)
Total: 1

VM state: not at safepoint (normal execution)

VM Mutex/Monitor currently owned by a thread: None

Heap address: 0x0000000704a00000, size: 4022 MB, Compressed Oops mode: Zero based, Oop shift amount: 3

CDS archive(s) mapped at: [0x0000017a00000000-0x0000017a00d40000-0x0000017a00d40000), size 13893632, SharedBaseAddress: 0x0000017a00000000, ArchiveRelocationMode: 1.
Compressed class space mapped at: 0x0000017a01000000-0x0000017a41000000, reserved size: 1073741824
UseCompressedClassPointers 1, UseCompactObjectHeaders 0
Narrow klass pointer bits 32, Max shift 3
Narrow klass base: 0x0000017a00000000, Narrow klass shift: 0
Encoding Range: [0x0000017a00000000 - 0x0000017b00000000), (4294967296 bytes)
Klass Range:    [0x0000017a00000000 - 0x0000017a41000000), (1090519040 bytes)
Klass ID Range:  [8 - 1090519033) (1090519025)

GC Precious Log:
 CardTable entry size: 512
 Card Set container configuration: InlinePtr #cards 4 size 8 Array Of Cards #cards 16 size 48 Howl #buckets 8 coarsen threshold 3686 Howl Bitmap #cards 512 size 80 coarsen threshold 460 Card regions per heap region 1 cards per card region 4096
 CPUs: 16 total, 16 available
 Memory: 16085M
 Large Page Support: Disabled
 NUMA Support: Disabled
 Compressed Oops: Enabled (Zero based)
 Heap Region Size: 2M
 Heap Min Capacity: 8M
 Heap Initial Capacity: 252M
 Heap Max Capacity: 4022M
 Pre-touch: Disabled
 Parallel Workers: 13
 Concurrent Workers: 3
 Concurrent Refinement Workers: 13
 Periodic GC: Disabled

Heap:
 garbage-first heap   total reserved 4118528K, committed 77824K, used 34146K [0x0000000704a00000, 0x0000000800000000)
  region size 2048K, 8 young (16384K), 3 survivors (6144K)
 Metaspace       used 49057K, committed 49536K, reserved 1114112K
  class space    used 5100K, committed 5312K, reserved 1048576K

Heap Regions: E=young(eden), S=young(survivor), O=old, HS=humongous(starts), HC=humongous(continues), CS=collection set, F=free, TAMS=top-at-mark-start, PB=parsable bottom
|   0|0x0000000704a00000, 0x0000000704c00000, 0x0000000704c00000|100%| O|  |TAMS 0x0000000704a00000| PB 0x0000000704a00000| Untracked |  0
|   1|0x0000000704c00000, 0x0000000704ca8080, 0x0000000704e00000| 32%| O|Cm|TAMS 0x0000000704c00000| PB 0x0000000704c00000| Complete |  0
|   2|0x0000000704e00000, 0x0000000705000000, 0x0000000705000000|100%| O|  |TAMS 0x0000000704e00000| PB 0x0000000704e00000| Untracked |  0
|   3|0x0000000705000000, 0x0000000705200000, 0x0000000705200000|100%| O|  |TAMS 0x0000000705000000| PB 0x0000000705000000| Untracked |  0
|   4|0x0000000705200000, 0x0000000705400000, 0x0000000705400000|100%| O|  |TAMS 0x0000000705200000| PB 0x0000000705200000| Untracked |  0
|   5|0x0000000705400000, 0x0000000705600000, 0x0000000705600000|100%| O|  |TAMS 0x0000000705400000| PB 0x0000000705400000| Untracked |  0
|   6|0x0000000705600000, 0x0000000705800000, 0x0000000705800000|100%| O|  |TAMS 0x0000000705600000| PB 0x0000000705600000| Untracked |  0
|   7|0x0000000705800000, 0x0000000705a00000, 0x0000000705a00000|100%| O|  |TAMS 0x0000000705800000| PB 0x0000000705800000| Untracked |  0
|   8|0x0000000705a00000, 0x0000000705a82fd8, 0x0000000705c00000| 25%| O|  |TAMS 0x0000000705a00000| PB 0x0000000705a00000| Untracked |  0
|   9|0x0000000705c00000, 0x0000000705c00000, 0x0000000705e00000|  0%| F|  |TAMS 0x0000000705c00000| PB 0x0000000705c00000| Untracked |  0
|  10|0x0000000705e00000, 0x0000000705e00000, 0x0000000706000000|  0%| F|  |TAMS 0x0000000705e00000| PB 0x0000000705e00000| Untracked |  0
|  11|0x0000000706000000, 0x0000000706000000, 0x0000000706200000|  0%| F|  |TAMS 0x0000000706000000| PB 0x0000000706000000| Untracked |  0
|  12|0x0000000706200000, 0x0000000706200000, 0x0000000706400000|  0%| F|  |TAMS 0x0000000706200000| PB 0x0000000706200000| Untracked |  0
|  13|0x0000000706400000, 0x000000070642d8f0, 0x0000000706600000|  8%| S|CS|TAMS 0x0000000706400000| PB 0x0000000706400000| Complete |  0
|  14|0x0000000706600000, 0x0000000706800000, 0x0000000706800000|100%| S|CS|TAMS 0x0000000706600000| PB 0x0000000706600000| Complete |  0
|  15|0x0000000706800000, 0x0000000706a00000, 0x0000000706a00000|100%| S|CS|TAMS 0x0000000706800000| PB 0x0000000706800000| Complete |  0
|  16|0x0000000706a00000, 0x0000000706a00000, 0x0000000706c00000|  0%| F|  |TAMS 0x0000000706a00000| PB 0x0000000706a00000| Untracked |  0
|  17|0x0000000706c00000, 0x0000000706c00000, 0x0000000706e00000|  0%| F|  |TAMS 0x0000000706c00000| PB 0x0000000706c00000| Untracked |  0
|  18|0x0000000706e00000, 0x0000000706e00000, 0x0000000707000000|  0%| F|  |TAMS 0x0000000706e00000| PB 0x0000000706e00000| Untracked |  0
|  19|0x0000000707000000, 0x0000000707000000, 0x0000000707200000|  0%| F|  |TAMS 0x0000000707000000| PB 0x0000000707000000| Untracked |  0
|  20|0x0000000707200000, 0x0000000707200000, 0x0000000707400000|  0%| F|  |TAMS 0x0000000707200000| PB 0x0000000707200000| Untracked |  0
|  21|0x0000000707400000, 0x0000000707400000, 0x0000000707600000|  0%| F|  |TAMS 0x0000000707400000| PB 0x0000000707400000| Untracked |  0
|  22|0x0000000707600000, 0x0000000707600000, 0x0000000707800000|  0%| F|  |TAMS 0x0000000707600000| PB 0x0000000707600000| Untracked |  0
|  23|0x0000000707800000, 0x0000000707800000, 0x0000000707a00000|  0%| F|  |TAMS 0x0000000707800000| PB 0x0000000707800000| Untracked |  0
|  24|0x0000000707a00000, 0x0000000707a00000, 0x0000000707c00000|  0%| F|  |TAMS 0x0000000707a00000| PB 0x0000000707a00000| Untracked |  0
|  25|0x0000000707c00000, 0x0000000707c00000, 0x0000000707e00000|  0%| F|  |TAMS 0x0000000707c00000| PB 0x0000000707c00000| Untracked |  0
|  26|0x0000000707e00000, 0x0000000707e00000, 0x0000000708000000|  0%| F|  |TAMS 0x0000000707e00000| PB 0x0000000707e00000| Untracked |  0
|  97|0x0000000710c00000, 0x0000000710c00000, 0x0000000710e00000|  0%| F|  |TAMS 0x0000000710c00000| PB 0x0000000710c00000| Untracked |  0
|  98|0x0000000710e00000, 0x0000000710e00000, 0x0000000711000000|  0%| F|  |TAMS 0x0000000710e00000| PB 0x0000000710e00000| Untracked |  0
| 102|0x0000000711600000, 0x0000000711600000, 0x0000000711800000|  0%| F|  |TAMS 0x0000000711600000| PB 0x0000000711600000| Untracked |  0
| 103|0x0000000711800000, 0x000000071192a2a8, 0x0000000711a00000| 58%| E|  |TAMS 0x0000000711800000| PB 0x0000000711800000| Complete |  0
| 104|0x0000000711a00000, 0x0000000711c00000, 0x0000000711c00000|100%| E|CS|TAMS 0x0000000711a00000| PB 0x0000000711a00000| Complete |  0
| 105|0x0000000711c00000, 0x0000000711e00000, 0x0000000711e00000|100%| E|CS|TAMS 0x0000000711c00000| PB 0x0000000711c00000| Complete |  0
| 125|0x0000000714400000, 0x0000000714600000, 0x0000000714600000|100%| E|CS|TAMS 0x0000000714400000| PB 0x0000000714400000| Complete |  0
|2007|0x00000007ff800000, 0x00000007ffa00000, 0x00000007ffa00000|100%| O|  |TAMS 0x00000007ff800000| PB 0x00000007ff800000| Untracked |  0
|2008|0x00000007ffa00000, 0x00000007ffc00000, 0x00000007ffc00000|100%| O|  |TAMS 0x00000007ffa00000| PB 0x00000007ffa00000| Untracked |  0
|2009|0x00000007ffc00000, 0x00000007ffe00000, 0x00000007ffe00000|100%| O|  |TAMS 0x00000007ffc00000| PB 0x00000007ffc00000| Untracked |  0
|2010|0x00000007ffe00000, 0x0000000800000000, 0x0000000800000000|100%| E|CS|TAMS 0x00000007ffe00000| PB 0x00000007ffe00000| Complete |  0

Card table byte_map: [0x0000017a78760000,0x0000017a78f40000] _byte_map_base: 0x0000017a74f3b000

Marking Bits: (CMBitMap*) 0x0000017a5da9e640
 Bits: [0x0000017a78f40000, 0x0000017a7ce18000)

Polling page: 0x0000017a5db40000

Metaspace:

Usage:
  Non-class:     42.95 MB used.
      Class:      4.98 MB used.
       Both:     47.93 MB used.

Virtual space:
  Non-class space:       64.00 MB reserved,      43.19 MB ( 67%) committed,  1 nodes.
      Class space:        1.00 GB reserved,       5.19 MB ( <1%) committed,  1 nodes.
             Both:        1.06 GB reserved,      48.38 MB (  4%) committed. 

Chunk freelists:
   Non-Class:  3.97 MB
       Class:  10.86 MB
        Both:  14.83 MB

MaxMetaspaceSize: unlimited
CompressedClassSpaceSize: 1.00 GB
Initial GC threshold: 21.00 MB
Current GC threshold: 58.88 MB
CDS: on
 - commit_granule_bytes: 65536.
 - commit_granule_words: 8192.
 - virtual_space_node_default_size: 8388608.
 - enlarge_chunks_in_place: 1.
UseCompressedClassPointers 1, UseCompactObjectHeaders 0
Narrow klass pointer bits 32, Max shift 3
Narrow klass base: 0x0000017a00000000, Narrow klass shift: 0
Encoding Range: [0x0000017a00000000 - 0x0000017b00000000), (4294967296 bytes)
Klass Range:    [0x0000017a00000000 - 0x0000017a41000000), (1090519040 bytes)
Klass ID Range:  [8 - 1090519033) (1090519025)


Internal statistics:

num_allocs_failed_limit: 6.
num_arena_births: 528.
num_arena_deaths: 0.
num_vsnodes_births: 2.
num_vsnodes_deaths: 0.
num_space_committed: 774.
num_space_uncommitted: 0.
num_chunks_returned_to_freelist: 6.
num_chunks_taken_from_freelist: 2070.
num_chunk_merges: 3.
num_chunk_splits: 1483.
num_chunks_enlarged: 1198.
num_inconsistent_stats: 0.

CodeHeap 'non-profiled nmethods': size=119232Kb used=2550Kb max_used=2550Kb free=116681Kb
 bounds [0x0000017a70170000, 0x0000017a703f0000, 0x0000017a775e0000]
CodeHeap 'profiled nmethods': size=119104Kb used=9586Kb max_used=9586Kb free=109517Kb
 bounds [0x0000017a685e0000, 0x0000017a68f40000, 0x0000017a6fa30000]
CodeHeap 'non-nmethods': size=7424Kb used=3335Kb max_used=3506Kb free=4088Kb
 bounds [0x0000017a6fa30000, 0x0000017a6fdb0000, 0x0000017a70170000]
CodeCache: size=245760Kb, used=15471Kb, max_used=15642Kb, free=230286Kb
 total_blobs=6121, nmethods=5468, adapters=552, full_count=0
Compilation: enabled, stopped_count=0, restarted_count=0

Compilation events (20 events):
Event: 5.827 Thread 0x0000017a7f2e6660 5838       3       com.mysql.cj.protocol.a.NativeProtocol::checkErrorMessage (380 bytes)
Event: 5.827 Thread 0x0000017a45040b10 nmethod 5837 0x0000017a703eba88 code [0x0000017a703ebb80, 0x0000017a703ebc48]
Event: 5.827 Thread 0x0000017a45040b10 5839       3       com.mysql.cj.protocol.a.NativeProtocol::read (55 bytes)
Event: 5.827 Thread 0x0000017a460e60f0 5840       3       com.mysql.cj.protocol.a.MysqlTextValueDecoder::<init> (5 bytes)
Event: 5.827 Thread 0x0000017a454b2630 5841       3       com.mysql.cj.protocol.a.ResultsetRowReader::read (6 bytes)
Event: 5.827 Thread 0x0000017a454b2630 nmethod 5841 0x0000017a68f27988 code [0x0000017a68f27aa0, 0x0000017a68f27bf0]
Event: 5.827 Thread 0x0000017a454b2630 5845       3       com.mysql.cj.protocol.a.TextRowFactory::createFromMessage (144 bytes)
Event: 5.827 Thread 0x0000017a45040b10 nmethod 5839 0x0000017a68f27c88 code [0x0000017a68f27e80, 0x0000017a68f28b60]
Event: 5.827 Thread 0x0000017a45040b10 5846       3       com.mysql.cj.result.DefaultColumnDefinition::hasLargeFields (90 bytes)
Event: 5.828 Thread 0x0000017a45040b10 nmethod 5846 0x0000017a68f28c08 code [0x0000017a68f28d40, 0x0000017a68f29100]
Event: 5.828 Thread 0x0000017a45040b10 5842       3       com.mysql.cj.protocol.a.ResultsetRowReader::read (146 bytes)
Event: 5.828 Thread 0x0000017a454b2630 nmethod 5845 0x0000017a68f29188 code [0x0000017a68f29380, 0x0000017a68f2a1b0]
Event: 5.828 Thread 0x0000017a454b2630 5843       3       com.mysql.cj.protocol.a.NativePacketPayload::isResultSetOKPacket (39 bytes)
Event: 5.828 Thread 0x0000017a454b2630 nmethod 5843 0x0000017a68f2a288 code [0x0000017a68f2a3a0, 0x0000017a68f2a588]
Event: 5.828 Thread 0x0000017a454b2630 5844       3       com.mysql.cj.protocol.a.TextRowFactory::createFromMessage (9 bytes)
Event: 5.828 Thread 0x0000017a454b2630 nmethod 5844 0x0000017a68f2a608 code [0x0000017a68f2a720, 0x0000017a68f2a948]
Event: 5.828 Thread 0x0000017a454b2630 5847       3       com.mysql.cj.protocol.a.result.ByteArrayRow::<init> (22 bytes)
Event: 5.828 Thread 0x0000017a454b2630 nmethod 5847 0x0000017a68f2a988 code [0x0000017a68f2aac0, 0x0000017a68f2aec8]
Event: 5.828 Thread 0x0000017a45040b10 nmethod 5842 0x0000017a68f2af08 code [0x0000017a68f2b120, 0x0000017a68f2c210]
Event: 6.653 Thread 0x0000017a7f2e6660 nmethod 5838 0x0000017a68f2c308 code [0x0000017a68f2c7e0, 0x0000017a68f2fe40]

GC Heap History (12 events):
Event: 1.058 GC heap before
{Heap before GC invocations=0 (full 0):
 garbage-first heap   total reserved 4118528K, committed 260096K, used 50292K [0x0000000704a00000, 0x0000000800000000)
  region size 2048K, 24 young (49152K), 0 survivors (0K)
 Metaspace       used 11946K, committed 12224K, reserved 1114112K
  class space    used 1192K, committed 1280K, reserved 1048576K
}
Event: 1.062 GC heap after
{Heap after GC invocations=1 (full 0):
 garbage-first heap   total reserved 4118528K, committed 260096K, used 10004K [0x0000000704a00000, 0x0000000800000000)
  region size 2048K, 3 young (6144K), 3 survivors (6144K)
 Metaspace       used 11946K, committed 12224K, reserved 1114112K
  class space    used 1192K, committed 1280K, reserved 1048576K
}
Event: 1.666 GC heap before
{Heap before GC invocations=1 (full 0):
 garbage-first heap   total reserved 4118528K, committed 260096K, used 48916K [0x0000000704a00000, 0x0000000800000000)
  region size 2048K, 23 young (47104K), 3 survivors (6144K)
 Metaspace       used 21246K, committed 21504K, reserved 1114112K
  class space    used 2051K, committed 2176K, reserved 1048576K
}
Event: 1.674 GC heap after
{Heap after GC invocations=2 (full 0):
 garbage-first heap   total reserved 4118528K, committed 260096K, used 15307K [0x0000000704a00000, 0x0000000800000000)
  region size 2048K, 6 young (12288K), 6 survivors (12288K)
 Metaspace       used 21246K, committed 21504K, reserved 1114112K
  class space    used 2051K, committed 2176K, reserved 1048576K
}
Event: 2.843 GC heap before
{Heap before GC invocations=3 (full 0):
 garbage-first heap   total reserved 4118528K, committed 61440K, used 58315K [0x0000000704a00000, 0x0000000800000000)
  region size 2048K, 27 young (55296K), 6 survivors (12288K)
 Metaspace       used 27176K, committed 27520K, reserved 1114112K
  class space    used 2707K, committed 2880K, reserved 1048576K
}
Event: 2.856 GC heap after
{Heap after GC invocations=4 (full 0):
 garbage-first heap   total reserved 4118528K, committed 77824K, used 19136K [0x0000000704a00000, 0x0000000800000000)
  region size 2048K, 5 young (10240K), 5 survivors (10240K)
 Metaspace       used 27176K, committed 27520K, reserved 1114112K
  class space    used 2707K, committed 2880K, reserved 1048576K
}
Event: 3.647 GC heap before
{Heap before GC invocations=4 (full 0):
 garbage-first heap   total reserved 4118528K, committed 77824K, used 51904K [0x0000000704a00000, 0x0000000800000000)
  region size 2048K, 21 young (43008K), 5 survivors (10240K)
 Metaspace       used 32664K, committed 33088K, reserved 1114112K
  class space    used 3333K, committed 3520K, reserved 1048576K
}
Event: 3.655 GC heap after
{Heap after GC invocations=5 (full 0):
 garbage-first heap   total reserved 4118528K, committed 77824K, used 22272K [0x0000000704a00000, 0x0000000800000000)
  region size 2048K, 2 young (4096K), 2 survivors (4096K)
 Metaspace       used 32664K, committed 33088K, reserved 1114112K
  class space    used 3333K, committed 3520K, reserved 1048576K
}
Event: 3.902 GC heap before
{Heap before GC invocations=5 (full 0):
 garbage-first heap   total reserved 4118528K, committed 77824K, used 28416K [0x0000000704a00000, 0x0000000800000000)
  region size 2048K, 6 young (12288K), 2 survivors (4096K)
 Metaspace       used 35586K, committed 35968K, reserved 1114112K
  class space    used 3606K, committed 3776K, reserved 1048576K
}
Event: 3.905 GC heap after
{Heap after GC invocations=6 (full 0):
 garbage-first heap   total reserved 4118528K, committed 77824K, used 22643K [0x0000000704a00000, 0x0000000800000000)
  region size 2048K, 2 young (4096K), 2 survivors (4096K)
 Metaspace       used 35586K, committed 35968K, reserved 1114112K
  class space    used 3606K, committed 3776K, reserved 1048576K
}
Event: 5.389 GC heap before
{Heap before GC invocations=7 (full 0):
 garbage-first heap   total reserved 4118528K, committed 77824K, used 55411K [0x0000000704a00000, 0x0000000800000000)
  region size 2048K, 19 young (38912K), 2 survivors (4096K)
 Metaspace       used 46422K, committed 46848K, reserved 1114112K
  class space    used 4822K, committed 4992K, reserved 1048576K
}
Event: 5.393 GC heap after
{Heap after GC invocations=8 (full 0):
 garbage-first heap   total reserved 4118528K, committed 77824K, used 25954K [0x0000000704a00000, 0x0000000800000000)
  region size 2048K, 3 young (6144K), 3 survivors (6144K)
 Metaspace       used 46422K, committed 46848K, reserved 1114112K
  class space    used 4822K, committed 4992K, reserved 1048576K
}

Dll operation events (12 events):
Event: 0.013 Loaded shared library C:\Program Files\Java\jdk-24\bin\java.dll
Event: 0.041 Loaded shared library C:\Program Files\Java\jdk-24\bin\jsvml.dll
Event: 0.130 Loaded shared library C:\Program Files\Java\jdk-24\bin\zip.dll
Event: 0.171 Loaded shared library C:\Program Files\Java\jdk-24\bin\instrument.dll
Event: 0.175 Loaded shared library C:\Program Files\Java\jdk-24\bin\net.dll
Event: 0.176 Loaded shared library C:\Program Files\Java\jdk-24\bin\nio.dll
Event: 0.178 Loaded shared library C:\Program Files\Java\jdk-24\bin\zip.dll
Event: 0.266 Loaded shared library C:\Program Files\Java\jdk-24\bin\extnet.dll
Event: 0.290 Loaded shared library C:\Program Files\Java\jdk-24\bin\jimage.dll
Event: 1.287 Loaded shared library C:\Program Files\Java\jdk-24\bin\sunmscapi.dll
Event: 3.229 Loaded shared library C:\Program Files\Java\jdk-24\bin\management.dll
Event: 3.231 Loaded shared library C:\Program Files\Java\jdk-24\bin\management_ext.dll

Deoptimization events (20 events):
Event: 4.553 Thread 0x0000017a47648540 DEOPT PACKING pc=0x0000017a6864c9a0 sp=0x00000029425fe0c0
Event: 4.553 Thread 0x0000017a47648540 DEOPT UNPACKING pc=0x0000017a6fa86642 sp=0x00000029425fd538 mode 0
Event: 4.556 Thread 0x0000017a47648540 DEOPT PACKING pc=0x0000017a6864c9a0 sp=0x00000029425fdae0
Event: 4.556 Thread 0x0000017a47648540 DEOPT UNPACKING pc=0x0000017a6fa86642 sp=0x00000029425fcf58 mode 0
Event: 4.604 Thread 0x0000017a47648540 DEOPT PACKING pc=0x0000017a6883df5b sp=0x00000029425fdc10
Event: 4.604 Thread 0x0000017a47648540 DEOPT UNPACKING pc=0x0000017a6fa86642 sp=0x00000029425fd080 mode 0
Event: 4.621 Thread 0x0000017a5fd4d250 Uncommon trap: trap_request=0xffffff4d fr.pc=0x0000017a702d09b0 relative=0x00000000000001d0
Event: 4.621 Thread 0x0000017a5fd4d250 Uncommon trap: reason=unstable_if action=reinterpret pc=0x0000017a702d09b0 method=org.springframework.beans.factory.support.AbstractAutowireCapableBeanFactory.determineTargetType(Ljava/lang/String;Lorg/springframework/beans/factory/support/RootBeanDefinit
Event: 4.621 Thread 0x0000017a5fd4d250 DEOPT PACKING pc=0x0000017a702d09b0 sp=0x000000293f8fdb20
Event: 4.621 Thread 0x0000017a5fd4d250 DEOPT UNPACKING pc=0x0000017a6fb57202 sp=0x000000293f8fdae8 mode 2
Event: 4.629 Thread 0x0000017a5fd4d250 Uncommon trap: trap_request=0xffffff4d fr.pc=0x0000017a7028fe84 relative=0x00000000000000e4
Event: 4.629 Thread 0x0000017a5fd4d250 Uncommon trap: reason=unstable_if action=reinterpret pc=0x0000017a7028fe84 method=java.lang.ClassLoader.getClassLoadingLock(Ljava/lang/String;)Ljava/lang/Object; @ 6 c2
Event: 4.629 Thread 0x0000017a5fd4d250 DEOPT PACKING pc=0x0000017a7028fe84 sp=0x000000293f8fd600
Event: 4.629 Thread 0x0000017a5fd4d250 DEOPT UNPACKING pc=0x0000017a6fb57202 sp=0x000000293f8fd590 mode 2
Event: 4.755 Thread 0x0000017a47648540 DEOPT PACKING pc=0x0000017a68e9cac3 sp=0x00000029425fdbd0
Event: 4.755 Thread 0x0000017a47648540 DEOPT UNPACKING pc=0x0000017a6fa86642 sp=0x00000029425fd050 mode 0
Event: 5.642 Thread 0x0000017a5fd4d250 Uncommon trap: trap_request=0xffffff4d fr.pc=0x0000017a701cc188 relative=0x0000000000000088
Event: 5.642 Thread 0x0000017a5fd4d250 Uncommon trap: reason=unstable_if action=reinterpret pc=0x0000017a701cc188 method=java.lang.CharacterDataLatin1.isWhitespace(I)Z @ 14 c2
Event: 5.642 Thread 0x0000017a5fd4d250 DEOPT PACKING pc=0x0000017a701cc188 sp=0x000000293f8fd680
Event: 5.642 Thread 0x0000017a5fd4d250 DEOPT UNPACKING pc=0x0000017a6fb57202 sp=0x000000293f8fd5f0 mode 2

Classes loaded (20 events):
Event: 5.138 Loading class javax/xml/stream/FactoryFinder
Event: 5.138 Loading class javax/xml/stream/FactoryFinder done
Event: 5.139 Loading class com/sun/xml/internal/stream/events/XMLEventFactoryImpl
Event: 5.139 Loading class com/sun/xml/internal/stream/events/XMLEventFactoryImpl done
Event: 5.178 Loading class java/lang/Process
Event: 5.178 Loading class java/lang/Process done
Event: 5.180 Loading class java/security/CodeSigner
Event: 5.180 Loading class java/security/CodeSigner done
Event: 5.200 Loading class java/lang/reflect/GenericSignatureFormatError
Event: 5.200 Loading class java/lang/reflect/GenericSignatureFormatError done
Event: 5.240 Loading class java/lang/SecurityManager
Event: 5.240 Loading class java/lang/SecurityManager done
Event: 5.575 Loading class javax/naming/InvalidNameException
Event: 5.575 Loading class javax/naming/InvalidNameException done
Event: 5.576 Loading class javax/naming/event/NamingListener
Event: 5.577 Loading class javax/naming/event/NamingListener done
Event: 5.580 Loading class javax/naming/event/NamespaceChangeListener
Event: 5.581 Loading class javax/naming/event/NamespaceChangeListener done
Event: 5.639 Loading class java/util/TimerTask
Event: 5.639 Loading class java/util/TimerTask done

Classes unloaded (0 events):
No events

Classes redefined (0 events):
No events

Internal exceptions (20 events):
Event: 3.072 Thread 0x0000017a5fd4d250 Exception <a 'java/lang/NoSuchMethodError'{0x0000000710f01848}: 'java.lang.Object java.lang.invoke.DirectMethodHandle$Holder.invokeStaticInit(java.lang.Object, int, int, int, int)'> (0x0000000710f01848) 
thrown [s\open\src\hotspot\share\interpreter\linkResolver.cpp, line 805]
Event: 3.096 Thread 0x0000017a5fd4d250 Exception <a 'java/lang/NoSuchMethodError'{0x0000000710fe0f20}: 'java.lang.Object java.lang.invoke.DirectMethodHandle$Holder.invokeStaticInit(java.lang.Object, java.lang.Object, int, int, int, int)'> (0x0000000710fe0f20) 
thrown [s\open\src\hotspot\share\interpreter\linkResolver.cpp, line 805]
Event: 3.203 Thread 0x0000017a5fd4d250 Exception <a 'java/lang/NoSuchMethodError'{0x00000007075f4518}: 'int java.lang.invoke.DirectMethodHandle$Holder.invokeVirtual(java.lang.Object, java.lang.Object, java.lang.Object, java.lang.Object)'> (0x00000007075f4518) 
thrown [s\open\src\hotspot\share\interpreter\linkResolver.cpp, line 805]
Event: 3.203 Thread 0x0000017a5fd4d250 Exception <a 'java/lang/NoSuchMethodError'{0x00000007075fca68}: 'int java.lang.invoke.DelegatingMethodHandle$Holder.reinvoke_L(java.lang.Object, java.lang.Object, java.lang.Object, java.lang.Object)'> (0x00000007075fca68) 
thrown [s\open\src\hotspot\share\interpreter\linkResolver.cpp, line 805]
Event: 3.241 Thread 0x0000017a5fd4d250 Exception <a 'java/io/FileNotFoundException'{0x0000000707319d68}> (0x0000000707319d68) 
thrown [s\open\src\hotspot\share\prims\jni.cpp, line 518]
Event: 3.260 Thread 0x0000017a5fd4d250 Exception <a 'java/io/IOException'{0x000000070701e990}> (0x000000070701e990) 
thrown [s\open\src\hotspot\share\prims\jni.cpp, line 518]
Event: 3.261 Thread 0x0000017a5fd4d250 Exception <a 'java/io/IOException'{0x000000070701f0b0}> (0x000000070701f0b0) 
thrown [s\open\src\hotspot\share\prims\jni.cpp, line 518]
Event: 3.261 Thread 0x0000017a5fd4d250 Exception <a 'java/io/IOException'{0x000000070701f7c0}> (0x000000070701f7c0) 
thrown [s\open\src\hotspot\share\prims\jni.cpp, line 518]
Event: 3.280 Thread 0x0000017a5fd4d250 Exception <a 'java/io/IOException'{0x000000070707c428}> (0x000000070707c428) 
thrown [s\open\src\hotspot\share\prims\jni.cpp, line 518]
Event: 3.281 Thread 0x0000017a5fd4d250 Exception <a 'java/io/IOException'{0x000000070707fed0}> (0x000000070707fed0) 
thrown [s\open\src\hotspot\share\prims\jni.cpp, line 518]
Event: 3.282 Thread 0x0000017a5fd4d250 Exception <a 'java/io/IOException'{0x00000007070809a8}> (0x00000007070809a8) 
thrown [s\open\src\hotspot\share\prims\jni.cpp, line 518]
Event: 3.299 Thread 0x0000017a5fd4d250 Exception <a 'java/lang/NoSuchMethodError'{0x000000070710df28}: 'int java.lang.invoke.DirectMethodHandle$Holder.invokeInterface(java.lang.Object, java.lang.Object, java.lang.Object, java.lang.Object)'> (0x000000070710df28) 
thrown [s\open\src\hotspot\share\interpreter\linkResolver.cpp, line 805]
Event: 3.358 Thread 0x0000017a5fd4d250 Exception <a 'java/lang/NoSuchMethodError'{0x0000000706f527c0}: 'long java.lang.invoke.DirectMethodHandle$Holder.invokeVirtual(java.lang.Object, java.lang.Object)'> (0x0000000706f527c0) 
thrown [s\open\src\hotspot\share\interpreter\linkResolver.cpp, line 805]
Event: 3.393 Thread 0x0000017a5fd4d250 Exception <a 'java/lang/NoSuchMethodError'{0x0000000706cfa630}: 'void java.lang.invoke.DirectMethodHandle$Holder.invokeVirtual(java.lang.Object, java.lang.Object, long)'> (0x0000000706cfa630) 
thrown [s\open\src\hotspot\share\interpreter\linkResolver.cpp, line 805]
Event: 3.484 Thread 0x0000017a5fd4d250 Exception <a 'java/lang/NoSuchMethodError'{0x0000000706b9c848}: 'java.lang.Object java.lang.invoke.DirectMethodHandle$Holder.newInvokeSpecial(java.lang.Object, java.lang.Object, java.lang.Object, java.lang.Object, java.lang.Object, java.lang.Object, java.lang.Object, java.lang.Object, java.lang.Object, java.lang.Object, java.lang.Object, java.lang.Object)'> (0x0000000706b9c848) 
thrown [s\open\src\hotspot\share\interpreter\linkResolver.cpp, line 805]
Event: 3.848 Thread 0x0000017a5fd4d250 Exception <a 'sun/nio/fs/WindowsException'{0x0000000711a1ffb0}> (0x0000000711a1ffb0) 
thrown [s\open\src\hotspot\share\prims\jni.cpp, line 518]
Event: 4.179 Thread 0x0000017a5fd4d250 Exception <a 'java/lang/NoSuchMethodError'{0x00000007fffd4220}: 'java.lang.Object java.lang.invoke.Invokers$Holder.invoke_MT(java.lang.Object, java.lang.Object, java.lang.Object, java.lang.Object, java.lang.Object, java.lang.Object)'> (0x00000007fffd4220) 
thrown [s\open\src\hotspot\share\interpreter\linkResolver.cpp, line 805]
Event: 4.273 Thread 0x0000017a5fd4d250 Exception <a 'java/lang/NoSuchMethodError'{0x0000000711c4bcf8}: 'java.lang.Object java.lang.invoke.DirectMethodHandle$Holder.invokeStaticInit(java.lang.Object, java.lang.Object, java.lang.Object, java.lang.Object)'> (0x0000000711c4bcf8) 
thrown [s\open\src\hotspot\share\interpreter\linkResolver.cpp, line 805]
Event: 4.351 Thread 0x0000017a5fd4d250 Exception <a 'java/lang/NoSuchMethodError'{0x0000000711db5e48}: 'void java.lang.invoke.DelegatingMethodHandle$Holder.reinvoke_L(java.lang.Object, java.lang.Object, java.lang.Object, java.lang.Object, int, java.lang.Object, java.lang.Object, java.lang.Object)'> (0x0000000711db5e48) 
thrown [s\open\src\hotspot\share\interpreter\linkResolver.cpp, line 805]
Event: 4.355 Thread 0x0000017a5fd4d250 Exception <a 'java/lang/NoSuchMethodError'{0x0000000711a09c10}: 'java.lang.Object java.lang.invoke.DirectMethodHandle$Holder.invokeStatic(java.lang.Object, java.lang.Object, java.lang.Object, java.lang.Object, java.lang.Object, java.lang.Object, java.lang.Object, java.lang.Object, java.lang.Object, java.lang.Object)'> (0x0000000711a09c10) 
thrown [s\open\src\hotspot\share\interpreter\linkResolver.cpp, line 805]

VM Operations (20 events):
Event: 3.791 Executing VM operation: HandshakeAllThreads (Deoptimize)
Event: 3.791 Executing VM operation: HandshakeAllThreads (Deoptimize) done
Event: 3.830 Executing VM operation: HandshakeAllThreads (Deoptimize)
Event: 3.830 Executing VM operation: HandshakeAllThreads (Deoptimize) done
Event: 3.838 Executing VM operation: HandshakeAllThreads (Deoptimize)
Event: 3.838 Executing VM operation: HandshakeAllThreads (Deoptimize) done
Event: 3.850 Executing VM operation: HandshakeAllThreads (Deoptimize)
Event: 3.850 Executing VM operation: HandshakeAllThreads (Deoptimize) done
Event: 3.856 Executing VM operation: HandshakeAllThreads (Deoptimize)
Event: 3.856 Executing VM operation: HandshakeAllThreads (Deoptimize) done
Event: 3.902 Executing VM operation: CollectForMetadataAllocation (Metadata GC Threshold)
Event: 3.905 Executing VM operation: CollectForMetadataAllocation (Metadata GC Threshold) done
Event: 3.918 Executing VM operation: G1PauseRemark
Event: 3.921 Executing VM operation: G1PauseRemark done
Event: 3.926 Executing VM operation: G1PauseCleanup
Event: 3.926 Executing VM operation: G1PauseCleanup done
Event: 4.129 Executing VM operation: HandshakeAllThreads (Deoptimize)
Event: 4.129 Executing VM operation: HandshakeAllThreads (Deoptimize) done
Event: 5.389 Executing VM operation: G1CollectForAllocation (G1 Evacuation Pause)
Event: 5.393 Executing VM operation: G1CollectForAllocation (G1 Evacuation Pause) done

Memory protections (0 events):
No events

Nmethod flushes (20 events):
Event: 3.921 Thread 0x0000017a7f2f31a0 flushing  nmethod 0x0000017a685f3088
Event: 3.921 Thread 0x0000017a7f2f31a0 flushing  nmethod 0x0000017a685f3408
Event: 3.921 Thread 0x0000017a7f2f31a0 flushing  nmethod 0x0000017a68613408
Event: 3.921 Thread 0x0000017a7f2f31a0 flushing  nmethod 0x0000017a68613a08
Event: 3.921 Thread 0x0000017a7f2f31a0 flushing  nmethod 0x0000017a68614108
Event: 3.921 Thread 0x0000017a7f2f31a0 flushing  nmethod 0x0000017a68616088
Event: 3.921 Thread 0x0000017a7f2f31a0 flushing  nmethod 0x0000017a68616888
Event: 3.921 Thread 0x0000017a7f2f31a0 flushing  nmethod 0x0000017a68617288
Event: 3.921 Thread 0x0000017a7f2f31a0 flushing  nmethod 0x0000017a68617c08
Event: 3.921 Thread 0x0000017a7f2f31a0 flushing  nmethod 0x0000017a68618b08
Event: 3.921 Thread 0x0000017a7f2f31a0 flushing  nmethod 0x0000017a68618f08
Event: 3.921 Thread 0x0000017a7f2f31a0 flushing  nmethod 0x0000017a68619388
Event: 3.921 Thread 0x0000017a7f2f31a0 flushing  nmethod 0x0000017a68840f88
Event: 3.921 Thread 0x0000017a7f2f31a0 flushing  nmethod 0x0000017a68843c88
Event: 3.921 Thread 0x0000017a7f2f31a0 flushing  nmethod 0x0000017a68877c08
Event: 3.921 Thread 0x0000017a7f2f31a0 flushing  nmethod 0x0000017a6894d088
Event: 3.921 Thread 0x0000017a7f2f31a0 flushing  nmethod 0x0000017a6894e488
Event: 3.921 Thread 0x0000017a7f2f31a0 flushing  nmethod 0x0000017a6899f208
Event: 3.921 Thread 0x0000017a7f2f31a0 flushing  nmethod 0x0000017a689ade08
Event: 3.921 Thread 0x0000017a7f2f31a0 flushing osr nmethod 0x0000017a68aebf88

Events (20 events):
Event: 0.173 Thread 0x0000017a5fd4d250 Thread added: 0x0000017a45254940
Event: 0.203 Thread 0x0000017a7f30d520 Thread added: 0x0000017a4537d1a0
Event: 0.215 Thread 0x0000017a7f2e6660 Thread added: 0x0000017a454b2630
Event: 0.258 Thread 0x0000017a5fd4d250 Thread added: 0x0000017a4563a750
Event: 0.258 Thread 0x0000017a5fd4d250 Thread added: 0x0000017a456280f0
Event: 0.979 Thread 0x0000017a5fd4d250 Thread added: 0x0000017a4604dc80
Event: 1.066 Thread 0x0000017a45040b10 Thread added: 0x0000017a460e60f0
Event: 1.368 Thread 0x0000017a454b2630 Thread added: 0x0000017a465666d0
Event: 1.383 Thread 0x0000017a454b2630 Thread added: 0x0000017a46bfe620
Event: 1.417 Thread 0x0000017a5fd4d250 Thread added: 0x0000017a4748c810
Event: 1.432 Thread 0x0000017a4604dc80 Thread exited: 0x0000017a4604dc80
Event: 1.454 Thread 0x0000017a4748c810 Thread exited: 0x0000017a4748c810
Event: 3.371 Thread 0x0000017a5fd4d250 Thread added: 0x0000017a4764b870
Event: 3.372 Thread 0x0000017a4764b870 Thread added: 0x0000017a4764a280
Event: 3.376 Thread 0x0000017a5fd4d250 Thread added: 0x0000017a47648c90
Event: 3.437 Thread 0x0000017a5fd4d250 Thread added: 0x0000017a476493e0
Event: 4.259 Thread 0x0000017a5fd4d250 Thread added: 0x0000017a4764b120
Event: 4.363 Thread 0x0000017a4764b120 Thread added: 0x0000017a47648540
Event: 5.487 Thread 0x0000017a46bfe620 Thread exited: 0x0000017a46bfe620
Event: 6.652 Thread 0x0000017a465666d0 Thread exited: 0x0000017a465666d0


Dynamic libraries:
0x00007ff6d1a30000 - 0x00007ff6d1a40000 	C:\Program Files\Java\jdk-24\bin\java.exe
0x00007ffc52860000 - 0x00007ffc52ac7000 	C:\WINDOWS\SYSTEM32\ntdll.dll
0x00007ffc51a40000 - 0x00007ffc51b09000 	C:\WINDOWS\System32\KERNEL32.DLL
0x00007ffc4fbe0000 - 0x00007ffc4ffcf000 	C:\WINDOWS\System32\KERNELBASE.dll
0x00007ffc4ffe0000 - 0x00007ffc5012b000 	C:\WINDOWS\System32\ucrtbase.dll
0x00007ffc347a0000 - 0x00007ffc347bb000 	C:\Program Files\Java\jdk-24\bin\VCRUNTIME140.dll
0x00007ffc49360000 - 0x00007ffc49376000 	C:\Program Files\Java\jdk-24\bin\jli.dll
0x00007ffc508e0000 - 0x00007ffc50aa5000 	C:\WINDOWS\System32\USER32.dll
0x00007ffc505d0000 - 0x00007ffc505f7000 	C:\WINDOWS\System32\win32u.dll
0x00007ffc37d40000 - 0x00007ffc37fd3000 	C:\WINDOWS\WinSxS\amd64_microsoft.windows.common-controls_6595b64144ccf1df_6.0.26100.7309_none_3e05feeae336a044\COMCTL32.dll
0x00007ffc50ab0000 - 0x00007ffc50adb000 	C:\WINDOWS\System32\GDI32.dll
0x00007ffc51de0000 - 0x00007ffc51e89000 	C:\WINDOWS\System32\msvcrt.dll
0x00007ffc502a0000 - 0x00007ffc503cc000 	C:\WINDOWS\System32\gdi32full.dll
0x00007ffc4fb30000 - 0x00007ffc4fbd3000 	C:\WINDOWS\System32\msvcp_win.dll
0x00007ffc51c50000 - 0x00007ffc51c81000 	C:\WINDOWS\System32\IMM32.DLL
0x00007ffc4c3e0000 - 0x00007ffc4c3ec000 	C:\Program Files\Java\jdk-24\bin\vcruntime140_1.dll
0x00007ffc07ca0000 - 0x00007ffc07d2e000 	C:\Program Files\Java\jdk-24\bin\msvcp140.dll
0x00007ffb89690000 - 0x00007ffb8a432000 	C:\Program Files\Java\jdk-24\bin\server\jvm.dll
0x00007ffc51980000 - 0x00007ffc51a34000 	C:\WINDOWS\System32\ADVAPI32.dll
0x00007ffc51c90000 - 0x00007ffc51d36000 	C:\WINDOWS\System32\sechost.dll
0x00007ffc51860000 - 0x00007ffc51978000 	C:\WINDOWS\System32\RPCRT4.dll
0x00007ffc52690000 - 0x00007ffc52704000 	C:\WINDOWS\System32\WS2_32.dll
0x00007ffc4f810000 - 0x00007ffc4f86e000 	C:\WINDOWS\SYSTEM32\POWRPROF.dll
0x00007ffc49720000 - 0x00007ffc4972b000 	C:\WINDOWS\SYSTEM32\VERSION.dll
0x00007ffc389b0000 - 0x00007ffc389e5000 	C:\WINDOWS\SYSTEM32\WINMM.dll
0x00007ffc4f7f0000 - 0x00007ffc4f804000 	C:\WINDOWS\SYSTEM32\UMPDC.dll
0x00007ffc4e740000 - 0x00007ffc4e75b000 	C:\WINDOWS\SYSTEM32\kernel.appcore.dll
0x00007ffc49350000 - 0x00007ffc4935a000 	C:\Program Files\Java\jdk-24\bin\jimage.dll
0x00007ffc4d0c0000 - 0x00007ffc4d302000 	C:\WINDOWS\SYSTEM32\DBGHELP.DLL
0x00007ffc51e90000 - 0x00007ffc52216000 	C:\WINDOWS\System32\combase.dll
0x00007ffc523c0000 - 0x00007ffc52496000 	C:\WINDOWS\System32\OLEAUT32.dll
0x00007ffc35ba0000 - 0x00007ffc35bdc000 	C:\WINDOWS\SYSTEM32\dbgcore.DLL
0x00007ffc503d0000 - 0x00007ffc50475000 	C:\WINDOWS\System32\bcryptPrimitives.dll
0x00007ffc1e2b0000 - 0x00007ffc1e2bf000 	C:\Program Files\Java\jdk-24\bin\instrument.dll
0x00007ffc34780000 - 0x00007ffc3479e000 	C:\Program Files\Java\jdk-24\bin\java.dll
0x00007ffc52220000 - 0x00007ffc523b7000 	C:\WINDOWS\System32\ole32.dll
0x00007ffc50af0000 - 0x00007ffc51243000 	C:\WINDOWS\System32\SHELL32.dll
0x00007ffc50130000 - 0x00007ffc5029a000 	C:\WINDOWS\System32\wintypes.dll
0x00007ffc4d590000 - 0x00007ffc4ddee000 	C:\WINDOWS\SYSTEM32\windows.storage.dll
0x00007ffc524c0000 - 0x00007ffc525b5000 	C:\WINDOWS\System32\SHCORE.dll
0x00007ffc525c0000 - 0x00007ffc52626000 	C:\WINDOWS\System32\shlwapi.dll
0x00007ffc4f8d0000 - 0x00007ffc4f8f9000 	C:\WINDOWS\SYSTEM32\profapi.dll
0x00007ffc075b0000 - 0x00007ffc07687000 	C:\Program Files\Java\jdk-24\bin\jsvml.dll
0x00007ffc1a760000 - 0x00007ffc1a777000 	C:\Program Files\Java\jdk-24\bin\zip.dll
0x00007ffc1e2c0000 - 0x00007ffc1e2d0000 	C:\Program Files\Java\jdk-24\bin\net.dll
0x00007ffc4ecd0000 - 0x00007ffc4ed3b000 	C:\WINDOWS\system32\mswsock.dll
0x00007ffc1e0e0000 - 0x00007ffc1e0f6000 	C:\Program Files\Java\jdk-24\bin\nio.dll
0x00007ffc1a7a0000 - 0x00007ffc1a7a9000 	C:\Program Files\Java\jdk-24\bin\extnet.dll
0x00007ffc1a820000 - 0x00007ffc1a82e000 	C:\Program Files\Java\jdk-24\bin\sunmscapi.dll
0x00007ffc4f9b0000 - 0x00007ffc4fb27000 	C:\WINDOWS\System32\CRYPT32.dll
0x00007ffc4f1b0000 - 0x00007ffc4f1e0000 	C:\WINDOWS\SYSTEM32\ncrypt.dll
0x00007ffc4f160000 - 0x00007ffc4f19f000 	C:\WINDOWS\SYSTEM32\NTASN1.dll
0x00007ffc4ef90000 - 0x00007ffc4efab000 	C:\WINDOWS\SYSTEM32\CRYPTSP.dll
0x00007ffc4e6a0000 - 0x00007ffc4e6da000 	C:\WINDOWS\system32\rsaenh.dll
0x00007ffc4ed80000 - 0x00007ffc4edab000 	C:\WINDOWS\SYSTEM32\USERENV.dll
0x00007ffc4f8a0000 - 0x00007ffc4f8ca000 	C:\WINDOWS\SYSTEM32\bcrypt.dll
0x00007ffc4efb0000 - 0x00007ffc4efbc000 	C:\WINDOWS\SYSTEM32\CRYPTBASE.dll
0x00007ffc4e120000 - 0x00007ffc4e154000 	C:\WINDOWS\SYSTEM32\IPHLPAPI.DLL
0x00007ffc51d70000 - 0x00007ffc51d7a000 	C:\WINDOWS\System32\NSI.dll
0x00007ffc1a560000 - 0x00007ffc1a56a000 	C:\Program Files\Java\jdk-24\bin\management.dll
0x00007ffc1a2f0000 - 0x00007ffc1a2fb000 	C:\Program Files\Java\jdk-24\bin\management_ext.dll
0x00007ffc51dd0000 - 0x00007ffc51dd8000 	C:\WINDOWS\System32\PSAPI.DLL
0x00007ffc4e1b0000 - 0x00007ffc4e2dc000 	C:\WINDOWS\SYSTEM32\DNSAPI.dll
0x00007ffc40e70000 - 0x00007ffc40e7b000 	C:\Windows\System32\rasadhlp.dll
0x00007ffc467f0000 - 0x00007ffc46876000 	C:\WINDOWS\System32\fwpuclnt.dll

JVMTI agents:
C:\Program Files\JetBrains\IntelliJ IDEA Community Edition 2025.1.3\lib\idea_rt.jar path:C:\Program Files\Java\jdk-24\bin\instrument.dll, loaded, initialized, instrumentlib options:64170

dbghelp: loaded successfully - version: 4.0.5 - missing functions: none
symbol engine: initialized successfully - sym options: 0x614 - pdb path: .;C:\Program Files\Java\jdk-24\bin;C:\WINDOWS\SYSTEM32;C:\WINDOWS\WinSxS\amd64_microsoft.windows.common-controls_6595b64144ccf1df_6.0.26100.7309_none_3e05feeae336a044;C:\Program Files\Java\jdk-24\bin\server

VM Arguments:
jvm_args: -javaagent:C:\Program Files\JetBrains\IntelliJ IDEA Community Edition 2025.1.3\lib\idea_rt.jar=64170 -Dfile.encoding=UTF-8 -Dsun.stdout.encoding=UTF-8 -Dsun.stderr.encoding=UTF-8 
java_command: e_commerce.api.e_commerce.ECommerceApplication
java_class_path (initial): C:\Users\M.S.I\Documents\E-commerce-API\e-commerce\target\classes;C:\Users\M.S.I\.m2\repository\org\springframework\boot\spring-boot-starter-webmvc\4.0.0\spring-boot-starter-webmvc-4.0.0.jar;C:\Users\M.S.I\.m2\repository\org\springframework\boot\spring-boot-starter\4.0.0\spring-boot-starter-4.0.0.jar;C:\Users\M.S.I\.m2\repository\org\springframework\boot\spring-boot-starter-logging\4.0.0\spring-boot-starter-logging-4.0.0.jar;C:\Users\M.S.I\.m2\repository\ch\qos\logback\logback-classic\1.5.21\logback-classic-1.5.21.jar;C:\Users\M.S.I\.m2\repository\ch\qos\logback\logback-core\1.5.21\logback-core-1.5.21.jar;C:\Users\M.S.I\.m2\repository\org\apache\logging\log4j\log4j-to-slf4j\2.25.2\log4j-to-slf4j-2.25.2.jar;C:\Users\M.S.I\.m2\repository\org\apache\logging\log4j\log4j-api\2.25.2\log4j-api-2.25.2.jar;C:\Users\M.S.I\.m2\repository\org\slf4j\jul-to-slf4j\2.0.17\jul-to-slf4j-2.0.17.jar;C:\Users\M.S.I\.m2\repository\org\springframework\boot\spring-boot-autoconfigure\4.0.0\spring-boot-autoconfigure-4.0.0.jar;C:\Users\M.S.I\.m2\repository\jakarta\annotation\jakarta.annotation-api\3.0.0\jakarta.annotation-api-3.0.0.jar;C:\Users\M.S.I\.m2\repository\org\yaml\snakeyaml\2.5\snakeyaml-2.5.jar;C:\Users\M.S.I\.m2\repository\org\springframework\boot\spring-boot-starter-jackson\4.0.0\spring-boot-starter-jackson-4.0.0.jar;C:\Users\M.S.I\.m2\repository\org\springframework\boot\spring-boot-jackson\4.0.0\spring-boot-jackson-4.0.0.jar;C:\Users\M.S.I\.m2\repository\tools\jackson\core\jackson-databind\3.0.2\jackson-databind-3.0.2.jar;C:\Users\M.S.I\.m2\repository\tools\jackson\core\jackson-core\3.0.2\jackson-core-3.0.2.jar;C:\Users\M.S.I\.m2\repository\org\springframework\boot\spring-boot-starter-tomcat\4.0.0\spring-boot-starter-tomcat-4.0.0.jar;C:\Users\M.S.I\.m2\repository\org\springframework\boot\spring-boot-starter-tomcat-runtime\4.0.0\spring-boot-starter-tomcat-runtime-4.0.0.jar;C:\Users\M.S.I\.m2\repository\org\apache\tomcat\embed\tomcat-embed-core\11.0.14\tomcat-embed-core-11.0.14.jar;C:\Users\M.S.I\.m2\repository\org\apache\tomcat\embed\tomcat-embed-el\11.0.14\tomcat-embed-el-11.0.14.jar;C:\Users\M.S.I\.m2\repository\org\apache\tomcat\embed\tomcat-embed-websocket\11.0.14\tomcat-embed-websocket-11.0.14.jar;C:\Users\M.S.I\.m2\repository\org\springframework\boot\spring-boot-tomcat\4.0.0\spring-boot-tomcat-4.0.0.jar;C:\Users\M.S.I\.m2\repository\org\springframework\boot\spring-boot-http-converter\4.0.0\spring-boot-http-converter-4.0.0.jar;C:\Users\M.S.I\.m2\repository\org\springframework\boot\spring-boot\4.0.0\spring-boot-4.0.0.jar;C:\Users\M.S.I\.m2\repository\org\springframework\spring-context\7.0.1\spring-context-7.0.1.jar;C:\Users\M.S.I\.m2\repository\org\springframework\spring-web\7.0.1\spring-web-7.0.1.jar;C:\Users\M.S.I\.m2\repository\org\springframework\spring-beans\7.0.1\spring-beans-7.0.1.jar;C:\Users\M.S.I\.m2\repository\io\micrometer\micrometer-observation\1.16.0\micrometer-observation-1.16.0.jar;C:\Users\M.S.I\.m2\repository\io\micrometer\micrometer-commons\1.16.0\micrometer-commons-1.16.0.jar;C:\Users\M.S.I\.m2\repository\org\springframework\boot\spring-boot-webmvc\4.0.0\spring-boot-webmvc-4.0.0.jar;C:\Users\M.S.I\.m2\repository\org\springframework\boot\spring-boot-servlet\4.0.0\spring-boot-servlet-4.0.0.jar;C:\Users\M.S.I\.m2\repository\org\springframework\spring-webmvc\7.0.1\spring-webmvc-7.0.1.jar;C:\Users\M.S.I\.m2\repository\org\springframework\spring-aop\7.0.1\spring-aop-7.0.1.jar;C:\Users\M.S.I\.m2\repository\org\springframework\spring-expression\7.0.1\spring-expression-7.0.1.jar;C:\Users\M.S.I\.m2\repository\org\slf4j\slf4j-api\2.0.17\slf4j-api-2.0.17.jar;C:\Users\M.S.I\.m2\repository\jakarta\xml\bind\jakarta.xml.bind-api\4.0.4\jakarta.xml.bind-api-4.0.4.jar;C:\Users\M.S.I\.m2\repository\jakarta\activation\jakarta.activation-api\2.1.4\jakarta.activation-api-2.1.4.jar;C:\Users\M.S.I\.m2\repository\net\bytebuddy\byte-buddy\1.17.8\byte-buddy-1.17.8.jar;C:\Users\M.S.I\.m2\repository\org\springframework\spring-core\7.0.1\spring-core-7.0.1.jar;C:\Users\M.S.I\.m2\repository\commons-logging\commons-logging\1.3.5\commons-logging-1.3.5.jar;C:\Users\M.S.I\.m2\repository\org\jspecify\jspecify\1.0.0\jspecify-1.0.0.jar;C:\Users\M.S.I\.m2\repository\org\springframework\boot\spring-boot-web-server\4.0.0\spring-boot-web-server-4.0.0.jar;C:\Users\M.S.I\.m2\repository\org\springframework\boot\spring-boot-starter-web\4.0.0\spring-boot-starter-web-4.0.0.jar;C:\Users\M.S.I\.m2\repository\org\springframework\boot\spring-boot-starter-data-jpa\4.0.0\spring-boot-starter-data-jpa-4.0.0.jar;C:\Users\M.S.I\.m2\repository\org\springframework\boot\spring-boot-starter-jdbc\4.0.0\spring-boot-starter-jdbc-4.0.0.jar;C:\Users\M.S.I\.m2\repository\com\zaxxer\HikariCP\7.0.2\HikariCP-7.0.2.jar;C:\Users\M.S.I\.m2\repository\org\springframework\boot\spring-boot-data-jpa\4.0.0\spring-boot-data-jpa-4.0.0.jar;C:\Users\M.S.I\.m2\repository\org\springframework\boot\spring-boot-data-commons\4.0.0\spring-boot-data-commons-4.0.0.jar;C:\Users\M.S.I\.m2\repository\org\springframework\boot\spring-boot-persistence\4.0.0\spring-boot-persistence-4.0.0.jar;C:\Users\M.S.I\.m2\repository\org\springframework\data\spring-data-commons\4.0.0\spring-data-commons-4.0.0.jar;C:\Users\M.S.I\.m2\repository\org\springframework\boot\spring-boot-hibernate\4.0.0\spring-boot-hibernate-4.0.0.jar;C:\Users\M.S.I\.m2\repository\org\springframework\boot\spring-boot-jpa\4.0.0\spring-boot-jpa-4.0.0.jar;C:\Users\M.S.I\.m2\repository\jakarta\persistence\jakarta.persistence-api\3.2.0\jakarta.persistence-api-3.2.0.jar;C:\Users\M.S.I\.m2\repository\org\hibernate\orm\hibernate-core\7.1.8.Final\hibernate-core-7.1.8.Final.jar;C:\Users\M.S.I\.m2\repository\jakarta\transaction\jakarta.transaction-api\2.0.1\jakarta.transaction-api-2.0.1.jar;C:\Users\M.S.I\.m2\repository\org\jboss\logging\jboss-logging\3.6.1.Final\jboss-logging-3.6.1.Final.jar;C:\Users\M.S.I\.m2\repository\org\hibernate\models\hibernate-models\1.0.1\hibernate-models-1.0.1.jar;C:\Users\M.S.I\.m2\repository\com\fasterxml\classmate\1.7.1\classmate-1.7.1.jar;C:\Users\M.S.I\.m2\repository\org\glassfish\jaxb\jaxb-runtime\4.0.6\jaxb-runtime-4.0.6.jar;C:\Users\M.S.I\.m2\repository\org\glassfish\jaxb\jaxb-core\4.0.6\jaxb-core-4.0.6.jar;C:\Users\M.S.I\.m2\repository\org\eclipse\angus\angus-activation\2.0.3\angus-activation-2.0.3.jar;C:\Users\M.S.I\.m2\repository\org\glassfish\jaxb\txw2\4.0.6\txw2-4.0.6.jar;C:\Users\M.S.I\.m2\repository\com\sun\istack\istack-commons-runtime\4.1.2\istack-commons-runtime-4.1.2.jar;C:\Users\M.S.I\.m2\repository\jakarta\inject\jakarta.inject-api\2.0.1\jakarta.inject-api-2.0.1.jar;C:\Users\M.S.I\.m2\repository\org\springframework\spring-orm\7.0.1\spring-orm-7.0.1.jar;C:\Users\M.S.I\.m2\repository\org\springframework\data\spring-data-jpa\4.0.0\spring-data-jpa-4.0.0.jar;C:\Users\M.S.I\.m2\repository\org\springframework\spring-tx\7.0.1\spring-tx-7.0.1.jar;C:\Users\M.S.I\.m2\repository\org\antlr\antlr4-runtime\4.13.2\antlr4-runtime-4.13.2.jar;C:\Users\M.S.I\.m2\repository\org\springframework\spring-aspects\7.0.1\spring-aspects-7.0.1.jar;C:\Users\M.S.I\.m2\repository\org\aspectj\aspectjweaver\1.9.25\aspectjweaver-1.9.25.jar;C:\Users\M.S.I\.m2\repository\org\springframework\boot\spring-boot-jdbc\4.0.0\spring-boot-jdbc-4.0.0.jar;C:\Users\M.S.I\.m2\repository\org\springframework\boot\spring-boot-sql\4.0.0\spring-boot-sql-4.0.0.jar;C:\Users\M.S.I\.m2\repository\org\springframework\boot\spring-boot-transaction\4.0.0\spring-boot-transaction-4.0.0.jar;C:\Users\M.S.I\.m2\repository\org\springframework\spring-jdbc\7.0.1\spring-jdbc-7.0.1.jar;C:\Users\M.S.I\.m2\repository\com\mysql\mysql-connector-j\9.5.0\mysql-connector-j-9.5.0.jar;C:\Users\M.S.I\.m2\repository\org\flywaydb\flyway-core\11.14.1\flyway-core-11.14.1.jar;C:\Users\M.S.I\.m2\repository\com\fasterxml\jackson\core\jackson-databind\2.20.1\jackson-databind-2.20.1.jar;C:\Users\M.S.I\.m2\repository\com\fasterxml\jackson\core\jackson-annotations\2.20\jackson-annotations-2.20.jar;C:\Users\M.S.I\.m2\repository\com\fasterxml\jackson\core\jackson-core\2.20.1\jackson-core-2.20.1.jar
Launcher Type: SUN_STANDARD

[Global flags]
     intx CICompilerCount                          = 12                                        {product} {ergonomic}
     uint ConcGCThreads                            = 3                                         {product} {ergonomic}
     uint G1ConcRefinementThreads                  = 13                                        {product} {ergonomic}
   size_t G1HeapRegionSize                         = 2097152                                   {product} {ergonomic}
   size_t InitialHeapSize                          = 264241152                                 {product} {ergonomic}
   size_t MarkStackSize                            = 4194304                                   {product} {ergonomic}
   size_t MarkStackSizeMax                         = 536870912                                 {product} {ergonomic}
   size_t MaxHeapSize                              = 4217372672                                {product} {ergonomic}
   size_t MaxNewSize                               = 2529165312                                {product} {ergonomic}
   size_t MinHeapDeltaBytes                        = 2097152                                   {product} {ergonomic}
   size_t MinHeapSize                              = 8388608                                   {product} {ergonomic}
    uintx NonNMethodCodeHeapSize                   = 7602176                                {pd product} {ergonomic}
    uintx NonProfiledCodeHeapSize                  = 122093568                              {pd product} {ergonomic}
    uintx ProfiledCodeHeapSize                     = 121962496                              {pd product} {ergonomic}
    uintx ReservedCodeCacheSize                    = 251658240                              {pd product} {ergonomic}
     bool SegmentedCodeCache                       = true                                      {product} {ergonomic}
   size_t SoftMaxHeapSize                          = 4217372672                             {manageable} {ergonomic}
     bool UseCompressedOops                        = true                           {product lp64_product} {ergonomic}
     bool UseG1GC                                  = true                                      {product} {ergonomic}
     bool UseLargePagesIndividualAllocation        = false                                  {pd product} {ergonomic}

Logging:
Log output configuration:
 #0: stdout all=warning uptime,level,tags foldmultilines=false
 #1: stderr all=off uptime,level,tags foldmultilines=false

Environment Variables:
JAVA_HOME=C:\Program Files\Java\jdk-17
PATH=C:\Program Files\Git\usr\local\bin;C:\Program Files\Git\bin;C:\Program Files\Eclipse Adoptium\jdk-11.0.24.8-hotspot\bin;C:\Program Files\Eclipse Adoptium\jdk-17.0.15.6-hotspot\bin;C:\Program Files\Java\jdk-24\bin;C:\Program Files\apache-maven-3.9.9\bin;C:\Windows\System32;C:\Program Files\Java\jdk-24\bin;C:\Program Files\nodejs\;C:\Program Files\Git\cmd;C:\Users\M.S.I\AppData\Local\Programs\Python\Python311\Scripts\;C:\Users\M.S.I\AppData\Local\Programs\Python\Python311\;C:\Users\M.S.I\AppData\Local\Microsoft\WindowsApps;C:\Users\M.S.I\AppData\Local\JetBrains\Toolbox\scripts;C:\Program Files\JetBrains\IntelliJ IDEA Community Edition 2025.1.3\bin;;C:\Program Files\JetBrains\PyCharm Community Edition 2023.1.1\bin;;C:\Program Files\JetBrains\IntelliJ IDEA 2025.1.3\bin;;C:\Program Files\Azure Data Studio\bin;C:\Users\M.S.I\AppData\Local\Microsoft\WindowsApps;C:\Users\M.S.I\AppData\Local\Programs\Microsoft VS Code\bin;C:\Users\M.S.I\AppData\Roaming\npm
USERNAME=M.S.I
OS=Windows_NT
PROCESSOR_IDENTIFIER=Intel64 Family 6 Model 141 Stepping 1, GenuineIntel
TMP=C:\Users\MS1E84~1.I\AppData\Local\Temp
TEMP=C:\Users\MS1E84~1.I\AppData\Local\Temp




Periodic native trim disabled

---------------  S Y S T E M  ---------------

OS:
 Windows 11 , 64 bit Build 26100 (10.0.26100.7623)
OS uptime: 1 days 20:07 hours
Hyper-V role detected

CPU: total 16 (initial active 16) (8 cores per cpu, 2 threads per core) family 6 model 141 stepping 1 microcode 0x34, cx8, cmov, fxsr, ht, mmx, 3dnowpref, sse, sse2, sse3, ssse3, sse4.1, sse4.2, popcnt, lzcnt, tsc, tscinvbit, avx, avx2, aes, erms, clmul, bmi1, bmi2, adx, avx512f, avx512dq, avx512cd, avx512bw, avx512vl, sha, fma, vzeroupper, avx512_vpopcntdq, avx512_vpclmulqdq, avx512_vaes, avx512_vnni, clflush, clflushopt, clwb, avx512_vbmi2, avx512_vbmi, hv, rdtscp, rdpid, fsrm, gfni, avx512_bitalg, f16c, cet_ibt, cet_ss, avx512_ifma
Processor Information for the first 16 processors :
  Max Mhz: 2304, Current Mhz: 2304, Mhz Limit: 2304

Memory: 4k page, system-wide physical 16085M (2928M free)
TotalPageFile size 18133M (AvailPageFile size 122M)
current process WorkingSet (physical memory assigned to process): 252M, peak: 261M
current process commit charge ("private bytes"): 300M, peak: 415M

vm_info: Java HotSpot(TM) 64-Bit Server VM (24.0.1+9-30) for windows-amd64 JRE (24.0.1+9-30), built on 2025-03-05T07:23:45Z with MS VC++ 17.6 (VS2022)

END.
