#
# There is insufficient memory for the Java Runtime Environment to continue.
# Native memory allocation (malloc) failed to allocate 15791376 bytes. Error detail: Chunk::new
# Possible reasons:
#   The system is out of physical RAM or swap space
#   This process is running with CompressedOops enabled, and the Java Heap may be blocking the growth of the native heap
# Possible solutions:
#   Reduce memory load on the system
#   Increase physical memory or swap space
#   Check if swap backing store is full
#   Decrease Java heap size (-Xmx/-Xms)
#   Decrease number of Java threads
#   Decrease Java thread stack sizes (-Xss)
#   Set larger code cache with -XX:ReservedCodeCacheSize=
#   JVM is running with Zero Based Compressed Oops mode in which the Java heap is
#     placed in the first 32GB address space. The Java Heap base address is the
#     maximum limit for the native heap growth. Please use -XX:HeapBaseMinAddress
#     to set the Java Heap base and to place the Java Heap above 32GB virtual address.
# This output file may be truncated or incomplete.
#
#  Out of Memory Error (arena.cpp:162), pid=12900, tid=24096
#
# JRE version: Java(TM) SE Runtime Environment (24.0.1+9) (build 24.0.1+9-30)
# Java VM: Java HotSpot(TM) 64-Bit Server VM (24.0.1+9-30, mixed mode, sharing, tiered, compressed oops, compressed class ptrs, g1 gc, windows-amd64)
# No core dump will be written. Minidumps are not enabled by default on client versions of Windows
#

---------------  S U M M A R Y ------------

Command Line: -javaagent:C:\Program Files\JetBrains\IntelliJ IDEA Community Edition 2025.1.3\lib\idea_rt.jar=50261 -Dfile.encoding=UTF-8 -Dsun.stdout.encoding=UTF-8 -Dsun.stderr.encoding=UTF-8 e_commerce.api.e_commerce.ECommerceApplication

Host: 11th Gen Intel(R) Core(TM) i7-11800H @ 2.30GHz, 16 cores, 15G,  Windows 11 , 64 bit Build 26100 (10.0.26100.7623)
Time: Mon Feb  2 13:34:39 2026 West Bank Gaza Standard Time elapsed time: 9.645458 seconds (0d 0h 0m 9s)

---------------  T H R E A D  ---------------

Current thread (0x00000215feaba030):  JavaThread "C2 CompilerThread1" daemon [_thread_in_native, id=24096, stack(0x0000001c68600000,0x0000001c68700000) (1024K)]


Current CompileTask:
C2:9645 9829       4       org.springframework.core.annotation.TypeMappedAnnotations::scan (66 bytes)

Stack: [0x0000001c68600000,0x0000001c68700000]
Native frames: (J=compiled Java code, j=interpreted, Vv=VM code, C=native code)
V  [jvm.dll+0x730739]  (no source info available)
V  [jvm.dll+0x8d9b23]  (no source info available)
V  [jvm.dll+0x8dc00d]  (no source info available)
V  [jvm.dll+0x8dc683]  (no source info available)
V  [jvm.dll+0x2aa086]  (no source info available)
V  [jvm.dll+0xcedef]  (no source info available)
V  [jvm.dll+0xcf04f]  (no source info available)
V  [jvm.dll+0x154d83]  (no source info available)
V  [jvm.dll+0x735f5f]  (no source info available)
V  [jvm.dll+0x26fa1c]  (no source info available)
V  [jvm.dll+0x26ea3f]  (no source info available)
V  [jvm.dll+0x1e9d60]  (no source info available)
V  [jvm.dll+0x27e1fb]  (no source info available)
V  [jvm.dll+0x27c49a]  (no source info available)
V  [jvm.dll+0x42f456]  (no source info available)
V  [jvm.dll+0x87d76b]  (no source info available)
V  [jvm.dll+0x72ee55]  (no source info available)
C  [ucrtbase.dll+0x37b0]  (no source info available)
C  [KERNEL32.DLL+0x2e8d7]  (no source info available)
C  [ntdll.dll+0x8c53c]  (no source info available)

Lock stack of current Java thread (top to bottom):


---------------  P R O C E S S  ---------------

Threads class SMR info:
_java_thread_list=0x00000215ff4e2690, length=31, elements={
0x00000215bc117aa0, 0x00000215bc1181e0, 0x00000215bc11dae0, 0x00000215bc11e960,
0x00000215bc11f930, 0x00000215bc360920, 0x00000215bc361390, 0x00000215bc12b6a0,
0x00000215bc5521f0, 0x00000215bc73a160, 0x00000215bc73b1c0, 0x00000215ff353770,
0x00000215ff353eb0, 0x00000215fe409ab0, 0x00000215fe407620, 0x00000215fe4084c0,
0x00000215fe408c10, 0x00000215feaba030, 0x000002158563e0e0, 0x000002158563adb0,
0x000002158563e830, 0x000002158563bc50, 0x000002158563ef80, 0x000002158563f6d0,
0x000002158563caf0, 0x000002158563fe20, 0x0000021585640570, 0x0000021585640cc0,
0x000002158563d990, 0x0000021585641410, 0x0000021585641b60
}

Java Threads: ( => current thread )
  0x00000215bc117aa0 JavaThread "Reference Handler"          daemon [_thread_blocked, id=2028, stack(0x0000001c67b00000,0x0000001c67c00000) (1024K)]
  0x00000215bc1181e0 JavaThread "Finalizer"                  daemon [_thread_blocked, id=9748, stack(0x0000001c67c00000,0x0000001c67d00000) (1024K)]
  0x00000215bc11dae0 JavaThread "Signal Dispatcher"          daemon [_thread_blocked, id=23352, stack(0x0000001c67d00000,0x0000001c67e00000) (1024K)]
  0x00000215bc11e960 JavaThread "Attach Listener"            daemon [_thread_blocked, id=6212, stack(0x0000001c67e00000,0x0000001c67f00000) (1024K)]
  0x00000215bc11f930 JavaThread "Service Thread"             daemon [_thread_blocked, id=21080, stack(0x0000001c67f00000,0x0000001c68000000) (1024K)]
  0x00000215bc360920 JavaThread "Monitor Deflation Thread"   daemon [_thread_blocked, id=17328, stack(0x0000001c68000000,0x0000001c68100000) (1024K)]
  0x00000215bc361390 JavaThread "C2 CompilerThread0"         daemon [_thread_blocked, id=22964, stack(0x0000001c68100000,0x0000001c68200000) (1024K)]
  0x00000215bc12b6a0 JavaThread "C1 CompilerThread0"         daemon [_thread_blocked, id=20444, stack(0x0000001c68200000,0x0000001c68300000) (1024K)]
  0x00000215bc5521f0 JavaThread "Common-Cleaner"             daemon [_thread_blocked, id=20912, stack(0x0000001c68700000,0x0000001c68800000) (1024K)]
  0x00000215bc73a160 JavaThread "Monitor Ctrl-Break"         daemon [_thread_in_native, id=18712, stack(0x0000001c68800000,0x0000001c68900000) (1024K)]
  0x00000215bc73b1c0 JavaThread "Notification Thread"        daemon [_thread_blocked, id=24020, stack(0x0000001c68900000,0x0000001c68a00000) (1024K)]
  0x00000215ff353770 JavaThread "Catalina-utility-1"                [_thread_blocked, id=7016, stack(0x0000001c69900000,0x0000001c69a00000) (1024K)]
  0x00000215ff353eb0 JavaThread "Catalina-utility-2"                [_thread_blocked, id=5872, stack(0x0000001c69a00000,0x0000001c69b00000) (1024K)]
  0x00000215fe409ab0 JavaThread "container-0"                       [_thread_blocked, id=22632, stack(0x0000001c69b00000,0x0000001c69c00000) (1024K)]
  0x00000215fe407620 JavaThread "mysql-cj-abandoned-connection-cleanup" daemon [_thread_blocked, id=21768, stack(0x0000001c69c00000,0x0000001c69d00000) (1024K)]
  0x00000215fe4084c0 JavaThread "HikariPool-1:housekeeper"   daemon [_thread_blocked, id=18968, stack(0x0000001c69f00000,0x0000001c6a000000) (1024K)]
  0x00000215fe408c10 JavaThread "HikariPool-1:connection-adder" daemon [_thread_blocked, id=23356, stack(0x0000001c6a000000,0x0000001c6a100000) (1024K)]
=>0x00000215feaba030 JavaThread "C2 CompilerThread1"         daemon [_thread_in_native, id=24096, stack(0x0000001c68600000,0x0000001c68700000) (1024K)]
  0x000002158563e0e0 JavaThread "http-nio-8080-exec-1"       daemon [_thread_blocked, id=15220, stack(0x0000001c6a100000,0x0000001c6a200000) (1024K)]
  0x000002158563adb0 JavaThread "http-nio-8080-exec-2"       daemon [_thread_blocked, id=13972, stack(0x0000001c6a200000,0x0000001c6a300000) (1024K)]
  0x000002158563e830 JavaThread "http-nio-8080-exec-3"       daemon [_thread_blocked, id=7400, stack(0x0000001c6a300000,0x0000001c6a400000) (1024K)]
  0x000002158563bc50 JavaThread "http-nio-8080-exec-4"       daemon [_thread_blocked, id=10136, stack(0x0000001c6a400000,0x0000001c6a500000) (1024K)]
  0x000002158563ef80 JavaThread "http-nio-8080-exec-5"       daemon [_thread_blocked, id=11244, stack(0x0000001c6a500000,0x0000001c6a600000) (1024K)]
  0x000002158563f6d0 JavaThread "http-nio-8080-exec-6"       daemon [_thread_blocked, id=18780, stack(0x0000001c6a600000,0x0000001c6a700000) (1024K)]
  0x000002158563caf0 JavaThread "http-nio-8080-exec-7"       daemon [_thread_blocked, id=20732, stack(0x0000001c6a700000,0x0000001c6a800000) (1024K)]
  0x000002158563fe20 JavaThread "http-nio-8080-exec-8"       daemon [_thread_blocked, id=13408, stack(0x0000001c6a800000,0x0000001c6a900000) (1024K)]
  0x0000021585640570 JavaThread "http-nio-8080-exec-9"       daemon [_thread_blocked, id=17988, stack(0x0000001c6a900000,0x0000001c6aa00000) (1024K)]
  0x0000021585640cc0 JavaThread "http-nio-8080-exec-10"      daemon [_thread_blocked, id=17984, stack(0x0000001c6aa00000,0x0000001c6ab00000) (1024K)]
  0x000002158563d990 JavaThread "http-nio-8080-Poller"       daemon [_thread_in_native, id=5836, stack(0x0000001c6ab00000,0x0000001c6ac00000) (1024K)]
  0x0000021585641410 JavaThread "http-nio-8080-Acceptor"     daemon [_thread_in_native, id=11652, stack(0x0000001c6ac00000,0x0000001c6ad00000) (1024K)]
  0x0000021585641b60 JavaThread "DestroyJavaVM"                     [_thread_blocked, id=16448, stack(0x0000001c67300000,0x0000001c67400000) (1024K)]
Total: 31

Other Threads:
  0x00000215bc1044e0 VMThread "VM Thread"                           [id=16968, stack(0x0000001c67a00000,0x0000001c67b00000) (1024K)]
  0x00000215bc0f2ca0 WatcherThread "VM Periodic Task Thread"        [id=24328, stack(0x0000001c67900000,0x0000001c67a00000) (1024K)]
  0x000002159c24a4b0 WorkerThread "GC Thread#0"                     [id=19896, stack(0x0000001c67400000,0x0000001c67500000) (1024K)]
  0x00000215fe5506c0 WorkerThread "GC Thread#1"                     [id=2336, stack(0x0000001c68b00000,0x0000001c68c00000) (1024K)]
  0x00000215fe3850a0 WorkerThread "GC Thread#2"                     [id=22888, stack(0x0000001c68c00000,0x0000001c68d00000) (1024K)]
  0x00000215fe385850 WorkerThread "GC Thread#3"                     [id=6884, stack(0x0000001c68d00000,0x0000001c68e00000) (1024K)]
  0x00000215fe64e560 WorkerThread "GC Thread#4"                     [id=21928, stack(0x0000001c68e00000,0x0000001c68f00000) (1024K)]
  0x00000215fe64f530 WorkerThread "GC Thread#5"                     [id=24488, stack(0x0000001c68f00000,0x0000001c69000000) (1024K)]
  0x00000215febe2120 WorkerThread "GC Thread#6"                     [id=9320, stack(0x0000001c68a00000,0x0000001c68b00000) (1024K)]
  0x00000215febe1260 WorkerThread "GC Thread#7"                     [id=3332, stack(0x0000001c69100000,0x0000001c69200000) (1024K)]
  0x00000215febe1610 WorkerThread "GC Thread#8"                     [id=15856, stack(0x0000001c69200000,0x0000001c69300000) (1024K)]
  0x00000215febe0750 WorkerThread "GC Thread#9"                     [id=10576, stack(0x0000001c69300000,0x0000001c69400000) (1024K)]
  0x00000215febe0eb0 WorkerThread "GC Thread#10"                    [id=21592, stack(0x0000001c69400000,0x0000001c69500000) (1024K)]
  0x00000215febe0b00 WorkerThread "GC Thread#11"                    [id=23984, stack(0x0000001c69500000,0x0000001c69600000) (1024K)]
  0x00000215febe19c0 WorkerThread "GC Thread#12"                    [id=13728, stack(0x0000001c69600000,0x0000001c69700000) (1024K)]
  0x000002159c25f2a0 ConcurrentGCThread "G1 Main Marker"            [id=11964, stack(0x0000001c67500000,0x0000001c67600000) (1024K)]
  0x000002159c2605c0 WorkerThread "G1 Conc#0"                       [id=13168, stack(0x0000001c67600000,0x0000001c67700000) (1024K)]
  0x00000215febe1d70 WorkerThread "G1 Conc#1"                       [id=6000, stack(0x0000001c69700000,0x0000001c69800000) (1024K)]
  0x00000215fe5782b0 WorkerThread "G1 Conc#2"                       [id=18612, stack(0x0000001c69800000,0x0000001c69900000) (1024K)]
  0x00000215bbfb04f0 ConcurrentGCThread "G1 Refine#0"               [id=21328, stack(0x0000001c67700000,0x0000001c67800000) (1024K)]
  0x00000215bbfb1070 ConcurrentGCThread "G1 Service"                [id=11664, stack(0x0000001c67800000,0x0000001c67900000) (1024K)]
Total: 21

Threads with active compile tasks:
C2 CompilerThread1  9711 9829       4       org.springframework.core.annotation.TypeMappedAnnotations::scan (66 bytes)
Total: 1

VM state: not at safepoint (normal execution)

VM Mutex/Monitor currently owned by a thread: None

Heap address: 0x0000000704a00000, size: 4022 MB, Compressed Oops mode: Zero based, Oop shift amount: 3

CDS archive(s) mapped at: [0x00000215bd000000-0x00000215bdd40000-0x00000215bdd40000), size 13893632, SharedBaseAddress: 0x00000215bd000000, ArchiveRelocationMode: 1.
Compressed class space mapped at: 0x00000215be000000-0x00000215fe000000, reserved size: 1073741824
UseCompressedClassPointers 1, UseCompactObjectHeaders 0
Narrow klass pointer bits 32, Max shift 3
Narrow klass base: 0x00000215bd000000, Narrow klass shift: 0
Encoding Range: [0x00000215bd000000 - 0x00000216bd000000), (4294967296 bytes)
Klass Range:    [0x00000215bd000000 - 0x00000215fe000000), (1090519040 bytes)
Klass ID Range:  [8 - 1090519033) (1090519025)

GC Precious Log:
 CardTable entry size: 512
 Card Set container configuration: InlinePtr #cards 4 size 8 Array Of Cards #cards 16 size 48 Howl #buckets 8 coarsen threshold 3686 Howl Bitmap #cards 512 size 80 coarsen threshold 460 Card regions per heap region 1 cards per card region 4096
 CPUs: 16 total, 16 available
 Memory: 16085M
 Large Page Support: Disabled
 NUMA Support: Disabled
 Compressed Oops: Enabled (Zero based)
 Heap Region Size: 2M
 Heap Min Capacity: 8M
 Heap Initial Capacity: 252M
 Heap Max Capacity: 4022M
 Pre-touch: Disabled
 Parallel Workers: 13
 Concurrent Workers: 3
 Concurrent Refinement Workers: 13
 Periodic GC: Disabled

Heap:
 garbage-first heap   total reserved 4118528K, committed 77824K, used 53692K [0x0000000704a00000, 0x0000000800000000)
  region size 2048K, 11 young (22528K), 1 survivors (2048K)
 Metaspace       used 85782K, committed 86464K, reserved 1179648K
  class space    used 9523K, committed 9792K, reserved 1048576K

Heap Regions: E=young(eden), S=young(survivor), O=old, HS=humongous(starts), HC=humongous(continues), CS=collection set, F=free, TAMS=top-at-mark-start, PB=parsable bottom
|   0|0x0000000704a00000, 0x0000000704c00000, 0x0000000704c00000|100%| O|  |TAMS 0x0000000704a00000| PB 0x0000000704a00000| Untracked |  0
|   1|0x0000000704c00000, 0x0000000704e00000, 0x0000000704e00000|100%| O|  |TAMS 0x0000000704c00000| PB 0x0000000704c00000| Untracked |  0
|   2|0x0000000704e00000, 0x0000000705000000, 0x0000000705000000|100%| O|  |TAMS 0x0000000704e00000| PB 0x0000000704e00000| Untracked |  0
|   3|0x0000000705000000, 0x0000000705200000, 0x0000000705200000|100%| O|  |TAMS 0x0000000705000000| PB 0x0000000705000000| Untracked |  0
|   4|0x0000000705200000, 0x0000000705400000, 0x0000000705400000|100%| O|  |TAMS 0x0000000705200000| PB 0x0000000705200000| Untracked |  0
|   5|0x0000000705400000, 0x0000000705600000, 0x0000000705600000|100%| O|Cm|TAMS 0x0000000705400000| PB 0x0000000705400000| Complete |  0
|   6|0x0000000705600000, 0x0000000705800000, 0x0000000705800000|100%| O|  |TAMS 0x0000000705600000| PB 0x0000000705600000| Untracked |  0
|   7|0x0000000705800000, 0x0000000705a00000, 0x0000000705a00000|100%| O|  |TAMS 0x0000000705800000| PB 0x0000000705800000| Untracked |  0
|   8|0x0000000705a00000, 0x0000000705c00000, 0x0000000705c00000|100%| O|  |TAMS 0x0000000705a00000| PB 0x0000000705a00000| Untracked |  0
|   9|0x0000000705c00000, 0x0000000705e00000, 0x0000000705e00000|100%| O|  |TAMS 0x0000000705c00000| PB 0x0000000705c00000| Untracked |  0
|  10|0x0000000705e00000, 0x0000000706000000, 0x0000000706000000|100%| O|  |TAMS 0x0000000705e00000| PB 0x0000000705e00000| Untracked |  0
|  11|0x0000000706000000, 0x0000000706200000, 0x0000000706200000|100%| O|  |TAMS 0x0000000706000000| PB 0x0000000706000000| Untracked |  0
|  12|0x0000000706200000, 0x0000000706400000, 0x0000000706400000|100%| O|  |TAMS 0x0000000706200000| PB 0x0000000706200000| Untracked |  0
|  13|0x0000000706400000, 0x000000070659cb98, 0x0000000706600000| 80%| O|  |TAMS 0x0000000706400000| PB 0x0000000706400000| Untracked |  0
|  14|0x0000000706600000, 0x0000000706800000, 0x0000000706800000|100%| O|  |TAMS 0x0000000706600000| PB 0x0000000706600000| Untracked |  0
|  15|0x0000000706800000, 0x0000000706800000, 0x0000000706a00000|  0%| F|  |TAMS 0x0000000706800000| PB 0x0000000706800000| Untracked |  0
|  16|0x0000000706a00000, 0x0000000706a00000, 0x0000000706c00000|  0%| F|  |TAMS 0x0000000706a00000| PB 0x0000000706a00000| Untracked |  0
|  17|0x0000000706c00000, 0x0000000706c00000, 0x0000000706e00000|  0%| F|  |TAMS 0x0000000706c00000| PB 0x0000000706c00000| Untracked |  0
|  18|0x0000000706e00000, 0x0000000706e00000, 0x0000000707000000|  0%| F|  |TAMS 0x0000000706e00000| PB 0x0000000706e00000| Untracked |  0
|  19|0x0000000707000000, 0x0000000707000000, 0x0000000707200000|  0%| F|  |TAMS 0x0000000707000000| PB 0x0000000707000000| Untracked |  0
|  20|0x0000000707200000, 0x0000000707200000, 0x0000000707400000|  0%| F|  |TAMS 0x0000000707200000| PB 0x0000000707200000| Untracked |  0
|  21|0x0000000707400000, 0x00000007074d2498, 0x0000000707600000| 41%| S|CS|TAMS 0x0000000707400000| PB 0x0000000707400000| Complete |  0
|  22|0x0000000707600000, 0x0000000707600000, 0x0000000707800000|  0%| F|  |TAMS 0x0000000707600000| PB 0x0000000707600000| Untracked |  0
|  23|0x0000000707800000, 0x0000000707800000, 0x0000000707a00000|  0%| F|  |TAMS 0x0000000707800000| PB 0x0000000707800000| Untracked |  0
|  24|0x0000000707a00000, 0x0000000707a00000, 0x0000000707c00000|  0%| F|  |TAMS 0x0000000707a00000| PB 0x0000000707a00000| Untracked |  0
|  25|0x0000000707c00000, 0x0000000707c14cf8, 0x0000000707e00000|  4%| E|  |TAMS 0x0000000707c00000| PB 0x0000000707c00000| Complete |  0
|  26|0x0000000707e00000, 0x0000000708000000, 0x0000000708000000|100%| E|CS|TAMS 0x0000000707e00000| PB 0x0000000707e00000| Complete |  0
|  97|0x0000000710c00000, 0x0000000710e00000, 0x0000000710e00000|100%| E|CS|TAMS 0x0000000710c00000| PB 0x0000000710c00000| Complete |  0
|  98|0x0000000710e00000, 0x0000000711000000, 0x0000000711000000|100%| E|CS|TAMS 0x0000000710e00000| PB 0x0000000710e00000| Complete |  0
| 102|0x0000000711600000, 0x0000000711800000, 0x0000000711800000|100%| E|CS|TAMS 0x0000000711600000| PB 0x0000000711600000| Complete |  0
| 103|0x0000000711800000, 0x0000000711a00000, 0x0000000711a00000|100%| E|CS|TAMS 0x0000000711800000| PB 0x0000000711800000| Complete |  0
| 104|0x0000000711a00000, 0x0000000711c00000, 0x0000000711c00000|100%| E|CS|TAMS 0x0000000711a00000| PB 0x0000000711a00000| Complete |  0
| 105|0x0000000711c00000, 0x0000000711e00000, 0x0000000711e00000|100%| E|CS|TAMS 0x0000000711c00000| PB 0x0000000711c00000| Complete |  0
| 125|0x0000000714400000, 0x0000000714600000, 0x0000000714600000|100%| E|CS|TAMS 0x0000000714400000| PB 0x0000000714400000| Complete |  0
|2007|0x00000007ff800000, 0x00000007ffa00000, 0x00000007ffa00000|100%| O|  |TAMS 0x00000007ff800000| PB 0x00000007ff800000| Untracked |  0
|2008|0x00000007ffa00000, 0x00000007ffc00000, 0x00000007ffc00000|100%| O|  |TAMS 0x00000007ffa00000| PB 0x00000007ffa00000| Untracked |  0
|2009|0x00000007ffc00000, 0x00000007ffe00000, 0x00000007ffe00000|100%| O|  |TAMS 0x00000007ffc00000| PB 0x00000007ffc00000| Untracked |  0
|2010|0x00000007ffe00000, 0x0000000800000000, 0x0000000800000000|100%| E|  |TAMS 0x00000007ffe00000| PB 0x00000007ffe00000| Complete |  0

Card table byte_map: [0x00000215b4bf0000,0x00000215b53d0000] _byte_map_base: 0x00000215b13cb000

Marking Bits: (CMBitMap*) 0x000002159c24abc0
 Bits: [0x00000215b53d0000, 0x00000215b92a8000)

Polling page: 0x000002159a030000

Metaspace:

Usage:
  Non-class:     74.47 MB used.
      Class:      9.30 MB used.
       Both:     83.77 MB used.

Virtual space:
  Non-class space:      128.00 MB reserved,      74.88 MB ( 58%) committed,  2 nodes.
      Class space:        1.00 GB reserved,       9.56 MB ( <1%) committed,  1 nodes.
             Both:        1.12 GB reserved,      84.44 MB (  7%) committed. 

Chunk freelists:
   Non-Class:  4.30 MB
       Class:  6.29 MB
        Both:  10.59 MB

MaxMetaspaceSize: unlimited
CompressedClassSpaceSize: 1.00 GB
Initial GC threshold: 21.00 MB
Current GC threshold: 138.12 MB
CDS: on
 - commit_granule_bytes: 65536.
 - commit_granule_words: 8192.
 - virtual_space_node_default_size: 8388608.
 - enlarge_chunks_in_place: 1.
UseCompressedClassPointers 1, UseCompactObjectHeaders 0
Narrow klass pointer bits 32, Max shift 3
Narrow klass base: 0x00000215bd000000, Narrow klass shift: 0
Encoding Range: [0x00000215bd000000 - 0x00000216bd000000), (4294967296 bytes)
Klass Range:    [0x00000215bd000000 - 0x00000215fe000000), (1090519040 bytes)
Klass ID Range:  [8 - 1090519033) (1090519025)


Internal statistics:

num_allocs_failed_limit: 11.
num_arena_births: 862.
num_arena_deaths: 0.
num_vsnodes_births: 3.
num_vsnodes_deaths: 0.
num_space_committed: 1351.
num_space_uncommitted: 0.
num_chunks_returned_to_freelist: 11.
num_chunks_taken_from_freelist: 3812.
num_chunk_merges: 8.
num_chunk_splits: 2796.
num_chunks_enlarged: 2292.
num_inconsistent_stats: 0.

CodeHeap 'non-profiled nmethods': size=119232Kb used=4381Kb max_used=4381Kb free=114850Kb
 bounds [0x00000215ac600000, 0x00000215aca50000, 0x00000215b3a70000]
CodeHeap 'profiled nmethods': size=119104Kb used=14519Kb max_used=14519Kb free=104585Kb
 bounds [0x00000215a4a70000, 0x00000215a58a0000, 0x00000215abec0000]
CodeHeap 'non-nmethods': size=7424Kb used=1820Kb max_used=3625Kb free=5603Kb
 bounds [0x00000215abec0000, 0x00000215ac260000, 0x00000215ac600000]
CodeCache: size=245760Kb, used=20720Kb, max_used=22525Kb, free=225038Kb
 total_blobs=9723, nmethods=8944, adapters=682, full_count=0
Compilation: enabled, stopped_count=0, restarted_count=0

Compilation events (20 events):
Event: 8.414 Thread 0x00000215855243b0 9890       1       com.mysql.cj.protocol.InternalDate::getDay (5 bytes)
Event: 8.414 Thread 0x0000021585524b40 nmethod 9832 0x00000215aca3b988 code [0x00000215aca3ba80, 0x00000215aca3bb48]
Event: 8.414 Thread 0x00000215bc12b6a0 9901       1       com.mysql.cj.protocol.InternalDate::getYear (5 bytes)
Event: 8.414 Thread 0x0000021585523c20 nmethod 9849 0x00000215aca3bc88 code [0x00000215aca3bd80, 0x00000215aca3be48]
Event: 8.414 Thread 0x00000215855243b0 nmethod 9890 0x00000215aca3bf88 code [0x00000215aca3c080, 0x00000215aca3c148]
Event: 8.414 Thread 0x0000021585524b40 9902       1       com.mysql.cj.protocol.InternalDate::getMonth (5 bytes)
Event: 8.414 Thread 0x00000215bc12b6a0 nmethod 9901 0x00000215aca3c288 code [0x00000215aca3c380, 0x00000215aca3c448]
Event: 8.414 Thread 0x0000021585523c20 9889       1       org.hibernate.sql.ast.tree.select.QueryPart::getFetchClauseExpression (5 bytes)
Event: 8.414 Thread 0x00000215855243b0 9863       1       java.time.Clock$SystemClock::getZone (5 bytes)
Event: 8.414 Thread 0x0000021585524b40 nmethod 9902 0x00000215aca3c588 code [0x00000215aca3c680, 0x00000215aca3c748]
Event: 8.414 Thread 0x00000215bc12b6a0 9919       1       tools.jackson.databind.type.CollectionLikeType::isContainerType (2 bytes)
Event: 8.415 Thread 0x0000021585523c20 nmethod 9889 0x00000215aca3c888 code [0x00000215aca3c980, 0x00000215aca3ca48]
Event: 8.415 Thread 0x00000215855243b0 nmethod 9863 0x00000215aca3cb88 code [0x00000215aca3cc80, 0x00000215aca3cd48]
Event: 8.415 Thread 0x00000215bc12b6a0 nmethod 9919 0x00000215aca3ce88 code [0x00000215aca3cf80, 0x00000215aca3d048]
Event: 8.416 Thread 0x00000215855252d0 nmethod 9917 0x00000215aca3d188 code [0x00000215aca3d2e0, 0x00000215aca3d7c0]
Event: 8.424 Thread 0x00000215bcc242a0 nmethod 9807% 0x00000215aca3d888 code [0x00000215aca3da60, 0x00000215aca3e5c8]
Event: 8.441 Thread 0x00000215bc361390 nmethod 9916 0x00000215aca3e708 code [0x00000215aca3e8e0, 0x00000215aca3f8f0]
Event: 8.510 Thread 0x00000215855261f0 nmethod 9775% 0x00000215aca3fc88 code [0x00000215aca40200, 0x00000215aca46a20]
Event: 8.749 Thread 0x0000021585523c20 9934       3       java.util.concurrent.locks.AbstractQueuedSynchronizer$Node::<init> (5 bytes)
Event: 8.749 Thread 0x0000021585523c20 nmethod 9934 0x00000215a5895808 code [0x00000215a5895920, 0x00000215a5895a80]

GC Heap History (20 events):
Event: 2.408 GC heap before
{Heap before GC invocations=4 (full 0):
 garbage-first heap   total reserved 4118528K, committed 77824K, used 51832K [0x0000000704a00000, 0x0000000800000000)
  region size 2048K, 21 young (43008K), 5 survivors (10240K)
 Metaspace       used 32463K, committed 32896K, reserved 1114112K
  class space    used 3328K, committed 3520K, reserved 1048576K
}
Event: 2.413 GC heap after
{Heap after GC invocations=5 (full 0):
 garbage-first heap   total reserved 4118528K, committed 77824K, used 22239K [0x0000000704a00000, 0x0000000800000000)
  region size 2048K, 2 young (4096K), 2 survivors (4096K)
 Metaspace       used 32463K, committed 32896K, reserved 1114112K
  class space    used 3328K, committed 3520K, reserved 1048576K
}
Event: 2.560 GC heap before
{Heap before GC invocations=5 (full 0):
 garbage-first heap   total reserved 4118528K, committed 77824K, used 28383K [0x0000000704a00000, 0x0000000800000000)
  region size 2048K, 7 young (14336K), 2 survivors (4096K)
 Metaspace       used 35603K, committed 35968K, reserved 1114112K
  class space    used 3609K, committed 3776K, reserved 1048576K
}
Event: 2.562 GC heap after
{Heap after GC invocations=6 (full 0):
 garbage-first heap   total reserved 4118528K, committed 77824K, used 22582K [0x0000000704a00000, 0x0000000800000000)
  region size 2048K, 2 young (4096K), 2 survivors (4096K)
 Metaspace       used 35603K, committed 35968K, reserved 1114112K
  class space    used 3609K, committed 3776K, reserved 1048576K
}
Event: 3.441 GC heap before
{Heap before GC invocations=7 (full 0):
 garbage-first heap   total reserved 4118528K, committed 77824K, used 59446K [0x0000000704a00000, 0x0000000800000000)
  region size 2048K, 20 young (40960K), 2 survivors (4096K)
 Metaspace       used 46713K, committed 47168K, reserved 1114112K
  class space    used 4850K, committed 5056K, reserved 1048576K
}
Event: 3.445 GC heap after
{Heap after GC invocations=8 (full 0):
 garbage-first heap   total reserved 4118528K, committed 77824K, used 26011K [0x0000000704a00000, 0x0000000800000000)
  region size 2048K, 3 young (6144K), 3 survivors (6144K)
 Metaspace       used 46713K, committed 47168K, reserved 1114112K
  class space    used 4850K, committed 5056K, reserved 1048576K
}
Event: 4.134 GC heap before
{Heap before GC invocations=8 (full 0):
 garbage-first heap   total reserved 4118528K, committed 77824K, used 58779K [0x0000000704a00000, 0x0000000800000000)
  region size 2048K, 19 young (38912K), 3 survivors (6144K)
 Metaspace       used 55948K, committed 56448K, reserved 1114112K
  class space    used 5756K, committed 5952K, reserved 1048576K
}
Event: 4.137 GC heap after
{Heap after GC invocations=9 (full 0):
 garbage-first heap   total reserved 4118528K, committed 77824K, used 27813K [0x0000000704a00000, 0x0000000800000000)
  region size 2048K, 3 young (6144K), 3 survivors (6144K)
 Metaspace       used 55948K, committed 56448K, reserved 1114112K
  class space    used 5756K, committed 5952K, reserved 1048576K
}
Event: 4.336 GC heap before
{Heap before GC invocations=9 (full 0):
 garbage-first heap   total reserved 4118528K, committed 77824K, used 38053K [0x0000000704a00000, 0x0000000800000000)
  region size 2048K, 9 young (18432K), 3 survivors (6144K)
 Metaspace       used 59881K, committed 60288K, reserved 1114112K
  class space    used 6024K, committed 6208K, reserved 1048576K
}
Event: 4.339 GC heap after
{Heap after GC invocations=10 (full 0):
 garbage-first heap   total reserved 4118528K, committed 77824K, used 28599K [0x0000000704a00000, 0x0000000800000000)
  region size 2048K, 2 young (4096K), 2 survivors (4096K)
 Metaspace       used 59881K, committed 60288K, reserved 1114112K
  class space    used 6024K, committed 6208K, reserved 1048576K
}
Event: 5.057 GC heap before
{Heap before GC invocations=11 (full 0):
 garbage-first heap   total reserved 4118528K, committed 77824K, used 63415K [0x0000000704a00000, 0x0000000800000000)
  region size 2048K, 19 young (38912K), 2 survivors (4096K)
 Metaspace       used 67976K, committed 68544K, reserved 1114112K
  class space    used 7135K, committed 7360K, reserved 1048576K
}
Event: 5.060 GC heap after
{Heap after GC invocations=12 (full 0):
 garbage-first heap   total reserved 4118528K, committed 77824K, used 29920K [0x0000000704a00000, 0x0000000800000000)
  region size 2048K, 2 young (4096K), 2 survivors (4096K)
 Metaspace       used 67976K, committed 68544K, reserved 1114112K
  class space    used 7135K, committed 7360K, reserved 1048576K
}
Event: 5.547 GC heap before
{Heap before GC invocations=12 (full 0):
 garbage-first heap   total reserved 4118528K, committed 77824K, used 66784K [0x0000000704a00000, 0x0000000800000000)
  region size 2048K, 20 young (40960K), 2 survivors (4096K)
 Metaspace       used 72743K, committed 73344K, reserved 1114112K
  class space    used 7653K, committed 7936K, reserved 1048576K
}
Event: 5.551 GC heap after
{Heap after GC invocations=13 (full 0):
 garbage-first heap   total reserved 4118528K, committed 77824K, used 32468K [0x0000000704a00000, 0x0000000800000000)
  region size 2048K, 3 young (6144K), 3 survivors (6144K)
 Metaspace       used 72743K, committed 73344K, reserved 1114112K
  class space    used 7653K, committed 7936K, reserved 1048576K
}
Event: 7.393 GC heap before
{Heap before GC invocations=13 (full 0):
 garbage-first heap   total reserved 4118528K, committed 77824K, used 61140K [0x0000000704a00000, 0x0000000800000000)
  region size 2048K, 18 young (36864K), 3 survivors (6144K)
 Metaspace       used 78543K, committed 79168K, reserved 1179648K
  class space    used 8455K, committed 8704K, reserved 1048576K
}
Event: 7.397 GC heap after
{Heap after GC invocations=14 (full 0):
 garbage-first heap   total reserved 4118528K, committed 77824K, used 34566K [0x0000000704a00000, 0x0000000800000000)
  region size 2048K, 2 young (4096K), 2 survivors (4096K)
 Metaspace       used 78543K, committed 79168K, reserved 1179648K
  class space    used 8455K, committed 8704K, reserved 1048576K
}
Event: 7.875 GC heap before
{Heap before GC invocations=14 (full 0):
 garbage-first heap   total reserved 4118528K, committed 77824K, used 63238K [0x0000000704a00000, 0x0000000800000000)
  region size 2048K, 17 young (34816K), 2 survivors (4096K)
 Metaspace       used 84218K, committed 84864K, reserved 1179648K
  class space    used 9382K, committed 9664K, reserved 1048576K
}
Event: 7.878 GC heap after
{Heap after GC invocations=15 (full 0):
 garbage-first heap   total reserved 4118528K, committed 77824K, used 37023K [0x0000000704a00000, 0x0000000800000000)
  region size 2048K, 3 young (6144K), 3 survivors (6144K)
 Metaspace       used 84218K, committed 84864K, reserved 1179648K
  class space    used 9382K, committed 9664K, reserved 1048576K
}
Event: 8.035 GC heap before
{Heap before GC invocations=16 (full 0):
 garbage-first heap   total reserved 4118528K, committed 77824K, used 63647K [0x0000000704a00000, 0x0000000800000000)
  region size 2048K, 16 young (32768K), 3 survivors (6144K)
 Metaspace       used 84560K, committed 85120K, reserved 1179648K
  class space    used 9424K, committed 9664K, reserved 1048576K
}
Event: 8.038 GC heap after
{Heap after GC invocations=17 (full 0):
 garbage-first heap   total reserved 4118528K, committed 77824K, used 37308K [0x0000000704a00000, 0x0000000800000000)
  region size 2048K, 1 young (2048K), 1 survivors (2048K)
 Metaspace       used 84560K, committed 85120K, reserved 1179648K
  class space    used 9424K, committed 9664K, reserved 1048576K
}

Dll operation events (12 events):
Event: 0.009 Loaded shared library C:\Program Files\Java\jdk-24\bin\java.dll
Event: 0.030 Loaded shared library C:\Program Files\Java\jdk-24\bin\jsvml.dll
Event: 0.102 Loaded shared library C:\Program Files\Java\jdk-24\bin\zip.dll
Event: 0.104 Loaded shared library C:\Program Files\Java\jdk-24\bin\instrument.dll
Event: 0.108 Loaded shared library C:\Program Files\Java\jdk-24\bin\net.dll
Event: 0.109 Loaded shared library C:\Program Files\Java\jdk-24\bin\nio.dll
Event: 0.112 Loaded shared library C:\Program Files\Java\jdk-24\bin\zip.dll
Event: 0.223 Loaded shared library C:\Program Files\Java\jdk-24\bin\extnet.dll
Event: 0.239 Loaded shared library C:\Program Files\Java\jdk-24\bin\jimage.dll
Event: 1.055 Loaded shared library C:\Program Files\Java\jdk-24\bin\sunmscapi.dll
Event: 2.191 Loaded shared library C:\Program Files\Java\jdk-24\bin\management.dll
Event: 2.192 Loaded shared library C:\Program Files\Java\jdk-24\bin\management_ext.dll

Deoptimization events (20 events):
Event: 8.063 Thread 0x0000021585640570 Uncommon trap: reason=unstable_if action=reinterpret pc=0x00000215ac93c124 method=org.springframework.util.ClassUtils.isAssignable(Ljava/lang/Class;Ljava/lang/Class;)Z @ 57 c2
Event: 8.063 Thread 0x0000021585640cc0 Uncommon trap: reason=unstable_if action=reinterpret pc=0x00000215ac93c124 method=org.springframework.util.ClassUtils.isAssignable(Ljava/lang/Class;Ljava/lang/Class;)Z @ 57 c2
Event: 8.063 Thread 0x000002158563adb0 Uncommon trap: reason=unstable_if action=reinterpret pc=0x00000215ac93c124 method=org.springframework.util.ClassUtils.isAssignable(Ljava/lang/Class;Ljava/lang/Class;)Z @ 57 c2
Event: 8.063 Thread 0x000002158563f6d0 Uncommon trap: reason=unstable_if action=reinterpret pc=0x00000215ac93c124 method=org.springframework.util.ClassUtils.isAssignable(Ljava/lang/Class;Ljava/lang/Class;)Z @ 57 c2
Event: 8.063 Thread 0x000002158563fe20 DEOPT PACKING pc=0x00000215ac93c124 sp=0x0000001c6a8fcfb0
Event: 8.063 Thread 0x000002158563caf0 DEOPT PACKING pc=0x00000215ac93c124 sp=0x0000001c6a7fcfa0
Event: 8.063 Thread 0x0000021585640570 DEOPT PACKING pc=0x00000215ac93c124 sp=0x0000001c6a9fcdf0
Event: 8.063 Thread 0x000002158563fe20 DEOPT UNPACKING pc=0x00000215abfe7c02 sp=0x0000001c6a8fcf48 mode 2
Event: 8.063 Thread 0x000002158563caf0 DEOPT UNPACKING pc=0x00000215abfe7c02 sp=0x0000001c6a7fcf38 mode 2
Event: 8.063 Thread 0x0000021585640cc0 DEOPT PACKING pc=0x00000215ac93c124 sp=0x0000001c6aafd130
Event: 8.063 Thread 0x0000021585640570 DEOPT UNPACKING pc=0x00000215abfe7c02 sp=0x0000001c6a9fcd88 mode 2
Event: 8.063 Thread 0x000002158563adb0 DEOPT PACKING pc=0x00000215ac93c124 sp=0x0000001c6a2fd150
Event: 8.063 Thread 0x0000021585640cc0 DEOPT UNPACKING pc=0x00000215abfe7c02 sp=0x0000001c6aafd0c8 mode 2
Event: 8.063 Thread 0x000002158563f6d0 DEOPT PACKING pc=0x00000215ac93c124 sp=0x0000001c6a6fce90
Event: 8.063 Thread 0x000002158563adb0 DEOPT UNPACKING pc=0x00000215abfe7c02 sp=0x0000001c6a2fd0e8 mode 2
Event: 8.063 Thread 0x000002158563f6d0 DEOPT UNPACKING pc=0x00000215abfe7c02 sp=0x0000001c6a6fce28 mode 2
Event: 8.066 Thread 0x0000021585640cc0 Uncommon trap: trap_request=0xffffff4d fr.pc=0x00000215ac64366c relative=0x000000000000006c
Event: 8.066 Thread 0x0000021585640cc0 Uncommon trap: reason=unstable_if action=reinterpret pc=0x00000215ac64366c method=java.lang.CharacterDataLatin1.equalsIgnoreCase(BB)Z @ 24 c2
Event: 8.066 Thread 0x0000021585640cc0 DEOPT PACKING pc=0x00000215ac64366c sp=0x0000001c6aafc580
Event: 8.066 Thread 0x0000021585640cc0 DEOPT UNPACKING pc=0x00000215abfe7c02 sp=0x0000001c6aafc500 mode 2

Classes loaded (20 events):
Event: 7.501 Loading class java/util/OptionalDouble
Event: 7.501 Loading class java/util/OptionalDouble done
Event: 7.503 Loading class java/util/stream/DoubleStream
Event: 7.504 Loading class java/util/stream/DoubleStream done
Event: 7.504 Loading class java/util/stream/LongStream
Event: 7.504 Loading class java/util/stream/LongStream done
Event: 7.526 Loading class org/w3c/dom/Node
Event: 7.527 Loading class org/w3c/dom/Node done
Event: 7.527 Loading class org/w3c/dom/Document
Event: 7.527 Loading class org/w3c/dom/Document done
Event: 7.566 Loading class sun/nio/cs/ISO_8859_1$Encoder
Event: 7.566 Loading class sun/nio/cs/ISO_8859_1$Encoder done
Event: 7.643 Loading class java/util/function/DoubleUnaryOperator
Event: 7.643 Loading class java/util/function/DoubleUnaryOperator done
Event: 7.668 Loading class java/util/EmptyStackException
Event: 7.668 Loading class java/util/EmptyStackException done
Event: 7.690 Loading class java/io/InvalidClassException
Event: 7.690 Loading class java/io/InvalidClassException done
Event: 8.050 Loading class java/util/regex/Pattern$Behind
Event: 8.050 Loading class java/util/regex/Pattern$Behind done

Classes unloaded (0 events):
No events

Classes redefined (0 events):
No events

Internal exceptions (20 events):
Event: 7.375 Thread 0x000002158563e0e0 Exception <a 'java/lang/NoSuchMethodError'{0x000000070757cbc8}: 'java.lang.Object java.lang.invoke.DirectMethodHandle$Holder.invokeStatic(java.lang.Object, java.lang.Object, java.lang.Object, java.lang.Object, java.lang.Object, java.lang.Object, java.lang.Object, java.lang.Object, java.lang.Object, java.lang.Object, java.lang.Object)'> (0x000000070757cbc8) 
thrown [s\open\src\hotspot\share\interpreter\linkResolver.cpp, line 805]
Event: 7.376 Thread 0x000002158563e830 Exception <a 'java/lang/IncompatibleClassChangeError'{0x00000007075f6b08}: Found class java.lang.Object, but interface was expected> (0x00000007075f6b08) 
thrown [s\open\src\hotspot\share\interpreter\linkResolver.cpp, line 872]
Event: 7.376 Thread 0x000002158563adb0 Exception <a 'java/lang/IncompatibleClassChangeError'{0x0000000707233ce0}: Found class java.lang.Object, but interface was expected> (0x0000000707233ce0) 
thrown [s\open\src\hotspot\share\interpreter\linkResolver.cpp, line 872]
Event: 7.376 Thread 0x000002158563e0e0 Exception <a 'java/lang/IncompatibleClassChangeError'{0x00000007072155b8}: Found class java.lang.Object, but interface was expected> (0x00000007072155b8) 
thrown [s\open\src\hotspot\share\interpreter\linkResolver.cpp, line 872]
Event: 7.407 Thread 0x000002158563e0e0 Exception <a 'java/lang/NoSuchMethodError'{0x00000007ffe50050}: 'java.lang.Object java.lang.invoke.DirectMethodHandle$Holder.newInvokeSpecial(java.lang.Object, java.lang.Object, int, int)'> (0x00000007ffe50050) 
thrown [s\open\src\hotspot\share\interpreter\linkResolver.cpp, line 805]
Event: 7.407 Thread 0x000002158563adb0 Exception <a 'java/lang/NoSuchMethodError'{0x00000007ffe94fc0}: 'java.lang.Object java.lang.invoke.DirectMethodHandle$Holder.newInvokeSpecial(java.lang.Object, java.lang.Object, int, int)'> (0x00000007ffe94fc0) 
thrown [s\open\src\hotspot\share\interpreter\linkResolver.cpp, line 805]
Event: 7.407 Thread 0x000002158563e830 Exception <a 'java/lang/NoSuchMethodError'{0x00000007ffe7a610}: 'java.lang.Object java.lang.invoke.DirectMethodHandle$Holder.newInvokeSpecial(java.lang.Object, java.lang.Object, int, int)'> (0x00000007ffe7a610) 
thrown [s\open\src\hotspot\share\interpreter\linkResolver.cpp, line 805]
Event: 7.469 Thread 0x000002158563e830 Exception <a 'java/lang/IncompatibleClassChangeError'{0x0000000711ca0d20}: Found class java.lang.Object, but interface was expected> (0x0000000711ca0d20) 
thrown [s\open\src\hotspot\share\interpreter\linkResolver.cpp, line 872]
Event: 7.472 Thread 0x000002158563e830 Exception <a 'java/lang/NoSuchMethodError'{0x0000000711d19480}: 'void java.lang.invoke.DirectMethodHandle$Holder.invokeSpecialIFC(java.lang.Object, java.lang.Object, int, java.lang.Object, java.lang.Object, java.lang.Object, java.lang.Object)'> (0x0000000711d19480) 
thrown [s\open\src\hotspot\share\interpreter\linkResolver.cpp, line 805]
Event: 7.481 Thread 0x000002158563e0e0 Exception <a 'java/lang/IncompatibleClassChangeError'{0x0000000711da0658}: Found class java.lang.Object, but interface was expected> (0x0000000711da0658) 
thrown [s\open\src\hotspot\share\interpreter\linkResolver.cpp, line 872]
Event: 7.488 Thread 0x000002158563e830 Exception <a 'java/lang/NoSuchMethodError'{0x0000000711a2aae0}: 'void java.lang.invoke.Invokers$Holder.invokeExact_MT(java.lang.Object, java.lang.Object, int, java.lang.Object)'> (0x0000000711a2aae0) 
thrown [s\open\src\hotspot\share\interpreter\linkResolver.cpp, line 805]
Event: 7.489 Thread 0x000002158563e830 Exception <a 'java/lang/NoSuchMethodError'{0x0000000711a3cd88}: 'double java.lang.invoke.DelegatingMethodHandle$Holder.reinvoke_L(java.lang.Object, java.lang.Object)'> (0x0000000711a3cd88) 
thrown [s\open\src\hotspot\share\interpreter\linkResolver.cpp, line 805]
Event: 7.490 Thread 0x000002158563e830 Exception <a 'java/lang/NoSuchMethodError'{0x0000000711aef750}: 'void java.lang.invoke.DelegatingMethodHandle$Holder.reinvoke_L(java.lang.Object, java.lang.Object, double)'> (0x0000000711aef750) 
thrown [s\open\src\hotspot\share\interpreter\linkResolver.cpp, line 805]
Event: 7.564 Thread 0x000002158563adb0 Exception <a 'java/lang/NoSuchMethodError'{0x0000000711708b20}: 'long java.lang.invoke.DelegatingMethodHandle$Holder.reinvoke_L(java.lang.Object, java.lang.Object)'> (0x0000000711708b20) 
thrown [s\open\src\hotspot\share\interpreter\linkResolver.cpp, line 805]
Event: 7.564 Thread 0x000002158563e830 Exception <a 'java/lang/NoSuchMethodError'{0x0000000711723b98}: 'double java.lang.invoke.DirectMethodHandle$Holder.invokeVirtual(java.lang.Object, java.lang.Object)'> (0x0000000711723b98) 
thrown [s\open\src\hotspot\share\interpreter\linkResolver.cpp, line 805]
Event: 7.643 Thread 0x0000021585640570 Exception <a 'java/lang/NoSuchMethodError'{0x0000000707f04758}: 'double java.lang.invoke.DirectMethodHandle$Holder.invokeStatic(java.lang.Object, double)'> (0x0000000707f04758) 
thrown [s\open\src\hotspot\share\interpreter\linkResolver.cpp, line 805]
Event: 7.643 Thread 0x0000021585640570 Exception <a 'java/lang/NoSuchMethodError'{0x0000000707f53de0}: 'double java.lang.invoke.DirectMethodHandle$Holder.invokeStaticInit(java.lang.Object, double)'> (0x0000000707f53de0) 
thrown [s\open\src\hotspot\share\interpreter\linkResolver.cpp, line 805]
Event: 8.058 Thread 0x0000021585640570 Exception <a 'java/lang/NoSuchMethodError'{0x00000007144fafd8}: 'void java.lang.invoke.DirectMethodHandle$Holder.invokeStatic(java.lang.Object, java.lang.Object, int, int, java.lang.Object)'> (0x00000007144fafd8) 
thrown [s\open\src\hotspot\share\interpreter\linkResolver.cpp, line 805]
Event: 8.058 Thread 0x000002158563f6d0 Exception <a 'java/lang/NoSuchMethodError'{0x00000007144ec540}: 'void java.lang.invoke.DirectMethodHandle$Holder.invokeStatic(java.lang.Object, java.lang.Object, int, int, java.lang.Object)'> (0x00000007144ec540) 
thrown [s\open\src\hotspot\share\interpreter\linkResolver.cpp, line 805]
Event: 8.058 Thread 0x000002158563fe20 Exception <a 'java/lang/NoSuchMethodError'{0x00000007144cc398}: 'void java.lang.invoke.DirectMethodHandle$Holder.invokeStatic(java.lang.Object, java.lang.Object, int, int, java.lang.Object)'> (0x00000007144cc398) 
thrown [s\open\src\hotspot\share\interpreter\linkResolver.cpp, line 805]

VM Operations (20 events):
Event: 7.453 Executing VM operation: HandshakeAllThreads (Deoptimize)
Event: 7.453 Executing VM operation: HandshakeAllThreads (Deoptimize) done
Event: 7.489 Executing VM operation: HandshakeAllThreads (Deoptimize)
Event: 7.490 Executing VM operation: HandshakeAllThreads (Deoptimize) done
Event: 7.535 Executing VM operation: HandshakeAllThreads (Deoptimize)
Event: 7.535 Executing VM operation: HandshakeAllThreads (Deoptimize) done
Event: 7.566 Executing VM operation: HandshakeAllThreads (Deoptimize)
Event: 7.567 Executing VM operation: HandshakeAllThreads (Deoptimize) done
Event: 7.699 Executing VM operation: HandshakeAllThreads (Deoptimize)
Event: 7.699 Executing VM operation: HandshakeAllThreads (Deoptimize) done
Event: 7.875 Executing VM operation: G1CollectForAllocation (G1 Evacuation Pause)
Event: 7.878 Executing VM operation: G1CollectForAllocation (G1 Evacuation Pause) done
Event: 7.895 Executing VM operation: G1PauseRemark
Event: 7.898 Executing VM operation: G1PauseRemark done
Event: 7.904 Executing VM operation: G1PauseCleanup
Event: 7.905 Executing VM operation: G1PauseCleanup done
Event: 7.927 Executing VM operation: HandshakeAllThreads (Deoptimize)
Event: 7.927 Executing VM operation: HandshakeAllThreads (Deoptimize) done
Event: 8.035 Executing VM operation: G1CollectForAllocation (G1 Evacuation Pause)
Event: 8.038 Executing VM operation: G1CollectForAllocation (G1 Evacuation Pause) done

Memory protections (0 events):
No events

Nmethod flushes (20 events):
Event: 7.897 Thread 0x00000215bc1044e0 flushing  nmethod 0x00000215a4b86688
Event: 7.897 Thread 0x00000215bc1044e0 flushing  nmethod 0x00000215a4b87a88
Event: 7.897 Thread 0x00000215bc1044e0 flushing  nmethod 0x00000215a4b88208
Event: 7.897 Thread 0x00000215bc1044e0 flushing  nmethod 0x00000215a4b8b688
Event: 7.897 Thread 0x00000215bc1044e0 flushing  nmethod 0x00000215a4c23c88
Event: 7.897 Thread 0x00000215bc1044e0 flushing  nmethod 0x00000215a4c25408
Event: 7.897 Thread 0x00000215bc1044e0 flushing  nmethod 0x00000215a4c27908
Event: 7.897 Thread 0x00000215bc1044e0 flushing  nmethod 0x00000215a4c29308
Event: 7.897 Thread 0x00000215bc1044e0 flushing  nmethod 0x00000215a4c29a08
Event: 7.897 Thread 0x00000215bc1044e0 flushing  nmethod 0x00000215a4c2ae08
Event: 7.897 Thread 0x00000215bc1044e0 flushing  nmethod 0x00000215a4c5c208
Event: 7.897 Thread 0x00000215bc1044e0 flushing  nmethod 0x00000215a4c5c588
Event: 7.897 Thread 0x00000215bc1044e0 flushing  nmethod 0x00000215a4c5cf88
Event: 7.897 Thread 0x00000215bc1044e0 flushing  nmethod 0x00000215a4d67908
Event: 7.897 Thread 0x00000215bc1044e0 flushing  nmethod 0x00000215a4efe688
Event: 7.897 Thread 0x00000215bc1044e0 flushing  nmethod 0x00000215a4effd88
Event: 7.897 Thread 0x00000215bc1044e0 flushing  nmethod 0x00000215a4ffc388
Event: 7.897 Thread 0x00000215bc1044e0 flushing  nmethod 0x00000215a5137a08
Event: 7.897 Thread 0x00000215bc1044e0 flushing  nmethod 0x00000215a5313f08
Event: 7.897 Thread 0x00000215bc1044e0 flushing  nmethod 0x00000215a53b7208

Events (20 events):
Event: 5.734 Thread 0x000002159c1e0c30 Thread added: 0x0000021585640cc0
Event: 5.742 Thread 0x000002159c1e0c30 Thread added: 0x000002158563d990
Event: 5.742 Thread 0x000002159c1e0c30 Thread added: 0x0000021585641410
Event: 5.752 Thread 0x000002159c1e0c30 Thread exited: 0x000002159c1e0c30
Event: 5.752 Thread 0x0000021585641b60 Thread added: 0x0000021585641b60
Event: 7.131 Thread 0x00000215bc455a20 Thread exited: 0x00000215bc455a20
Event: 7.131 Thread 0x00000215fea01d90 Thread exited: 0x00000215fea01d90
Event: 7.163 Thread 0x00000215bc450480 Thread exited: 0x00000215bc450480
Event: 7.165 Thread 0x00000215bc44fcf0 Thread exited: 0x00000215bc44fcf0
Event: 7.406 Thread 0x00000215859929f0 Thread exited: 0x00000215859929f0
Event: 7.496 Thread 0x00000215bc12b6a0 Thread added: 0x0000021585523c20
Event: 7.497 Thread 0x00000215bc12b6a0 Thread added: 0x00000215855243b0
Event: 7.577 Thread 0x0000021585523c20 Thread added: 0x0000021585524b40
Event: 7.870 Thread 0x00000215bc12b6a0 Thread added: 0x00000215855261f0
Event: 7.873 Thread 0x00000215feaba030 Thread added: 0x0000021585522d00
Event: 7.873 Thread 0x00000215feaba030 Thread added: 0x00000215855252d0
Event: 7.890 Thread 0x00000215855261f0 Thread added: 0x00000215bcc21cd0
Event: 7.920 Thread 0x0000021585524b40 Thread added: 0x00000215bcc242a0
Event: 7.928 Thread 0x0000021585523c20 Thread added: 0x00000215bcc24a30
Event: 8.749 Thread 0x00000215bcc24a30 Thread exited: 0x00000215bcc24a30


Dynamic libraries:
0x00007ff7b2350000 - 0x00007ff7b2360000 	C:\Program Files\Java\jdk-24\bin\java.exe
0x00007ffd75f80000 - 0x00007ffd761e7000 	C:\WINDOWS\SYSTEM32\ntdll.dll
0x00007ffd74570000 - 0x00007ffd74639000 	C:\WINDOWS\System32\KERNEL32.DLL
0x00007ffd73600000 - 0x00007ffd739ef000 	C:\WINDOWS\System32\KERNELBASE.dll
0x00007ffd730d0000 - 0x00007ffd7321b000 	C:\WINDOWS\System32\ucrtbase.dll
0x00007ffd5ea70000 - 0x00007ffd5ea86000 	C:\Program Files\Java\jdk-24\bin\jli.dll
0x00007ffd5ea50000 - 0x00007ffd5ea6b000 	C:\Program Files\Java\jdk-24\bin\VCRUNTIME140.dll
0x00007ffd756c0000 - 0x00007ffd75885000 	C:\WINDOWS\System32\USER32.dll
0x00007ffd595f0000 - 0x00007ffd59883000 	C:\WINDOWS\WinSxS\amd64_microsoft.windows.common-controls_6595b64144ccf1df_6.0.26100.7309_none_3e05feeae336a044\COMCTL32.dll
0x00007ffd73a00000 - 0x00007ffd73a27000 	C:\WINDOWS\System32\win32u.dll
0x00007ffd73d50000 - 0x00007ffd73df9000 	C:\WINDOWS\System32\msvcrt.dll
0x00007ffd75be0000 - 0x00007ffd75c0b000 	C:\WINDOWS\System32\GDI32.dll
0x00007ffd734d0000 - 0x00007ffd735fc000 	C:\WINDOWS\System32\gdi32full.dll
0x00007ffd732b0000 - 0x00007ffd73353000 	C:\WINDOWS\System32\msvcp_win.dll
0x00007ffd73e00000 - 0x00007ffd73e31000 	C:\WINDOWS\System32\IMM32.DLL
0x00007ffd6de90000 - 0x00007ffd6de9c000 	C:\Program Files\Java\jdk-24\bin\vcruntime140_1.dll
0x00007ffd2c930000 - 0x00007ffd2c9be000 	C:\Program Files\Java\jdk-24\bin\msvcp140.dll
0x00007ffc8a870000 - 0x00007ffc8b612000 	C:\Program Files\Java\jdk-24\bin\server\jvm.dll
0x00007ffd744b0000 - 0x00007ffd74564000 	C:\WINDOWS\System32\ADVAPI32.dll
0x00007ffd75d60000 - 0x00007ffd75e06000 	C:\WINDOWS\System32\sechost.dll
0x00007ffd75e10000 - 0x00007ffd75f28000 	C:\WINDOWS\System32\RPCRT4.dll
0x00007ffd74b40000 - 0x00007ffd74bb4000 	C:\WINDOWS\System32\WS2_32.dll
0x00007ffd72f30000 - 0x00007ffd72f8e000 	C:\WINDOWS\SYSTEM32\POWRPROF.dll
0x00007ffd6bb30000 - 0x00007ffd6bb3b000 	C:\WINDOWS\SYSTEM32\VERSION.dll
0x00007ffd5cbd0000 - 0x00007ffd5cc05000 	C:\WINDOWS\SYSTEM32\WINMM.dll
0x00007ffd72f10000 - 0x00007ffd72f24000 	C:\WINDOWS\SYSTEM32\UMPDC.dll
0x00007ffd71e50000 - 0x00007ffd71e6b000 	C:\WINDOWS\SYSTEM32\kernel.appcore.dll
0x00007ffd6b420000 - 0x00007ffd6b42a000 	C:\Program Files\Java\jdk-24\bin\jimage.dll
0x00007ffd707e0000 - 0x00007ffd70a22000 	C:\WINDOWS\SYSTEM32\DBGHELP.DLL
0x00007ffd74640000 - 0x00007ffd749c6000 	C:\WINDOWS\System32\combase.dll
0x00007ffd75a80000 - 0x00007ffd75b56000 	C:\WINDOWS\System32\OLEAUT32.dll
0x00007ffd56710000 - 0x00007ffd5674c000 	C:\WINDOWS\SYSTEM32\dbgcore.DLL
0x00007ffd73a30000 - 0x00007ffd73ad5000 	C:\WINDOWS\System32\bcryptPrimitives.dll
0x00007ffd5ea20000 - 0x00007ffd5ea2f000 	C:\Program Files\Java\jdk-24\bin\instrument.dll
0x00007ffd5ea30000 - 0x00007ffd5ea4e000 	C:\Program Files\Java\jdk-24\bin\java.dll
0x00007ffd75490000 - 0x00007ffd75627000 	C:\WINDOWS\System32\ole32.dll
0x00007ffd74d30000 - 0x00007ffd75483000 	C:\WINDOWS\System32\SHELL32.dll
0x00007ffd73360000 - 0x00007ffd734ca000 	C:\WINDOWS\System32\wintypes.dll
0x00007ffd70cb0000 - 0x00007ffd7150e000 	C:\WINDOWS\SYSTEM32\windows.storage.dll
0x00007ffd74a40000 - 0x00007ffd74b35000 	C:\WINDOWS\System32\SHCORE.dll
0x00007ffd749d0000 - 0x00007ffd74a36000 	C:\WINDOWS\System32\shlwapi.dll
0x00007ffd72ff0000 - 0x00007ffd73019000 	C:\WINDOWS\SYSTEM32\profapi.dll
0x00007ffcbc680000 - 0x00007ffcbc757000 	C:\Program Files\Java\jdk-24\bin\jsvml.dll
0x00007ffd5e9d0000 - 0x00007ffd5e9e7000 	C:\Program Files\Java\jdk-24\bin\zip.dll
0x00007ffd5ea10000 - 0x00007ffd5ea20000 	C:\Program Files\Java\jdk-24\bin\net.dll
0x00007ffd723f0000 - 0x00007ffd7245b000 	C:\WINDOWS\system32\mswsock.dll
0x00007ffd5e9f0000 - 0x00007ffd5ea06000 	C:\Program Files\Java\jdk-24\bin\nio.dll
0x00007ffd5e9a0000 - 0x00007ffd5e9a9000 	C:\Program Files\Java\jdk-24\bin\extnet.dll
0x00007ffd5e990000 - 0x00007ffd5e99e000 	C:\Program Files\Java\jdk-24\bin\sunmscapi.dll
0x00007ffd73ae0000 - 0x00007ffd73c57000 	C:\WINDOWS\System32\CRYPT32.dll
0x00007ffd728d0000 - 0x00007ffd72900000 	C:\WINDOWS\SYSTEM32\ncrypt.dll
0x00007ffd72880000 - 0x00007ffd728bf000 	C:\WINDOWS\SYSTEM32\NTASN1.dll
0x00007ffd726b0000 - 0x00007ffd726cb000 	C:\WINDOWS\SYSTEM32\CRYPTSP.dll
0x00007ffd71db0000 - 0x00007ffd71dea000 	C:\WINDOWS\system32\rsaenh.dll
0x00007ffd724a0000 - 0x00007ffd724cb000 	C:\WINDOWS\SYSTEM32\USERENV.dll
0x00007ffd72fc0000 - 0x00007ffd72fea000 	C:\WINDOWS\SYSTEM32\bcrypt.dll
0x00007ffd726d0000 - 0x00007ffd726dc000 	C:\WINDOWS\SYSTEM32\CRYPTBASE.dll
0x00007ffd71830000 - 0x00007ffd71864000 	C:\WINDOWS\SYSTEM32\IPHLPAPI.DLL
0x00007ffd75c10000 - 0x00007ffd75c1a000 	C:\WINDOWS\System32\NSI.dll
0x00007ffd5e980000 - 0x00007ffd5e98a000 	C:\Program Files\Java\jdk-24\bin\management.dll
0x00007ffd5e970000 - 0x00007ffd5e97b000 	C:\Program Files\Java\jdk-24\bin\management_ext.dll
0x00007ffd75c40000 - 0x00007ffd75c48000 	C:\WINDOWS\System32\PSAPI.DLL
0x00007ffd718c0000 - 0x00007ffd719ec000 	C:\WINDOWS\SYSTEM32\DNSAPI.dll
0x00007ffd635a0000 - 0x00007ffd635ab000 	C:\Windows\System32\rasadhlp.dll
0x00007ffd694b0000 - 0x00007ffd69536000 	C:\WINDOWS\System32\fwpuclnt.dll
0x00007ffccae00000 - 0x00007ffccae08000 	C:\WINDOWS\system32\wshunix.dll

JVMTI agents:
C:\Program Files\JetBrains\IntelliJ IDEA Community Edition 2025.1.3\lib\idea_rt.jar path:C:\Program Files\Java\jdk-24\bin\instrument.dll, loaded, initialized, instrumentlib options:50261

dbghelp: loaded successfully - version: 4.0.5 - missing functions: none
symbol engine: initialized successfully - sym options: 0x614 - pdb path: .;C:\Program Files\Java\jdk-24\bin;C:\WINDOWS\SYSTEM32;C:\WINDOWS\WinSxS\amd64_microsoft.windows.common-controls_6595b64144ccf1df_6.0.26100.7309_none_3e05feeae336a044;C:\Program Files\Java\jdk-24\bin\server

VM Arguments:
jvm_args: -javaagent:C:\Program Files\JetBrains\IntelliJ IDEA Community Edition 2025.1.3\lib\idea_rt.jar=50261 -Dfile.encoding=UTF-8 -Dsun.stdout.encoding=UTF-8 -Dsun.stderr.encoding=UTF-8 
java_command: e_commerce.api.e_commerce.ECommerceApplication
java_class_path (initial): C:\Users\M.S.I\Documents\E-commerce-API\e-commerce\target\classes;C:\Users\M.S.I\.m2\repository\org\springframework\boot\spring-boot-starter-webmvc\4.0.0\spring-boot-starter-webmvc-4.0.0.jar;C:\Users\M.S.I\.m2\repository\org\springframework\boot\spring-boot-starter\4.0.0\spring-boot-starter-4.0.0.jar;C:\Users\M.S.I\.m2\repository\org\springframework\boot\spring-boot-starter-logging\4.0.0\spring-boot-starter-logging-4.0.0.jar;C:\Users\M.S.I\.m2\repository\ch\qos\logback\logback-classic\1.5.21\logback-classic-1.5.21.jar;C:\Users\M.S.I\.m2\repository\ch\qos\logback\logback-core\1.5.21\logback-core-1.5.21.jar;C:\Users\M.S.I\.m2\repository\org\apache\logging\log4j\log4j-to-slf4j\2.25.2\log4j-to-slf4j-2.25.2.jar;C:\Users\M.S.I\.m2\repository\org\apache\logging\log4j\log4j-api\2.25.2\log4j-api-2.25.2.jar;C:\Users\M.S.I\.m2\repository\org\slf4j\jul-to-slf4j\2.0.17\jul-to-slf4j-2.0.17.jar;C:\Users\M.S.I\.m2\repository\org\springframework\boot\spring-boot-autoconfigure\4.0.0\spring-boot-autoconfigure-4.0.0.jar;C:\Users\M.S.I\.m2\repository\jakarta\annotation\jakarta.annotation-api\3.0.0\jakarta.annotation-api-3.0.0.jar;C:\Users\M.S.I\.m2\repository\org\yaml\snakeyaml\2.5\snakeyaml-2.5.jar;C:\Users\M.S.I\.m2\repository\org\springframework\boot\spring-boot-starter-jackson\4.0.0\spring-boot-starter-jackson-4.0.0.jar;C:\Users\M.S.I\.m2\repository\org\springframework\boot\spring-boot-jackson\4.0.0\spring-boot-jackson-4.0.0.jar;C:\Users\M.S.I\.m2\repository\tools\jackson\core\jackson-databind\3.0.2\jackson-databind-3.0.2.jar;C:\Users\M.S.I\.m2\repository\tools\jackson\core\jackson-core\3.0.2\jackson-core-3.0.2.jar;C:\Users\M.S.I\.m2\repository\org\springframework\boot\spring-boot-starter-tomcat\4.0.0\spring-boot-starter-tomcat-4.0.0.jar;C:\Users\M.S.I\.m2\repository\org\springframework\boot\spring-boot-starter-tomcat-runtime\4.0.0\spring-boot-starter-tomcat-runtime-4.0.0.jar;C:\Users\M.S.I\.m2\repository\org\apache\tomcat\embed\tomcat-embed-core\11.0.14\tomcat-embed-core-11.0.14.jar;C:\Users\M.S.I\.m2\repository\org\apache\tomcat\embed\tomcat-embed-el\11.0.14\tomcat-embed-el-11.0.14.jar;C:\Users\M.S.I\.m2\repository\org\apache\tomcat\embed\tomcat-embed-websocket\11.0.14\tomcat-embed-websocket-11.0.14.jar;C:\Users\M.S.I\.m2\repository\org\springframework\boot\spring-boot-tomcat\4.0.0\spring-boot-tomcat-4.0.0.jar;C:\Users\M.S.I\.m2\repository\org\springframework\boot\spring-boot-http-converter\4.0.0\spring-boot-http-converter-4.0.0.jar;C:\Users\M.S.I\.m2\repository\org\springframework\boot\spring-boot\4.0.0\spring-boot-4.0.0.jar;C:\Users\M.S.I\.m2\repository\org\springframework\spring-context\7.0.1\spring-context-7.0.1.jar;C:\Users\M.S.I\.m2\repository\org\springframework\spring-web\7.0.1\spring-web-7.0.1.jar;C:\Users\M.S.I\.m2\repository\org\springframework\spring-beans\7.0.1\spring-beans-7.0.1.jar;C:\Users\M.S.I\.m2\repository\io\micrometer\micrometer-observation\1.16.0\micrometer-observation-1.16.0.jar;C:\Users\M.S.I\.m2\repository\io\micrometer\micrometer-commons\1.16.0\micrometer-commons-1.16.0.jar;C:\Users\M.S.I\.m2\repository\org\springframework\boot\spring-boot-webmvc\4.0.0\spring-boot-webmvc-4.0.0.jar;C:\Users\M.S.I\.m2\repository\org\springframework\boot\spring-boot-servlet\4.0.0\spring-boot-servlet-4.0.0.jar;C:\Users\M.S.I\.m2\repository\org\springframework\spring-webmvc\7.0.1\spring-webmvc-7.0.1.jar;C:\Users\M.S.I\.m2\repository\org\springframework\spring-aop\7.0.1\spring-aop-7.0.1.jar;C:\Users\M.S.I\.m2\repository\org\springframework\spring-expression\7.0.1\spring-expression-7.0.1.jar;C:\Users\M.S.I\.m2\repository\org\slf4j\slf4j-api\2.0.17\slf4j-api-2.0.17.jar;C:\Users\M.S.I\.m2\repository\jakarta\xml\bind\jakarta.xml.bind-api\4.0.4\jakarta.xml.bind-api-4.0.4.jar;C:\Users\M.S.I\.m2\repository\jakarta\activation\jakarta.activation-api\2.1.4\jakarta.activation-api-2.1.4.jar;C:\Users\M.S.I\.m2\repository\net\bytebuddy\byte-buddy\1.17.8\byte-buddy-1.17.8.jar;C:\Users\M.S.I\.m2\repository\org\springframework\spring-core\7.0.1\spring-core-7.0.1.jar;C:\Users\M.S.I\.m2\repository\commons-logging\commons-logging\1.3.5\commons-logging-1.3.5.jar;C:\Users\M.S.I\.m2\repository\org\jspecify\jspecify\1.0.0\jspecify-1.0.0.jar;C:\Users\M.S.I\.m2\repository\org\springframework\boot\spring-boot-web-server\4.0.0\spring-boot-web-server-4.0.0.jar;C:\Users\M.S.I\.m2\repository\org\springframework\boot\spring-boot-starter-web\4.0.0\spring-boot-starter-web-4.0.0.jar;C:\Users\M.S.I\.m2\repository\org\springframework\boot\spring-boot-starter-data-jpa\4.0.0\spring-boot-starter-data-jpa-4.0.0.jar;C:\Users\M.S.I\.m2\repository\org\springframework\boot\spring-boot-starter-jdbc\4.0.0\spring-boot-starter-jdbc-4.0.0.jar;C:\Users\M.S.I\.m2\repository\com\zaxxer\HikariCP\7.0.2\HikariCP-7.0.2.jar;C:\Users\M.S.I\.m2\repository\org\springframework\boot\spring-boot-data-jpa\4.0.0\spring-boot-data-jpa-4.0.0.jar;C:\Users\M.S.I\.m2\repository\org\springframework\boot\spring-boot-data-commons\4.0.0\spring-boot-data-commons-4.0.0.jar;C:\Users\M.S.I\.m2\repository\org\springframework\boot\spring-boot-persistence\4.0.0\spring-boot-persistence-4.0.0.jar;C:\Users\M.S.I\.m2\repository\org\springframework\data\spring-data-commons\4.0.0\spring-data-commons-4.0.0.jar;C:\Users\M.S.I\.m2\repository\org\springframework\boot\spring-boot-hibernate\4.0.0\spring-boot-hibernate-4.0.0.jar;C:\Users\M.S.I\.m2\repository\org\springframework\boot\spring-boot-jpa\4.0.0\spring-boot-jpa-4.0.0.jar;C:\Users\M.S.I\.m2\repository\jakarta\persistence\jakarta.persistence-api\3.2.0\jakarta.persistence-api-3.2.0.jar;C:\Users\M.S.I\.m2\repository\org\hibernate\orm\hibernate-core\7.1.8.Final\hibernate-core-7.1.8.Final.jar;C:\Users\M.S.I\.m2\repository\jakarta\transaction\jakarta.transaction-api\2.0.1\jakarta.transaction-api-2.0.1.jar;C:\Users\M.S.I\.m2\repository\org\jboss\logging\jboss-logging\3.6.1.Final\jboss-logging-3.6.1.Final.jar;C:\Users\M.S.I\.m2\repository\org\hibernate\models\hibernate-models\1.0.1\hibernate-models-1.0.1.jar;C:\Users\M.S.I\.m2\repository\com\fasterxml\classmate\1.7.1\classmate-1.7.1.jar;C:\Users\M.S.I\.m2\repository\org\glassfish\jaxb\jaxb-runtime\4.0.6\jaxb-runtime-4.0.6.jar;C:\Users\M.S.I\.m2\repository\org\glassfish\jaxb\jaxb-core\4.0.6\jaxb-core-4.0.6.jar;C:\Users\M.S.I\.m2\repository\org\eclipse\angus\angus-activation\2.0.3\angus-activation-2.0.3.jar;C:\Users\M.S.I\.m2\repository\org\glassfish\jaxb\txw2\4.0.6\txw2-4.0.6.jar;C:\Users\M.S.I\.m2\repository\com\sun\istack\istack-commons-runtime\4.1.2\istack-commons-runtime-4.1.2.jar;C:\Users\M.S.I\.m2\repository\jakarta\inject\jakarta.inject-api\2.0.1\jakarta.inject-api-2.0.1.jar;C:\Users\M.S.I\.m2\repository\org\springframework\spring-orm\7.0.1\spring-orm-7.0.1.jar;C:\Users\M.S.I\.m2\repository\org\springframework\data\spring-data-jpa\4.0.0\spring-data-jpa-4.0.0.jar;C:\Users\M.S.I\.m2\repository\org\springframework\spring-tx\7.0.1\spring-tx-7.0.1.jar;C:\Users\M.S.I\.m2\repository\org\antlr\antlr4-runtime\4.13.2\antlr4-runtime-4.13.2.jar;C:\Users\M.S.I\.m2\repository\org\springframework\spring-aspects\7.0.1\spring-aspects-7.0.1.jar;C:\Users\M.S.I\.m2\repository\org\aspectj\aspectjweaver\1.9.25\aspectjweaver-1.9.25.jar;C:\Users\M.S.I\.m2\repository\org\springframework\boot\spring-boot-jdbc\4.0.0\spring-boot-jdbc-4.0.0.jar;C:\Users\M.S.I\.m2\repository\org\springframework\boot\spring-boot-sql\4.0.0\spring-boot-sql-4.0.0.jar;C:\Users\M.S.I\.m2\repository\org\springframework\boot\spring-boot-transaction\4.0.0\spring-boot-transaction-4.0.0.jar;C:\Users\M.S.I\.m2\repository\org\springframework\spring-jdbc\7.0.1\spring-jdbc-7.0.1.jar;C:\Users\M.S.I\.m2\repository\com\mysql\mysql-connector-j\9.5.0\mysql-connector-j-9.5.0.jar;C:\Users\M.S.I\.m2\repository\org\flywaydb\flyway-core\11.14.1\flyway-core-11.14.1.jar;C:\Users\M.S.I\.m2\repository\com\fasterxml\jackson\core\jackson-databind\2.20.1\jackson-databind-2.20.1.jar;C:\Users\M.S.I\.m2\repository\com\fasterxml\jackson\core\jackson-annotations\2.20\jackson-annotations-2.20.jar;C:\Users\M.S.I\.m2\repository\com\fasterxml\jackson\core\jackson-core\2.20.1\jackson-core-2.20.1.jar
Launcher Type: SUN_STANDARD

[Global flags]
     intx CICompilerCount                          = 12                                        {product} {ergonomic}
     uint ConcGCThreads                            = 3                                         {product} {ergonomic}
     uint G1ConcRefinementThreads                  = 13                                        {product} {ergonomic}
   size_t G1HeapRegionSize                         = 2097152                                   {product} {ergonomic}
   size_t InitialHeapSize                          = 264241152                                 {product} {ergonomic}
   size_t MarkStackSize                            = 4194304                                   {product} {ergonomic}
   size_t MarkStackSizeMax                         = 536870912                                 {product} {ergonomic}
   size_t MaxHeapSize                              = 4217372672                                {product} {ergonomic}
   size_t MaxNewSize                               = 2529165312                                {product} {ergonomic}
   size_t MinHeapDeltaBytes                        = 2097152                                   {product} {ergonomic}
   size_t MinHeapSize                              = 8388608                                   {product} {ergonomic}
    uintx NonNMethodCodeHeapSize                   = 7602176                                {pd product} {ergonomic}
    uintx NonProfiledCodeHeapSize                  = 122093568                              {pd product} {ergonomic}
    uintx ProfiledCodeHeapSize                     = 121962496                              {pd product} {ergonomic}
    uintx ReservedCodeCacheSize                    = 251658240                              {pd product} {ergonomic}
     bool SegmentedCodeCache                       = true                                      {product} {ergonomic}
   size_t SoftMaxHeapSize                          = 4217372672                             {manageable} {ergonomic}
     bool UseCompressedOops                        = true                           {product lp64_product} {ergonomic}
     bool UseG1GC                                  = true                                      {product} {ergonomic}
     bool UseLargePagesIndividualAllocation        = false                                  {pd product} {ergonomic}

Logging:
Log output configuration:
 #0: stdout all=warning uptime,level,tags foldmultilines=false
 #1: stderr all=off uptime,level,tags foldmultilines=false

Environment Variables:
JAVA_HOME=C:\Program Files\Java\jdk-17
PATH=C:\Program Files\Git\usr\local\bin;C:\Program Files\Git\bin;C:\Program Files\Eclipse Adoptium\jdk-11.0.24.8-hotspot\bin;C:\Program Files\Eclipse Adoptium\jdk-17.0.15.6-hotspot\bin;C:\Program Files\Java\jdk-24\bin;C:\Program Files\apache-maven-3.9.9\bin;C:\Windows\System32;C:\Program Files\Java\jdk-24\bin;C:\Program Files\nodejs\;C:\Program Files\Git\cmd;C:\Users\M.S.I\AppData\Local\Programs\Python\Python311\Scripts\;C:\Users\M.S.I\AppData\Local\Programs\Python\Python311\;C:\Users\M.S.I\AppData\Local\Microsoft\WindowsApps;C:\Users\M.S.I\AppData\Local\JetBrains\Toolbox\scripts;C:\Program Files\JetBrains\IntelliJ IDEA Community Edition 2025.1.3\bin;;C:\Program Files\JetBrains\PyCharm Community Edition 2023.1.1\bin;;C:\Program Files\JetBrains\IntelliJ IDEA 2025.1.3\bin;;C:\Program Files\Azure Data Studio\bin;C:\Users\M.S.I\AppData\Local\Microsoft\WindowsApps;C:\Users\M.S.I\AppData\Local\Programs\Microsoft VS Code\bin;C:\Users\M.S.I\AppData\Roaming\npm
USERNAME=M.S.I
OS=Windows_NT
PROCESSOR_IDENTIFIER=Intel64 Family 6 Model 141 Stepping 1, GenuineIntel
TMP=C:\Users\MS1E84~1.I\AppData\Local\Temp
TEMP=C:\Users\MS1E84~1.I\AppData\Local\Temp




Periodic native trim disabled

---------------  S Y S T E M  ---------------

OS:
 Windows 11 , 64 bit Build 26100 (10.0.26100.7623)
OS uptime: 0 days 0:58 hours
Hyper-V role detected

CPU: total 16 (initial active 16) (8 cores per cpu, 2 threads per core) family 6 model 141 stepping 1 microcode 0x34, cx8, cmov, fxsr, ht, mmx, 3dnowpref, sse, sse2, sse3, ssse3, sse4.1, sse4.2, popcnt, lzcnt, tsc, tscinvbit, avx, avx2, aes, erms, clmul, bmi1, bmi2, adx, avx512f, avx512dq, avx512cd, avx512bw, avx512vl, sha, fma, vzeroupper, avx512_vpopcntdq, avx512_vpclmulqdq, avx512_vaes, avx512_vnni, clflush, clflushopt, clwb, avx512_vbmi2, avx512_vbmi, hv, rdtscp, rdpid, fsrm, gfni, avx512_bitalg, f16c, cet_ibt, cet_ss, avx512_ifma
Processor Information for the first 16 processors :
  Max Mhz: 2304, Current Mhz: 2304, Mhz Limit: 2304

Memory: 4k page, system-wide physical 16085M (3222M free)
TotalPageFile size 18133M (AvailPageFile size 6M)
current process WorkingSet (physical memory assigned to process): 305M, peak: 310M
current process commit charge ("private bytes"): 349M, peak: 407M

vm_info: Java HotSpot(TM) 64-Bit Server VM (24.0.1+9-30) for windows-amd64 JRE (24.0.1+9-30), built on 2025-03-05T07:23:45Z with MS VC++ 17.6 (VS2022)

END.
